#
# There is insufficient memory for the Java Runtime Environment to continue.
# Native memory allocation (mmap) failed to map 65536 bytes for Failed to commit area from 0x0000000016a90000 to 0x0000000016aa0000 of length 65536.
# Possible reasons:
#   The system is out of physical RAM or swap space
#   The process is running with CompressedOops enabled, and the Java Heap may be blocking the growth of the native heap
# Possible solutions:
#   Reduce memory load on the system
#   Increase physical memory or swap space
#   Check if swap backing store is full
#   Decrease Java heap size (-Xmx/-Xms)
#   Decrease number of Java threads
#   Decrease Java thread stack sizes (-Xss)
#   Set larger code cache with -XX:ReservedCodeCacheSize=
#   JVM is running with Unscaled Compressed Oops mode in which the Java heap is
#     placed in the first 4GB address space. The Java Heap base address is the
#     maximum limit for the native heap growth. Please use -XX:HeapBaseMinAddress
#     to set the Java Heap base and to place the Java Heap above 4GB virtual address.
# This output file may be truncated or incomplete.
#
#  Out of Memory Error (./src/hotspot/os/windows/os_windows.cpp:3301), pid=3888, tid=4056
#
# JRE version: OpenJDK Runtime Environment (11.0.10) (build 11.0.10+0-b96-7249189)
# Java VM: OpenJDK 64-Bit Server VM (11.0.10+0-b96-7249189, mixed mode, tiered, compressed oops, g1 gc, windows-amd64)
# No core dump will be written. Minidumps are not enabled by default on client versions of Windows
#

---------------  S U M M A R Y ------------

Command Line: --add-opens=java.base/java.util=ALL-UNNAMED --add-opens=java.base/java.lang=ALL-UNNAMED --add-opens=java.base/java.lang.invoke=ALL-UNNAMED --add-opens=java.base/java.util=ALL-UNNAMED --add-opens=java.prefs/java.util.prefs=ALL-UNNAMED --add-opens=java.prefs/java.util.prefs=ALL-UNNAMED --add-opens=java.base/java.nio.charset=ALL-UNNAMED --add-opens=java.base/java.net=ALL-UNNAMED --add-opens=java.base/java.util.concurrent.atomic=ALL-UNNAMED -Xmx2048m -Dfile.encoding=UTF-8 -Duser.country=US -Duser.language=en -Duser.variant org.gradle.launcher.daemon.bootstrap.GradleDaemon 7.0.2

Host: Intel(R) Core(TM)2 Duo CPU     T6500  @ 2.10GHz, 2 cores, 2G,  Windows 7 , 64 bit Build 7601 (6.1.7601.17514)
Time: Thu Oct 14 13:40:44 2021 Malay Peninsula Standard Time elapsed time: 351.324904 seconds (0d 0h 5m 51s)

---------------  T H R E A D  ---------------

Current thread (0x000000001c6a5800):  VMThread "VM Thread" [stack: 0x000000001c730000,0x000000001c830000] [id=4056]

Stack: [0x000000001c730000,0x000000001c830000]
[error occurred during error reporting (printing stack bounds), id 0xc0000005, EXCEPTION_ACCESS_VIOLATION (0xc0000005) at pc=0x0000000006160f3d]

Native frames: (J=compiled Java code, j=interpreted, Vv=VM code, C=native code)
V  [jvm.dll+0x5ecfaa]
V  [jvm.dll+0x722bd5]
V  [jvm.dll+0x72412d]
V  [jvm.dll+0x724745]
V  [jvm.dll+0x7246fb]
V  [jvm.dll+0x5ec348]
V  [jvm.dll+0x5ecad8]
C  [ntdll.dll+0x29d0d]
C  [ntdll.dll+0x191af]
C  [ntdll.dll+0x51278]
C  0x0000000006160f3d

VM_Operation (0x000000007148c780): G1CollectForAllocation, mode: safepoint, requested by thread 0x00000000673e7000


---------------  P R O C E S S  ---------------

Threads class SMR info:
_java_thread_list=0x0000000060a7f220, length=53, elements={
0x00000000000e2800, 0x000000001c6b9000, 0x000000001c6c5000, 0x000000001c6af800,
0x000000001c6b3000, 0x000000001c6b5000, 0x000000005d4a4800, 0x000000005d4a6800,
0x000000005d4aa000, 0x000000005e204800, 0x000000005f778800, 0x000000005f920000,
0x000000005fa90800, 0x000000005fa4e000, 0x000000005f4dc000, 0x000000005f5ba000,
0x000000005f781800, 0x000000005ff8f800, 0x0000000060205000, 0x0000000060206000,
0x0000000060207000, 0x0000000060207800, 0x0000000060208800, 0x0000000060209800,
0x000000006020a000, 0x000000006020b000, 0x000000006020c000, 0x000000006020c800,
0x000000006020d800, 0x000000006020f000, 0x0000000060210000, 0x0000000060210800,
0x0000000060212800, 0x0000000060213000, 0x0000000060214000, 0x0000000060fbf000,
0x0000000060fc0000, 0x0000000060fc1800, 0x0000000060fc2800, 0x0000000060fc3800,
0x0000000060fc5800, 0x0000000067ec8800, 0x0000000067ec9000, 0x0000000067eca000,
0x0000000067ec7800, 0x0000000067ecd800, 0x0000000067ecc800, 0x0000000067ece000,
0x00000000673e8000, 0x0000000060fc4000, 0x00000000673e7000, 0x00000000673e9000,
0x00000000673e9800
}

Java Threads: ( => current thread )
  0x00000000000e2800 JavaThread "main" [_thread_blocked, id=3644, stack(0x0000000002110000,0x0000000002210000)]
  0x000000001c6b9000 JavaThread "Reference Handler" daemon [_thread_blocked, id=1160, stack(0x000000005d640000,0x000000005d740000)]
  0x000000001c6c5000 JavaThread "Finalizer" daemon [_thread_blocked, id=3044, stack(0x000000005d750000,0x000000005d850000)]
  0x000000001c6af800 JavaThread "Signal Dispatcher" daemon [_thread_blocked, id=148, stack(0x000000005d900000,0x000000005da00000)]
  0x000000001c6b3000 JavaThread "Attach Listener" daemon [_thread_blocked, id=3040, stack(0x000000005db60000,0x000000005dc60000)]
  0x000000001c6b5000 JavaThread "Service Thread" daemon [_thread_blocked, id=224, stack(0x000000005dc80000,0x000000005dd80000)]
  0x000000005d4a4800 JavaThread "C2 CompilerThread0" daemon [_thread_blocked, id=1924, stack(0x000000005da50000,0x000000005db50000)]
  0x000000005d4a6800 JavaThread "C1 CompilerThread0" daemon [_thread_blocked, id=1644, stack(0x000000005de40000,0x000000005df40000)]
  0x000000005d4aa000 JavaThread "Sweeper thread" daemon [_thread_blocked, id=2400, stack(0x000000005e090000,0x000000005e190000)]
  0x000000005e204800 JavaThread "Common-Cleaner" daemon [_thread_blocked, id=1380, stack(0x000000005e590000,0x000000005e690000)]
  0x000000005f778800 JavaThread "Daemon health stats" [_thread_blocked, id=3692, stack(0x0000000061540000,0x0000000061640000)]
  0x000000005f920000 JavaThread "Incoming local TCP Connector on port 49841" [_thread_in_native, id=1556, stack(0x0000000061ac0000,0x0000000061bc0000)]
  0x000000005fa90800 JavaThread "Daemon periodic checks" [_thread_blocked, id=3520, stack(0x0000000061ef0000,0x0000000061ff0000)]
  0x000000005fa4e000 JavaThread "Daemon" [_thread_blocked, id=3084, stack(0x000000005df40000,0x000000005e040000)]
  0x000000005f4dc000 JavaThread "Handler for socket connection from /127.0.0.1:49841 to /127.0.0.1:49842" [_thread_in_native, id=1488, stack(0x00000000620b0000,0x00000000621b0000)]
  0x000000005f5ba000 JavaThread "Cancel handler" [_thread_blocked, id=3672, stack(0x0000000062240000,0x0000000062340000)]
  0x000000005f781800 JavaThread "Daemon worker" [_thread_blocked, id=1344, stack(0x0000000062400000,0x0000000062500000)]
  0x000000005ff8f800 JavaThread "Asynchronous log dispatcher for DefaultDaemonConnection: socket connection from /127.0.0.1:49841 to /127.0.0.1:49842" [_thread_blocked, id=680, stack(0x0000000062650000,0x0000000062750000)]
  0x0000000060205000 JavaThread "Daemon client event forwarder" [_thread_blocked, id=428, stack(0x0000000062900000,0x0000000062a00000)]
  0x0000000060206000 JavaThread "Cache worker for file hash cache (C:\Users\Anu\.gradle\caches\7.0.2\fileHashes)" [_thread_blocked, id=2500, stack(0x00000000627e0000,0x00000000628e0000)]
  0x0000000060207000 JavaThread "File lock request listener" [_thread_in_native, id=1132, stack(0x0000000061dc0000,0x0000000061ec0000)]
  0x0000000060207800 JavaThread "Cache worker for journal cache (C:\Users\Anu\.gradle\caches\journal-1)" [_thread_blocked, id=1252, stack(0x0000000062f90000,0x0000000063090000)]
  0x0000000060208800 JavaThread "Cache worker for file hash cache (F:\LetsChat\.gradle\7.0.2\fileHashes)" [_thread_blocked, id=3676, stack(0x0000000062e70000,0x0000000062f70000)]
  0x0000000060209800 JavaThread "File watcher server" daemon [_thread_blocked, id=3136, stack(0x0000000063390000,0x0000000063490000)]
  0x000000006020a000 JavaThread "File watcher consumer" daemon [_thread_blocked, id=3240, stack(0x0000000064620000,0x0000000064720000)]
  0x000000006020b000 JavaThread "Cache worker for checksums cache (F:\LetsChat\.gradle\checksums)" [_thread_blocked, id=3228, stack(0x0000000063520000,0x0000000063620000)]
  0x000000006020c000 JavaThread "Cache worker for cache directory md-supplier (C:\Users\Anu\.gradle\caches\7.0.2\md-supplier)" [_thread_blocked, id=1452, stack(0x00000000649e0000,0x0000000064ae0000)]
  0x000000006020c800 JavaThread "Cache worker for cache directory md-rule (C:\Users\Anu\.gradle\caches\7.0.2\md-rule)" [_thread_blocked, id=1512, stack(0x0000000064df0000,0x0000000064ef0000)]
  0x000000006020d800 JavaThread "Cache worker for execution history cache (C:\Users\Anu\.gradle\caches\7.0.2\executionHistory)" [_thread_blocked, id=1244, stack(0x0000000065090000,0x0000000065190000)]
  0x000000006020f000 JavaThread "jar transforms" [_thread_blocked, id=3148, stack(0x0000000065890000,0x0000000065990000)]
  0x0000000060210000 JavaThread "jar transforms Thread 2" [_thread_blocked, id=2820, stack(0x00000000659b0000,0x0000000065ab0000)]
  0x0000000060210800 JavaThread "Cache worker for file content cache (C:\Users\Anu\.gradle\caches\7.0.2\fileContent)" [_thread_blocked, id=4068, stack(0x0000000064ce0000,0x0000000064de0000)]
  0x0000000060212800 JavaThread "Cache worker for dependencies-accessors (F:\LetsChat\.gradle\7.0.2\dependencies-accessors)" [_thread_blocked, id=2768, stack(0x0000000063290000,0x0000000063390000)]
  0x0000000060213000 JavaThread "Cache worker for Build Output Cleanup Cache (F:\LetsChat\.gradle\buildOutputCleanup)" [_thread_blocked, id=1516, stack(0x0000000066400000,0x0000000066500000)]
  0x0000000060214000 JavaThread "Build operations" [_thread_blocked, id=3844, stack(0x0000000064f70000,0x0000000065070000)]
  0x0000000060fbf000 JavaThread "Build operations Thread 2" [_thread_blocked, id=3868, stack(0x0000000066840000,0x0000000066940000)]
  0x0000000060fc0000 JavaThread "Memory manager" [_thread_blocked, id=1768, stack(0x0000000065790000,0x0000000065890000)]
  0x0000000060fc1800 JavaThread "build event listener" [_thread_blocked, id=3828, stack(0x000000006abf0000,0x000000006acf0000)]
  0x0000000060fc2800 JavaThread "Execution worker for ':'" [_thread_blocked, id=1620, stack(0x000000006a5d0000,0x000000006a6d0000)]
  0x0000000060fc3800 JavaThread "Cache worker for execution history cache (F:\LetsChat\.gradle\7.0.2\executionHistory)" [_thread_blocked, id=2132, stack(0x000000006ad30000,0x000000006ae30000)]
  0x0000000060fc5800 JavaThread "RMI Scheduler(0)" daemon [_thread_blocked, id=3100, stack(0x0000000066720000,0x0000000066820000)]
  0x0000000067ec8800 JavaThread "RMI GC Daemon" daemon [_thread_blocked, id=1752, stack(0x000000006b960000,0x000000006ba60000)]
  0x0000000067ec9000 JavaThread "RMI TCP Accept-0" daemon [_thread_in_native, id=3600, stack(0x0000000062550000,0x0000000062650000)]
  0x0000000067eca000 JavaThread "RMI Reaper" [_thread_blocked, id=3300, stack(0x0000000065ec0000,0x0000000065fc0000)]
  0x0000000067ec7800 JavaThread "WorkerExecutor Queue" [_thread_blocked, id=4200, stack(0x000000006bce0000,0x000000006bde0000)]
  0x0000000067ecd800 JavaThread "RMI TCP Connection(idle)" daemon [_thread_blocked, id=4308, stack(0x000000006e940000,0x000000006ea40000)]
  0x0000000067ecc800 JavaThread "Cache worker for Java compile cache (C:\Users\Anu\.gradle\caches\7.0.2\javaCompile)" [_thread_blocked, id=4336, stack(0x000000006d5c0000,0x000000006d6c0000)]
  0x0000000067ece000 JavaThread "Cache worker for Java compile cache (F:\LetsChat\.gradle\7.0.2\javaCompile)" [_thread_blocked, id=4340, stack(0x000000006ecf0000,0x000000006edf0000)]
  0x00000000673e8000 JavaThread "WorkerExecutor Queue Thread 3" [_thread_blocked, id=4368, stack(0x000000006df30000,0x000000006e030000)]
  0x0000000060fc4000 JavaThread "WorkerExecutor Queue Thread 4" [_thread_blocked, id=4380, stack(0x0000000071220000,0x0000000071320000)]
  0x00000000673e7000 JavaThread "WorkerExecutor Queue Thread 5" [_thread_blocked, id=4384, stack(0x0000000071390000,0x0000000071490000)]
  0x00000000673e9000 JavaThread "ForkJoinPool-1-worker-3" daemon [_thread_blocked, id=4392, stack(0x0000000071520000,0x0000000071620000)]
  0x00000000673e9800 JavaThread "ForkJoinPool-1-worker-1" daemon [_thread_blocked, id=4396, stack(0x00000000710f0000,0x00000000711f0000)]

Other Threads:
=>0x000000001c6a5800 VMThread "VM Thread" [stack: 0x000000001c730000,0x000000001c830000] [id=4056]
  0x000000005e23b000 WatcherThread [stack: 0x000000005e6a0000,0x000000005e7a0000] [id=2696]
  0x00000000000fa800 GCTaskThread "GC Thread#0" [stack: 0x00000000153a0000,0x00000000154a0000] [id=2716]
  0x000000005e304000 GCTaskThread "GC Thread#1" [stack: 0x000000005e7c0000,0x000000005e8c0000] [id=2328]
  0x0000000000168800 ConcurrentGCThread "G1 Main Marker" [stack: 0x000000001a2c0000,0x000000001a3c0000] [id=1348]
  0x000000000016a000 ConcurrentGCThread "G1 Conc#0" [stack: 0x000000001a3c0000,0x000000001a4c0000] [id=2460]
  0x000000001c60b800 ConcurrentGCThread "G1 Refine#0" [stack: 0x000000001c8a0000,0x000000001c9a0000] [id=3320]
  0x000000001c60c800 ConcurrentGCThread "G1 Young RemSet Sampling" [stack: 0x000000001ca80000,0x000000001cb80000] [id=3016]

Threads with active compile tasks:
C2 CompilerThread0 352503 22330       4       java.util.stream.Nodes$SpinedNodeBuilder::copyInto (30 bytes)

VM state:at safepoint (normal execution)

VM Mutex/Monitor currently owned by a thread:  ([mutex/lock_event])
[0x00000000000deb70] Threads_lock - owner thread: 0x000000001c6a5800
[0x00000000000df350] Heap_lock - owner thread: 0x00000000673e7000

Heap address: 0x0000000080000000, size: 2048 MB, Compressed Oops mode: 32-bit
Narrow klass base: 0x0000000000000000, Narrow klass shift: 0
Compressed class space size: 1073741824 Address: 0x000000001cb80000

Heap:
 garbage-first heap   total 798720K, used 229785K [0x0000000080000000, 0x0000000100000000)
  region size 1024K, 4 young (4096K), 4 survivors (4096K)
 Metaspace       used 142957K, capacity 147069K, committed 147328K, reserved 1177600K
  class space    used 17950K, capacity 19509K, committed 19584K, reserved 1048576K
Heap Regions: E=young(eden), S=young(survivor), O=old, HS=humongous(starts), HC=humongous(continues), CS=collection set, F=free, A=archive, TAMS=top-at-mark-start (previous, next)
|   0|0x0000000080000000, 0x0000000080100000, 0x0000000080100000|100%| O|  |TAMS 0x0000000080100000, 0x0000000080000000| Untracked 
|   1|0x0000000080100000, 0x0000000080200000, 0x0000000080200000|100%| O|  |TAMS 0x0000000080200000, 0x0000000080100000| Untracked 
|   2|0x0000000080200000, 0x0000000080300000, 0x0000000080300000|100%| O|  |TAMS 0x0000000080300000, 0x0000000080200000| Untracked 
|   3|0x0000000080300000, 0x0000000080400000, 0x0000000080400000|100%| O|  |TAMS 0x0000000080400000, 0x0000000080300000| Untracked 
|   4|0x0000000080400000, 0x0000000080500000, 0x0000000080500000|100%|HS|  |TAMS 0x0000000080500000, 0x0000000080400000| Complete 
|   5|0x0000000080500000, 0x0000000080600000, 0x0000000080600000|100%|HC|  |TAMS 0x0000000080600000, 0x0000000080500000| Complete 
|   6|0x0000000080600000, 0x0000000080700000, 0x0000000080700000|100%|HC|  |TAMS 0x0000000080700000, 0x0000000080600000| Complete 
|   7|0x0000000080700000, 0x0000000080800000, 0x0000000080800000|100%| O|  |TAMS 0x0000000080800000, 0x0000000080700000| Untracked 
|   8|0x0000000080800000, 0x0000000080900000, 0x0000000080900000|100%| O|  |TAMS 0x0000000080900000, 0x0000000080800000| Untracked 
|   9|0x0000000080900000, 0x0000000080a00000, 0x0000000080a00000|100%| O|  |TAMS 0x0000000080a00000, 0x0000000080900000| Untracked 
|  10|0x0000000080a00000, 0x0000000080b00000, 0x0000000080b00000|100%| O|  |TAMS 0x0000000080b00000, 0x0000000080a00000| Untracked 
|  11|0x0000000080b00000, 0x0000000080c00000, 0x0000000080c00000|100%| O|  |TAMS 0x0000000080c00000, 0x0000000080b00000| Untracked 
|  12|0x0000000080c00000, 0x0000000080d00000, 0x0000000080d00000|100%| O|  |TAMS 0x0000000080d00000, 0x0000000080c00000| Untracked 
|  13|0x0000000080d00000, 0x0000000080e00000, 0x0000000080e00000|100%| O|  |TAMS 0x0000000080e00000, 0x0000000080d00000| Untracked 
|  14|0x0000000080e00000, 0x0000000080f00000, 0x0000000080f00000|100%| O|  |TAMS 0x0000000080f00000, 0x0000000080e00000| Untracked 
|  15|0x0000000080f00000, 0x0000000081000000, 0x0000000081000000|100%| O|  |TAMS 0x0000000081000000, 0x0000000080f00000| Untracked 
|  16|0x0000000081000000, 0x0000000081100000, 0x0000000081100000|100%| O|  |TAMS 0x0000000081100000, 0x0000000081000000| Untracked 
|  17|0x0000000081100000, 0x0000000081200000, 0x0000000081200000|100%| O|  |TAMS 0x0000000081200000, 0x0000000081100000| Untracked 
|  18|0x0000000081200000, 0x0000000081300000, 0x0000000081300000|100%| O|  |TAMS 0x0000000081300000, 0x0000000081200000| Untracked 
|  19|0x0000000081300000, 0x0000000081400000, 0x0000000081400000|100%| O|  |TAMS 0x0000000081400000, 0x0000000081300000| Untracked 
|  20|0x0000000081400000, 0x0000000081500000, 0x0000000081500000|100%| O|  |TAMS 0x0000000081500000, 0x0000000081400000| Untracked 
|  21|0x0000000081500000, 0x0000000081600000, 0x0000000081600000|100%| O|  |TAMS 0x0000000081600000, 0x0000000081500000| Untracked 
|  22|0x0000000081600000, 0x0000000081700000, 0x0000000081700000|100%| O|  |TAMS 0x0000000081700000, 0x0000000081600000| Untracked 
|  23|0x0000000081700000, 0x0000000081800000, 0x0000000081800000|100%| O|  |TAMS 0x0000000081800000, 0x0000000081700000| Untracked 
|  24|0x0000000081800000, 0x0000000081900000, 0x0000000081900000|100%| O|  |TAMS 0x0000000081900000, 0x0000000081800000| Untracked 
|  25|0x0000000081900000, 0x0000000081a00000, 0x0000000081a00000|100%| O|  |TAMS 0x0000000081a00000, 0x0000000081900000| Untracked 
|  26|0x0000000081a00000, 0x0000000081b00000, 0x0000000081b00000|100%| O|  |TAMS 0x0000000081b00000, 0x0000000081a00000| Untracked 
|  27|0x0000000081b00000, 0x0000000081c00000, 0x0000000081c00000|100%| O|  |TAMS 0x0000000081c00000, 0x0000000081b00000| Untracked 
|  28|0x0000000081c00000, 0x0000000081d00000, 0x0000000081d00000|100%| O|  |TAMS 0x0000000081d00000, 0x0000000081c00000| Untracked 
|  29|0x0000000081d00000, 0x0000000081e00000, 0x0000000081e00000|100%| O|  |TAMS 0x0000000081e00000, 0x0000000081d00000| Untracked 
|  30|0x0000000081e00000, 0x0000000081f00000, 0x0000000081f00000|100%|HS|  |TAMS 0x0000000081f00000, 0x0000000081e00000| Complete 
|  31|0x0000000081f00000, 0x0000000082000000, 0x0000000082000000|100%| O|  |TAMS 0x0000000082000000, 0x0000000081f00000| Untracked 
|  32|0x0000000082000000, 0x0000000082100000, 0x0000000082100000|100%| O|  |TAMS 0x0000000082100000, 0x0000000082000000| Untracked 
|  33|0x0000000082100000, 0x0000000082200000, 0x0000000082200000|100%| O|  |TAMS 0x0000000082200000, 0x0000000082100000| Untracked 
|  34|0x0000000082200000, 0x0000000082300000, 0x0000000082300000|100%|HS|  |TAMS 0x0000000082300000, 0x0000000082200000| Complete 
|  35|0x0000000082300000, 0x0000000082400000, 0x0000000082400000|100%|HS|  |TAMS 0x0000000082400000, 0x0000000082300000| Complete 
|  36|0x0000000082400000, 0x0000000082500000, 0x0000000082500000|100%|HS|  |TAMS 0x0000000082500000, 0x0000000082400000| Complete 
|  37|0x0000000082500000, 0x0000000082600000, 0x0000000082600000|100%|HC|  |TAMS 0x0000000082600000, 0x0000000082500000| Complete 
|  38|0x0000000082600000, 0x0000000082700000, 0x0000000082700000|100%|HC|  |TAMS 0x0000000082700000, 0x0000000082600000| Complete 
|  39|0x0000000082700000, 0x0000000082800000, 0x0000000082800000|100%| O|  |TAMS 0x0000000082800000, 0x0000000082700000| Untracked 
|  40|0x0000000082800000, 0x0000000082900000, 0x0000000082900000|100%| O|  |TAMS 0x0000000082900000, 0x0000000082800000| Untracked 
|  41|0x0000000082900000, 0x0000000082a00000, 0x0000000082a00000|100%| O|  |TAMS 0x0000000082a00000, 0x0000000082900000| Untracked 
|  42|0x0000000082a00000, 0x0000000082b00000, 0x0000000082b00000|100%|HS|  |TAMS 0x0000000082b00000, 0x0000000082a00000| Complete 
|  43|0x0000000082b00000, 0x0000000082c00000, 0x0000000082c00000|100%|HC|  |TAMS 0x0000000082c00000, 0x0000000082b00000| Complete 
|  44|0x0000000082c00000, 0x0000000082d00000, 0x0000000082d00000|100%| O|  |TAMS 0x0000000082d00000, 0x0000000082c00000| Untracked 
|  45|0x0000000082d00000, 0x0000000082e00000, 0x0000000082e00000|100%| O|  |TAMS 0x0000000082e00000, 0x0000000082d00000| Untracked 
|  46|0x0000000082e00000, 0x0000000082f00000, 0x0000000082f00000|100%| O|  |TAMS 0x0000000082f00000, 0x0000000082e00000| Untracked 
|  47|0x0000000082f00000, 0x0000000083000000, 0x0000000083000000|100%| O|  |TAMS 0x0000000083000000, 0x0000000082f00000| Untracked 
|  48|0x0000000083000000, 0x0000000083100000, 0x0000000083100000|100%|HS|  |TAMS 0x0000000083100000, 0x0000000083000000| Complete 
|  49|0x0000000083100000, 0x0000000083200000, 0x0000000083200000|100%| O|  |TAMS 0x0000000083200000, 0x0000000083100000| Untracked 
|  50|0x0000000083200000, 0x0000000083300000, 0x0000000083300000|100%| O|  |TAMS 0x0000000083300000, 0x0000000083200000| Untracked 
|  51|0x0000000083300000, 0x0000000083400000, 0x0000000083400000|100%| O|  |TAMS 0x0000000083400000, 0x0000000083300000| Untracked 
|  52|0x0000000083400000, 0x0000000083500000, 0x0000000083500000|100%| O|  |TAMS 0x0000000083500000, 0x0000000083400000| Untracked 
|  53|0x0000000083500000, 0x0000000083600000, 0x0000000083600000|100%| O|  |TAMS 0x0000000083600000, 0x0000000083500000| Untracked 
|  54|0x0000000083600000, 0x0000000083700000, 0x0000000083700000|100%| O|  |TAMS 0x0000000083700000, 0x0000000083600000| Untracked 
|  55|0x0000000083700000, 0x0000000083800000, 0x0000000083800000|100%| O|  |TAMS 0x0000000083800000, 0x0000000083700000| Untracked 
|  56|0x0000000083800000, 0x0000000083900000, 0x0000000083900000|100%| O|  |TAMS 0x0000000083900000, 0x0000000083800000| Untracked 
|  57|0x0000000083900000, 0x0000000083a00000, 0x0000000083a00000|100%| O|  |TAMS 0x0000000083a00000, 0x0000000083900000| Untracked 
|  58|0x0000000083a00000, 0x0000000083b00000, 0x0000000083b00000|100%| O|  |TAMS 0x0000000083b00000, 0x0000000083a00000| Untracked 
|  59|0x0000000083b00000, 0x0000000083c00000, 0x0000000083c00000|100%| O|  |TAMS 0x0000000083c00000, 0x0000000083b00000| Untracked 
|  60|0x0000000083c00000, 0x0000000083d00000, 0x0000000083d00000|100%| O|  |TAMS 0x0000000083d00000, 0x0000000083c00000| Untracked 
|  61|0x0000000083d00000, 0x0000000083e00000, 0x0000000083e00000|100%| O|  |TAMS 0x0000000083e00000, 0x0000000083d00000| Untracked 
|  62|0x0000000083e00000, 0x0000000083f00000, 0x0000000083f00000|100%| O|  |TAMS 0x0000000083f00000, 0x0000000083e00000| Untracked 
|  63|0x0000000083f00000, 0x0000000084000000, 0x0000000084000000|100%| O|  |TAMS 0x0000000084000000, 0x0000000083f00000| Untracked 
|  64|0x0000000084000000, 0x0000000084100000, 0x0000000084100000|100%| O|  |TAMS 0x0000000084100000, 0x0000000084000000| Untracked 
|  65|0x0000000084100000, 0x0000000084200000, 0x0000000084200000|100%| O|  |TAMS 0x0000000084200000, 0x0000000084100000| Untracked 
|  66|0x0000000084200000, 0x0000000084300000, 0x0000000084300000|100%| O|  |TAMS 0x0000000084300000, 0x0000000084200000| Untracked 
|  67|0x0000000084300000, 0x0000000084400000, 0x0000000084400000|100%| O|  |TAMS 0x0000000084400000, 0x0000000084300000| Untracked 
|  68|0x0000000084400000, 0x0000000084500000, 0x0000000084500000|100%| O|  |TAMS 0x0000000084500000, 0x0000000084400000| Untracked 
|  69|0x0000000084500000, 0x0000000084600000, 0x0000000084600000|100%| O|  |TAMS 0x0000000084600000, 0x0000000084500000| Untracked 
|  70|0x0000000084600000, 0x0000000084700000, 0x0000000084700000|100%| O|  |TAMS 0x0000000084700000, 0x0000000084600000| Untracked 
|  71|0x0000000084700000, 0x0000000084800000, 0x0000000084800000|100%| O|  |TAMS 0x0000000084800000, 0x0000000084700000| Untracked 
|  72|0x0000000084800000, 0x0000000084900000, 0x0000000084900000|100%| O|  |TAMS 0x0000000084900000, 0x0000000084800000| Untracked 
|  73|0x0000000084900000, 0x0000000084a00000, 0x0000000084a00000|100%| O|  |TAMS 0x0000000084a00000, 0x0000000084900000| Untracked 
|  74|0x0000000084a00000, 0x0000000084b00000, 0x0000000084b00000|100%| O|  |TAMS 0x0000000084b00000, 0x0000000084a00000| Untracked 
|  75|0x0000000084b00000, 0x0000000084c00000, 0x0000000084c00000|100%| O|  |TAMS 0x0000000084c00000, 0x0000000084b00000| Untracked 
|  76|0x0000000084c00000, 0x0000000084d00000, 0x0000000084d00000|100%| O|  |TAMS 0x0000000084d00000, 0x0000000084c00000| Untracked 
|  77|0x0000000084d00000, 0x0000000084e00000, 0x0000000084e00000|100%| O|  |TAMS 0x0000000084e00000, 0x0000000084d00000| Untracked 
|  78|0x0000000084e00000, 0x0000000084f00000, 0x0000000084f00000|100%|HS|  |TAMS 0x0000000084f00000, 0x0000000084e00000| Complete 
|  79|0x0000000084f00000, 0x0000000085000000, 0x0000000085000000|100%| O|  |TAMS 0x0000000085000000, 0x0000000084f00000| Untracked 
|  80|0x0000000085000000, 0x0000000085100000, 0x0000000085100000|100%| O|  |TAMS 0x0000000085100000, 0x0000000085000000| Untracked 
|  81|0x0000000085100000, 0x0000000085200000, 0x0000000085200000|100%| O|  |TAMS 0x0000000085200000, 0x0000000085100000| Untracked 
|  82|0x0000000085200000, 0x0000000085300000, 0x0000000085300000|100%| O|  |TAMS 0x0000000085300000, 0x0000000085200000| Untracked 
|  83|0x0000000085300000, 0x0000000085400000, 0x0000000085400000|100%| O|  |TAMS 0x0000000085400000, 0x0000000085300000| Untracked 
|  84|0x0000000085400000, 0x0000000085500000, 0x0000000085500000|100%| O|  |TAMS 0x0000000085500000, 0x0000000085400000| Untracked 
|  85|0x0000000085500000, 0x0000000085600000, 0x0000000085600000|100%|HS|  |TAMS 0x0000000085600000, 0x0000000085500000| Complete 
|  86|0x0000000085600000, 0x0000000085700000, 0x0000000085700000|100%|HC|  |TAMS 0x0000000085700000, 0x0000000085600000| Complete 
|  87|0x0000000085700000, 0x0000000085800000, 0x0000000085800000|100%|HC|  |TAMS 0x0000000085800000, 0x0000000085700000| Complete 
|  88|0x0000000085800000, 0x0000000085900000, 0x0000000085900000|100%| O|  |TAMS 0x0000000085900000, 0x0000000085800000| Untracked 
|  89|0x0000000085900000, 0x0000000085a00000, 0x0000000085a00000|100%| O|  |TAMS 0x0000000085a00000, 0x0000000085900000| Untracked 
|  90|0x0000000085a00000, 0x0000000085b00000, 0x0000000085b00000|100%|HS|  |TAMS 0x0000000085b00000, 0x0000000085a00000| Complete 
|  91|0x0000000085b00000, 0x0000000085c00000, 0x0000000085c00000|100%| O|  |TAMS 0x0000000085c00000, 0x0000000085b00000| Untracked 
|  92|0x0000000085c00000, 0x0000000085d00000, 0x0000000085d00000|100%|HS|  |TAMS 0x0000000085c00000, 0x0000000085c00000| Complete 
|  93|0x0000000085d00000, 0x0000000085e00000, 0x0000000085e00000|100%|HS|  |TAMS 0x0000000085e00000, 0x0000000085d00000| Complete 
|  94|0x0000000085e00000, 0x0000000085f00000, 0x0000000085f00000|100%|HC|  |TAMS 0x0000000085f00000, 0x0000000085e00000| Complete 
|  95|0x0000000085f00000, 0x0000000086000000, 0x0000000086000000|100%| O|  |TAMS 0x0000000086000000, 0x0000000085f00000| Untracked 
|  96|0x0000000086000000, 0x0000000086100000, 0x0000000086100000|100%| O|  |TAMS 0x0000000086100000, 0x0000000086000000| Untracked 
|  97|0x0000000086100000, 0x0000000086200000, 0x0000000086200000|100%| O|  |TAMS 0x0000000086200000, 0x0000000086100000| Untracked 
|  98|0x0000000086200000, 0x0000000086300000, 0x0000000086300000|100%| O|  |TAMS 0x0000000086300000, 0x0000000086200000| Untracked 
|  99|0x0000000086300000, 0x0000000086400000, 0x0000000086400000|100%| O|  |TAMS 0x0000000086400000, 0x0000000086300000| Untracked 
| 100|0x0000000086400000, 0x0000000086500000, 0x0000000086500000|100%|HS|  |TAMS 0x0000000086500000, 0x0000000086400000| Complete 
| 101|0x0000000086500000, 0x0000000086600000, 0x0000000086600000|100%|HC|  |TAMS 0x0000000086600000, 0x0000000086500000| Complete 
| 102|0x0000000086600000, 0x0000000086700000, 0x0000000086700000|100%| O|  |TAMS 0x0000000086600000, 0x0000000086600000| Untracked 
| 103|0x0000000086700000, 0x0000000086800000, 0x0000000086800000|100%| O|  |TAMS 0x0000000086800000, 0x0000000086700000| Untracked 
| 104|0x0000000086800000, 0x0000000086900000, 0x0000000086900000|100%|HS|  |TAMS 0x0000000086900000, 0x0000000086800000| Complete 
| 105|0x0000000086900000, 0x0000000086a00000, 0x0000000086a00000|100%|HS|  |TAMS 0x0000000086a00000, 0x0000000086900000| Complete 
| 106|0x0000000086a00000, 0x0000000086b00000, 0x0000000086b00000|100%| O|  |TAMS 0x0000000086b00000, 0x0000000086a00000| Untracked 
| 107|0x0000000086b00000, 0x0000000086c00000, 0x0000000086c00000|100%| O|  |TAMS 0x0000000086c00000, 0x0000000086b00000| Untracked 
| 108|0x0000000086c00000, 0x0000000086d00000, 0x0000000086d00000|100%| O|  |TAMS 0x0000000086d00000, 0x0000000086c00000| Untracked 
| 109|0x0000000086d00000, 0x0000000086e00000, 0x0000000086e00000|100%| O|  |TAMS 0x0000000086e00000, 0x0000000086d00000| Untracked 
| 110|0x0000000086e00000, 0x0000000086f00000, 0x0000000086f00000|100%| O|  |TAMS 0x0000000086f00000, 0x0000000086e00000| Untracked 
| 111|0x0000000086f00000, 0x0000000087000000, 0x0000000087000000|100%| O|  |TAMS 0x0000000087000000, 0x0000000086f00000| Untracked 
| 112|0x0000000087000000, 0x0000000087100000, 0x0000000087100000|100%| O|  |TAMS 0x0000000087100000, 0x0000000087000000| Untracked 
| 113|0x0000000087100000, 0x0000000087200000, 0x0000000087200000|100%| O|  |TAMS 0x0000000087200000, 0x0000000087100000| Untracked 
| 114|0x0000000087200000, 0x0000000087300000, 0x0000000087300000|100%|HS|  |TAMS 0x0000000087300000, 0x0000000087200000| Complete 
| 115|0x0000000087300000, 0x0000000087400000, 0x0000000087400000|100%| O|  |TAMS 0x0000000087400000, 0x0000000087300000| Untracked 
| 116|0x0000000087400000, 0x0000000087500000, 0x0000000087500000|100%| O|  |TAMS 0x0000000087500000, 0x0000000087400000| Untracked 
| 117|0x0000000087500000, 0x0000000087600000, 0x0000000087600000|100%|HS|  |TAMS 0x0000000087500000, 0x0000000087500000| Complete 
| 118|0x0000000087600000, 0x0000000087700000, 0x0000000087700000|100%| O|  |TAMS 0x0000000087700000, 0x0000000087600000| Untracked 
| 119|0x0000000087700000, 0x0000000087800000, 0x0000000087800000|100%| O|  |TAMS 0x0000000087800000, 0x0000000087700000| Untracked 
| 120|0x0000000087800000, 0x0000000087900000, 0x0000000087900000|100%| O|  |TAMS 0x0000000087900000, 0x0000000087800000| Untracked 
| 121|0x0000000087900000, 0x0000000087a00000, 0x0000000087a00000|100%| O|  |TAMS 0x0000000087a00000, 0x0000000087900000| Untracked 
| 122|0x0000000087a00000, 0x0000000087b00000, 0x0000000087b00000|100%|HS|  |TAMS 0x0000000087b00000, 0x0000000087a00000| Complete 
| 123|0x0000000087b00000, 0x0000000087c00000, 0x0000000087c00000|100%|HC|  |TAMS 0x0000000087c00000, 0x0000000087b00000| Complete 
| 124|0x0000000087c00000, 0x0000000087d00000, 0x0000000087d00000|100%|HC|  |TAMS 0x0000000087d00000, 0x0000000087c00000| Complete 
| 125|0x0000000087d00000, 0x0000000087e00000, 0x0000000087e00000|100%|HS|  |TAMS 0x0000000087e00000, 0x0000000087d00000| Complete 
| 126|0x0000000087e00000, 0x0000000087f00000, 0x0000000087f00000|100%| O|  |TAMS 0x0000000087f00000, 0x0000000087e00000| Untracked 
| 127|0x0000000087f00000, 0x0000000088000000, 0x0000000088000000|100%| O|  |TAMS 0x0000000088000000, 0x0000000087f00000| Untracked 
| 128|0x0000000088000000, 0x0000000088100000, 0x0000000088100000|100%| O|  |TAMS 0x0000000088100000, 0x0000000088000000| Untracked 
| 129|0x0000000088100000, 0x0000000088200000, 0x0000000088200000|100%| O|  |TAMS 0x0000000088200000, 0x0000000088100000| Untracked 
| 130|0x0000000088200000, 0x0000000088300000, 0x0000000088300000|100%| O|  |TAMS 0x0000000088300000, 0x0000000088200000| Untracked 
| 131|0x0000000088300000, 0x0000000088400000, 0x0000000088400000|100%| O|  |TAMS 0x0000000088400000, 0x0000000088300000| Untracked 
| 132|0x0000000088400000, 0x0000000088500000, 0x0000000088500000|100%|HS|  |TAMS 0x0000000088500000, 0x0000000088400000| Complete 
| 133|0x0000000088500000, 0x0000000088600000, 0x0000000088600000|100%| O|  |TAMS 0x0000000088600000, 0x0000000088500000| Untracked 
| 134|0x0000000088600000, 0x0000000088700000, 0x0000000088700000|100%| O|  |TAMS 0x0000000088700000, 0x0000000088600000| Untracked 
| 135|0x0000000088700000, 0x0000000088800000, 0x0000000088800000|100%| O|  |TAMS 0x0000000088800000, 0x0000000088700000| Untracked 
| 136|0x0000000088800000, 0x0000000088900000, 0x0000000088900000|100%|HS|  |TAMS 0x0000000088900000, 0x0000000088800000| Complete 
| 137|0x0000000088900000, 0x0000000088a00000, 0x0000000088a00000|100%|HC|  |TAMS 0x0000000088a00000, 0x0000000088900000| Complete 
| 138|0x0000000088a00000, 0x0000000088b00000, 0x0000000088b00000|100%| O|  |TAMS 0x0000000088b00000, 0x0000000088a00000| Untracked 
| 139|0x0000000088b00000, 0x0000000088c00000, 0x0000000088c00000|100%| O|  |TAMS 0x0000000088c00000, 0x0000000088b00000| Untracked 
| 140|0x0000000088c00000, 0x0000000088d00000, 0x0000000088d00000|100%|HS|  |TAMS 0x0000000088d00000, 0x0000000088c00000| Complete 
| 141|0x0000000088d00000, 0x0000000088e00000, 0x0000000088e00000|100%|HC|  |TAMS 0x0000000088e00000, 0x0000000088d00000| Complete 
| 142|0x0000000088e00000, 0x0000000088f00000, 0x0000000088f00000|100%| O|  |TAMS 0x0000000088f00000, 0x0000000088e00000| Untracked 
| 143|0x0000000088f00000, 0x0000000089000000, 0x0000000089000000|100%|HS|  |TAMS 0x0000000089000000, 0x0000000088f00000| Complete 
| 144|0x0000000089000000, 0x0000000089100000, 0x0000000089100000|100%| O|  |TAMS 0x0000000089100000, 0x0000000089000000| Untracked 
| 145|0x0000000089100000, 0x0000000089200000, 0x0000000089200000|100%| O|  |TAMS 0x0000000089200000, 0x0000000089100000| Untracked 
| 146|0x0000000089200000, 0x0000000089300000, 0x0000000089300000|100%| O|  |TAMS 0x0000000089200000, 0x0000000089200000| Untracked 
| 147|0x0000000089300000, 0x0000000089400000, 0x0000000089400000|100%|HS|  |TAMS 0x0000000089400000, 0x0000000089300000| Complete 
| 148|0x0000000089400000, 0x0000000089500000, 0x0000000089500000|100%|HC|  |TAMS 0x0000000089500000, 0x0000000089400000| Complete 
| 149|0x0000000089500000, 0x0000000089600000, 0x0000000089600000|100%|HC|  |TAMS 0x0000000089600000, 0x0000000089500000| Complete 
| 150|0x0000000089600000, 0x0000000089700000, 0x0000000089700000|100%| O|  |TAMS 0x0000000089700000, 0x0000000089600000| Untracked 
| 151|0x0000000089700000, 0x0000000089800000, 0x0000000089800000|100%| O|  |TAMS 0x0000000089800000, 0x0000000089700000| Untracked 
| 152|0x0000000089800000, 0x0000000089900000, 0x0000000089900000|100%| O|  |TAMS 0x0000000089900000, 0x0000000089800000| Untracked 
| 153|0x0000000089900000, 0x0000000089a00000, 0x0000000089a00000|100%| O|  |TAMS 0x0000000089a00000, 0x0000000089900000| Untracked 
| 154|0x0000000089a00000, 0x0000000089b00000, 0x0000000089b00000|100%| O|  |TAMS 0x0000000089b00000, 0x0000000089a00000| Untracked 
| 155|0x0000000089b00000, 0x0000000089c00000, 0x0000000089c00000|100%| O|  |TAMS 0x0000000089c00000, 0x0000000089b00000| Untracked 
| 156|0x0000000089c00000, 0x0000000089d00000, 0x0000000089d00000|100%| O|  |TAMS 0x0000000089d00000, 0x0000000089c00000| Untracked 
| 157|0x0000000089d00000, 0x0000000089e00000, 0x0000000089e00000|100%| O|  |TAMS 0x0000000089e00000, 0x0000000089d00000| Untracked 
| 158|0x0000000089e00000, 0x0000000089f00000, 0x0000000089f00000|100%| O|  |TAMS 0x0000000089f00000, 0x0000000089e00000| Untracked 
| 159|0x0000000089f00000, 0x000000008a000000, 0x000000008a000000|100%| O|  |TAMS 0x000000008a000000, 0x0000000089f00000| Untracked 
| 160|0x000000008a000000, 0x000000008a100000, 0x000000008a100000|100%| O|  |TAMS 0x000000008a100000, 0x000000008a000000| Untracked 
| 161|0x000000008a100000, 0x000000008a200000, 0x000000008a200000|100%| O|  |TAMS 0x000000008a200000, 0x000000008a100000| Untracked 
| 162|0x000000008a200000, 0x000000008a300000, 0x000000008a300000|100%| O|  |TAMS 0x000000008a300000, 0x000000008a200000| Untracked 
| 163|0x000000008a300000, 0x000000008a400000, 0x000000008a400000|100%| O|  |TAMS 0x000000008a400000, 0x000000008a300000| Untracked 
| 164|0x000000008a400000, 0x000000008a500000, 0x000000008a500000|100%| O|  |TAMS 0x000000008a400000, 0x000000008a400000| Untracked 
| 165|0x000000008a500000, 0x000000008a600000, 0x000000008a600000|100%| O|  |TAMS 0x000000008a500000, 0x000000008a500000| Untracked 
| 166|0x000000008a600000, 0x000000008a700000, 0x000000008a700000|100%| O|  |TAMS 0x000000008a700000, 0x000000008a600000| Untracked 
| 167|0x000000008a700000, 0x000000008a800000, 0x000000008a800000|100%| O|  |TAMS 0x000000008a800000, 0x000000008a700000| Untracked 
| 168|0x000000008a800000, 0x000000008a900000, 0x000000008a900000|100%| O|  |TAMS 0x000000008a900000, 0x000000008a800000| Untracked 
| 169|0x000000008a900000, 0x000000008aa00000, 0x000000008aa00000|100%| O|  |TAMS 0x000000008aa00000, 0x000000008a900000| Untracked 
| 170|0x000000008aa00000, 0x000000008ab00000, 0x000000008ab00000|100%| O|  |TAMS 0x000000008ab00000, 0x000000008aa00000| Untracked 
| 171|0x000000008ab00000, 0x000000008ac00000, 0x000000008ac00000|100%| O|  |TAMS 0x000000008ac00000, 0x000000008ab00000| Untracked 
| 172|0x000000008ac00000, 0x000000008ad00000, 0x000000008ad00000|100%| O|  |TAMS 0x000000008ad00000, 0x000000008ac00000| Untracked 
| 173|0x000000008ad00000, 0x000000008ae00000, 0x000000008ae00000|100%| O|  |TAMS 0x000000008ae00000, 0x000000008ad00000| Untracked 
| 174|0x000000008ae00000, 0x000000008af00000, 0x000000008af00000|100%| O|  |TAMS 0x000000008ae00000, 0x000000008ae00000| Untracked 
| 175|0x000000008af00000, 0x000000008b000000, 0x000000008b000000|100%| O|  |TAMS 0x000000008b000000, 0x000000008af00000| Untracked 
| 176|0x000000008b000000, 0x000000008b100000, 0x000000008b100000|100%| O|  |TAMS 0x000000008b100000, 0x000000008b000000| Untracked 
| 177|0x000000008b100000, 0x000000008b200000, 0x000000008b200000|100%| O|  |TAMS 0x000000008b200000, 0x000000008b100000| Untracked 
| 178|0x000000008b200000, 0x000000008b300000, 0x000000008b300000|100%| O|  |TAMS 0x000000008b300000, 0x000000008b200000| Untracked 
| 179|0x000000008b300000, 0x000000008b400000, 0x000000008b400000|100%| O|  |TAMS 0x000000008b400000, 0x000000008b300000| Untracked 
| 180|0x000000008b400000, 0x000000008b500000, 0x000000008b500000|100%| O|  |TAMS 0x000000008b500000, 0x000000008b400000| Untracked 
| 181|0x000000008b500000, 0x000000008b600000, 0x000000008b600000|100%| O|  |TAMS 0x000000008b600000, 0x000000008b500000| Untracked 
| 182|0x000000008b600000, 0x000000008b700000, 0x000000008b700000|100%| O|  |TAMS 0x000000008b700000, 0x000000008b600000| Untracked 
| 183|0x000000008b700000, 0x000000008b800000, 0x000000008b800000|100%| O|  |TAMS 0x000000008b800000, 0x000000008b700000| Untracked 
| 184|0x000000008b800000, 0x000000008b900000, 0x000000008b900000|100%| O|  |TAMS 0x000000008b800000, 0x000000008b800000| Untracked 
| 185|0x000000008b900000, 0x000000008ba00000, 0x000000008ba00000|100%| O|  |TAMS 0x000000008ba00000, 0x000000008b900000| Untracked 
| 186|0x000000008ba00000, 0x000000008bb00000, 0x000000008bb00000|100%| O|  |TAMS 0x000000008bb00000, 0x000000008ba00000| Untracked 
| 187|0x000000008bb00000, 0x000000008bc00000, 0x000000008bc00000|100%| O|  |TAMS 0x000000008bc00000, 0x000000008bb00000| Untracked 
| 188|0x000000008bc00000, 0x000000008bd00000, 0x000000008bd00000|100%| O|  |TAMS 0x000000008bd00000, 0x000000008bc00000| Untracked 
| 189|0x000000008bd00000, 0x000000008be00000, 0x000000008be00000|100%| O|  |TAMS 0x000000008be00000, 0x000000008bd00000| Untracked 
| 190|0x000000008be00000, 0x000000008bf00000, 0x000000008bf00000|100%| O|  |TAMS 0x000000008bf00000, 0x000000008be00000| Untracked 
| 191|0x000000008bf00000, 0x000000008c000000, 0x000000008c000000|100%| O|  |TAMS 0x000000008c000000, 0x000000008bf00000| Untracked 
| 192|0x000000008c000000, 0x000000008c100000, 0x000000008c100000|100%| O|  |TAMS 0x000000008c100000, 0x000000008c000000| Untracked 
| 193|0x000000008c100000, 0x000000008c200000, 0x000000008c200000|100%| O|  |TAMS 0x000000008c200000, 0x000000008c100000| Untracked 
| 194|0x000000008c200000, 0x000000008c300000, 0x000000008c300000|100%| O|  |TAMS 0x000000008c300000, 0x000000008c200000| Untracked 
| 195|0x000000008c300000, 0x000000008c400000, 0x000000008c400000|100%| O|  |TAMS 0x000000008c400000, 0x000000008c300000| Untracked 
| 196|0x000000008c400000, 0x000000008c500000, 0x000000008c500000|100%| O|  |TAMS 0x000000008c500000, 0x000000008c400000| Untracked 
| 197|0x000000008c500000, 0x000000008c600000, 0x000000008c600000|100%| O|  |TAMS 0x000000008c600000, 0x000000008c500000| Untracked 
| 198|0x000000008c600000, 0x000000008c700000, 0x000000008c700000|100%| O|  |TAMS 0x000000008c700000, 0x000000008c600000| Untracked 
| 199|0x000000008c700000, 0x000000008c800000, 0x000000008c800000|100%| O|  |TAMS 0x000000008c800000, 0x000000008c700000| Untracked 
| 200|0x000000008c800000, 0x000000008c900000, 0x000000008c900000|100%| O|  |TAMS 0x000000008c900000, 0x000000008c800000| Untracked 
| 201|0x000000008c900000, 0x000000008ca00000, 0x000000008ca00000|100%| O|  |TAMS 0x000000008ca00000, 0x000000008c900000| Untracked 
| 202|0x000000008ca00000, 0x000000008ca26600, 0x000000008cb00000| 14%| O|  |TAMS 0x000000008ca00000, 0x000000008ca00000| Untracked 
| 203|0x000000008cb00000, 0x000000008cc00000, 0x000000008cc00000|100%| O|  |TAMS 0x000000008cb00000, 0x000000008cb00000| Untracked 
| 204|0x000000008cc00000, 0x000000008cd00000, 0x000000008cd00000|100%| O|  |TAMS 0x000000008cc00000, 0x000000008cc00000| Untracked 
| 205|0x000000008cd00000, 0x000000008ce00000, 0x000000008ce00000|100%| O|  |TAMS 0x000000008cd00000, 0x000000008cd00000| Untracked 
| 206|0x000000008ce00000, 0x000000008cf00000, 0x000000008cf00000|100%| O|  |TAMS 0x000000008ce00000, 0x000000008ce00000| Untracked 
| 207|0x000000008cf00000, 0x000000008d000000, 0x000000008d000000|100%| O|  |TAMS 0x000000008cf00000, 0x000000008cf00000| Untracked 
| 208|0x000000008d000000, 0x000000008d100000, 0x000000008d100000|100%| O|  |TAMS 0x000000008d000000, 0x000000008d000000| Untracked 
| 209|0x000000008d100000, 0x000000008d200000, 0x000000008d200000|100%| O|  |TAMS 0x000000008d100000, 0x000000008d100000| Untracked 
| 210|0x000000008d200000, 0x000000008d300000, 0x000000008d300000|100%| O|  |TAMS 0x000000008d200000, 0x000000008d200000| Untracked 
| 211|0x000000008d300000, 0x000000008d400000, 0x000000008d400000|100%| O|  |TAMS 0x000000008d300000, 0x000000008d300000| Untracked 
| 212|0x000000008d400000, 0x000000008d500000, 0x000000008d500000|100%| O|  |TAMS 0x000000008d400000, 0x000000008d400000| Untracked 
| 213|0x000000008d500000, 0x000000008d600000, 0x000000008d600000|100%| O|  |TAMS 0x000000008d500000, 0x000000008d500000| Untracked 
| 214|0x000000008d600000, 0x000000008d700000, 0x000000008d700000|100%| O|  |TAMS 0x000000008d600000, 0x000000008d600000| Untracked 
| 215|0x000000008d700000, 0x000000008d800000, 0x000000008d800000|100%| O|  |TAMS 0x000000008d700000, 0x000000008d700000| Untracked 
| 216|0x000000008d800000, 0x000000008d900000, 0x000000008d900000|100%| O|  |TAMS 0x000000008d800000, 0x000000008d800000| Untracked 
| 217|0x000000008d900000, 0x000000008da00000, 0x000000008da00000|100%| O|  |TAMS 0x000000008d900000, 0x000000008d900000| Untracked 
| 218|0x000000008da00000, 0x000000008db00000, 0x000000008db00000|100%| O|  |TAMS 0x000000008da00000, 0x000000008da00000| Untracked 
| 219|0x000000008db00000, 0x000000008dc00000, 0x000000008dc00000|100%| O|  |TAMS 0x000000008db00000, 0x000000008db00000| Untracked 
| 220|0x000000008dc00000, 0x000000008dd00000, 0x000000008dd00000|100%|HS|  |TAMS 0x000000008dc00000, 0x000000008dc00000| Complete 
| 221|0x000000008dd00000, 0x000000008de00000, 0x000000008de00000|100%|HC|  |TAMS 0x000000008dd00000, 0x000000008dd00000| Complete 
| 222|0x000000008de00000, 0x000000008de00000, 0x000000008df00000|  0%| F|  |TAMS 0x000000008de00000, 0x000000008de00000| Untracked 
| 223|0x000000008df00000, 0x000000008df00000, 0x000000008e000000|  0%| F|  |TAMS 0x000000008df00000, 0x000000008df00000| Untracked 
| 224|0x000000008e000000, 0x000000008e000000, 0x000000008e100000|  0%| F|  |TAMS 0x000000008e000000, 0x000000008e000000| Untracked 
| 225|0x000000008e100000, 0x000000008e100000, 0x000000008e200000|  0%| F|  |TAMS 0x000000008e100000, 0x000000008e100000| Untracked 
| 226|0x000000008e200000, 0x000000008e200000, 0x000000008e300000|  0%| F|  |TAMS 0x000000008e200000, 0x000000008e200000| Untracked 
| 227|0x000000008e300000, 0x000000008e300000, 0x000000008e400000|  0%| F|  |TAMS 0x000000008e300000, 0x000000008e300000| Untracked 
| 228|0x000000008e400000, 0x000000008e400000, 0x000000008e500000|  0%| F|  |TAMS 0x000000008e400000, 0x000000008e400000| Untracked 
| 229|0x000000008e500000, 0x000000008e500000, 0x000000008e600000|  0%| F|  |TAMS 0x000000008e500000, 0x000000008e500000| Untracked 
| 230|0x000000008e600000, 0x000000008e600000, 0x000000008e700000|  0%| F|  |TAMS 0x000000008e600000, 0x000000008e600000| Untracked 
| 231|0x000000008e700000, 0x000000008e700000, 0x000000008e800000|  0%| F|  |TAMS 0x000000008e700000, 0x000000008e700000| Untracked 
| 232|0x000000008e800000, 0x000000008e800000, 0x000000008e900000|  0%| F|  |TAMS 0x000000008e800000, 0x000000008e800000| Untracked 
| 233|0x000000008e900000, 0x000000008e900000, 0x000000008ea00000|  0%| F|  |TAMS 0x000000008e900000, 0x000000008e900000| Untracked 
| 234|0x000000008ea00000, 0x000000008ea00000, 0x000000008eb00000|  0%| F|  |TAMS 0x000000008ea00000, 0x000000008ea00000| Untracked 
| 235|0x000000008eb00000, 0x000000008eb00000, 0x000000008ec00000|  0%| F|  |TAMS 0x000000008eb00000, 0x000000008eb00000| Untracked 
| 236|0x000000008ec00000, 0x000000008ec00000, 0x000000008ed00000|  0%| F|  |TAMS 0x000000008ec00000, 0x000000008ec00000| Untracked 
| 237|0x000000008ed00000, 0x000000008ed00000, 0x000000008ee00000|  0%| F|  |TAMS 0x000000008ed00000, 0x000000008ed00000| Untracked 
| 238|0x000000008ee00000, 0x000000008ee00000, 0x000000008ef00000|  0%| F|  |TAMS 0x000000008ee00000, 0x000000008ee00000| Untracked 
| 239|0x000000008ef00000, 0x000000008ef00000, 0x000000008f000000|  0%| F|  |TAMS 0x000000008ef00000, 0x000000008ef00000| Untracked 
| 240|0x000000008f000000, 0x000000008f000000, 0x000000008f100000|  0%| F|  |TAMS 0x000000008f000000, 0x000000008f000000| Untracked 
| 241|0x000000008f100000, 0x000000008f100000, 0x000000008f200000|  0%| F|  |TAMS 0x000000008f100000, 0x000000008f100000| Untracked 
| 242|0x000000008f200000, 0x000000008f200000, 0x000000008f300000|  0%| F|  |TAMS 0x000000008f200000, 0x000000008f200000| Untracked 
| 243|0x000000008f300000, 0x000000008f300000, 0x000000008f400000|  0%| F|  |TAMS 0x000000008f300000, 0x000000008f300000| Untracked 
| 244|0x000000008f400000, 0x000000008f400000, 0x000000008f500000|  0%| F|  |TAMS 0x000000008f400000, 0x000000008f400000| Untracked 
| 245|0x000000008f500000, 0x000000008f500000, 0x000000008f600000|  0%| F|  |TAMS 0x000000008f500000, 0x000000008f500000| Untracked 
| 246|0x000000008f600000, 0x000000008f600000, 0x000000008f700000|  0%| F|  |TAMS 0x000000008f600000, 0x000000008f600000| Untracked 
| 247|0x000000008f700000, 0x000000008f700000, 0x000000008f800000|  0%| F|  |TAMS 0x000000008f700000, 0x000000008f700000| Untracked 
| 248|0x000000008f800000, 0x000000008f800000, 0x000000008f900000|  0%| F|  |TAMS 0x000000008f800000, 0x000000008f800000| Untracked 
| 249|0x000000008f900000, 0x000000008f900000, 0x000000008fa00000|  0%| F|  |TAMS 0x000000008f900000, 0x000000008f900000| Untracked 
| 250|0x000000008fa00000, 0x000000008fa00000, 0x000000008fb00000|  0%| F|  |TAMS 0x000000008fa00000, 0x000000008fa00000| Untracked 
| 251|0x000000008fb00000, 0x000000008fb00000, 0x000000008fc00000|  0%| F|  |TAMS 0x000000008fb00000, 0x000000008fb00000| Untracked 
| 252|0x000000008fc00000, 0x000000008fc00000, 0x000000008fd00000|  0%| F|  |TAMS 0x000000008fc00000, 0x000000008fc00000| Untracked 
| 253|0x000000008fd00000, 0x000000008fd00000, 0x000000008fe00000|  0%| F|  |TAMS 0x000000008fd00000, 0x000000008fd00000| Untracked 
| 254|0x000000008fe00000, 0x000000008fe00000, 0x000000008ff00000|  0%| F|  |TAMS 0x000000008fe00000, 0x000000008fe00000| Untracked 
| 255|0x000000008ff00000, 0x000000008ff00000, 0x0000000090000000|  0%| F|  |TAMS 0x000000008ff00000, 0x000000008ff00000| Untracked 
| 256|0x0000000090000000, 0x0000000090000000, 0x0000000090100000|  0%| F|  |TAMS 0x0000000090000000, 0x0000000090000000| Untracked 
| 257|0x0000000090100000, 0x0000000090100000, 0x0000000090200000|  0%| F|  |TAMS 0x0000000090100000, 0x0000000090100000| Untracked 
| 258|0x0000000090200000, 0x0000000090200000, 0x0000000090300000|  0%| F|  |TAMS 0x0000000090200000, 0x0000000090200000| Untracked 
| 259|0x0000000090300000, 0x0000000090300000, 0x0000000090400000|  0%| F|  |TAMS 0x0000000090300000, 0x0000000090300000| Untracked 
| 260|0x0000000090400000, 0x0000000090400000, 0x0000000090500000|  0%| F|  |TAMS 0x0000000090400000, 0x0000000090400000| Untracked 
| 261|0x0000000090500000, 0x0000000090500000, 0x0000000090600000|  0%| F|  |TAMS 0x0000000090500000, 0x0000000090500000| Untracked 
| 262|0x0000000090600000, 0x0000000090600000, 0x0000000090700000|  0%| F|  |TAMS 0x0000000090600000, 0x0000000090600000| Untracked 
| 263|0x0000000090700000, 0x0000000090700000, 0x0000000090800000|  0%| F|  |TAMS 0x0000000090700000, 0x0000000090700000| Untracked 
| 264|0x0000000090800000, 0x0000000090800000, 0x0000000090900000|  0%| F|  |TAMS 0x0000000090800000, 0x0000000090800000| Untracked 
| 265|0x0000000090900000, 0x0000000090900000, 0x0000000090a00000|  0%| F|  |TAMS 0x0000000090900000, 0x0000000090900000| Untracked 
| 266|0x0000000090a00000, 0x0000000090a00000, 0x0000000090b00000|  0%| F|  |TAMS 0x0000000090a00000, 0x0000000090a00000| Untracked 
| 267|0x0000000090b00000, 0x0000000090b00000, 0x0000000090c00000|  0%| F|  |TAMS 0x0000000090b00000, 0x0000000090b00000| Untracked 
| 268|0x0000000090c00000, 0x0000000090c00000, 0x0000000090d00000|  0%| F|  |TAMS 0x0000000090c00000, 0x0000000090c00000| Untracked 
| 269|0x0000000090d00000, 0x0000000090d00000, 0x0000000090e00000|  0%| F|  |TAMS 0x0000000090d00000, 0x0000000090d00000| Untracked 
| 270|0x0000000090e00000, 0x0000000090e00000, 0x0000000090f00000|  0%| F|  |TAMS 0x0000000090e00000, 0x0000000090e00000| Untracked 
| 271|0x0000000090f00000, 0x0000000090f00000, 0x0000000091000000|  0%| F|  |TAMS 0x0000000090f00000, 0x0000000090f00000| Untracked 
| 272|0x0000000091000000, 0x0000000091000000, 0x0000000091100000|  0%| F|  |TAMS 0x0000000091000000, 0x0000000091000000| Untracked 
| 273|0x0000000091100000, 0x0000000091100000, 0x0000000091200000|  0%| F|  |TAMS 0x0000000091100000, 0x0000000091100000| Untracked 
| 274|0x0000000091200000, 0x0000000091200000, 0x0000000091300000|  0%| F|  |TAMS 0x0000000091200000, 0x0000000091200000| Untracked 
| 275|0x0000000091300000, 0x0000000091300000, 0x0000000091400000|  0%| F|  |TAMS 0x0000000091300000, 0x0000000091300000| Untracked 
| 276|0x0000000091400000, 0x0000000091400000, 0x0000000091500000|  0%| F|  |TAMS 0x0000000091400000, 0x0000000091400000| Untracked 
| 277|0x0000000091500000, 0x0000000091500000, 0x0000000091600000|  0%| F|  |TAMS 0x0000000091500000, 0x0000000091500000| Untracked 
| 278|0x0000000091600000, 0x0000000091600000, 0x0000000091700000|  0%| F|  |TAMS 0x0000000091600000, 0x0000000091600000| Untracked 
| 279|0x0000000091700000, 0x0000000091700000, 0x0000000091800000|  0%| F|  |TAMS 0x0000000091700000, 0x0000000091700000| Untracked 
| 280|0x0000000091800000, 0x0000000091800000, 0x0000000091900000|  0%| F|  |TAMS 0x0000000091800000, 0x0000000091800000| Untracked 
| 281|0x0000000091900000, 0x0000000091900000, 0x0000000091a00000|  0%| F|  |TAMS 0x0000000091900000, 0x0000000091900000| Untracked 
| 282|0x0000000091a00000, 0x0000000091a00000, 0x0000000091b00000|  0%| F|  |TAMS 0x0000000091a00000, 0x0000000091a00000| Untracked 
| 283|0x0000000091b00000, 0x0000000091b40010, 0x0000000091c00000| 25%| S|CS|TAMS 0x0000000091b00000, 0x0000000091b00000| Complete 
| 284|0x0000000091c00000, 0x0000000091d00000, 0x0000000091d00000|100%| S|CS|TAMS 0x0000000091c00000, 0x0000000091c00000| Complete 
| 285|0x0000000091d00000, 0x0000000091e00000, 0x0000000091e00000|100%| S|CS|TAMS 0x0000000091d00000, 0x0000000091d00000| Complete 
| 286|0x0000000091e00000, 0x0000000091f00000, 0x0000000091f00000|100%| S|CS|TAMS 0x0000000091e00000, 0x0000000091e00000| Complete 
| 287|0x0000000091f00000, 0x0000000091f00000, 0x0000000092000000|  0%| F|  |TAMS 0x0000000091f00000, 0x0000000091f00000| Untracked 
| 288|0x0000000092000000, 0x0000000092000000, 0x0000000092100000|  0%| F|  |TAMS 0x0000000092000000, 0x0000000092000000| Untracked 
| 289|0x0000000092100000, 0x0000000092100000, 0x0000000092200000|  0%| F|  |TAMS 0x0000000092100000, 0x0000000092100000| Untracked 
| 290|0x0000000092200000, 0x0000000092200000, 0x0000000092300000|  0%| F|  |TAMS 0x0000000092200000, 0x0000000092200000| Untracked 
| 291|0x0000000092300000, 0x0000000092300000, 0x0000000092400000|  0%| F|  |TAMS 0x0000000092300000, 0x0000000092300000| Untracked 
| 292|0x0000000092400000, 0x0000000092400000, 0x0000000092500000|  0%| F|  |TAMS 0x0000000092400000, 0x0000000092400000| Untracked 
| 293|0x0000000092500000, 0x0000000092500000, 0x0000000092600000|  0%| F|  |TAMS 0x0000000092500000, 0x0000000092500000| Untracked 
| 294|0x0000000092600000, 0x0000000092600000, 0x0000000092700000|  0%| F|  |TAMS 0x0000000092600000, 0x0000000092600000| Untracked 
| 295|0x0000000092700000, 0x0000000092700000, 0x0000000092800000|  0%| F|  |TAMS 0x0000000092700000, 0x0000000092700000| Untracked 
| 296|0x0000000092800000, 0x0000000092800000, 0x0000000092900000|  0%| F|  |TAMS 0x0000000092800000, 0x0000000092800000| Untracked 
| 297|0x0000000092900000, 0x0000000092900000, 0x0000000092a00000|  0%| F|  |TAMS 0x0000000092900000, 0x0000000092900000| Untracked 
| 298|0x0000000092a00000, 0x0000000092a00000, 0x0000000092b00000|  0%| F|  |TAMS 0x0000000092a00000, 0x0000000092a00000| Untracked 
| 299|0x0000000092b00000, 0x0000000092b00000, 0x0000000092c00000|  0%| F|  |TAMS 0x0000000092b00000, 0x0000000092b00000| Untracked 
| 300|0x0000000092c00000, 0x0000000092c00000, 0x0000000092d00000|  0%| F|  |TAMS 0x0000000092c00000, 0x0000000092c00000| Untracked 
| 301|0x0000000092d00000, 0x0000000092d00000, 0x0000000092e00000|  0%| F|  |TAMS 0x0000000092d00000, 0x0000000092d00000| Untracked 
| 302|0x0000000092e00000, 0x0000000092e00000, 0x0000000092f00000|  0%| F|  |TAMS 0x0000000092e00000, 0x0000000092e00000| Untracked 
| 303|0x0000000092f00000, 0x0000000092f00000, 0x0000000093000000|  0%| F|  |TAMS 0x0000000092f00000, 0x0000000092f00000| Untracked 
| 304|0x0000000093000000, 0x0000000093000000, 0x0000000093100000|  0%| F|  |TAMS 0x0000000093000000, 0x0000000093000000| Untracked 
| 305|0x0000000093100000, 0x0000000093100000, 0x0000000093200000|  0%| F|  |TAMS 0x0000000093100000, 0x0000000093100000| Untracked 
| 306|0x0000000093200000, 0x0000000093200000, 0x0000000093300000|  0%| F|  |TAMS 0x0000000093200000, 0x0000000093200000| Untracked 
| 307|0x0000000093300000, 0x0000000093300000, 0x0000000093400000|  0%| F|  |TAMS 0x0000000093300000, 0x0000000093300000| Untracked 
| 308|0x0000000093400000, 0x0000000093400000, 0x0000000093500000|  0%| F|  |TAMS 0x0000000093400000, 0x0000000093400000| Untracked 
| 309|0x0000000093500000, 0x0000000093500000, 0x0000000093600000|  0%| F|  |TAMS 0x0000000093500000, 0x0000000093500000| Untracked 
| 310|0x0000000093600000, 0x0000000093600000, 0x0000000093700000|  0%| F|  |TAMS 0x0000000093600000, 0x0000000093600000| Untracked 
| 311|0x0000000093700000, 0x0000000093700000, 0x0000000093800000|  0%| F|  |TAMS 0x0000000093700000, 0x0000000093700000| Untracked 
| 312|0x0000000093800000, 0x0000000093800000, 0x0000000093900000|  0%| F|  |TAMS 0x0000000093800000, 0x0000000093800000| Untracked 
| 313|0x0000000093900000, 0x0000000093900000, 0x0000000093a00000|  0%| F|  |TAMS 0x0000000093900000, 0x0000000093900000| Untracked 
| 314|0x0000000093a00000, 0x0000000093a00000, 0x0000000093b00000|  0%| F|  |TAMS 0x0000000093a00000, 0x0000000093a00000| Untracked 
| 315|0x0000000093b00000, 0x0000000093b00000, 0x0000000093c00000|  0%| F|  |TAMS 0x0000000093b00000, 0x0000000093b00000| Untracked 
| 316|0x0000000093c00000, 0x0000000093c00000, 0x0000000093d00000|  0%| F|  |TAMS 0x0000000093c00000, 0x0000000093c00000| Untracked 
| 317|0x0000000093d00000, 0x0000000093d00000, 0x0000000093e00000|  0%| F|  |TAMS 0x0000000093d00000, 0x0000000093d00000| Untracked 
| 318|0x0000000093e00000, 0x0000000093e00000, 0x0000000093f00000|  0%| F|  |TAMS 0x0000000093e00000, 0x0000000093e00000| Untracked 
| 319|0x0000000093f00000, 0x0000000093f00000, 0x0000000094000000|  0%| F|  |TAMS 0x0000000093f00000, 0x0000000093f00000| Untracked 
| 320|0x0000000094000000, 0x0000000094000000, 0x0000000094100000|  0%| F|  |TAMS 0x0000000094000000, 0x0000000094000000| Untracked 
| 321|0x0000000094100000, 0x0000000094100000, 0x0000000094200000|  0%| F|  |TAMS 0x0000000094100000, 0x0000000094100000| Untracked 
| 322|0x0000000094200000, 0x0000000094200000, 0x0000000094300000|  0%| F|  |TAMS 0x0000000094200000, 0x0000000094200000| Untracked 
| 323|0x0000000094300000, 0x0000000094300000, 0x0000000094400000|  0%| F|  |TAMS 0x0000000094300000, 0x0000000094300000| Untracked 
| 324|0x0000000094400000, 0x0000000094400000, 0x0000000094500000|  0%| F|  |TAMS 0x0000000094400000, 0x0000000094400000| Untracked 
| 325|0x0000000094500000, 0x0000000094500000, 0x0000000094600000|  0%| F|  |TAMS 0x0000000094500000, 0x0000000094500000| Untracked 

Card table byte_map: [0x00000000159b0000,0x0000000015db0000] _byte_map_base: 0x00000000155b0000

Marking Bits (Prev, Next): (CMBitMap*) 0x000000000015fed8, (CMBitMap*) 0x000000000015ff10
 Prev Bits: [0x00000000161b0000, 0x00000000181b0000)
 Next Bits: [0x00000000181b0000, 0x000000001a1b0000)

Polling page: 0x0000000000430000

Metaspace:

Usage:
  Non-class:    124.57 MB capacity,   122.08 MB ( 98%) used,     1.99 MB (  2%) free+waste,   513.19 KB ( <1%) overhead. 
      Class:     19.05 MB capacity,    17.53 MB ( 92%) used,     1.30 MB (  7%) free+waste,   225.06 KB (  1%) overhead. 
       Both:    143.62 MB capacity,   139.61 MB ( 97%) used,     3.29 MB (  2%) free+waste,   738.25 KB ( <1%) overhead. 

Virtual space:
  Non-class space:      126.00 MB reserved,     124.75 MB (>99%) committed 
      Class space:        1.00 GB reserved,      19.13 MB (  2%) committed 
             Both:        1.12 GB reserved,     143.88 MB ( 13%) committed 

Chunk freelists:
   Non-Class:  56.00 KB
       Class:  11.00 KB
        Both:  67.00 KB

MaxMetaspaceSize: 17179869184.00 GB
CompressedClassSpaceSize: 1.00 GB

CodeHeap 'non-profiled nmethods': size=120064Kb used=12129Kb max_used=12129Kb free=107934Kb
 bounds [0x000000000dc20000, 0x000000000e800000, 0x0000000015160000]
CodeHeap 'profiled nmethods': size=120000Kb used=46802Kb max_used=46802Kb free=73197Kb
 bounds [0x00000000066f0000, 0x00000000094c0000, 0x000000000dc20000]
CodeHeap 'non-nmethods': size=5696Kb used=2351Kb max_used=2415Kb free=3344Kb
 bounds [0x0000000006160000, 0x00000000063d0000, 0x00000000066f0000]
 total_blobs=21322 nmethods=20319 adapters=913
 compilation: enabled
              stopped_count=0, restarted_count=0
 full_count=0

Compilation events (20 events):
Event: 350.803 Thread 0x000000005d4a4800 nmethod 22305 0x000000000e7f4c90 code [0x000000000e7f4e40, 0x000000000e7f50d8]
Event: 350.803 Thread 0x000000005d4a4800 22323       4       java.util.stream.SpinedBuffer::copyInto (129 bytes)
Event: 350.813 Thread 0x000000005d4a6800 22327       2       com.android.tools.r8.code.d2::a (1 bytes)
Event: 350.813 Thread 0x000000005d4a6800 nmethod 22327 0x00000000094bd010 code [0x00000000094bd1c0, 0x00000000094bd2b8]
Event: 350.815 Thread 0x000000005d4a4800 nmethod 22323 0x000000000e7f5290 code [0x000000000e7f5440, 0x000000000e7f5998]
Event: 350.815 Thread 0x000000005d4a4800 22325       4       com.android.tools.r8.internal.fr::f (97 bytes)
Event: 350.837 Thread 0x000000005d4a4800 nmethod 22325 0x000000000e7f5d90 code [0x000000000e7f5fa0, 0x000000000e7f65f8]
Event: 350.837 Thread 0x000000005d4a4800 22328       4       java.util.stream.SpinedBuffer::copyInto (129 bytes)
Event: 350.849 Thread 0x000000005d4a4800 nmethod 22328 0x000000000e7f6d10 code [0x000000000e7f6ec0, 0x000000000e7f74b8]
Event: 350.849 Thread 0x000000005d4a4800 22322       4       java.util.stream.SpinedBuffer::asArray (46 bytes)
Event: 350.864 Thread 0x000000005d4a4800 nmethod 22322 0x000000000e7f7890 code [0x000000000e7f7a60, 0x000000000e7f8138]
Event: 350.864 Thread 0x000000005d4a4800 22331       4       java.util.stream.SpinedBuffer::copyInto (129 bytes)
Event: 350.866 Thread 0x000000005d4a6800 22333       2       java.util.stream.SpinedBuffer::asArray (46 bytes)
Event: 350.866 Thread 0x000000005d4a6800 nmethod 22333 0x00000000094bd390 code [0x00000000094bd580, 0x00000000094bd848]
Event: 350.881 Thread 0x000000005d4a4800 nmethod 22331 0x000000000e7f8690 code [0x000000000e7f8840, 0x000000000e7f8e58]
Event: 350.881 Thread 0x000000005d4a4800 22330       4       java.util.stream.Nodes$SpinedNodeBuilder::copyInto (30 bytes)
Event: 350.885 Thread 0x000000005d4a6800 22334       2       java.util.stream.SpinedBuffer::copyInto (129 bytes)
Event: 350.886 Thread 0x000000005d4a6800 nmethod 22334 0x00000000094bda10 code [0x00000000094bdc20, 0x00000000094be398]
Event: 350.888 Thread 0x000000005d4a6800 22335       2       com.android.tools.r8.code.E2::a (1 bytes)
Event: 350.888 Thread 0x000000005d4a6800 nmethod 22335 0x00000000094be690 code [0x00000000094be840, 0x00000000094be938]

GC Heap History (20 events):
Event: 344.084 GC heap after
{Heap after GC invocations=156 (full 0):
 garbage-first heap   total 222208K, used 175616K [0x0000000080000000, 0x0000000100000000)
  region size 1024K, 2 young (2048K), 2 survivors (2048K)
 Metaspace       used 142455K, capacity 146548K, committed 146816K, reserved 1177600K
  class space    used 17919K, capacity 19449K, committed 19584K, reserved 1048576K
}
Event: 345.393 GC heap before
{Heap before GC invocations=157 (full 0):
 garbage-first heap   total 222208K, used 186880K [0x0000000080000000, 0x0000000100000000)
  region size 1024K, 12 young (12288K), 2 survivors (2048K)
 Metaspace       used 142641K, capacity 146786K, committed 147072K, reserved 1177600K
  class space    used 17931K, capacity 19484K, committed 19584K, reserved 1048576K
}
Event: 345.438 GC heap after
{Heap after GC invocations=158 (full 0):
 garbage-first heap   total 267264K, used 176523K [0x0000000080000000, 0x0000000100000000)
  region size 1024K, 2 young (2048K), 2 survivors (2048K)
 Metaspace       used 142641K, capacity 146786K, committed 147072K, reserved 1177600K
  class space    used 17931K, capacity 19484K, committed 19584K, reserved 1048576K
}
Event: 345.650 GC heap before
{Heap before GC invocations=158 (full 0):
 garbage-first heap   total 267264K, used 187787K [0x0000000080000000, 0x0000000100000000)
  region size 1024K, 13 young (13312K), 2 survivors (2048K)
 Metaspace       used 142687K, capacity 146801K, committed 147072K, reserved 1177600K
  class space    used 17934K, capacity 19489K, committed 19584K, reserved 1048576K
}
Event: 345.684 GC heap after
{Heap after GC invocations=159 (full 0):
 garbage-first heap   total 267264K, used 178176K [0x0000000080000000, 0x0000000100000000)
  region size 1024K, 2 young (2048K), 2 survivors (2048K)
 Metaspace       used 142687K, capacity 146801K, committed 147072K, reserved 1177600K
  class space    used 17934K, capacity 19489K, committed 19584K, reserved 1048576K
}
Event: 346.217 GC heap before
{Heap before GC invocations=159 (full 0):
 garbage-first heap   total 267264K, used 206848K [0x0000000080000000, 0x0000000100000000)
  region size 1024K, 30 young (30720K), 2 survivors (2048K)
 Metaspace       used 142705K, capacity 146865K, committed 147072K, reserved 1177600K
  class space    used 17934K, capacity 19489K, committed 19584K, reserved 1048576K
}
Event: 346.305 GC heap after
{Heap after GC invocations=160 (full 0):
 garbage-first heap   total 267264K, used 192890K [0x0000000080000000, 0x0000000100000000)
  region size 1024K, 4 young (4096K), 4 survivors (4096K)
 Metaspace       used 142705K, capacity 146865K, committed 147072K, reserved 1177600K
  class space    used 17934K, capacity 19489K, committed 19584K, reserved 1048576K
}
Event: 346.626 GC heap before
{Heap before GC invocations=160 (full 0):
 garbage-first heap   total 267264K, used 213370K [0x0000000080000000, 0x0000000100000000)
  region size 1024K, 24 young (24576K), 4 survivors (4096K)
 Metaspace       used 142729K, capacity 146867K, committed 147072K, reserved 1177600K
  class space    used 17934K, capacity 19489K, committed 19584K, reserved 1048576K
}
Event: 346.690 GC heap after
{Heap after GC invocations=161 (full 0):
 garbage-first heap   total 267264K, used 202240K [0x0000000080000000, 0x0000000100000000)
  region size 1024K, 3 young (3072K), 3 survivors (3072K)
 Metaspace       used 142729K, capacity 146867K, committed 147072K, reserved 1177600K
  class space    used 17934K, capacity 19489K, committed 19584K, reserved 1048576K
}
Event: 346.875 GC heap before
{Heap before GC invocations=161 (full 0):
 garbage-first heap   total 267264K, used 218624K [0x0000000080000000, 0x0000000100000000)
  region size 1024K, 19 young (19456K), 3 survivors (3072K)
 Metaspace       used 142739K, capacity 146867K, committed 147072K, reserved 1177600K
  class space    used 17934K, capacity 19489K, committed 19584K, reserved 1048576K
}
Event: 346.924 GC heap after
{Heap after GC invocations=162 (full 0):
 garbage-first heap   total 267264K, used 210944K [0x0000000080000000, 0x0000000100000000)
  region size 1024K, 3 young (3072K), 3 survivors (3072K)
 Metaspace       used 142739K, capacity 146867K, committed 147072K, reserved 1177600K
  class space    used 17934K, capacity 19489K, committed 19584K, reserved 1048576K
}
Event: 347.977 GC heap before
{Heap before GC invocations=162 (full 0):
 garbage-first heap   total 267264K, used 221184K [0x0000000080000000, 0x0000000100000000)
  region size 1024K, 15 young (15360K), 3 survivors (3072K)
 Metaspace       used 142743K, capacity 146867K, committed 147072K, reserved 1177600K
  class space    used 17934K, capacity 19489K, committed 19584K, reserved 1048576K
}
Event: 348.194 GC heap after
{Heap after GC invocations=163 (full 0):
 garbage-first heap   total 333824K, used 215552K [0x0000000080000000, 0x0000000100000000)
  region size 1024K, 2 young (2048K), 2 survivors (2048K)
 Metaspace       used 142743K, capacity 146867K, committed 147072K, reserved 1177600K
  class space    used 17934K, capacity 19489K, committed 19584K, reserved 1048576K
}
Event: 349.093 GC heap before
{Heap before GC invocations=164 (full 0):
 garbage-first heap   total 333824K, used 243200K [0x0000000080000000, 0x0000000100000000)
  region size 1024K, 30 young (30720K), 2 survivors (2048K)
 Metaspace       used 142821K, capacity 146939K, committed 147072K, reserved 1177600K
  class space    used 17939K, capacity 19491K, committed 19584K, reserved 1048576K
}
Event: 349.218 GC heap after
{Heap after GC invocations=165 (full 0):
 garbage-first heap   total 333824K, used 222208K [0x0000000080000000, 0x0000000100000000)
  region size 1024K, 4 young (4096K), 4 survivors (4096K)
 Metaspace       used 142821K, capacity 146939K, committed 147072K, reserved 1177600K
  class space    used 17939K, capacity 19491K, committed 19584K, reserved 1048576K
}
Event: 349.485 GC heap before
{Heap before GC invocations=165 (full 0):
 garbage-first heap   total 333824K, used 233472K [0x0000000080000000, 0x0000000100000000)
  region size 1024K, 16 young (16384K), 4 survivors (4096K)
 Metaspace       used 142919K, capacity 147005K, committed 147328K, reserved 1177600K
  class space    used 17949K, capacity 19509K, committed 19584K, reserved 1048576K
}
Event: 349.567 GC heap after
{Heap after GC invocations=166 (full 0):
 garbage-first heap   total 333824K, used 219784K [0x0000000080000000, 0x0000000100000000)
  region size 1024K, 2 young (2048K), 2 survivors (2048K)
 Metaspace       used 142919K, capacity 147005K, committed 147328K, reserved 1177600K
  class space    used 17949K, capacity 19509K, committed 19584K, reserved 1048576K
}
Event: 349.987 GC heap before
{Heap before GC invocations=166 (full 0):
 garbage-first heap   total 333824K, used 252552K [0x0000000080000000, 0x0000000100000000)
  region size 1024K, 34 young (34816K), 2 survivors (2048K)
 Metaspace       used 142938K, capacity 147005K, committed 147328K, reserved 1177600K
  class space    used 17949K, capacity 19509K, committed 19584K, reserved 1048576K
}
Event: 350.042 GC heap after
{Heap after GC invocations=167 (full 0):
 garbage-first heap   total 333824K, used 222959K [0x0000000080000000, 0x0000000100000000)
  region size 1024K, 5 young (5120K), 5 survivors (5120K)
 Metaspace       used 142938K, capacity 147005K, committed 147328K, reserved 1177600K
  class space    used 17949K, capacity 19509K, committed 19584K, reserved 1048576K
}
Event: 350.892 GC heap before
{Heap before GC invocations=167 (full 0):
 garbage-first heap   total 333824K, used 260847K [0x0000000080000000, 0x0000000100000000)
  region size 1024K, 39 young (39936K), 5 survivors (5120K)
 Metaspace       used 142957K, capacity 147069K, committed 147328K, reserved 1177600K
  class space    used 17950K, capacity 19509K, committed 19584K, reserved 1048576K
}

Deoptimization events (20 events):
Event: 350.750 Thread 0x00000000673e7000 DEOPT PACKING pc=0x000000000e7f0150 sp=0x000000007148cfe0
Event: 350.750 Thread 0x00000000673e7000 DEOPT UNPACKING pc=0x0000000006186929 sp=0x000000007148cf00 mode 2
Event: 350.793 Thread 0x00000000673e7000 DEOPT PACKING pc=0x0000000009072b3f sp=0x000000007148d070
Event: 350.793 Thread 0x00000000673e7000 DEOPT UNPACKING pc=0x000000000618673f sp=0x000000007148c558 mode 0
Event: 350.815 Thread 0x00000000673e7000 Uncommon trap: trap_request=0xffffffcc fr.pc=0x000000000e7f5768 relative=0x0000000000000328
Event: 350.815 Thread 0x00000000673e7000 Uncommon trap: reason=intrinsic_or_type_checked_inlining action=make_not_entrant pc=0x000000000e7f5768 method=java.util.stream.SpinedBuffer.copyInto([Ljava/lang/Object;I)V @ 87 c2
Event: 350.815 Thread 0x00000000673e7000 DEOPT PACKING pc=0x000000000e7f5768 sp=0x000000007148cf40
Event: 350.815 Thread 0x00000000673e7000 DEOPT UNPACKING pc=0x0000000006186929 sp=0x000000007148ced0 mode 2
Event: 350.859 Thread 0x00000000673e7000 Uncommon trap: trap_request=0xffffffcc fr.pc=0x000000000e7f702c relative=0x000000000000016c
Event: 350.859 Thread 0x00000000673e7000 Uncommon trap: reason=intrinsic_or_type_checked_inlining action=make_not_entrant pc=0x000000000e7f702c method=java.util.stream.SpinedBuffer.copyInto([Ljava/lang/Object;I)V @ 51 c2
Event: 350.859 Thread 0x00000000673e7000 DEOPT PACKING pc=0x000000000e7f702c sp=0x000000007148cf90
Event: 350.859 Thread 0x00000000673e7000 DEOPT UNPACKING pc=0x0000000006186929 sp=0x000000007148cf30 mode 2
Event: 350.864 Thread 0x00000000673e7000 Uncommon trap: trap_request=0xffffffcc fr.pc=0x000000000e7f7c00 relative=0x00000000000001a0
Event: 350.864 Thread 0x00000000673e7000 Uncommon trap: reason=intrinsic_or_type_checked_inlining action=make_not_entrant pc=0x000000000e7f7c00 method=java.util.stream.SpinedBuffer.copyInto([Ljava/lang/Object;I)V @ 51 c2
Event: 350.864 Thread 0x00000000673e7000 DEOPT PACKING pc=0x000000000e7f7c00 sp=0x000000007148d060
Event: 350.864 Thread 0x00000000673e7000 DEOPT UNPACKING pc=0x0000000006186929 sp=0x000000007148cf00 mode 2
Event: 350.882 Thread 0x00000000673e7000 Uncommon trap: trap_request=0xffffffcc fr.pc=0x000000000e7f8c70 relative=0x0000000000000430
Event: 350.882 Thread 0x00000000673e7000 Uncommon trap: reason=intrinsic_or_type_checked_inlining action=make_not_entrant pc=0x000000000e7f8c70 method=java.util.stream.SpinedBuffer.copyInto([Ljava/lang/Object;I)V @ 125 c2
Event: 350.882 Thread 0x00000000673e7000 DEOPT PACKING pc=0x000000000e7f8c70 sp=0x000000007148cf90
Event: 350.882 Thread 0x00000000673e7000 DEOPT UNPACKING pc=0x0000000006186929 sp=0x000000007148cf30 mode 2

Classes redefined (0 events):
No events

Internal exceptions (20 events):
Event: 334.395 Thread 0x00000000673e8000 Exception <a 'sun/nio/fs/WindowsException'{0x000000008c8dd758}> (0x000000008c8dd758) thrown at [./src/hotspot/share/prims/jni.cpp, line 615]
Event: 336.669 Thread 0x00000000673e7000 Exception <a 'sun/nio/fs/WindowsException'{0x000000008b94cbd0}> (0x000000008b94cbd0) thrown at [./src/hotspot/share/prims/jni.cpp, line 615]
Event: 336.773 Thread 0x00000000673e8000 Exception <a 'sun/nio/fs/WindowsException'{0x000000008be29118}> (0x000000008be29118) thrown at [./src/hotspot/share/prims/jni.cpp, line 615]
Event: 344.190 Thread 0x00000000673e8000 Exception <a 'sun/nio/fs/WindowsException'{0x000000008d7546b8}> (0x000000008d7546b8) thrown at [./src/hotspot/share/prims/jni.cpp, line 615]
Event: 344.357 Thread 0x00000000673e8000 Exception <a 'sun/nio/fs/WindowsException'{0x000000008d7d4d38}> (0x000000008d7d4d38) thrown at [./src/hotspot/share/prims/jni.cpp, line 615]
Event: 344.392 Thread 0x00000000673e8000 Exception <a 'sun/nio/fs/WindowsException'{0x000000008d6fe160}> (0x000000008d6fe160) thrown at [./src/hotspot/share/prims/jni.cpp, line 615]
Event: 345.501 Thread 0x00000000673e8000 Exception <a 'sun/nio/fs/WindowsException'{0x000000009010fc80}> (0x000000009010fc80) thrown at [./src/hotspot/share/prims/jni.cpp, line 615]
Event: 345.579 Thread 0x00000000673e8000 Exception <a 'sun/nio/fs/WindowsException'{0x000000008fd92c10}> (0x000000008fd92c10) thrown at [./src/hotspot/share/prims/jni.cpp, line 615]
Event: 346.337 Thread 0x00000000673e8000 Exception <a 'sun/nio/fs/WindowsException'{0x00000000904200d0}> (0x00000000904200d0) thrown at [./src/hotspot/share/prims/jni.cpp, line 615]
Event: 346.398 Thread 0x00000000673e8000 Exception <a 'sun/nio/fs/WindowsException'{0x00000000900a4420}> (0x00000000900a4420) thrown at [./src/hotspot/share/prims/jni.cpp, line 615]
Event: 348.627 Thread 0x00000000673e8000 Exception <a 'sun/nio/fs/WindowsException'{0x00000000942884b8}> (0x00000000942884b8) thrown at [./src/hotspot/share/prims/jni.cpp, line 615]
Event: 348.646 Thread 0x00000000673e8000 Exception <a 'sun/nio/fs/WindowsException'{0x00000000941cb348}> (0x00000000941cb348) thrown at [./src/hotspot/share/prims/jni.cpp, line 615]
Event: 348.714 Thread 0x00000000673e8000 Exception <a 'sun/nio/fs/WindowsException'{0x00000000941dc4b8}> (0x00000000941dc4b8) thrown at [./src/hotspot/share/prims/jni.cpp, line 615]
Event: 348.729 Thread 0x00000000673e8000 Exception <a 'sun/nio/fs/WindowsException'{0x0000000093d50010}> (0x0000000093d50010) thrown at [./src/hotspot/share/prims/jni.cpp, line 615]
Event: 348.784 Thread 0x00000000673e8000 Exception <a 'sun/nio/fs/WindowsException'{0x0000000093dc2da8}> (0x0000000093dc2da8) thrown at [./src/hotspot/share/prims/jni.cpp, line 615]
Event: 348.833 Thread 0x00000000673e8000 Exception <a 'sun/nio/fs/WindowsException'{0x0000000093ab81d8}> (0x0000000093ab81d8) thrown at [./src/hotspot/share/prims/jni.cpp, line 615]
Event: 348.847 Thread 0x00000000673e8000 Exception <a 'sun/nio/fs/WindowsException'{0x0000000093ae18c0}> (0x0000000093ae18c0) thrown at [./src/hotspot/share/prims/jni.cpp, line 615]
Event: 348.865 Thread 0x00000000673e8000 Exception <a 'sun/nio/fs/WindowsException'{0x00000000939e4e38}> (0x00000000939e4e38) thrown at [./src/hotspot/share/prims/jni.cpp, line 615]
Event: 348.951 Thread 0x00000000673e8000 Exception <a 'sun/nio/fs/WindowsException'{0x00000000939f8280}> (0x00000000939f8280) thrown at [./src/hotspot/share/prims/jni.cpp, line 615]
Event: 348.961 Thread 0x00000000673e8000 Exception <a 'sun/nio/fs/WindowsException'{0x00000000931e04b8}> (0x00000000931e04b8) thrown at [./src/hotspot/share/prims/jni.cpp, line 615]

Events (20 events):
Event: 349.321 loading class com/android/tools/r8/code/G0 done
Event: 349.321 loading class com/android/tools/r8/code/G0
Event: 349.321 loading class com/android/tools/r8/code/G0 done
Event: 349.353 loading class com/android/tools/r8/internal/pr
Event: 349.353 loading class com/android/tools/r8/internal/pr done
Event: 349.354 loading class com/android/tools/r8/internal/pr
Event: 349.354 loading class com/android/tools/r8/internal/pr done
Event: 349.354 loading class com/android/tools/r8/graph/P
Event: 349.354 loading class com/android/tools/r8/graph/P done
Event: 349.354 loading class com/android/tools/r8/internal/pr
Event: 349.354 loading class com/android/tools/r8/internal/pr done
Event: 349.355 loading class com/android/tools/r8/internal/pr
Event: 349.355 loading class com/android/tools/r8/internal/pr done
Event: 349.484 Executing VM operation: G1CollectForAllocation
Event: 349.567 Executing VM operation: G1CollectForAllocation done
Event: 349.965 Executing VM operation: G1CollectForAllocation
Event: 350.042 Executing VM operation: G1CollectForAllocation done
Event: 350.302 loading class com/android/tools/r8/graph/v0$a
Event: 350.302 loading class com/android/tools/r8/graph/v0$a done
Event: 350.892 Executing VM operation: G1CollectForAllocation


Dynamic libraries:
0x000000013f510000 - 0x000000013f51a000 	C:\Program Files\Android\Android Studio\jre\bin\java.exe
0x0000000077bc0000 - 0x0000000077d69000 	C:\Windows\SYSTEM32\ntdll.dll
0x0000000077aa0000 - 0x0000000077bbf000 	C:\Windows\system32\kernel32.dll
0x000007fefdbc0000 - 0x000007fefdc2b000 	C:\Windows\system32\KERNELBASE.dll
0x000007fef09f0000 - 0x000007fef0a09000 	C:\Program Files\Android\Android Studio\jre\bin\jli.dll
0x000007fef9db0000 - 0x000007fef9fa4000 	C:\Windows\WinSxS\amd64_microsoft.windows.common-controls_6595b64144ccf1df_6.0.7601.17514_none_fa396087175ac9ac\COMCTL32.dll
0x000007fefe140000 - 0x000007fefe1df000 	C:\Windows\system32\msvcrt.dll
0x000007feff900000 - 0x000007feff967000 	C:\Windows\system32\GDI32.dll
0x00000000779a0000 - 0x0000000077a9a000 	C:\Windows\system32\USER32.dll
0x000007fefe460000 - 0x000007fefe46e000 	C:\Windows\system32\LPK.dll
0x000007feffcd0000 - 0x000007feffd99000 	C:\Windows\system32\USP10.dll
0x000007feffa10000 - 0x000007feffa81000 	C:\Windows\system32\SHLWAPI.dll
0x000007fef26d0000 - 0x000007fef26e7000 	C:\Program Files\Android\Android Studio\jre\bin\VCRUNTIME140.dll
0x000007fefade0000 - 0x000007fefade4000 	C:\Windows\system32\api-ms-win-crt-runtime-l1-1-0.dll
0x000007feface0000 - 0x000007fefadd2000 	C:\Windows\system32\ucrtbase.DLL
0x000007fefae30000 - 0x000007fefae33000 	C:\Windows\system32\api-ms-win-core-timezone-l1-1-0.dll
0x000007fefae20000 - 0x000007fefae23000 	C:\Windows\system32\api-ms-win-core-file-l2-1-0.dll
0x000007fefae10000 - 0x000007fefae13000 	C:\Windows\system32\api-ms-win-core-localization-l1-2-0.dll
0x000007fefacd0000 - 0x000007fefacd3000 	C:\Windows\system32\api-ms-win-core-synch-l1-2-0.dll
0x000007fefacc0000 - 0x000007fefacc3000 	C:\Windows\system32\api-ms-win-core-processthreads-l1-1-1.dll
0x000007fefacb0000 - 0x000007fefacb3000 	C:\Windows\system32\api-ms-win-core-file-l1-2-0.dll
0x000007fefaca0000 - 0x000007fefaca4000 	C:\Windows\system32\api-ms-win-crt-string-l1-1-0.dll
0x000007fefac90000 - 0x000007fefac93000 	C:\Windows\system32\api-ms-win-crt-heap-l1-1-0.dll
0x000007fefac80000 - 0x000007fefac84000 	C:\Windows\system32\api-ms-win-crt-stdio-l1-1-0.dll
0x000007fefac70000 - 0x000007fefac74000 	C:\Windows\system32\api-ms-win-crt-convert-l1-1-0.dll
0x000007fefac10000 - 0x000007fefac13000 	C:\Windows\system32\api-ms-win-crt-environment-l1-1-0.dll
0x000007fefac20000 - 0x000007fefac23000 	C:\Windows\system32\api-ms-win-crt-filesystem-l1-1-0.dll
0x000007fefac50000 - 0x000007fefac55000 	C:\Windows\system32\api-ms-win-crt-math-l1-1-0.dll
0x000007fefac60000 - 0x000007fefac63000 	C:\Windows\system32\api-ms-win-crt-locale-l1-1-0.dll
0x000007feffa90000 - 0x000007feffabe000 	C:\Windows\system32\IMM32.DLL
0x000007feffba0000 - 0x000007feffca9000 	C:\Windows\system32\MSCTF.dll
0x000007feed860000 - 0x000007feed8fd000 	C:\Program Files\Android\Android Studio\jre\bin\msvcp140.dll
0x000007fefac40000 - 0x000007fefac45000 	C:\Windows\system32\api-ms-win-crt-multibyte-l1-1-0.dll
0x000007fefac30000 - 0x000007fefac33000 	C:\Windows\system32\api-ms-win-crt-time-l1-1-0.dll
0x000007fefac00000 - 0x000007fefac03000 	C:\Windows\system32\api-ms-win-crt-utility-l1-1-0.dll
0x000007feeb180000 - 0x000007feebc4f000 	C:\Program Files\Android\Android Studio\jre\bin\server\jvm.dll
0x000007feff650000 - 0x000007feff72b000 	C:\Windows\system32\ADVAPI32.dll
0x000007fefe440000 - 0x000007fefe45f000 	C:\Windows\SYSTEM32\sechost.dll
0x000007feffda0000 - 0x000007feffecd000 	C:\Windows\system32\RPCRT4.dll
0x000007feef1d0000 - 0x000007feef1d9000 	C:\Windows\system32\WSOCK32.dll
0x000007fefe1e0000 - 0x000007fefe22d000 	C:\Windows\system32\WS2_32.dll
0x000007feff460000 - 0x000007feff468000 	C:\Windows\system32\NSI.dll
0x000007fefca60000 - 0x000007fefca9b000 	C:\Windows\system32\WINMM.dll
0x000007fefc9c0000 - 0x000007fefc9cc000 	C:\Windows\system32\VERSION.dll
0x0000000077d80000 - 0x0000000077d87000 	C:\Windows\system32\PSAPI.DLL
0x000007fef26b0000 - 0x000007fef26c1000 	C:\Program Files\Android\Android Studio\jre\bin\verify.dll
0x000007fef61b0000 - 0x000007fef62d5000 	C:\Windows\system32\DBGHELP.DLL
0x000007fef2670000 - 0x000007fef2699000 	C:\Program Files\Android\Android Studio\jre\bin\java.dll
0x000007fef25f0000 - 0x000007fef25fb000 	C:\Program Files\Android\Android Studio\jre\bin\jimage.dll
0x000007fef25a0000 - 0x000007fef25b8000 	C:\Program Files\Android\Android Studio\jre\bin\zip.dll
0x000007fefe4f0000 - 0x000007feff278000 	C:\Windows\system32\SHELL32.dll
0x000007fefe230000 - 0x000007fefe433000 	C:\Windows\system32\ole32.dll
0x000007fefdb10000 - 0x000007fefdb1f000 	C:\Windows\system32\profapi.dll
0x000007feedc90000 - 0x000007feedcaa000 	C:\Program Files\Android\Android Studio\jre\bin\net.dll
0x000007fef7310000 - 0x000007fef7381000 	C:\Windows\system32\WINHTTP.dll
0x000007fef72a0000 - 0x000007fef7304000 	C:\Windows\system32\webio.dll
0x000007fefd340000 - 0x000007fefd395000 	C:\Windows\system32\mswsock.dll
0x000007fefd330000 - 0x000007fefd337000 	C:\Windows\System32\wship6.dll
0x000007feedc70000 - 0x000007feedc84000 	C:\Program Files\Android\Android Studio\jre\bin\nio.dll
0x000007fef0a30000 - 0x000007fef0a57000 	C:\Users\Anu\.gradle\native\8bec1ad78214c89d9ad589b4d07fe93259594b29d510b10fafb7a158f7737e5d\windows-amd64\native-platform.dll
0x000007feea410000 - 0x000007feea54d000 	C:\Users\Anu\.gradle\native\53dbd7edfb1c66fb8903c78663c9afc45aea4f116125fa6feffd364cf09443e8\windows-amd64\native-platform-file-events.dll
0x000007feedc60000 - 0x000007feedc6a000 	C:\Program Files\Android\Android Studio\jre\bin\management.dll
0x000007feedc50000 - 0x000007feedc5c000 	C:\Program Files\Android\Android Studio\jre\bin\management_ext.dll
0x000007fefd3a0000 - 0x000007fefd3b7000 	C:\Windows\system32\CRYPTSP.dll
0x000007fefd0a0000 - 0x000007fefd0e7000 	C:\Windows\system32\rsaenh.dll
0x000007fefce60000 - 0x000007fefce7e000 	C:\Windows\system32\USERENV.dll
0x000007fefda00000 - 0x000007fefda0f000 	C:\Windows\system32\CRYPTBASE.dll
0x000007fefbde0000 - 0x000007fefbe07000 	C:\Windows\system32\IPHLPAPI.DLL
0x000007fefbdd0000 - 0x000007fefbddb000 	C:\Windows\system32\WINNSI.DLL
0x000007fefbdb0000 - 0x000007fefbdc8000 	C:\Windows\system32\dhcpcsvc.DLL
0x000007fefbd90000 - 0x000007fefbda1000 	C:\Windows\system32\dhcpcsvc6.DLL
0x000007feeab50000 - 0x000007feeab6e000 	C:\Users\Anu\AppData\Local\Temp\native-platform13903968825200227951dir\native-platform.dll
0x000007fefd9a0000 - 0x000007fefd9f7000 	C:\Windows\system32\apphelp.dll
0x000007fef5360000 - 0x000007fef5368000 	C:\Program Files\Android\Android Studio\jre\bin\rmi.dll
0x000000006b830000 - 0x000000006b933000 	C:\Users\Anu\AppData\Local\Temp\sqlite-3.25.2-2c33cd24-d494-430f-810f-ced990d1c810-sqlitejdbc.dll

dbghelp: loaded successfully - version: 4.0.5 - missing functions: none
symbol engine: initialized successfully - sym options: 0x614 - pdb path: .;C:\Program Files\Android\Android Studio\jre\bin;C:\Windows\SYSTEM32;C:\Windows\WinSxS\amd64_microsoft.windows.common-controls_6595b64144ccf1df_6.0.7601.17514_none_fa396087175ac9ac;C:\Program Files\Android\Android Studio\jre\bin\server;C:\Users\Anu\.gradle\native\8bec1ad78214c89d9ad589b4d07fe93259594b29d510b10fafb7a158f7737e5d\windows-amd64;C:\Users\Anu\.gradle\native\53dbd7edfb1c66fb8903c78663c9afc45aea4f116125fa6feffd364cf09443e8\windows-amd64;C:\Users\Anu\AppData\Local\Temp\native-platform13903968825200227951dir;C:\Users\Anu\AppData\Local\Temp

VM Arguments:
jvm_args: --add-opens=java.base/java.util=ALL-UNNAMED --add-opens=java.base/java.lang=ALL-UNNAMED --add-opens=java.base/java.lang.invoke=ALL-UNNAMED --add-opens=java.base/java.util=ALL-UNNAMED --add-opens=java.prefs/java.util.prefs=ALL-UNNAMED --add-opens=java.prefs/java.util.prefs=ALL-UNNAMED --add-opens=java.base/java.nio.charset=ALL-UNNAMED --add-opens=java.base/java.net=ALL-UNNAMED --add-opens=java.base/java.util.concurrent.atomic=ALL-UNNAMED -Xmx2048m -Dfile.encoding=UTF-8 -Duser.country=US -Duser.language=en -Duser.variant 
java_command: org.gradle.launcher.daemon.bootstrap.GradleDaemon 7.0.2
java_class_path (initial): C:\Users\Anu\.gradle\wrapper\dists\gradle-7.0.2-bin\857tjihv64xamwrf0h14cai3r\gradle-7.0.2\lib\gradle-launcher-7.0.2.jar
Launcher Type: SUN_STANDARD

[Global flags]
     intx CICompilerCount                          = 2                                         {product} {ergonomic}
     uint ConcGCThreads                            = 1                                         {product} {ergonomic}
     uint G1ConcRefinementThreads                  = 2                                         {product} {ergonomic}
   size_t G1HeapRegionSize                         = 1048576                                   {product} {ergonomic}
    uintx GCDrainStackTargetSize                   = 64                                        {product} {ergonomic}
   size_t InitialHeapSize                          = 50331648                                  {product} {ergonomic}
   size_t MarkStackSize                            = 4194304                                   {product} {ergonomic}
   size_t MaxHeapSize                              = 2147483648                                {product} {command line}
   size_t MaxNewSize                               = 1287651328                                {product} {ergonomic}
   size_t MinHeapDeltaBytes                        = 1048576                                   {product} {ergonomic}
    uintx NonNMethodCodeHeapSize                   = 5825164                                {pd product} {ergonomic}
    uintx NonProfiledCodeHeapSize                  = 122916538                              {pd product} {ergonomic}
    uintx ProfiledCodeHeapSize                     = 122916538                              {pd product} {ergonomic}
    uintx ReservedCodeCacheSize                    = 251658240                              {pd product} {ergonomic}
     bool SegmentedCodeCache                       = true                                      {product} {ergonomic}
     bool UseCompressedClassPointers               = true                                 {lp64_product} {ergonomic}
     bool UseCompressedOops                        = true                                 {lp64_product} {ergonomic}
     bool UseG1GC                                  = true                                      {product} {ergonomic}
     bool UseLargePagesIndividualAllocation        = false                                  {pd product} {ergonomic}

Logging:
Log output configuration:
 #0: stdout all=warning uptime,level,tags
 #1: stderr all=off uptime,level,tags

Environment Variables:
JAVA_HOME=C:\Program Files\Android\Android Studio\jre
PATH=C:\Windows\system32;C:\Windows;C:\Windows\System32\Wbem;C:\Windows\System32\WindowsPowerShell\v1.0\;E:\Git\cmd
USERNAME=Anu
OS=Windows_NT
PROCESSOR_IDENTIFIER=Intel64 Family 6 Model 23 Stepping 10, GenuineIntel



---------------  S Y S T E M  ---------------

OS: Windows 7 , 64 bit Build 7601 (6.1.7601.17514)
OS uptime: 0 days 1:33 hours

CPU:total 2 (initial active 2) (2 cores per cpu, 1 threads per core) family 6 model 23 stepping 10 microcode 0x0, cmov, cx8, fxsr, mmx, sse, sse2, sse3, ssse3, sse4.1, tsc

Memory: 4k page, system-wide physical 3034M (118M free)
TotalPageFile size 5225M (AvailPageFile size 20M)
current process WorkingSet (physical memory assigned to process): 589M, peak: 611M
current process commit charge ("private bytes"): 1159M, peak: 1159M

vm_info: OpenJDK 64-Bit Server VM (11.0.10+0-b96-7249189) for windows-amd64 JRE (11.0.10+0-b96-7249189), built on Mar 31 2021 21:44:00 by "builder" with MS VC++ 14.0 (VS2015)

END.
