#
# There is insufficient memory for the Java Runtime Environment to continue.
# Native memory allocation (malloc) failed to allocate 2335376 bytes for Chunk::new
# Possible reasons:
#   The system is out of physical RAM or swap space
#   The process is running with CompressedOops enabled, and the Java Heap may be blocking the growth of the native heap
# Possible solutions:
#   Reduce memory load on the system
#   Increase physical memory or swap space
#   Check if swap backing store is full
#   Decrease Java heap size (-Xmx/-Xms)
#   Decrease number of Java threads
#   Decrease Java thread stack sizes (-Xss)
#   Set larger code cache with -XX:ReservedCodeCacheSize=
#   JVM is running with Unscaled Compressed Oops mode in which the Java heap is
#     placed in the first 4GB address space. The Java Heap base address is the
#     maximum limit for the native heap growth. Please use -XX:HeapBaseMinAddress
#     to set the Java Heap base and to place the Java Heap above 4GB virtual address.
# This output file may be truncated or incomplete.
#
#  Out of Memory Error (./src/hotspot/share/memory/arena.cpp:197), pid=4296, tid=4372
#
# JRE version: OpenJDK Runtime Environment (11.0.10) (build 11.0.10+0-b96-7249189)
# Java VM: OpenJDK 64-Bit Server VM (11.0.10+0-b96-7249189, mixed mode, tiered, compressed oops, g1 gc, windows-amd64)
# No core dump will be written. Minidumps are not enabled by default on client versions of Windows
#

---------------  S U M M A R Y ------------

Command Line: org.jetbrains.kotlin.cli.jvm.K2JVMCompiler @F:\LetsChat\app\build\20211014_7597996975886903731.compiler.options

Host: Intel(R) Core(TM)2 Duo CPU     T6500  @ 2.10GHz, 2 cores, 2G,  Windows 7 , 64 bit Build 7601 (6.1.7601.17514)
Time: Thu Oct 14 02:19:07 2021 Malay Peninsula Standard Time elapsed time: 67.340707 seconds (0d 0h 1m 7s)

---------------  T H R E A D  ---------------

Current thread (0x000000005a4f4000):  JavaThread "C2 CompilerThread0" daemon [_thread_in_native, id=4372, stack(0x000000005af10000,0x000000005b010000)]


Current CompileTask:
C2:  67340 6602       4       org.jetbrains.kotlin.load.java.structure.impl.classFiles.BinaryJavaMethodBase$Companion::create (613 bytes)

Stack: [0x000000005af10000,0x000000005b010000]
Native frames: (J=compiled Java code, j=interpreted, Vv=VM code, C=native code)
V  [jvm.dll+0x5ecfaa]
V  [jvm.dll+0x722bd5]
V  [jvm.dll+0x72412d]
V  [jvm.dll+0x7247e3]
V  [jvm.dll+0x242928]
V  [jvm.dll+0xbc4fc]
V  [jvm.dll+0xbca0c]
V  [jvm.dll+0x352d3b]
V  [jvm.dll+0x320ad3]
V  [jvm.dll+0x31ffca]
V  [jvm.dll+0x1fb602]
V  [jvm.dll+0x1fa7f4]
V  [jvm.dll+0x18354c]
V  [jvm.dll+0x208ee7]
V  [jvm.dll+0x207731]
V  [jvm.dll+0x6eb1cf]
V  [jvm.dll+0x6e3d45]
V  [jvm.dll+0x5ebe96]
C  [ucrtbase.DLL+0x682dd]
C  [kernel32.dll+0x1652d]
C  [ntdll.dll+0x2c521]


---------------  P R O C E S S  ---------------

Threads class SMR info:
_java_thread_list=0x000000005a5cf490, length=10, elements={
0x0000000000412000, 0x0000000019a5e000, 0x0000000019a68000, 0x000000005a4e7800,
0x000000005a4ea800, 0x000000005a4f0000, 0x000000005a4f4000, 0x000000005a4f8000,
0x000000005a503000, 0x000000005a503800
}

Java Threads: ( => current thread )
  0x0000000000412000 JavaThread "main" [_thread_in_native, id=4324, stack(0x0000000002330000,0x0000000002430000)]
  0x0000000019a5e000 JavaThread "Reference Handler" daemon [_thread_blocked, id=4352, stack(0x000000005a8c0000,0x000000005a9c0000)]
  0x0000000019a68000 JavaThread "Finalizer" daemon [_thread_blocked, id=4356, stack(0x000000005ab30000,0x000000005ac30000)]
  0x000000005a4e7800 JavaThread "Signal Dispatcher" daemon [_thread_blocked, id=4360, stack(0x000000005acb0000,0x000000005adb0000)]
  0x000000005a4ea800 JavaThread "Attach Listener" daemon [_thread_blocked, id=4364, stack(0x000000005aa00000,0x000000005ab00000)]
  0x000000005a4f0000 JavaThread "Service Thread" daemon [_thread_blocked, id=4368, stack(0x000000005a610000,0x000000005a710000)]
=>0x000000005a4f4000 JavaThread "C2 CompilerThread0" daemon [_thread_in_native, id=4372, stack(0x000000005af10000,0x000000005b010000)]
  0x000000005a4f8000 JavaThread "C1 CompilerThread0" daemon [_thread_blocked, id=4376, stack(0x000000005b040000,0x000000005b140000)]
  0x000000005a503000 JavaThread "Sweeper thread" daemon [_thread_blocked, id=4380, stack(0x000000005b250000,0x000000005b350000)]
  0x000000005a503800 JavaThread "Common-Cleaner" daemon [_thread_blocked, id=4388, stack(0x000000005b7c0000,0x000000005b8c0000)]

Other Threads:
  0x000000005a4d7000 VMThread "VM Thread" [stack: 0x000000005a760000,0x000000005a860000] [id=4348]
  0x000000005b391800 WatcherThread [stack: 0x000000005ae10000,0x000000005af10000] [id=4384]
  0x000000000042c000 GCTaskThread "GC Thread#0" [stack: 0x0000000015320000,0x0000000015420000] [id=4328]
  0x000000005b504000 GCTaskThread "GC Thread#1" [stack: 0x000000005bac0000,0x000000005bbc0000] [id=4392]
  0x0000000000441000 ConcurrentGCThread "G1 Main Marker" [stack: 0x0000000017360000,0x0000000017460000] [id=4332]
  0x0000000000442800 ConcurrentGCThread "G1 Conc#0" [stack: 0x0000000017460000,0x0000000017560000] [id=4336]
  0x0000000000489000 ConcurrentGCThread "G1 Refine#0" [stack: 0x0000000019870000,0x0000000019970000] [id=4340]
  0x000000000048a000 ConcurrentGCThread "G1 Young RemSet Sampling" [stack: 0x0000000019b10000,0x0000000019c10000] [id=4344]

Threads with active compile tasks:
C2 CompilerThread0  68230 6602       4       org.jetbrains.kotlin.load.java.structure.impl.classFiles.BinaryJavaMethodBase$Companion::create (613 bytes)

VM state:not at safepoint (normal execution)

VM Mutex/Monitor currently owned by a thread: None

Heap address: 0x00000000d0800000, size: 760 MB, Compressed Oops mode: 32-bit
Narrow klass base: 0x0000000000000000, Narrow klass shift: 0
Compressed class space size: 1073741824 Address: 0x0000000019c10000

Heap:
 garbage-first heap   total 163840K, used 65276K [0x00000000d0800000, 0x0000000100000000)
  region size 1024K, 17 young (17408K), 2 survivors (2048K)
 Metaspace       used 60371K, capacity 61094K, committed 61312K, reserved 1103872K
  class space    used 6991K, capacity 7268K, committed 7296K, reserved 1048576K
Heap Regions: E=young(eden), S=young(survivor), O=old, HS=humongous(starts), HC=humongous(continues), CS=collection set, F=free, A=archive, TAMS=top-at-mark-start (previous, next)
|   0|0x00000000d0800000, 0x00000000d0900000, 0x00000000d0900000|100%|HS|  |TAMS 0x00000000d0900000, 0x00000000d0800000| Complete 
|   1|0x00000000d0900000, 0x00000000d0a00000, 0x00000000d0a00000|100%|HC|  |TAMS 0x00000000d0a00000, 0x00000000d0900000| Complete 
|   2|0x00000000d0a00000, 0x00000000d0b00000, 0x00000000d0b00000|100%|HC|  |TAMS 0x00000000d0b00000, 0x00000000d0a00000| Complete 
|   3|0x00000000d0b00000, 0x00000000d0c00000, 0x00000000d0c00000|100%| O|  |TAMS 0x00000000d0c00000, 0x00000000d0b00000| Untracked 
|   4|0x00000000d0c00000, 0x00000000d0d00000, 0x00000000d0d00000|100%| O|  |TAMS 0x00000000d0d00000, 0x00000000d0c00000| Untracked 
|   5|0x00000000d0d00000, 0x00000000d0e00000, 0x00000000d0e00000|100%| O|  |TAMS 0x00000000d0e00000, 0x00000000d0d00000| Untracked 
|   6|0x00000000d0e00000, 0x00000000d0f00000, 0x00000000d0f00000|100%| O|  |TAMS 0x00000000d0f00000, 0x00000000d0e00000| Untracked 
|   7|0x00000000d0f00000, 0x00000000d1000000, 0x00000000d1000000|100%| O|  |TAMS 0x00000000d1000000, 0x00000000d0f00000| Untracked 
|   8|0x00000000d1000000, 0x00000000d1100000, 0x00000000d1100000|100%| O|  |TAMS 0x00000000d1100000, 0x00000000d1000000| Untracked 
|   9|0x00000000d1100000, 0x00000000d1200000, 0x00000000d1200000|100%| O|  |TAMS 0x00000000d1200000, 0x00000000d1100000| Untracked 
|  10|0x00000000d1200000, 0x00000000d1300000, 0x00000000d1300000|100%|HS|  |TAMS 0x00000000d1300000, 0x00000000d1200000| Complete 
|  11|0x00000000d1300000, 0x00000000d1400000, 0x00000000d1400000|100%|HC|  |TAMS 0x00000000d1400000, 0x00000000d1300000| Complete 
|  12|0x00000000d1400000, 0x00000000d1500000, 0x00000000d1500000|100%|HC|  |TAMS 0x00000000d1500000, 0x00000000d1400000| Complete 
|  13|0x00000000d1500000, 0x00000000d1600000, 0x00000000d1600000|100%|HS|  |TAMS 0x00000000d1600000, 0x00000000d1500000| Complete 
|  14|0x00000000d1600000, 0x00000000d1700000, 0x00000000d1700000|100%|HC|  |TAMS 0x00000000d1700000, 0x00000000d1600000| Complete 
|  15|0x00000000d1700000, 0x00000000d1800000, 0x00000000d1800000|100%|HC|  |TAMS 0x00000000d1800000, 0x00000000d1700000| Complete 
|  16|0x00000000d1800000, 0x00000000d1900000, 0x00000000d1900000|100%| O|  |TAMS 0x00000000d1900000, 0x00000000d1800000| Untracked 
|  17|0x00000000d1900000, 0x00000000d1a00000, 0x00000000d1a00000|100%| O|  |TAMS 0x00000000d1a00000, 0x00000000d1900000| Untracked 
|  18|0x00000000d1a00000, 0x00000000d1b00000, 0x00000000d1b00000|100%| O|  |TAMS 0x00000000d1b00000, 0x00000000d1a00000| Untracked 
|  19|0x00000000d1b00000, 0x00000000d1c00000, 0x00000000d1c00000|100%| O|  |TAMS 0x00000000d1c00000, 0x00000000d1b00000| Untracked 
|  20|0x00000000d1c00000, 0x00000000d1d00000, 0x00000000d1d00000|100%| O|  |TAMS 0x00000000d1d00000, 0x00000000d1c00000| Untracked 
|  21|0x00000000d1d00000, 0x00000000d1e00000, 0x00000000d1e00000|100%| O|  |TAMS 0x00000000d1e00000, 0x00000000d1d00000| Untracked 
|  22|0x00000000d1e00000, 0x00000000d1f00000, 0x00000000d1f00000|100%| O|  |TAMS 0x00000000d1f00000, 0x00000000d1e00000| Untracked 
|  23|0x00000000d1f00000, 0x00000000d2000000, 0x00000000d2000000|100%| O|  |TAMS 0x00000000d2000000, 0x00000000d1f00000| Untracked 
|  24|0x00000000d2000000, 0x00000000d2100000, 0x00000000d2100000|100%| O|  |TAMS 0x00000000d2100000, 0x00000000d2000000| Untracked 
|  25|0x00000000d2100000, 0x00000000d2200000, 0x00000000d2200000|100%| O|  |TAMS 0x00000000d2200000, 0x00000000d2100000| Untracked 
|  26|0x00000000d2200000, 0x00000000d2300000, 0x00000000d2300000|100%|HS|  |TAMS 0x00000000d2300000, 0x00000000d2200000| Complete 
|  27|0x00000000d2300000, 0x00000000d2400000, 0x00000000d2400000|100%|HC|  |TAMS 0x00000000d2400000, 0x00000000d2300000| Complete 
|  28|0x00000000d2400000, 0x00000000d2500000, 0x00000000d2500000|100%| O|  |TAMS 0x00000000d2500000, 0x00000000d2400000| Untracked 
|  29|0x00000000d2500000, 0x00000000d2600000, 0x00000000d2600000|100%| O|  |TAMS 0x00000000d2600000, 0x00000000d2500000| Untracked 
|  30|0x00000000d2600000, 0x00000000d2700000, 0x00000000d2700000|100%| O|  |TAMS 0x00000000d2700000, 0x00000000d2600000| Untracked 
|  31|0x00000000d2700000, 0x00000000d2800000, 0x00000000d2800000|100%| O|  |TAMS 0x00000000d2800000, 0x00000000d2700000| Untracked 
|  32|0x00000000d2800000, 0x00000000d2900000, 0x00000000d2900000|100%| O|  |TAMS 0x00000000d2900000, 0x00000000d2800000| Untracked 
|  33|0x00000000d2900000, 0x00000000d2a00000, 0x00000000d2a00000|100%| O|  |TAMS 0x00000000d2a00000, 0x00000000d2900000| Untracked 
|  34|0x00000000d2a00000, 0x00000000d2b00000, 0x00000000d2b00000|100%| O|  |TAMS 0x00000000d2b00000, 0x00000000d2a00000| Untracked 
|  35|0x00000000d2b00000, 0x00000000d2c00000, 0x00000000d2c00000|100%| O|  |TAMS 0x00000000d2c00000, 0x00000000d2b00000| Untracked 
|  36|0x00000000d2c00000, 0x00000000d2d00000, 0x00000000d2d00000|100%| O|  |TAMS 0x00000000d2d00000, 0x00000000d2c00000| Untracked 
|  37|0x00000000d2d00000, 0x00000000d2e00000, 0x00000000d2e00000|100%| O|  |TAMS 0x00000000d2e00000, 0x00000000d2d00000| Untracked 
|  38|0x00000000d2e00000, 0x00000000d2f00000, 0x00000000d2f00000|100%| O|  |TAMS 0x00000000d2f00000, 0x00000000d2e00000| Untracked 
|  39|0x00000000d2f00000, 0x00000000d3000000, 0x00000000d3000000|100%| O|  |TAMS 0x00000000d3000000, 0x00000000d2f00000| Untracked 
|  40|0x00000000d3000000, 0x00000000d3100000, 0x00000000d3100000|100%| O|  |TAMS 0x00000000d3100000, 0x00000000d3000000| Untracked 
|  41|0x00000000d3100000, 0x00000000d3200000, 0x00000000d3200000|100%| O|  |TAMS 0x00000000d3200000, 0x00000000d3100000| Untracked 
|  42|0x00000000d3200000, 0x00000000d3300000, 0x00000000d3300000|100%| O|  |TAMS 0x00000000d3300000, 0x00000000d3200000| Untracked 
|  43|0x00000000d3300000, 0x00000000d3400000, 0x00000000d3400000|100%| O|  |TAMS 0x00000000d3400000, 0x00000000d3300000| Untracked 
|  44|0x00000000d3400000, 0x00000000d3500000, 0x00000000d3500000|100%| O|  |TAMS 0x00000000d3500000, 0x00000000d3400000| Untracked 
|  45|0x00000000d3500000, 0x00000000d3600000, 0x00000000d3600000|100%| O|  |TAMS 0x00000000d3600000, 0x00000000d3500000| Untracked 
|  46|0x00000000d3600000, 0x00000000d3700000, 0x00000000d3700000|100%| O|  |TAMS 0x00000000d3700000, 0x00000000d3600000| Untracked 
|  47|0x00000000d3700000, 0x00000000d37d4c00, 0x00000000d3800000| 83%| O|  |TAMS 0x00000000d37d4c00, 0x00000000d3700000| Untracked 
|  48|0x00000000d3800000, 0x00000000d3800000, 0x00000000d3900000|  0%| F|  |TAMS 0x00000000d3800000, 0x00000000d3800000| Untracked 
|  49|0x00000000d3900000, 0x00000000d3900000, 0x00000000d3a00000|  0%| F|  |TAMS 0x00000000d3900000, 0x00000000d3900000| Untracked 
|  50|0x00000000d3a00000, 0x00000000d3a00000, 0x00000000d3b00000|  0%| F|  |TAMS 0x00000000d3a00000, 0x00000000d3a00000| Untracked 
|  51|0x00000000d3b00000, 0x00000000d3b00000, 0x00000000d3c00000|  0%| F|  |TAMS 0x00000000d3b00000, 0x00000000d3b00000| Untracked 
|  52|0x00000000d3c00000, 0x00000000d3c00000, 0x00000000d3d00000|  0%| F|  |TAMS 0x00000000d3c00000, 0x00000000d3c00000| Untracked 
|  53|0x00000000d3d00000, 0x00000000d3d00000, 0x00000000d3e00000|  0%| F|  |TAMS 0x00000000d3d00000, 0x00000000d3d00000| Untracked 
|  54|0x00000000d3e00000, 0x00000000d3e00000, 0x00000000d3f00000|  0%| F|  |TAMS 0x00000000d3e00000, 0x00000000d3e00000| Untracked 
|  55|0x00000000d3f00000, 0x00000000d3f00000, 0x00000000d4000000|  0%| F|  |TAMS 0x00000000d3f00000, 0x00000000d3f00000| Untracked 
|  56|0x00000000d4000000, 0x00000000d4000000, 0x00000000d4100000|  0%| F|  |TAMS 0x00000000d4000000, 0x00000000d4000000| Untracked 
|  57|0x00000000d4100000, 0x00000000d4100000, 0x00000000d4200000|  0%| F|  |TAMS 0x00000000d4100000, 0x00000000d4100000| Untracked 
|  58|0x00000000d4200000, 0x00000000d4200000, 0x00000000d4300000|  0%| F|  |TAMS 0x00000000d4200000, 0x00000000d4200000| Untracked 
|  59|0x00000000d4300000, 0x00000000d4300000, 0x00000000d4400000|  0%| F|  |TAMS 0x00000000d4300000, 0x00000000d4300000| Untracked 
|  60|0x00000000d4400000, 0x00000000d44ea790, 0x00000000d4500000| 91%| S|CS|TAMS 0x00000000d4400000, 0x00000000d4400000| Complete 
|  61|0x00000000d4500000, 0x00000000d4600000, 0x00000000d4600000|100%| S|CS|TAMS 0x00000000d4500000, 0x00000000d4500000| Complete 
|  62|0x00000000d4600000, 0x00000000d4600000, 0x00000000d4700000|  0%| F|  |TAMS 0x00000000d4600000, 0x00000000d4600000| Untracked 
|  63|0x00000000d4700000, 0x00000000d4700000, 0x00000000d4800000|  0%| F|  |TAMS 0x00000000d4700000, 0x00000000d4700000| Untracked 
|  64|0x00000000d4800000, 0x00000000d4800000, 0x00000000d4900000|  0%| F|  |TAMS 0x00000000d4800000, 0x00000000d4800000| Untracked 
|  65|0x00000000d4900000, 0x00000000d4900000, 0x00000000d4a00000|  0%| F|  |TAMS 0x00000000d4900000, 0x00000000d4900000| Untracked 
|  66|0x00000000d4a00000, 0x00000000d4a00000, 0x00000000d4b00000|  0%| F|  |TAMS 0x00000000d4a00000, 0x00000000d4a00000| Untracked 
|  67|0x00000000d4b00000, 0x00000000d4b00000, 0x00000000d4c00000|  0%| F|  |TAMS 0x00000000d4b00000, 0x00000000d4b00000| Untracked 
|  68|0x00000000d4c00000, 0x00000000d4c00000, 0x00000000d4d00000|  0%| F|  |TAMS 0x00000000d4c00000, 0x00000000d4c00000| Untracked 
|  69|0x00000000d4d00000, 0x00000000d4d00000, 0x00000000d4e00000|  0%| F|  |TAMS 0x00000000d4d00000, 0x00000000d4d00000| Untracked 
|  70|0x00000000d4e00000, 0x00000000d4e00000, 0x00000000d4f00000|  0%| F|  |TAMS 0x00000000d4e00000, 0x00000000d4e00000| Untracked 
|  71|0x00000000d4f00000, 0x00000000d4f00000, 0x00000000d5000000|  0%| F|  |TAMS 0x00000000d4f00000, 0x00000000d4f00000| Untracked 
|  72|0x00000000d5000000, 0x00000000d5000000, 0x00000000d5100000|  0%| F|  |TAMS 0x00000000d5000000, 0x00000000d5000000| Untracked 
|  73|0x00000000d5100000, 0x00000000d5100000, 0x00000000d5200000|  0%| F|  |TAMS 0x00000000d5100000, 0x00000000d5100000| Untracked 
|  74|0x00000000d5200000, 0x00000000d5200000, 0x00000000d5300000|  0%| F|  |TAMS 0x00000000d5200000, 0x00000000d5200000| Untracked 
|  75|0x00000000d5300000, 0x00000000d5300000, 0x00000000d5400000|  0%| F|  |TAMS 0x00000000d5300000, 0x00000000d5300000| Untracked 
|  76|0x00000000d5400000, 0x00000000d5400000, 0x00000000d5500000|  0%| F|  |TAMS 0x00000000d5400000, 0x00000000d5400000| Untracked 
|  77|0x00000000d5500000, 0x00000000d5500000, 0x00000000d5600000|  0%| F|  |TAMS 0x00000000d5500000, 0x00000000d5500000| Untracked 
|  78|0x00000000d5600000, 0x00000000d5600000, 0x00000000d5700000|  0%| F|  |TAMS 0x00000000d5600000, 0x00000000d5600000| Untracked 
|  79|0x00000000d5700000, 0x00000000d5700000, 0x00000000d5800000|  0%| F|  |TAMS 0x00000000d5700000, 0x00000000d5700000| Untracked 
|  80|0x00000000d5800000, 0x00000000d5800000, 0x00000000d5900000|  0%| F|  |TAMS 0x00000000d5800000, 0x00000000d5800000| Untracked 
|  81|0x00000000d5900000, 0x00000000d5900000, 0x00000000d5a00000|  0%| F|  |TAMS 0x00000000d5900000, 0x00000000d5900000| Untracked 
|  82|0x00000000d5a00000, 0x00000000d5a00000, 0x00000000d5b00000|  0%| F|  |TAMS 0x00000000d5a00000, 0x00000000d5a00000| Untracked 
|  83|0x00000000d5b00000, 0x00000000d5b00000, 0x00000000d5c00000|  0%| F|  |TAMS 0x00000000d5b00000, 0x00000000d5b00000| Untracked 
|  84|0x00000000d5c00000, 0x00000000d5c00000, 0x00000000d5d00000|  0%| F|  |TAMS 0x00000000d5c00000, 0x00000000d5c00000| Untracked 
|  85|0x00000000d5d00000, 0x00000000d5d00000, 0x00000000d5e00000|  0%| F|  |TAMS 0x00000000d5d00000, 0x00000000d5d00000| Untracked 
|  86|0x00000000d5e00000, 0x00000000d5e00000, 0x00000000d5f00000|  0%| F|  |TAMS 0x00000000d5e00000, 0x00000000d5e00000| Untracked 
|  87|0x00000000d5f00000, 0x00000000d5f00000, 0x00000000d6000000|  0%| F|  |TAMS 0x00000000d5f00000, 0x00000000d5f00000| Untracked 
|  88|0x00000000d6000000, 0x00000000d6000000, 0x00000000d6100000|  0%| F|  |TAMS 0x00000000d6000000, 0x00000000d6000000| Untracked 
|  89|0x00000000d6100000, 0x00000000d6100000, 0x00000000d6200000|  0%| F|  |TAMS 0x00000000d6100000, 0x00000000d6100000| Untracked 
|  90|0x00000000d6200000, 0x00000000d6200000, 0x00000000d6300000|  0%| F|  |TAMS 0x00000000d6200000, 0x00000000d6200000| Untracked 
|  91|0x00000000d6300000, 0x00000000d6300000, 0x00000000d6400000|  0%| F|  |TAMS 0x00000000d6300000, 0x00000000d6300000| Untracked 
|  92|0x00000000d6400000, 0x00000000d6400000, 0x00000000d6500000|  0%| F|  |TAMS 0x00000000d6400000, 0x00000000d6400000| Untracked 
|  93|0x00000000d6500000, 0x00000000d6500000, 0x00000000d6600000|  0%| F|  |TAMS 0x00000000d6500000, 0x00000000d6500000| Untracked 
|  94|0x00000000d6600000, 0x00000000d6600000, 0x00000000d6700000|  0%| F|  |TAMS 0x00000000d6600000, 0x00000000d6600000| Untracked 
|  95|0x00000000d6700000, 0x00000000d6700000, 0x00000000d6800000|  0%| F|  |TAMS 0x00000000d6700000, 0x00000000d6700000| Untracked 
|  96|0x00000000d6800000, 0x00000000d6800000, 0x00000000d6900000|  0%| F|  |TAMS 0x00000000d6800000, 0x00000000d6800000| Untracked 
|  97|0x00000000d6900000, 0x00000000d6900000, 0x00000000d6a00000|  0%| F|  |TAMS 0x00000000d6900000, 0x00000000d6900000| Untracked 
|  98|0x00000000d6a00000, 0x00000000d6a00000, 0x00000000d6b00000|  0%| F|  |TAMS 0x00000000d6a00000, 0x00000000d6a00000| Untracked 
|  99|0x00000000d6b00000, 0x00000000d6b00000, 0x00000000d6c00000|  0%| F|  |TAMS 0x00000000d6b00000, 0x00000000d6b00000| Untracked 
| 100|0x00000000d6c00000, 0x00000000d6c00000, 0x00000000d6d00000|  0%| F|  |TAMS 0x00000000d6c00000, 0x00000000d6c00000| Untracked 
| 101|0x00000000d6d00000, 0x00000000d6d00000, 0x00000000d6e00000|  0%| F|  |TAMS 0x00000000d6d00000, 0x00000000d6d00000| Untracked 
| 102|0x00000000d6e00000, 0x00000000d6e00000, 0x00000000d6f00000|  0%| F|  |TAMS 0x00000000d6e00000, 0x00000000d6e00000| Untracked 
| 103|0x00000000d6f00000, 0x00000000d6f00000, 0x00000000d7000000|  0%| F|  |TAMS 0x00000000d6f00000, 0x00000000d6f00000| Untracked 
| 104|0x00000000d7000000, 0x00000000d7000000, 0x00000000d7100000|  0%| F|  |TAMS 0x00000000d7000000, 0x00000000d7000000| Untracked 
| 105|0x00000000d7100000, 0x00000000d7100000, 0x00000000d7200000|  0%| F|  |TAMS 0x00000000d7100000, 0x00000000d7100000| Untracked 
| 106|0x00000000d7200000, 0x00000000d7200000, 0x00000000d7300000|  0%| F|  |TAMS 0x00000000d7200000, 0x00000000d7200000| Untracked 
| 107|0x00000000d7300000, 0x00000000d7300000, 0x00000000d7400000|  0%| F|  |TAMS 0x00000000d7300000, 0x00000000d7300000| Untracked 
| 108|0x00000000d7400000, 0x00000000d7400000, 0x00000000d7500000|  0%| F|  |TAMS 0x00000000d7400000, 0x00000000d7400000| Untracked 
| 109|0x00000000d7500000, 0x00000000d7500000, 0x00000000d7600000|  0%| F|  |TAMS 0x00000000d7500000, 0x00000000d7500000| Untracked 
| 110|0x00000000d7600000, 0x00000000d7600000, 0x00000000d7700000|  0%| F|  |TAMS 0x00000000d7600000, 0x00000000d7600000| Untracked 
| 111|0x00000000d7700000, 0x00000000d7700000, 0x00000000d7800000|  0%| F|  |TAMS 0x00000000d7700000, 0x00000000d7700000| Untracked 
| 112|0x00000000d7800000, 0x00000000d7800000, 0x00000000d7900000|  0%| F|  |TAMS 0x00000000d7800000, 0x00000000d7800000| Untracked 
| 113|0x00000000d7900000, 0x00000000d7900000, 0x00000000d7a00000|  0%| F|  |TAMS 0x00000000d7900000, 0x00000000d7900000| Untracked 
| 114|0x00000000d7a00000, 0x00000000d7a00000, 0x00000000d7b00000|  0%| F|  |TAMS 0x00000000d7a00000, 0x00000000d7a00000| Untracked 
| 115|0x00000000d7b00000, 0x00000000d7b00000, 0x00000000d7c00000|  0%| F|  |TAMS 0x00000000d7b00000, 0x00000000d7b00000| Untracked 
| 116|0x00000000d7c00000, 0x00000000d7c00000, 0x00000000d7d00000|  0%| F|  |TAMS 0x00000000d7c00000, 0x00000000d7c00000| Untracked 
| 117|0x00000000d7d00000, 0x00000000d7d00000, 0x00000000d7e00000|  0%| F|  |TAMS 0x00000000d7d00000, 0x00000000d7d00000| Untracked 
| 118|0x00000000d7e00000, 0x00000000d7e00000, 0x00000000d7f00000|  0%| F|  |TAMS 0x00000000d7e00000, 0x00000000d7e00000| Untracked 
| 119|0x00000000d7f00000, 0x00000000d7f00000, 0x00000000d8000000|  0%| F|  |TAMS 0x00000000d7f00000, 0x00000000d7f00000| Untracked 
| 120|0x00000000d8000000, 0x00000000d8000000, 0x00000000d8100000|  0%| F|  |TAMS 0x00000000d8000000, 0x00000000d8000000| Untracked 
| 121|0x00000000d8100000, 0x00000000d8100000, 0x00000000d8200000|  0%| F|  |TAMS 0x00000000d8100000, 0x00000000d8100000| Untracked 
| 122|0x00000000d8200000, 0x00000000d8200000, 0x00000000d8300000|  0%| F|  |TAMS 0x00000000d8200000, 0x00000000d8200000| Untracked 
| 123|0x00000000d8300000, 0x00000000d8300000, 0x00000000d8400000|  0%| F|  |TAMS 0x00000000d8300000, 0x00000000d8300000| Untracked 
| 124|0x00000000d8400000, 0x00000000d8400000, 0x00000000d8500000|  0%| F|  |TAMS 0x00000000d8400000, 0x00000000d8400000| Untracked 
| 125|0x00000000d8500000, 0x00000000d8500000, 0x00000000d8600000|  0%| F|  |TAMS 0x00000000d8500000, 0x00000000d8500000| Untracked 
| 126|0x00000000d8600000, 0x00000000d8600000, 0x00000000d8700000|  0%| F|  |TAMS 0x00000000d8600000, 0x00000000d8600000| Untracked 
| 127|0x00000000d8700000, 0x00000000d8700000, 0x00000000d8800000|  0%| F|  |TAMS 0x00000000d8700000, 0x00000000d8700000| Untracked 
| 128|0x00000000d8800000, 0x00000000d8800000, 0x00000000d8900000|  0%| F|  |TAMS 0x00000000d8800000, 0x00000000d8800000| Untracked 
| 129|0x00000000d8900000, 0x00000000d8900000, 0x00000000d8a00000|  0%| F|  |TAMS 0x00000000d8900000, 0x00000000d8900000| Untracked 
| 130|0x00000000d8a00000, 0x00000000d8a00000, 0x00000000d8b00000|  0%| F|  |TAMS 0x00000000d8a00000, 0x00000000d8a00000| Untracked 
| 131|0x00000000d8b00000, 0x00000000d8b00000, 0x00000000d8c00000|  0%| F|  |TAMS 0x00000000d8b00000, 0x00000000d8b00000| Untracked 
| 132|0x00000000d8c00000, 0x00000000d8c00000, 0x00000000d8d00000|  0%| F|  |TAMS 0x00000000d8c00000, 0x00000000d8c00000| Untracked 
| 133|0x00000000d8d00000, 0x00000000d8d00000, 0x00000000d8e00000|  0%| F|  |TAMS 0x00000000d8d00000, 0x00000000d8d00000| Untracked 
| 134|0x00000000d8e00000, 0x00000000d8e00000, 0x00000000d8f00000|  0%| F|  |TAMS 0x00000000d8e00000, 0x00000000d8e00000| Untracked 
| 135|0x00000000d8f00000, 0x00000000d8f00000, 0x00000000d9000000|  0%| F|  |TAMS 0x00000000d8f00000, 0x00000000d8f00000| Untracked 
| 136|0x00000000d9000000, 0x00000000d9000000, 0x00000000d9100000|  0%| F|  |TAMS 0x00000000d9000000, 0x00000000d9000000| Untracked 
| 137|0x00000000d9100000, 0x00000000d9100000, 0x00000000d9200000|  0%| F|  |TAMS 0x00000000d9100000, 0x00000000d9100000| Untracked 
| 138|0x00000000d9200000, 0x00000000d9200000, 0x00000000d9300000|  0%| F|  |TAMS 0x00000000d9200000, 0x00000000d9200000| Untracked 
| 139|0x00000000d9300000, 0x00000000d9300000, 0x00000000d9400000|  0%| F|  |TAMS 0x00000000d9300000, 0x00000000d9300000| Untracked 
| 140|0x00000000d9400000, 0x00000000d9400000, 0x00000000d9500000|  0%| F|  |TAMS 0x00000000d9400000, 0x00000000d9400000| Untracked 
| 141|0x00000000d9500000, 0x00000000d9500000, 0x00000000d9600000|  0%| F|  |TAMS 0x00000000d9500000, 0x00000000d9500000| Untracked 
| 142|0x00000000d9600000, 0x00000000d9600000, 0x00000000d9700000|  0%| F|  |TAMS 0x00000000d9600000, 0x00000000d9600000| Untracked 
| 143|0x00000000d9700000, 0x00000000d9700000, 0x00000000d9800000|  0%| F|  |TAMS 0x00000000d9700000, 0x00000000d9700000| Untracked 
| 144|0x00000000d9800000, 0x00000000d9800000, 0x00000000d9900000|  0%| F|  |TAMS 0x00000000d9800000, 0x00000000d9800000| Untracked 
| 145|0x00000000d9900000, 0x00000000d9980800, 0x00000000d9a00000| 50%| E|  |TAMS 0x00000000d9900000, 0x00000000d9900000| Complete 
| 146|0x00000000d9a00000, 0x00000000d9b00000, 0x00000000d9b00000|100%| E|CS|TAMS 0x00000000d9a00000, 0x00000000d9a00000| Complete 
| 147|0x00000000d9b00000, 0x00000000d9c00000, 0x00000000d9c00000|100%| E|CS|TAMS 0x00000000d9b00000, 0x00000000d9b00000| Complete 
| 148|0x00000000d9c00000, 0x00000000d9d00000, 0x00000000d9d00000|100%| E|CS|TAMS 0x00000000d9c00000, 0x00000000d9c00000| Complete 
| 149|0x00000000d9d00000, 0x00000000d9e00000, 0x00000000d9e00000|100%| E|CS|TAMS 0x00000000d9d00000, 0x00000000d9d00000| Complete 
| 150|0x00000000d9e00000, 0x00000000d9f00000, 0x00000000d9f00000|100%| E|CS|TAMS 0x00000000d9e00000, 0x00000000d9e00000| Complete 
| 151|0x00000000d9f00000, 0x00000000da000000, 0x00000000da000000|100%| E|CS|TAMS 0x00000000d9f00000, 0x00000000d9f00000| Complete 
| 152|0x00000000da000000, 0x00000000da100000, 0x00000000da100000|100%| E|CS|TAMS 0x00000000da000000, 0x00000000da000000| Complete 
| 153|0x00000000da100000, 0x00000000da200000, 0x00000000da200000|100%| E|CS|TAMS 0x00000000da100000, 0x00000000da100000| Complete 
| 154|0x00000000da200000, 0x00000000da300000, 0x00000000da300000|100%| E|CS|TAMS 0x00000000da200000, 0x00000000da200000| Complete 
| 155|0x00000000da300000, 0x00000000da400000, 0x00000000da400000|100%| E|CS|TAMS 0x00000000da300000, 0x00000000da300000| Complete 
| 156|0x00000000da400000, 0x00000000da500000, 0x00000000da500000|100%| E|CS|TAMS 0x00000000da400000, 0x00000000da400000| Complete 
| 157|0x00000000da500000, 0x00000000da600000, 0x00000000da600000|100%| E|CS|TAMS 0x00000000da500000, 0x00000000da500000| Complete 
| 158|0x00000000da600000, 0x00000000da700000, 0x00000000da700000|100%| E|CS|TAMS 0x00000000da600000, 0x00000000da600000| Complete 
| 159|0x00000000da700000, 0x00000000da800000, 0x00000000da800000|100%| E|CS|TAMS 0x00000000da700000, 0x00000000da700000| Complete 

Card table byte_map: [0x00000000157c0000,0x0000000015940000] _byte_map_base: 0x000000001513c000

Marking Bits (Prev, Next): (CMBitMap*) 0x000000000043d3e0, (CMBitMap*) 0x000000000043d3a8
 Prev Bits: [0x00000000166a0000, 0x0000000017280000)
 Next Bits: [0x0000000015ac0000, 0x00000000166a0000)

Polling page: 0x0000000000130000

Metaspace:

Usage:
  Non-class:     52.56 MB capacity,    52.13 MB (>99%) used,   347.38 KB ( <1%) free+waste,    99.19 KB ( <1%) overhead. 
      Class:      7.10 MB capacity,     6.83 MB ( 96%) used,   232.34 KB (  3%) free+waste,    43.75 KB ( <1%) overhead. 
       Both:     59.66 MB capacity,    58.96 MB ( 99%) used,   579.72 KB ( <1%) free+waste,   142.94 KB ( <1%) overhead. 

Virtual space:
  Non-class space:       54.00 MB reserved,      52.75 MB ( 98%) committed 
      Class space:        1.00 GB reserved,       7.13 MB ( <1%) committed 
             Both:        1.05 GB reserved,      59.88 MB (  6%) committed 

Chunk freelists:
   Non-Class:  2.00 KB
       Class:  0 bytes
        Both:  2.00 KB

MaxMetaspaceSize: 17179869184.00 GB
CompressedClassSpaceSize: 1.00 GB

CodeHeap 'non-profiled nmethods': size=120064Kb used=3066Kb max_used=3066Kb free=116997Kb
 bounds [0x000000000dbd0000, 0x000000000ded0000, 0x0000000015110000]
CodeHeap 'profiled nmethods': size=120000Kb used=16575Kb max_used=16575Kb free=103424Kb
 bounds [0x00000000066a0000, 0x00000000076d0000, 0x000000000dbd0000]
CodeHeap 'non-nmethods': size=5696Kb used=1194Kb max_used=1231Kb free=4501Kb
 bounds [0x0000000006110000, 0x0000000006380000, 0x00000000066a0000]
 total_blobs=7160 nmethods=6589 adapters=482
 compilation: disabled (not enough contiguous free space left)
              stopped_count=1, restarted_count=0
 full_count=1

Compilation events (20 events):
Event: 67.225 Thread 0x000000005a4f8000 6626       1       org.jetbrains.kotlin.cli.jvm.compiler.KotlinCliJavaFileManagerImpl::access$getSingleJavaFileRootsIndex$p (5 bytes)
Event: 67.225 Thread 0x000000005a4f8000 nmethod 6626 0x000000000dec2a90 code [0x000000000dec2c40, 0x000000000dec2cd8]
Event: 67.232 Thread 0x000000005a4f8000 6627       3       org.jetbrains.kotlin.resolve.OverridingUtilTypeSystemContext::isClassTypeConstructor (6 bytes)
Event: 67.232 Thread 0x000000005a4f8000 nmethod 6627 0x00000000076ce390 code [0x00000000076ce540, 0x00000000076ce668]
Event: 67.233 Thread 0x000000005a4f8000 6628       1       org.jetbrains.kotlin.types.AbstractTypeCheckerContext::getSupertypesDeque (5 bytes)
Event: 67.233 Thread 0x000000005a4f8000 nmethod 6628 0x000000000dec2d90 code [0x000000000dec2f40, 0x000000000dec2ff8]
Event: 67.233 Thread 0x000000005a4f8000 6629       1       org.jetbrains.kotlin.types.AbstractTypeCheckerContext::getSupertypesSet (5 bytes)
Event: 67.234 Thread 0x000000005a4f8000 nmethod 6629 0x000000000dec3090 code [0x000000000dec3240, 0x000000000dec32f8]
Event: 67.234 Thread 0x000000005a4f8000 6630       3       org.jetbrains.kotlin.types.checker.SimpleClassicTypeSystemContext::isDefinitelyNotNullType (9 bytes)
Event: 67.235 Thread 0x000000005a4f8000 nmethod 6630 0x00000000076ce710 code [0x00000000076ce9e0, 0x00000000076cf5a8]
Event: 67.235 Thread 0x000000005a4f8000 6631       3       org.jetbrains.kotlin.types.TypeSubstitutor::projectedTypeForConflictedTypeWithUnsafeVariance (204 bytes)
Event: 67.237 Thread 0x000000005a4f8000 nmethod 6631 0x000000000dec3390 code [0x000000000dec3740, 0x000000000dec4e58]
Event: 67.237 Thread 0x000000005a4f8000 6632       3       org.jetbrains.kotlin.descriptors.impl.AbstractTypeParameterDescriptor::getVariance (14 bytes)
Event: 67.238 Thread 0x000000005a4f8000 nmethod 6632 0x00000000076cfa10 code [0x00000000076cfbc0, 0x00000000076cfd48]
Event: 67.238 Thread 0x000000005a4f8000 6633       3       org.jetbrains.kotlin.types.TypeCapabilitiesKt::getCustomTypeVariable (66 bytes)
Event: 67.239 Thread 0x000000005a4f8000 nmethod 6633 0x000000000dec5510 code [0x000000000dec5780, 0x000000000dec6158]
Event: 67.299 Thread 0x000000005a4f8000 6634       3       javaslang.collection.HashArrayMappedTrieModule$EmptyNode::modify (24 bytes)
Event: 67.299 Thread 0x000000005a4f8000 nmethod 6634 0x000000000dec6490 code [0x000000000dec6660, 0x000000000dec6a58]
Event: 67.300 Thread 0x000000005a4f8000 6635       3       org.jetbrains.kotlin.load.java.components.JavaAnnotationDescriptor::<init> (212 bytes)
Event: 67.304 Thread 0x000000005a4f8000 nmethod 6635 0x000000000dec6c10 code [0x000000000dec70c0, 0x000000000dec93a8]

GC Heap History (20 events):
Event: 44.141 GC heap before
{Heap before GC invocations=37 (full 0):
 garbage-first heap   total 59392K, used 47328K [0x00000000d0800000, 0x0000000100000000)
  region size 1024K, 5 young (5120K), 1 survivors (1024K)
 Metaspace       used 54779K, capacity 55374K, committed 55552K, reserved 1097728K
  class space    used 6340K, capacity 6594K, committed 6656K, reserved 1048576K
}
Event: 44.154 GC heap after
{Heap after GC invocations=38 (full 0):
 garbage-first heap   total 71680K, used 44340K [0x00000000d0800000, 0x0000000100000000)
  region size 1024K, 1 young (1024K), 1 survivors (1024K)
 Metaspace       used 54779K, capacity 55374K, committed 55552K, reserved 1097728K
  class space    used 6340K, capacity 6594K, committed 6656K, reserved 1048576K
}
Event: 44.223 GC heap before
{Heap before GC invocations=39 (full 0):
 garbage-first heap   total 71680K, used 51508K [0x00000000d0800000, 0x0000000100000000)
  region size 1024K, 8 young (8192K), 1 survivors (1024K)
 Metaspace       used 54788K, capacity 55374K, committed 55552K, reserved 1097728K
  class space    used 6340K, capacity 6594K, committed 6656K, reserved 1048576K
}
Event: 44.378 GC heap after
{Heap after GC invocations=40 (full 0):
 garbage-first heap   total 71680K, used 45631K [0x00000000d0800000, 0x0000000100000000)
  region size 1024K, 1 young (1024K), 1 survivors (1024K)
 Metaspace       used 54788K, capacity 55374K, committed 55552K, reserved 1097728K
  class space    used 6340K, capacity 6594K, committed 6656K, reserved 1048576K
}
Event: 54.533 GC heap before
{Heap before GC invocations=40 (full 0):
 garbage-first heap   total 71680K, used 51775K [0x00000000d0800000, 0x0000000100000000)
  region size 1024K, 8 young (8192K), 1 survivors (1024K)
 Metaspace       used 55398K, capacity 56084K, committed 56320K, reserved 1099776K
  class space    used 6386K, capacity 6635K, committed 6656K, reserved 1048576K
}
Event: 54.546 GC heap after
{Heap after GC invocations=41 (full 0):
 garbage-first heap   total 71680K, used 46208K [0x00000000d0800000, 0x0000000100000000)
  region size 1024K, 1 young (1024K), 1 survivors (1024K)
 Metaspace       used 55398K, capacity 56084K, committed 56320K, reserved 1099776K
  class space    used 6386K, capacity 6635K, committed 6656K, reserved 1048576K
}
Event: 58.623 GC heap before
{Heap before GC invocations=42 (full 0):
 garbage-first heap   total 71680K, used 51328K [0x00000000d0800000, 0x0000000100000000)
  region size 1024K, 9 young (9216K), 1 survivors (1024K)
 Metaspace       used 55771K, capacity 56471K, committed 56704K, reserved 1099776K
  class space    used 6435K, capacity 6700K, committed 6784K, reserved 1048576K
}
Event: 58.642 GC heap after
{Heap after GC invocations=43 (full 0):
 garbage-first heap   total 71680K, used 45184K [0x00000000d0800000, 0x0000000100000000)
  region size 1024K, 2 young (2048K), 2 survivors (2048K)
 Metaspace       used 55771K, capacity 56471K, committed 56704K, reserved 1099776K
  class space    used 6435K, capacity 6700K, committed 6784K, reserved 1048576K
}
Event: 58.683 GC heap before
{Heap before GC invocations=43 (full 0):
 garbage-first heap   total 71680K, used 46208K [0x00000000d0800000, 0x0000000100000000)
  region size 1024K, 3 young (3072K), 2 survivors (2048K)
 Metaspace       used 55776K, capacity 56471K, committed 56704K, reserved 1099776K
  class space    used 6435K, capacity 6700K, committed 6784K, reserved 1048576K
}
Event: 58.692 GC heap after
{Heap after GC invocations=44 (full 0):
 garbage-first heap   total 71680K, used 44185K [0x00000000d0800000, 0x0000000100000000)
  region size 1024K, 1 young (1024K), 1 survivors (1024K)
 Metaspace       used 55776K, capacity 56471K, committed 56704K, reserved 1099776K
  class space    used 6435K, capacity 6700K, committed 6784K, reserved 1048576K
}
Event: 59.625 GC heap before
{Heap before GC invocations=44 (full 0):
 garbage-first heap   total 71680K, used 52377K [0x00000000d0800000, 0x0000000100000000)
  region size 1024K, 9 young (9216K), 1 survivors (1024K)
 Metaspace       used 57022K, capacity 57684K, committed 57856K, reserved 1099776K
  class space    used 6595K, capacity 6850K, committed 6912K, reserved 1048576K
}
Event: 59.633 GC heap after
{Heap after GC invocations=45 (full 0):
 garbage-first heap   total 71680K, used 44684K [0x00000000d0800000, 0x0000000100000000)
  region size 1024K, 1 young (1024K), 1 survivors (1024K)
 Metaspace       used 57022K, capacity 57684K, committed 57856K, reserved 1099776K
  class space    used 6595K, capacity 6850K, committed 6912K, reserved 1048576K
}
Event: 60.681 GC heap before
{Heap before GC invocations=46 (full 0):
 garbage-first heap   total 71680K, used 52876K [0x00000000d0800000, 0x0000000100000000)
  region size 1024K, 10 young (10240K), 1 survivors (1024K)
 Metaspace       used 58994K, capacity 59704K, committed 59904K, reserved 1101824K
  class space    used 6883K, capacity 7158K, committed 7168K, reserved 1048576K
}
Event: 60.692 GC heap after
{Heap after GC invocations=47 (full 0):
 garbage-first heap   total 71680K, used 45662K [0x00000000d0800000, 0x0000000100000000)
  region size 1024K, 2 young (2048K), 2 survivors (2048K)
 Metaspace       used 58994K, capacity 59704K, committed 59904K, reserved 1101824K
  class space    used 6883K, capacity 7158K, committed 7168K, reserved 1048576K
}
Event: 62.977 GC heap before
{Heap before GC invocations=47 (full 0):
 garbage-first heap   total 71680K, used 54878K [0x00000000d0800000, 0x0000000100000000)
  region size 1024K, 11 young (11264K), 2 survivors (2048K)
 Metaspace       used 60078K, capacity 60810K, committed 61056K, reserved 1103872K
  class space    used 6982K, capacity 7263K, committed 7296K, reserved 1048576K
}
Event: 63.113 GC heap after
{Heap after GC invocations=48 (full 0):
 garbage-first heap   total 71680K, used 46991K [0x00000000d0800000, 0x0000000100000000)
  region size 1024K, 2 young (2048K), 2 survivors (2048K)
 Metaspace       used 60078K, capacity 60810K, committed 61056K, reserved 1103872K
  class space    used 6982K, capacity 7263K, committed 7296K, reserved 1048576K
}
Event: 64.809 GC heap before
{Heap before GC invocations=49 (full 0):
 garbage-first heap   total 71680K, used 56207K [0x00000000d0800000, 0x0000000100000000)
  region size 1024K, 11 young (11264K), 2 survivors (2048K)
 Metaspace       used 60231K, capacity 60945K, committed 61056K, reserved 1103872K
  class space    used 6983K, capacity 7264K, committed 7296K, reserved 1048576K
}
Event: 64.857 GC heap after
{Heap after GC invocations=50 (full 0):
 garbage-first heap   total 71680K, used 48931K [0x00000000d0800000, 0x0000000100000000)
  region size 1024K, 2 young (2048K), 2 survivors (2048K)
 Metaspace       used 60231K, capacity 60945K, committed 61056K, reserved 1103872K
  class space    used 6983K, capacity 7264K, committed 7296K, reserved 1048576K
}
Event: 66.272 GC heap before
{Heap before GC invocations=50 (full 0):
 garbage-first heap   total 71680K, used 57123K [0x00000000d0800000, 0x0000000100000000)
  region size 1024K, 10 young (10240K), 2 survivors (2048K)
 Metaspace       used 60277K, capacity 61009K, committed 61056K, reserved 1103872K
  class space    used 6983K, capacity 7264K, committed 7296K, reserved 1048576K
}
Event: 66.302 GC heap after
{Heap after GC invocations=51 (full 0):
 garbage-first heap   total 163840K, used 50940K [0x00000000d0800000, 0x0000000100000000)
  region size 1024K, 2 young (2048K), 2 survivors (2048K)
 Metaspace       used 60277K, capacity 61009K, committed 61056K, reserved 1103872K
  class space    used 6983K, capacity 7264K, committed 7296K, reserved 1048576K
}

Deoptimization events (20 events):
Event: 66.646 Thread 0x0000000000412000 DEOPT PACKING pc=0x000000000dec13d8 sp=0x000000000242bc20
Event: 66.646 Thread 0x0000000000412000 DEOPT UNPACKING pc=0x0000000006136929 sp=0x000000000242bbc8 mode 2
Event: 66.646 Thread 0x0000000000412000 Uncommon trap: trap_request=0xffffffbe fr.pc=0x000000000dec13d8 relative=0x0000000000000398
Event: 66.646 Thread 0x0000000000412000 Uncommon trap: reason=profile_predicate action=maybe_recompile pc=0x000000000dec13d8 method=java.util.Arrays$ArrayList.indexOf(Ljava/lang/Object;)I @ 39 c2
Event: 66.646 Thread 0x0000000000412000 DEOPT PACKING pc=0x000000000dec13d8 sp=0x000000000242c020
Event: 66.646 Thread 0x0000000000412000 DEOPT UNPACKING pc=0x0000000006136929 sp=0x000000000242bfc8 mode 2
Event: 66.647 Thread 0x0000000000412000 Uncommon trap: trap_request=0xffffffbe fr.pc=0x000000000dec13d8 relative=0x0000000000000398
Event: 66.647 Thread 0x0000000000412000 Uncommon trap: reason=profile_predicate action=maybe_recompile pc=0x000000000dec13d8 method=java.util.Arrays$ArrayList.indexOf(Ljava/lang/Object;)I @ 39 c2
Event: 66.647 Thread 0x0000000000412000 DEOPT PACKING pc=0x000000000dec13d8 sp=0x000000000242bf00
Event: 66.647 Thread 0x0000000000412000 DEOPT UNPACKING pc=0x0000000006136929 sp=0x000000000242bea8 mode 2
Event: 66.647 Thread 0x0000000000412000 Uncommon trap: trap_request=0xffffffbe fr.pc=0x000000000dec13d8 relative=0x0000000000000398
Event: 66.647 Thread 0x0000000000412000 Uncommon trap: reason=profile_predicate action=maybe_recompile pc=0x000000000dec13d8 method=java.util.Arrays$ArrayList.indexOf(Ljava/lang/Object;)I @ 39 c2
Event: 66.647 Thread 0x0000000000412000 DEOPT PACKING pc=0x000000000dec13d8 sp=0x000000000242c040
Event: 66.647 Thread 0x0000000000412000 DEOPT UNPACKING pc=0x0000000006136929 sp=0x000000000242bfe8 mode 2
Event: 66.661 Thread 0x0000000000412000 DEOPT PACKING pc=0x000000000753d21b sp=0x000000000242b0e0
Event: 66.661 Thread 0x0000000000412000 DEOPT UNPACKING pc=0x000000000613673f sp=0x000000000242a580 mode 0
Event: 67.224 Thread 0x0000000000412000 DEOPT PACKING pc=0x0000000006e7f112 sp=0x0000000002429b40
Event: 67.224 Thread 0x0000000000412000 DEOPT UNPACKING pc=0x000000000613673f sp=0x0000000002429098 mode 0
Event: 67.273 Thread 0x0000000000412000 DEOPT PACKING pc=0x000000000753d21b sp=0x000000000242be60
Event: 67.274 Thread 0x0000000000412000 DEOPT UNPACKING pc=0x000000000613673f sp=0x000000000242b300 mode 0

Classes redefined (0 events):
No events

Internal exceptions (20 events):
Event: 32.629 Thread 0x0000000000412000 Exception <a 'java/lang/NoSuchMethodError'{0x00000000d355dbf0}: 'java.lang.Object java.lang.invoke.DirectMethodHandle$Holder.invokeVirtual(java.lang.Object, java.lang.Object, java.lang.Object)'> (0x00000000d355dbf0) thrown at [./src/hotspot/share/interpreter/linkResolver.cpp, line 773]
Event: 36.317 Thread 0x0000000000412000 Exception <a 'java/lang/NoSuchMethodError'{0x00000000d359c060}: 'java.lang.Object java.lang.invoke.Invokers$Holder.linkToTargetMethod(java.lang.Object, int, java.lang.Object)'> (0x00000000d359c060) thrown at [./src/hotspot/share/interpreter/linkResolver.cpp, line 773]
Event: 38.574 Thread 0x0000000000412000 Exception <a 'java/lang/NoSuchMethodError'{0x00000000d334a1b0}: 'java.lang.Object java.lang.invoke.DirectMethodHandle$Holder.invokeStatic(java.lang.Object, java.lang.Object, java.lang.Object, int)'> (0x00000000d334a1b0) thrown at [./src/hotspot/share/interpreter/linkResolver.cpp, line 773]
Event: 38.575 Thread 0x0000000000412000 Exception <a 'java/lang/NoSuchMethodError'{0x00000000d334de20}: 'java.lang.Object java.lang.invoke.DirectMethodHandle$Holder.invokeSpecial(java.lang.Object, java.lang.Object, java.lang.Object, java.lang.Object, int)'> (0x00000000d334de20) thrown at [./src/hotspot/share/interpreter/linkResolver.cpp, line 773]
Event: 38.577 Thread 0x0000000000412000 Exception <a 'java/lang/NoSuchMethodError'{0x00000000d3351130}: 'java.lang.Object java.lang.invoke.Invokers$Holder.linkToTargetMethod(java.lang.Object, java.lang.Object, int, java.lang.Object)'> (0x00000000d3351130) thrown at [./src/hotspot/share/interpreter/linkResolver.cpp, line 773]
Event: 39.619 Thread 0x0000000000412000 Exception <a 'java/lang/NoSuchMethodError'{0x00000000d328a790}: 'java.lang.Object java.lang.invoke.DirectMethodHandle$Holder.invokeSpecial(java.lang.Object, java.lang.Object, java.lang.Object, java.lang.Object, java.lang.Object, java.lang.Object, java.lang.Object, java.lang.Object, java.lang.Object)'> (0x00000000d328a790) thrown at [./src/hotspot/share/interpreter/linkResolver.cpp, line 773]
Event: 39.620 Thread 0x0000000000412000 Exception <a 'java/lang/NoSuchMethodError'{0x00000000d328e988}: 'java.lang.Object java.lang.invoke.Invokers$Holder.linkToTargetMethod(java.lang.Object, java.lang.Object, java.lang.Object, java.lang.Object, java.lang.Object, java.lang.Object, java.lang.Object, java.lang.Object)'> (0x00000000d328e988) thrown at [./src/hotspot/share/interpreter/linkResolver.cpp, line 773]
Event: 41.608 Thread 0x0000000000412000 Exception <a 'java/lang/NoSuchMethodError'{0x00000000d3756798}: 'java.lang.Object java.lang.invoke.DirectMethodHandle$Holder.invokeSpecial(java.lang.Object, java.lang.Object, java.lang.Object, java.lang.Object, java.lang.Object, int)'> (0x00000000d3756798) thrown at [./src/hotspot/share/interpreter/linkResolver.cpp, line 773]
Event: 41.608 Thread 0x0000000000412000 Exception <a 'java/lang/NoSuchMethodError'{0x00000000d375a338}: 'java.lang.Object java.lang.invoke.Invokers$Holder.linkToTargetMethod(java.lang.Object, java.lang.Object, java.lang.Object, int, java.lang.Object)'> (0x00000000d375a338) thrown at [./src/hotspot/share/interpreter/linkResolver.cpp, line 773]
Event: 42.310 Thread 0x0000000000412000 Implicit null exception at 0x000000000dd952e5 to 0x000000000dd95b54
Event: 42.310 Thread 0x0000000000412000 Implicit null exception at 0x000000000dd93d2f to 0x000000000dd93d5c
Event: 42.699 Thread 0x0000000000412000 Exception <a 'java/lang/NoSuchMethodError'{0x00000000d3759110}: 'java.lang.Object java.lang.invoke.DirectMethodHandle$Holder.invokeStaticInit(java.lang.Object, java.lang.Object, java.lang.Object)'> (0x00000000d3759110) thrown at [./src/hotspot/share/interpreter/linkResolver.cpp, line 773]
Event: 54.419 Thread 0x0000000000412000 Exception <a 'java/lang/NoSuchMethodError'{0x00000000d47f2ae8}: 'java.lang.Object java.lang.invoke.Invokers$Holder.linkToTargetMethod(java.lang.Object, java.lang.Object, java.lang.Object, java.lang.Object, java.lang.Object, java.lang.Object)'> (0x00000000d47f2ae8) thrown at [./src/hotspot/share/interpreter/linkResolver.cpp, line 773]
Event: 59.253 Thread 0x0000000000412000 Exception <a 'java/lang/NoSuchMethodError'{0x00000000d487c370}: 'int java.lang.invoke.DirectMethodHandle$Holder.invokeInterface(java.lang.Object, java.lang.Object)'> (0x00000000d487c370) thrown at [./src/hotspot/share/interpreter/linkResolver.cpp, line 773]
Event: 59.441 Thread 0x0000000000412000 Exception <a 'java/lang/NoSuchMethodError'{0x00000000d47f7990}: 'java.lang.Object java.lang.invoke.Invokers$Holder.linkToTargetMethod(java.lang.Object, java.lang.Object, java.lang.Object, int, int, java.lang.Object)'> (0x00000000d47f7990) thrown at [./src/hotspot/share/interpreter/linkResolver.cpp, line 773]
Event: 59.646 Thread 0x0000000000412000 Exception <a 'java/lang/NoSuchMethodError'{0x00000000d4d44370}: 'int java.lang.invoke.DirectMethodHandle$Holder.invokeVirtual(java.lang.Object, java.lang.Object, java.lang.Object)'> (0x00000000d4d44370) thrown at [./src/hotspot/share/interpreter/linkResolver.cpp, line 773]
Event: 59.866 Thread 0x0000000000412000 Exception <a 'java/lang/NoSuchMethodError'{0x00000000d4b27098}: 'int java.lang.invoke.DirectMethodHandle$Holder.invokeStaticInit(java.lang.Object, int)'> (0x00000000d4b27098) thrown at [./src/hotspot/share/interpreter/linkResolver.cpp, line 773]
Event: 60.069 Thread 0x0000000000412000 Exception <a 'java/lang/IncompatibleClassChangeError'{0x00000000d4ae27a0}: Found class java.lang.Object, but interface was expected> (0x00000000d4ae27a0) thrown at [./src/hotspot/share/interpreter/linkResolver.cpp, line 839]
Event: 61.000 Thread 0x0000000000412000 Implicit null exception at 0x000000000dc2a5ce to 0x000000000dc2ad66
Event: 61.000 Thread 0x0000000000412000 Implicit null exception at 0x000000000dc2cfaf to 0x000000000dc2d019

Events (20 events):
Event: 62.879 loading class org/jetbrains/kotlin/resolve/scopes/receivers/ClassValueReceiver
Event: 62.879 loading class org/jetbrains/kotlin/resolve/scopes/receivers/ClassValueReceiver done
Event: 62.977 Executing VM operation: G1CollectForAllocation
Event: 63.113 Executing VM operation: G1CollectForAllocation done
Event: 63.352 Executing VM operation: CGC_Operation
Event: 63.483 Executing VM operation: CGC_Operation done
Event: 63.555 Executing VM operation: CGC_Operation
Event: 63.556 Executing VM operation: CGC_Operation done
Event: 64.464 loading class org/jetbrains/kotlin/descriptors/impl/FunctionDescriptorImpl$1
Event: 64.464 loading class org/jetbrains/kotlin/descriptors/impl/FunctionDescriptorImpl$1 done
Event: 64.790 Executing VM operation: G1CollectForAllocation
Event: 64.857 Executing VM operation: G1CollectForAllocation done
Event: 66.271 Executing VM operation: G1CollectForAllocation
Event: 66.302 Executing VM operation: G1CollectForAllocation done
Event: 66.327 loading class org/jetbrains/kotlin/utils/SmartSet$ArrayIterator
Event: 66.327 loading class org/jetbrains/kotlin/utils/SmartSet$ArrayIterator done
Event: 66.525 Executing VM operation: CGC_Operation
Event: 66.587 Executing VM operation: CGC_Operation done
Event: 66.697 Executing VM operation: CGC_Operation
Event: 66.697 Executing VM operation: CGC_Operation done


Dynamic libraries:
0x000000013f300000 - 0x000000013f30a000 	C:\Program Files\Android\Android Studio\jre\bin\java.exe
0x0000000077360000 - 0x0000000077509000 	C:\Windows\SYSTEM32\ntdll.dll
0x0000000077240000 - 0x000000007735f000 	C:\Windows\system32\kernel32.dll
0x000007fefd4f0000 - 0x000007fefd55b000 	C:\Windows\system32\KERNELBASE.dll
0x000007feed1e0000 - 0x000007feed1f9000 	C:\Program Files\Android\Android Studio\jre\bin\jli.dll
0x000007fef9ec0000 - 0x000007fefa0b4000 	C:\Windows\WinSxS\amd64_microsoft.windows.common-controls_6595b64144ccf1df_6.0.7601.17514_none_fa396087175ac9ac\COMCTL32.dll
0x000007fefdc50000 - 0x000007fefdcef000 	C:\Windows\system32\msvcrt.dll
0x000007fefd920000 - 0x000007fefd987000 	C:\Windows\system32\GDI32.dll
0x0000000077140000 - 0x000000007723a000 	C:\Windows\system32\USER32.dll
0x000007feff200000 - 0x000007feff20e000 	C:\Windows\system32\LPK.dll
0x000007fefecd0000 - 0x000007fefed99000 	C:\Windows\system32\USP10.dll
0x000007feff050000 - 0x000007feff0c1000 	C:\Windows\system32\SHLWAPI.dll
0x000007feeb690000 - 0x000007feeb6a7000 	C:\Program Files\Android\Android Studio\jre\bin\VCRUNTIME140.dll
0x000007fef99a0000 - 0x000007fef99a4000 	C:\Windows\system32\api-ms-win-crt-runtime-l1-1-0.dll
0x000007fef98a0000 - 0x000007fef9992000 	C:\Windows\system32\ucrtbase.DLL
0x000007fef9890000 - 0x000007fef9893000 	C:\Windows\system32\api-ms-win-core-timezone-l1-1-0.dll
0x000007fef9880000 - 0x000007fef9883000 	C:\Windows\system32\api-ms-win-core-file-l2-1-0.dll
0x000007fef9870000 - 0x000007fef9873000 	C:\Windows\system32\api-ms-win-core-localization-l1-2-0.dll
0x000007fef9860000 - 0x000007fef9863000 	C:\Windows\system32\api-ms-win-core-synch-l1-2-0.dll
0x000007fef9850000 - 0x000007fef9853000 	C:\Windows\system32\api-ms-win-core-processthreads-l1-1-1.dll
0x000007fef9840000 - 0x000007fef9843000 	C:\Windows\system32\api-ms-win-core-file-l1-2-0.dll
0x000007fef9830000 - 0x000007fef9834000 	C:\Windows\system32\api-ms-win-crt-string-l1-1-0.dll
0x000007fef9820000 - 0x000007fef9823000 	C:\Windows\system32\api-ms-win-crt-heap-l1-1-0.dll
0x000007fef9810000 - 0x000007fef9814000 	C:\Windows\system32\api-ms-win-crt-stdio-l1-1-0.dll
0x000007fef9800000 - 0x000007fef9804000 	C:\Windows\system32\api-ms-win-crt-convert-l1-1-0.dll
0x000007fef97a0000 - 0x000007fef97a3000 	C:\Windows\system32\api-ms-win-crt-environment-l1-1-0.dll
0x000007fef97b0000 - 0x000007fef97b3000 	C:\Windows\system32\api-ms-win-crt-filesystem-l1-1-0.dll
0x000007fef97e0000 - 0x000007fef97e5000 	C:\Windows\system32\api-ms-win-crt-math-l1-1-0.dll
0x000007fef97f0000 - 0x000007fef97f3000 	C:\Windows\system32\api-ms-win-crt-locale-l1-1-0.dll
0x000007fefdd00000 - 0x000007fefdd2e000 	C:\Windows\system32\IMM32.DLL
0x000007fefd810000 - 0x000007fefd919000 	C:\Windows\system32\MSCTF.dll
0x000007feeb1a0000 - 0x000007feeb23d000 	C:\Program Files\Android\Android Studio\jre\bin\msvcp140.dll
0x000007fef97d0000 - 0x000007fef97d5000 	C:\Windows\system32\api-ms-win-crt-multibyte-l1-1-0.dll
0x000007fef97c0000 - 0x000007fef97c3000 	C:\Windows\system32\api-ms-win-crt-time-l1-1-0.dll
0x000007fef9790000 - 0x000007fef9793000 	C:\Windows\system32\api-ms-win-crt-utility-l1-1-0.dll
0x000007fee9ea0000 - 0x000007feea96f000 	C:\Program Files\Android\Android Studio\jre\bin\server\jvm.dll
0x000007feff590000 - 0x000007feff66b000 	C:\Windows\system32\ADVAPI32.dll
0x000007feff210000 - 0x000007feff22f000 	C:\Windows\SYSTEM32\sechost.dll
0x000007fefeda0000 - 0x000007fefeecd000 	C:\Windows\system32\RPCRT4.dll
0x000007feee590000 - 0x000007feee599000 	C:\Windows\system32\WSOCK32.dll
0x000007fefd720000 - 0x000007fefd76d000 	C:\Windows\system32\WS2_32.dll
0x000007fefdcf0000 - 0x000007fefdcf8000 	C:\Windows\system32\NSI.dll
0x000007fefc200000 - 0x000007fefc23b000 	C:\Windows\system32\WINMM.dll
0x000007fefc160000 - 0x000007fefc16c000 	C:\Windows\system32\VERSION.dll
0x0000000077520000 - 0x0000000077527000 	C:\Windows\system32\PSAPI.DLL
0x000007fef7ee0000 - 0x000007fef7ef1000 	C:\Program Files\Android\Android Studio\jre\bin\verify.dll
0x000007fef4e40000 - 0x000007fef4f65000 	C:\Windows\system32\DBGHELP.DLL
0x000007feeb410000 - 0x000007feeb439000 	C:\Program Files\Android\Android Studio\jre\bin\java.dll
0x000007feeb680000 - 0x000007feeb68b000 	C:\Program Files\Android\Android Studio\jre\bin\jimage.dll
0x000007feeb610000 - 0x000007feeb628000 	C:\Program Files\Android\Android Studio\jre\bin\zip.dll
0x000007fefdd30000 - 0x000007fefeab8000 	C:\Windows\system32\SHELL32.dll
0x000007fefeac0000 - 0x000007fefecc3000 	C:\Windows\system32\ole32.dll
0x000007fefd2b0000 - 0x000007fefd2bf000 	C:\Windows\system32\profapi.dll
0x000007feeb5f0000 - 0x000007feeb60a000 	C:\Program Files\Android\Android Studio\jre\bin\net.dll
0x000007fef6900000 - 0x000007fef6971000 	C:\Windows\system32\WINHTTP.dll
0x000007fef6890000 - 0x000007fef68f4000 	C:\Windows\system32\webio.dll
0x000007fefcae0000 - 0x000007fefcb35000 	C:\Windows\system32\mswsock.dll
0x000007fefcad0000 - 0x000007fefcad7000 	C:\Windows\System32\wship6.dll
0x000007feeb3f0000 - 0x000007feeb404000 	C:\Program Files\Android\Android Studio\jre\bin\nio.dll

dbghelp: loaded successfully - version: 4.0.5 - missing functions: none
symbol engine: initialized successfully - sym options: 0x614 - pdb path: .;C:\Program Files\Android\Android Studio\jre\bin;C:\Windows\SYSTEM32;C:\Windows\WinSxS\amd64_microsoft.windows.common-controls_6595b64144ccf1df_6.0.7601.17514_none_fa396087175ac9ac;C:\Program Files\Android\Android Studio\jre\bin\server

VM Arguments:
java_command: org.jetbrains.kotlin.cli.jvm.K2JVMCompiler @F:\LetsChat\app\build\20211014_7597996975886903731.compiler.options
java_class_path (initial): C:\Users\Anu\.gradle\caches\modules-2\files-2.1\org.jetbrains.kotlin\kotlin-compiler-embeddable\1.5.30\3362a354066df1578a057c200da23cf2a1d8144f\kotlin-compiler-embeddable-1.5.30.jar;C:\Users\Anu\.gradle\caches\modules-2\files-2.1\org.jetbrains.kotlin\kotlin-reflect\1.5.30\6773e974437dd6432aa646cc2f8ab71de42b5773\kotlin-reflect-1.5.30.jar;C:\Users\Anu\.gradle\caches\modules-2\files-2.1\org.jetbrains.kotlin\kotlin-stdlib\1.5.30\d68efdea04955974ac1020f8f66ef8176bfbce1f\kotlin-stdlib-1.5.30.jar;C:\Users\Anu\.gradle\caches\modules-2\files-2.1\org.jetbrains.kotlin\kotlin-script-runtime\1.5.30\10697ab20bfd2f1b23baa91306950c36c4e89a8d\kotlin-script-runtime-1.5.30.jar;C:\Users\Anu\.gradle\caches\modules-2\files-2.1\org.jetbrains.kotlin\kotlin-daemon-embeddable\1.5.30\e355dc9011e559a475608265607948109e113ae0\kotlin-daemon-embeddable-1.5.30.jar;C:\Users\Anu\.gradle\caches\modules-2\files-2.1\org.jetbrains.intellij.deps\trove4j\1.0.20181211\216c2e14b070f334479d800987affe4054cd563f\trove4j-1.0.20181211.jar;C:\Users\Anu\.gradle\caches\modules-2\files-2.1\org.jetbrains\annotations\13.0\919f0dfe192fb4e063e7dacadee7f8bb9a2672a9\annotations-13.0.jar;C:\Users\Anu\.gradle\caches\modules-2\files-2.1\org.jetbrains.kotlin\kotlin-stdlib-common\1.5.30\649ffab7767038323fec0cc41e2d7b0a8f65a378\kotlin-stdlib-common-1.5.30.jar
Launcher Type: SUN_STANDARD

[Global flags]
     intx CICompilerCount                          = 2                                         {product} {ergonomic}
     uint ConcGCThreads                            = 1                                         {product} {ergonomic}
     uint G1ConcRefinementThreads                  = 2                                         {product} {ergonomic}
   size_t G1HeapRegionSize                         = 1048576                                   {product} {ergonomic}
    uintx GCDrainStackTargetSize                   = 64                                        {product} {ergonomic}
   size_t InitialHeapSize                          = 50331648                                  {product} {ergonomic}
   size_t MarkStackSize                            = 4194304                                   {product} {ergonomic}
   size_t MaxHeapSize                              = 796917760                                 {product} {ergonomic}
   size_t MaxNewSize                               = 478150656                                 {product} {ergonomic}
   size_t MinHeapDeltaBytes                        = 1048576                                   {product} {ergonomic}
    uintx NonNMethodCodeHeapSize                   = 5825164                                {pd product} {ergonomic}
    uintx NonProfiledCodeHeapSize                  = 122916538                              {pd product} {ergonomic}
    uintx ProfiledCodeHeapSize                     = 122916538                              {pd product} {ergonomic}
    uintx ReservedCodeCacheSize                    = 251658240                              {pd product} {ergonomic}
     bool SegmentedCodeCache                       = true                                      {product} {ergonomic}
     bool UseCompressedClassPointers               = true                                 {lp64_product} {ergonomic}
     bool UseCompressedOops                        = true                                 {lp64_product} {ergonomic}
     bool UseG1GC                                  = true                                      {product} {ergonomic}
     bool UseLargePagesIndividualAllocation        = false                                  {pd product} {ergonomic}

Logging:
Log output configuration:
 #0: stdout all=warning uptime,level,tags
 #1: stderr all=off uptime,level,tags

Environment Variables:
JAVA_HOME=C:\Program Files\Android\Android Studio\jre
PATH=C:\Windows\system32;C:\Windows;C:\Windows\System32\Wbem;C:\Windows\System32\WindowsPowerShell\v1.0\;E:\Git\cmd
USERNAME=Anu
OS=Windows_NT
PROCESSOR_IDENTIFIER=Intel64 Family 6 Model 23 Stepping 10, GenuineIntel



---------------  S Y S T E M  ---------------

OS: Windows 7 , 64 bit Build 7601 (6.1.7601.17514)
OS uptime: 0 days 1:11 hours

CPU:total 2 (initial active 2) (2 cores per cpu, 1 threads per core) family 6 model 23 stepping 10 microcode 0x0, cmov, cx8, fxsr, mmx, sse, sse2, sse3, ssse3, sse4.1, tsc

Memory: 4k page, system-wide physical 3034M (99M free)
TotalPageFile size 4451M (AvailPageFile size 4M)
current process WorkingSet (physical memory assigned to process): 237M, peak: 237M
current process commit charge ("private bytes"): 343M, peak: 345M

vm_info: OpenJDK 64-Bit Server VM (11.0.10+0-b96-7249189) for windows-amd64 JRE (11.0.10+0-b96-7249189), built on Mar 31 2021 21:44:00 by "builder" with MS VC++ 14.0 (VS2015)

END.
