#
# There is insufficient memory for the Java Runtime Environment to continue.
# Native memory allocation (malloc) failed to allocate 1048576 bytes for AllocateHeap
# Possible reasons:
#   The system is out of physical RAM or swap space
#   The process is running with CompressedOops enabled, and the Java Heap may be blocking the growth of the native heap
# Possible solutions:
#   Reduce memory load on the system
#   Increase physical memory or swap space
#   Check if swap backing store is full
#   Decrease Java heap size (-Xmx/-Xms)
#   Decrease number of Java threads
#   Decrease Java thread stack sizes (-Xss)
#   Set larger code cache with -XX:ReservedCodeCacheSize=
#   JVM is running with Unscaled Compressed Oops mode in which the Java heap is
#     placed in the first 4GB address space. The Java Heap base address is the
#     maximum limit for the native heap growth. Please use -XX:HeapBaseMinAddress
#     to set the Java Heap base and to place the Java Heap above 4GB virtual address.
# This output file may be truncated or incomplete.
#
#  Out of Memory Error (./src/hotspot/share/memory/allocation.cpp:46), pid=4700, tid=4872
#
# JRE version: OpenJDK Runtime Environment (11.0.10) (build 11.0.10+0-b96-7249189)
# Java VM: OpenJDK 64-Bit Server VM (11.0.10+0-b96-7249189, mixed mode, tiered, compressed oops, g1 gc, windows-amd64)
# No core dump will be written. Minidumps are not enabled by default on client versions of Windows
#

---------------  S U M M A R Y ------------

Command Line: org.jetbrains.kotlin.cli.jvm.K2JVMCompiler @F:\LetsChat\app\build\20211014_2009798360575030949.compiler.options

Host: Intel(R) Core(TM)2 Duo CPU     T6500  @ 2.10GHz, 2 cores, 2G,  Windows 7 , 64 bit Build 7601 (6.1.7601.17514)
Time: Thu Oct 14 03:15:25 2021 Malay Peninsula Standard Time elapsed time: 34.578627 seconds (0d 0h 0m 34s)

---------------  T H R E A D  ---------------

Current thread (0x000000005a2e6000):  VMThread "VM Thread" [stack: 0x000000005a520000,0x000000005a620000] [id=4872]

Stack: [0x000000005a520000,0x000000005a620000]
[error occurred during error reporting (printing stack bounds), id 0xc0000005, EXCEPTION_ACCESS_VIOLATION (0xc0000005) at pc=0x0000000006240f3d]

Native frames: (J=compiled Java code, j=interpreted, Vv=VM code, C=native code)
V  [jvm.dll+0x5ecfaa]
V  [jvm.dll+0x722bd5]
V  [jvm.dll+0x72412d]
V  [jvm.dll+0x724745]
V  [jvm.dll+0x7246fb]
V  [jvm.dll+0x5ec348]
V  [jvm.dll+0x5ecad8]
C  [ntdll.dll+0x29d0d]
C  [ntdll.dll+0x191af]
C  [ntdll.dll+0x51278]
C  0x0000000006240f3d

VM_Operation (0x000000000234c640): CollectForMetadataAllocation, mode: safepoint, requested by thread 0x0000000000142000


---------------  P R O C E S S  ---------------

Threads class SMR info:
_java_thread_list=0x000000005b4c5100, length=10, elements={
0x0000000000142000, 0x00000000198b6000, 0x00000000198c0000, 0x000000005a2f4800,
0x000000005a2f8000, 0x000000005a2fd800, 0x000000005a302000, 0x000000005a306000,
0x00000000198ca000, 0x000000005b528800
}

Java Threads: ( => current thread )
  0x0000000000142000 JavaThread "main" [_thread_blocked, id=4636, stack(0x0000000002250000,0x0000000002350000)]
  0x00000000198b6000 JavaThread "Reference Handler" daemon [_thread_blocked, id=4660, stack(0x000000005a710000,0x000000005a810000)]
  0x00000000198c0000 JavaThread "Finalizer" daemon [_thread_blocked, id=4284, stack(0x000000005a8d0000,0x000000005a9d0000)]
  0x000000005a2f4800 JavaThread "Signal Dispatcher" daemon [_thread_blocked, id=2360, stack(0x000000005abb0000,0x000000005acb0000)]
  0x000000005a2f8000 JavaThread "Attach Listener" daemon [_thread_blocked, id=5028, stack(0x000000005aa80000,0x000000005ab80000)]
  0x000000005a2fd800 JavaThread "Service Thread" daemon [_thread_blocked, id=5044, stack(0x000000005adf0000,0x000000005aef0000)]
  0x000000005a302000 JavaThread "C2 CompilerThread0" daemon [_thread_blocked, id=5072, stack(0x000000005afd0000,0x000000005b0d0000)]
  0x000000005a306000 JavaThread "C1 CompilerThread0" daemon [_thread_blocked, id=4928, stack(0x000000005b1e0000,0x000000005b2e0000)]
  0x00000000198ca000 JavaThread "Sweeper thread" daemon [_thread_blocked, id=3164, stack(0x000000005b3b0000,0x000000005b4b0000)]
  0x000000005b528800 JavaThread "Common-Cleaner" daemon [_thread_blocked, id=3160, stack(0x000000005bbe0000,0x000000005bce0000)]

Other Threads:
=>0x000000005a2e6000 VMThread "VM Thread" [stack: 0x000000005a520000,0x000000005a620000] [id=4872]
  0x000000005b4e2000 WatcherThread [stack: 0x000000005b9a0000,0x000000005baa0000] [id=5100]
  0x000000000015c000 GCTaskThread "GC Thread#0" [stack: 0x0000000015250000,0x0000000015350000] [id=4056]
  0x000000005b6e2800 GCTaskThread "GC Thread#1" [stack: 0x000000005bdb0000,0x000000005beb0000] [id=3336]
  0x0000000000171000 ConcurrentGCThread "G1 Main Marker" [stack: 0x0000000017340000,0x0000000017440000] [id=3136]
  0x0000000000172800 ConcurrentGCThread "G1 Conc#0" [stack: 0x0000000017450000,0x0000000017550000] [id=728]
  0x00000000001b7000 ConcurrentGCThread "G1 Refine#0" [stack: 0x00000000196d0000,0x00000000197d0000] [id=4964]
  0x00000000001b8000 ConcurrentGCThread "G1 Young RemSet Sampling" [stack: 0x0000000019920000,0x0000000019a20000] [id=4076]

Threads with active compile tasks:
C2 CompilerThread0  34602 11588   !   4       org.jetbrains.kotlin.metadata.ProtoBuf$Function::<init> (1112 bytes)

VM state:at safepoint (normal execution)

VM Mutex/Monitor currently owned by a thread:  ([mutex/lock_event])
[0x000000000013df10] Threads_lock - owner thread: 0x000000005a2e6000
[0x000000000013e6f0] Heap_lock - owner thread: 0x0000000000142000

Heap address: 0x00000000d0800000, size: 760 MB, Compressed Oops mode: 32-bit
Narrow klass base: 0x0000000000000000, Narrow klass shift: 0
Compressed class space size: 1073741824 Address: 0x0000000019a20000

Heap:
 garbage-first heap   total 103424K, used 71312K [0x00000000d0800000, 0x0000000100000000)
  region size 1024K, 3 young (3072K), 3 survivors (3072K)
 Metaspace       used 77806K, capacity 78661K, committed 78720K, reserved 1130496K
  class space    used 8471K, capacity 8802K, committed 8832K, reserved 1048576K
Heap Regions: E=young(eden), S=young(survivor), O=old, HS=humongous(starts), HC=humongous(continues), CS=collection set, F=free, A=archive, TAMS=top-at-mark-start (previous, next)
|   0|0x00000000d0800000, 0x00000000d0900000, 0x00000000d0900000|100%|HS|  |TAMS 0x00000000d0900000, 0x00000000d0900000| Complete 
|   1|0x00000000d0900000, 0x00000000d0a00000, 0x00000000d0a00000|100%|HC|  |TAMS 0x00000000d0a00000, 0x00000000d0a00000| Complete 
|   2|0x00000000d0a00000, 0x00000000d0b00000, 0x00000000d0b00000|100%|HC|  |TAMS 0x00000000d0b00000, 0x00000000d0b00000| Complete 
|   3|0x00000000d0b00000, 0x00000000d0c00000, 0x00000000d0c00000|100%| O|  |TAMS 0x00000000d0c00000, 0x00000000d0c00000| Untracked 
|   4|0x00000000d0c00000, 0x00000000d0d00000, 0x00000000d0d00000|100%| O|  |TAMS 0x00000000d0d00000, 0x00000000d0d00000| Untracked 
|   5|0x00000000d0d00000, 0x00000000d0e00000, 0x00000000d0e00000|100%| O|  |TAMS 0x00000000d0e00000, 0x00000000d0e00000| Untracked 
|   6|0x00000000d0e00000, 0x00000000d0f00000, 0x00000000d0f00000|100%| O|  |TAMS 0x00000000d0f00000, 0x00000000d0f00000| Untracked 
|   7|0x00000000d0f00000, 0x00000000d1000000, 0x00000000d1000000|100%| O|  |TAMS 0x00000000d1000000, 0x00000000d1000000| Untracked 
|   8|0x00000000d1000000, 0x00000000d1100000, 0x00000000d1100000|100%| O|  |TAMS 0x00000000d1100000, 0x00000000d1100000| Untracked 
|   9|0x00000000d1100000, 0x00000000d1200000, 0x00000000d1200000|100%| O|  |TAMS 0x00000000d1200000, 0x00000000d1200000| Untracked 
|  10|0x00000000d1200000, 0x00000000d1300000, 0x00000000d1300000|100%|HS|  |TAMS 0x00000000d1300000, 0x00000000d1300000| Complete 
|  11|0x00000000d1300000, 0x00000000d1400000, 0x00000000d1400000|100%|HC|  |TAMS 0x00000000d1400000, 0x00000000d1400000| Complete 
|  12|0x00000000d1400000, 0x00000000d1500000, 0x00000000d1500000|100%|HC|  |TAMS 0x00000000d1500000, 0x00000000d1500000| Complete 
|  13|0x00000000d1500000, 0x00000000d1600000, 0x00000000d1600000|100%|HS|  |TAMS 0x00000000d1600000, 0x00000000d1600000| Complete 
|  14|0x00000000d1600000, 0x00000000d1700000, 0x00000000d1700000|100%|HC|  |TAMS 0x00000000d1700000, 0x00000000d1700000| Complete 
|  15|0x00000000d1700000, 0x00000000d1800000, 0x00000000d1800000|100%|HC|  |TAMS 0x00000000d1800000, 0x00000000d1800000| Complete 
|  16|0x00000000d1800000, 0x00000000d1900000, 0x00000000d1900000|100%| O|  |TAMS 0x00000000d1900000, 0x00000000d1900000| Untracked 
|  17|0x00000000d1900000, 0x00000000d1a00000, 0x00000000d1a00000|100%| O|  |TAMS 0x00000000d1a00000, 0x00000000d1a00000| Untracked 
|  18|0x00000000d1a00000, 0x00000000d1b00000, 0x00000000d1b00000|100%| O|  |TAMS 0x00000000d1b00000, 0x00000000d1b00000| Untracked 
|  19|0x00000000d1b00000, 0x00000000d1c00000, 0x00000000d1c00000|100%| O|  |TAMS 0x00000000d1c00000, 0x00000000d1c00000| Untracked 
|  20|0x00000000d1c00000, 0x00000000d1d00000, 0x00000000d1d00000|100%| O|  |TAMS 0x00000000d1d00000, 0x00000000d1d00000| Untracked 
|  21|0x00000000d1d00000, 0x00000000d1e00000, 0x00000000d1e00000|100%| O|  |TAMS 0x00000000d1e00000, 0x00000000d1e00000| Untracked 
|  22|0x00000000d1e00000, 0x00000000d1f00000, 0x00000000d1f00000|100%| O|  |TAMS 0x00000000d1f00000, 0x00000000d1f00000| Untracked 
|  23|0x00000000d1f00000, 0x00000000d2000000, 0x00000000d2000000|100%| O|  |TAMS 0x00000000d2000000, 0x00000000d2000000| Untracked 
|  24|0x00000000d2000000, 0x00000000d2100000, 0x00000000d2100000|100%| O|  |TAMS 0x00000000d2100000, 0x00000000d2100000| Untracked 
|  25|0x00000000d2100000, 0x00000000d2200000, 0x00000000d2200000|100%| O|  |TAMS 0x00000000d2200000, 0x00000000d2200000| Untracked 
|  26|0x00000000d2200000, 0x00000000d2300000, 0x00000000d2300000|100%|HS|  |TAMS 0x00000000d2300000, 0x00000000d2300000| Complete 
|  27|0x00000000d2300000, 0x00000000d2400000, 0x00000000d2400000|100%|HC|  |TAMS 0x00000000d2400000, 0x00000000d2400000| Complete 
|  28|0x00000000d2400000, 0x00000000d2500000, 0x00000000d2500000|100%| O|  |TAMS 0x00000000d2500000, 0x00000000d2500000| Untracked 
|  29|0x00000000d2500000, 0x00000000d2600000, 0x00000000d2600000|100%| O|  |TAMS 0x00000000d2600000, 0x00000000d2600000| Untracked 
|  30|0x00000000d2600000, 0x00000000d2700000, 0x00000000d2700000|100%| O|  |TAMS 0x00000000d2700000, 0x00000000d2700000| Untracked 
|  31|0x00000000d2700000, 0x00000000d2800000, 0x00000000d2800000|100%| O|  |TAMS 0x00000000d2800000, 0x00000000d2800000| Untracked 
|  32|0x00000000d2800000, 0x00000000d2900000, 0x00000000d2900000|100%| O|  |TAMS 0x00000000d2900000, 0x00000000d2900000| Untracked 
|  33|0x00000000d2900000, 0x00000000d2a00000, 0x00000000d2a00000|100%| O|  |TAMS 0x00000000d2a00000, 0x00000000d2a00000| Untracked 
|  34|0x00000000d2a00000, 0x00000000d2b00000, 0x00000000d2b00000|100%| O|  |TAMS 0x00000000d2b00000, 0x00000000d2b00000| Untracked 
|  35|0x00000000d2b00000, 0x00000000d2c00000, 0x00000000d2c00000|100%| O|  |TAMS 0x00000000d2c00000, 0x00000000d2c00000| Untracked 
|  36|0x00000000d2c00000, 0x00000000d2d00000, 0x00000000d2d00000|100%| O|  |TAMS 0x00000000d2d00000, 0x00000000d2d00000| Untracked 
|  37|0x00000000d2d00000, 0x00000000d2e00000, 0x00000000d2e00000|100%| O|  |TAMS 0x00000000d2e00000, 0x00000000d2e00000| Untracked 
|  38|0x00000000d2e00000, 0x00000000d2f00000, 0x00000000d2f00000|100%| O|  |TAMS 0x00000000d2f00000, 0x00000000d2f00000| Untracked 
|  39|0x00000000d2f00000, 0x00000000d3000000, 0x00000000d3000000|100%| O|  |TAMS 0x00000000d3000000, 0x00000000d3000000| Untracked 
|  40|0x00000000d3000000, 0x00000000d3100000, 0x00000000d3100000|100%| O|  |TAMS 0x00000000d3100000, 0x00000000d3100000| Untracked 
|  41|0x00000000d3100000, 0x00000000d3200000, 0x00000000d3200000|100%| O|  |TAMS 0x00000000d3200000, 0x00000000d3200000| Untracked 
|  42|0x00000000d3200000, 0x00000000d3300000, 0x00000000d3300000|100%| O|  |TAMS 0x00000000d3300000, 0x00000000d3300000| Untracked 
|  43|0x00000000d3300000, 0x00000000d3400000, 0x00000000d3400000|100%| O|  |TAMS 0x00000000d3400000, 0x00000000d3400000| Untracked 
|  44|0x00000000d3400000, 0x00000000d3500000, 0x00000000d3500000|100%| O|  |TAMS 0x00000000d3500000, 0x00000000d3500000| Untracked 
|  45|0x00000000d3500000, 0x00000000d3600000, 0x00000000d3600000|100%| O|  |TAMS 0x00000000d3600000, 0x00000000d3600000| Untracked 
|  46|0x00000000d3600000, 0x00000000d3700000, 0x00000000d3700000|100%| O|  |TAMS 0x00000000d3700000, 0x00000000d3700000| Untracked 
|  47|0x00000000d3700000, 0x00000000d3800000, 0x00000000d3800000|100%| O|  |TAMS 0x00000000d3800000, 0x00000000d3800000| Untracked 
|  48|0x00000000d3800000, 0x00000000d3900000, 0x00000000d3900000|100%| O|  |TAMS 0x00000000d3900000, 0x00000000d3900000| Untracked 
|  49|0x00000000d3900000, 0x00000000d3a00000, 0x00000000d3a00000|100%| O|  |TAMS 0x00000000d3a00000, 0x00000000d3a00000| Untracked 
|  50|0x00000000d3a00000, 0x00000000d3b00000, 0x00000000d3b00000|100%| O|  |TAMS 0x00000000d3b00000, 0x00000000d3b00000| Untracked 
|  51|0x00000000d3b00000, 0x00000000d3c00000, 0x00000000d3c00000|100%| O|  |TAMS 0x00000000d3c00000, 0x00000000d3c00000| Untracked 
|  52|0x00000000d3c00000, 0x00000000d3d00000, 0x00000000d3d00000|100%| O|  |TAMS 0x00000000d3d00000, 0x00000000d3d00000| Untracked 
|  53|0x00000000d3d00000, 0x00000000d3e00000, 0x00000000d3e00000|100%| O|  |TAMS 0x00000000d3e00000, 0x00000000d3e00000| Untracked 
|  54|0x00000000d3e00000, 0x00000000d3f00000, 0x00000000d3f00000|100%| O|  |TAMS 0x00000000d3f00000, 0x00000000d3f00000| Untracked 
|  55|0x00000000d3f00000, 0x00000000d4000000, 0x00000000d4000000|100%| O|  |TAMS 0x00000000d4000000, 0x00000000d4000000| Untracked 
|  56|0x00000000d4000000, 0x00000000d4100000, 0x00000000d4100000|100%| O|  |TAMS 0x00000000d4100000, 0x00000000d4100000| Untracked 
|  57|0x00000000d4100000, 0x00000000d4200000, 0x00000000d4200000|100%| O|  |TAMS 0x00000000d4200000, 0x00000000d4200000| Untracked 
|  58|0x00000000d4200000, 0x00000000d4300000, 0x00000000d4300000|100%| O|  |TAMS 0x00000000d4300000, 0x00000000d4300000| Untracked 
|  59|0x00000000d4300000, 0x00000000d4400000, 0x00000000d4400000|100%| O|  |TAMS 0x00000000d4400000, 0x00000000d4400000| Untracked 
|  60|0x00000000d4400000, 0x00000000d4500000, 0x00000000d4500000|100%| O|  |TAMS 0x00000000d4500000, 0x00000000d4500000| Untracked 
|  61|0x00000000d4500000, 0x00000000d4600000, 0x00000000d4600000|100%| O|  |TAMS 0x00000000d4600000, 0x00000000d4600000| Untracked 
|  62|0x00000000d4600000, 0x00000000d4700000, 0x00000000d4700000|100%| O|  |TAMS 0x00000000d4700000, 0x00000000d4700000| Untracked 
|  63|0x00000000d4700000, 0x00000000d4800000, 0x00000000d4800000|100%| O|  |TAMS 0x00000000d4800000, 0x00000000d4800000| Untracked 
|  64|0x00000000d4800000, 0x00000000d4900000, 0x00000000d4900000|100%| O|  |TAMS 0x00000000d482d000, 0x00000000d4900000| Untracked 
|  65|0x00000000d4900000, 0x00000000d4a00000, 0x00000000d4a00000|100%| O|  |TAMS 0x00000000d4900000, 0x00000000d4a00000| Untracked 
|  66|0x00000000d4a00000, 0x00000000d4b00000, 0x00000000d4b00000|100%| O|  |TAMS 0x00000000d4a00000, 0x00000000d4b00000| Untracked 
|  67|0x00000000d4b00000, 0x00000000d4b4e200, 0x00000000d4c00000| 30%| O|  |TAMS 0x00000000d4b00000, 0x00000000d4b4e200| Untracked 
|  68|0x00000000d4c00000, 0x00000000d4c00000, 0x00000000d4d00000|  0%| F|  |TAMS 0x00000000d4c00000, 0x00000000d4c00000| Untracked 
|  69|0x00000000d4d00000, 0x00000000d4d00000, 0x00000000d4e00000|  0%| F|  |TAMS 0x00000000d4d00000, 0x00000000d4d00000| Untracked 
|  70|0x00000000d4e00000, 0x00000000d4e00000, 0x00000000d4f00000|  0%| F|  |TAMS 0x00000000d4e00000, 0x00000000d4e00000| Untracked 
|  71|0x00000000d4f00000, 0x00000000d4f00000, 0x00000000d5000000|  0%| F|  |TAMS 0x00000000d4f00000, 0x00000000d4f00000| Untracked 
|  72|0x00000000d5000000, 0x00000000d5000000, 0x00000000d5100000|  0%| F|  |TAMS 0x00000000d5000000, 0x00000000d5000000| Untracked 
|  73|0x00000000d5100000, 0x00000000d5100000, 0x00000000d5200000|  0%| F|  |TAMS 0x00000000d5100000, 0x00000000d5100000| Untracked 
|  74|0x00000000d5200000, 0x00000000d5200000, 0x00000000d5300000|  0%| F|  |TAMS 0x00000000d5200000, 0x00000000d5200000| Untracked 
|  75|0x00000000d5300000, 0x00000000d5300000, 0x00000000d5400000|  0%| F|  |TAMS 0x00000000d5300000, 0x00000000d5300000| Untracked 
|  76|0x00000000d5400000, 0x00000000d5400000, 0x00000000d5500000|  0%| F|  |TAMS 0x00000000d5400000, 0x00000000d5400000| Untracked 
|  77|0x00000000d5500000, 0x00000000d5500000, 0x00000000d5600000|  0%| F|  |TAMS 0x00000000d5500000, 0x00000000d5500000| Untracked 
|  78|0x00000000d5600000, 0x00000000d5600000, 0x00000000d5700000|  0%| F|  |TAMS 0x00000000d5600000, 0x00000000d5600000| Untracked 
|  79|0x00000000d5700000, 0x00000000d5700000, 0x00000000d5800000|  0%| F|  |TAMS 0x00000000d5700000, 0x00000000d5700000| Untracked 
|  80|0x00000000d5800000, 0x00000000d5800000, 0x00000000d5900000|  0%| F|  |TAMS 0x00000000d5800000, 0x00000000d5800000| Untracked 
|  81|0x00000000d5900000, 0x00000000d5900000, 0x00000000d5a00000|  0%| F|  |TAMS 0x00000000d5900000, 0x00000000d5900000| Untracked 
|  82|0x00000000d5a00000, 0x00000000d5a00000, 0x00000000d5b00000|  0%| F|  |TAMS 0x00000000d5a00000, 0x00000000d5a00000| Untracked 
|  83|0x00000000d5b00000, 0x00000000d5b00000, 0x00000000d5c00000|  0%| F|  |TAMS 0x00000000d5b00000, 0x00000000d5b00000| Untracked 
|  84|0x00000000d5c00000, 0x00000000d5c00000, 0x00000000d5d00000|  0%| F|  |TAMS 0x00000000d5c00000, 0x00000000d5c00000| Untracked 
|  85|0x00000000d5d00000, 0x00000000d5d561c0, 0x00000000d5e00000| 33%| S|CS|TAMS 0x00000000d5d00000, 0x00000000d5d00000| Complete 
|  86|0x00000000d5e00000, 0x00000000d5f00000, 0x00000000d5f00000|100%| S|CS|TAMS 0x00000000d5e00000, 0x00000000d5e00000| Complete 
|  87|0x00000000d5f00000, 0x00000000d6000000, 0x00000000d6000000|100%| S|CS|TAMS 0x00000000d5f00000, 0x00000000d5f00000| Complete 
|  88|0x00000000d6000000, 0x00000000d6000000, 0x00000000d6100000|  0%| F|  |TAMS 0x00000000d6000000, 0x00000000d6000000| Untracked 
|  89|0x00000000d6100000, 0x00000000d6100000, 0x00000000d6200000|  0%| F|  |TAMS 0x00000000d6100000, 0x00000000d6100000| Untracked 
|  90|0x00000000d6200000, 0x00000000d6200000, 0x00000000d6300000|  0%| F|  |TAMS 0x00000000d6200000, 0x00000000d6200000| Untracked 
|  91|0x00000000d6300000, 0x00000000d6300000, 0x00000000d6400000|  0%| F|  |TAMS 0x00000000d6300000, 0x00000000d6300000| Untracked 
|  92|0x00000000d6400000, 0x00000000d6400000, 0x00000000d6500000|  0%| F|  |TAMS 0x00000000d6400000, 0x00000000d6400000| Untracked 
|  93|0x00000000d6500000, 0x00000000d6500000, 0x00000000d6600000|  0%| F|  |TAMS 0x00000000d6500000, 0x00000000d6500000| Untracked 
|  94|0x00000000d6600000, 0x00000000d6600000, 0x00000000d6700000|  0%| F|  |TAMS 0x00000000d6600000, 0x00000000d6600000| Untracked 
|  95|0x00000000d6700000, 0x00000000d6700000, 0x00000000d6800000|  0%| F|  |TAMS 0x00000000d6700000, 0x00000000d6700000| Untracked 
|  96|0x00000000d6800000, 0x00000000d6800000, 0x00000000d6900000|  0%| F|  |TAMS 0x00000000d6800000, 0x00000000d6800000| Untracked 
|  97|0x00000000d6900000, 0x00000000d6900000, 0x00000000d6a00000|  0%| F|  |TAMS 0x00000000d6900000, 0x00000000d6900000| Untracked 
|  98|0x00000000d6a00000, 0x00000000d6a00000, 0x00000000d6b00000|  0%| F|  |TAMS 0x00000000d6a00000, 0x00000000d6a00000| Untracked 
|  99|0x00000000d6b00000, 0x00000000d6b00000, 0x00000000d6c00000|  0%| F|  |TAMS 0x00000000d6b00000, 0x00000000d6b00000| Untracked 
| 100|0x00000000d6c00000, 0x00000000d6c00000, 0x00000000d6d00000|  0%| F|  |TAMS 0x00000000d6c00000, 0x00000000d6c00000| Untracked 

Card table byte_map: [0x00000000156f0000,0x0000000015870000] _byte_map_base: 0x000000001506c000

Marking Bits (Prev, Next): (CMBitMap*) 0x000000000016d3a8, (CMBitMap*) 0x000000000016d3e0
 Prev Bits: [0x00000000159f0000, 0x00000000165d0000)
 Next Bits: [0x00000000165d0000, 0x00000000171b0000)

Polling page: 0x0000000002060000

Metaspace:

Usage:
  Non-class:     68.22 MB capacity,    67.71 MB (>99%) used,   400.63 KB ( <1%) free+waste,   123.06 KB ( <1%) overhead. 
      Class:      8.60 MB capacity,     8.27 MB ( 96%) used,   279.88 KB (  3%) free+waste,    50.50 KB ( <1%) overhead. 
       Both:     76.82 MB capacity,    75.98 MB ( 99%) used,   680.51 KB ( <1%) free+waste,   173.56 KB ( <1%) overhead. 

Virtual space:
  Non-class space:       80.00 MB reserved,      68.25 MB ( 85%) committed 
      Class space:        1.00 GB reserved,       8.63 MB ( <1%) committed 
             Both:        1.08 GB reserved,      76.88 MB (  7%) committed 

Chunk freelists:
   Non-Class:  29.00 KB
       Class:  30.00 KB
        Both:  59.00 KB

MaxMetaspaceSize: 17179869184.00 GB
CompressedClassSpaceSize: 1.00 GB

CodeHeap 'non-profiled nmethods': size=120064Kb used=4799Kb max_used=4799Kb free=115264Kb
 bounds [0x000000000dd00000, 0x000000000e1b0000, 0x0000000015240000]
CodeHeap 'profiled nmethods': size=120000Kb used=34289Kb max_used=34289Kb free=85710Kb
 bounds [0x00000000067d0000, 0x0000000008950000, 0x000000000dd00000]
CodeHeap 'non-nmethods': size=5696Kb used=1254Kb max_used=1288Kb free=4441Kb
 bounds [0x0000000006240000, 0x00000000064b0000, 0x00000000067d0000]
 total_blobs=12508 nmethods=11867 adapters=550
 compilation: enabled
              stopped_count=0, restarted_count=0
 full_count=0

Compilation events (20 events):
Event: 34.495 Thread 0x000000005a306000 11949       2       org.jetbrains.kotlin.ir.declarations.lazy.IrLazyFunction::getParent (19 bytes)
Event: 34.495 Thread 0x000000005a306000 nmethod 11949 0x0000000008946990 code [0x0000000008946b60, 0x0000000008946d08]
Event: 34.495 Thread 0x000000005a306000 11951       2       org.jetbrains.kotlin.ir.util.IrFakeOverrideUtilsKt::collectAndFilterRealOverrides$excludeRepeated (98 bytes)
Event: 34.496 Thread 0x000000005a306000 nmethod 11951 0x0000000008946e10 code [0x0000000008947060, 0x0000000008947458]
Event: 34.496 Thread 0x000000005a306000 11950       1       org.jetbrains.kotlin.backend.jvm.JvmBackendContext::getState (5 bytes)
Event: 34.496 Thread 0x000000005a306000 nmethod 11950 0x000000000e1af790 code [0x000000000e1af940, 0x000000000e1af9f8]
Event: 34.498 Thread 0x000000005a306000 11952       2       org.jetbrains.kotlin.ir.util.IrFakeOverrideUtilsKt$resolveFakeOverride$2::invoke (9 bytes)
Event: 34.499 Thread 0x000000005a306000 nmethod 11952 0x0000000008947710 code [0x0000000008947920, 0x0000000008947c48]
Event: 34.499 Thread 0x000000005a306000 11953       1       org.jetbrains.kotlin.codegen.state.GenerationState::getJvmDefaultMode (5 bytes)
Event: 34.500 Thread 0x000000005a306000 nmethod 11953 0x000000000e1afa90 code [0x000000000e1afc40, 0x000000000e1afcf8]
Event: 34.500 Thread 0x000000005a306000 11954       2       org.jetbrains.kotlin.ir.util.IrFakeOverrideUtilsKt::resolveFakeOverride$default (28 bytes)
Event: 34.500 Thread 0x000000005a306000 nmethod 11954 0x0000000008947e90 code [0x0000000008948060, 0x0000000008948288]
Event: 34.500 Thread 0x000000005a306000 11955       2       java.util.HashSet::clear (8 bytes)
Event: 34.500 Thread 0x000000005a306000 nmethod 11955 0x0000000008948390 code [0x0000000008948540, 0x0000000008948668]
Event: 34.501 Thread 0x000000005a306000 11956       2       org.jetbrains.kotlin.ir.util.IrFakeOverrideUtilsKt::collectRealOverrides (169 bytes)
Event: 34.504 Thread 0x000000005a306000 nmethod 11956 0x0000000008948710 code [0x0000000008948b20, 0x0000000008949b68]
Event: 34.504 Thread 0x000000005a306000 11957       2       org.jetbrains.kotlin.backend.jvm.lower.InheritedDefaultMethodsOnClassesLoweringKt::access$isDefaultImplsBridge (5 bytes)
Event: 34.504 Thread 0x000000005a306000 nmethod 11957 0x000000000894a690 code [0x000000000894a860, 0x000000000894a9b8]
Event: 34.504 Thread 0x000000005a306000 11958       2       kotlin.collections.MapsKt___MapsKt::toList (191 bytes)
Event: 34.506 Thread 0x000000005a306000 nmethod 11958 0x000000000894aa90 code [0x000000000894ae20, 0x000000000894bda8]

GC Heap History (20 events):
Event: 21.003 GC heap before
{Heap before GC invocations=23 (full 0):
 garbage-first heap   total 103424K, used 73257K [0x00000000d0800000, 0x0000000100000000)
  region size 1024K, 24 young (24576K), 2 survivors (2048K)
 Metaspace       used 61437K, capacity 62286K, committed 62464K, reserved 1103872K
  class space    used 7081K, capacity 7405K, committed 7424K, reserved 1048576K
}
Event: 21.031 GC heap after
{Heap after GC invocations=24 (full 0):
 garbage-first heap   total 103424K, used 55210K [0x00000000d0800000, 0x0000000100000000)
  region size 1024K, 3 young (3072K), 3 survivors (3072K)
 Metaspace       used 61437K, capacity 62286K, committed 62464K, reserved 1103872K
  class space    used 7081K, capacity 7405K, committed 7424K, reserved 1048576K
}
Event: 24.322 GC heap before
{Heap before GC invocations=24 (full 0):
 garbage-first heap   total 103424K, used 76714K [0x00000000d0800000, 0x0000000100000000)
  region size 1024K, 24 young (24576K), 3 survivors (3072K)
 Metaspace       used 63709K, capacity 64507K, committed 64640K, reserved 1105920K
  class space    used 7150K, capacity 7456K, committed 7552K, reserved 1048576K
}
Event: 24.377 GC heap after
{Heap after GC invocations=25 (full 0):
 garbage-first heap   total 103424K, used 58112K [0x00000000d0800000, 0x0000000100000000)
  region size 1024K, 3 young (3072K), 3 survivors (3072K)
 Metaspace       used 63709K, capacity 64507K, committed 64640K, reserved 1105920K
  class space    used 7150K, capacity 7456K, committed 7552K, reserved 1048576K
}
Event: 26.121 GC heap before
{Heap before GC invocations=26 (full 0):
 garbage-first heap   total 103424K, used 78592K [0x00000000d0800000, 0x0000000100000000)
  region size 1024K, 23 young (23552K), 3 survivors (3072K)
 Metaspace       used 65040K, capacity 65942K, committed 66048K, reserved 1107968K
  class space    used 7261K, capacity 7590K, committed 7680K, reserved 1048576K
}
Event: 26.149 GC heap after
{Heap after GC invocations=27 (full 0):
 garbage-first heap   total 103424K, used 60935K [0x00000000d0800000, 0x0000000100000000)
  region size 1024K, 3 young (3072K), 3 survivors (3072K)
 Metaspace       used 65040K, capacity 65942K, committed 66048K, reserved 1107968K
  class space    used 7261K, capacity 7590K, committed 7680K, reserved 1048576K
}
Event: 27.837 GC heap before
{Heap before GC invocations=27 (full 0):
 garbage-first heap   total 103424K, used 81415K [0x00000000d0800000, 0x0000000100000000)
  region size 1024K, 23 young (23552K), 3 survivors (3072K)
 Metaspace       used 66345K, capacity 67202K, committed 67456K, reserved 1110016K
  class space    used 7351K, capacity 7688K, committed 7808K, reserved 1048576K
}
Event: 27.861 GC heap after
{Heap after GC invocations=28 (full 0):
 garbage-first heap   total 103424K, used 62954K [0x00000000d0800000, 0x0000000100000000)
  region size 1024K, 2 young (2048K), 2 survivors (2048K)
 Metaspace       used 66345K, capacity 67202K, committed 67456K, reserved 1110016K
  class space    used 7351K, capacity 7688K, committed 7808K, reserved 1048576K
}
Event: 29.112 GC heap before
{Heap before GC invocations=29 (full 0):
 garbage-first heap   total 103424K, used 82410K [0x00000000d0800000, 0x0000000100000000)
  region size 1024K, 21 young (21504K), 2 survivors (2048K)
 Metaspace       used 70271K, capacity 71101K, committed 71424K, reserved 1112064K
  class space    used 7770K, capacity 8096K, committed 8192K, reserved 1048576K
}
Event: 29.132 GC heap after
{Heap after GC invocations=30 (full 0):
 garbage-first heap   total 103424K, used 63961K [0x00000000d0800000, 0x0000000100000000)
  region size 1024K, 2 young (2048K), 2 survivors (2048K)
 Metaspace       used 70271K, capacity 71101K, committed 71424K, reserved 1112064K
  class space    used 7770K, capacity 8096K, committed 8192K, reserved 1048576K
}
Event: 30.865 GC heap before
{Heap before GC invocations=30 (full 0):
 garbage-first heap   total 103424K, used 82393K [0x00000000d0800000, 0x0000000100000000)
  region size 1024K, 21 young (21504K), 2 survivors (2048K)
 Metaspace       used 72610K, capacity 73441K, committed 73600K, reserved 1114112K
  class space    used 7949K, capacity 8257K, committed 8320K, reserved 1048576K
}
Event: 30.893 GC heap after
{Heap after GC invocations=31 (full 0):
 garbage-first heap   total 103424K, used 65175K [0x00000000d0800000, 0x0000000100000000)
  region size 1024K, 3 young (3072K), 3 survivors (3072K)
 Metaspace       used 72610K, capacity 73441K, committed 73600K, reserved 1114112K
  class space    used 7949K, capacity 8257K, committed 8320K, reserved 1048576K
}
Event: 31.953 GC heap before
{Heap before GC invocations=32 (full 0):
 garbage-first heap   total 103424K, used 84631K [0x00000000d0800000, 0x0000000100000000)
  region size 1024K, 22 young (22528K), 3 survivors (3072K)
 Metaspace       used 72701K, capacity 73506K, committed 73600K, reserved 1114112K
  class space    used 7950K, capacity 8257K, committed 8320K, reserved 1048576K
}
Event: 31.975 GC heap after
{Heap after GC invocations=33 (full 0):
 garbage-first heap   total 103424K, used 66703K [0x00000000d0800000, 0x0000000100000000)
  region size 1024K, 3 young (3072K), 3 survivors (3072K)
 Metaspace       used 72701K, capacity 73506K, committed 73600K, reserved 1114112K
  class space    used 7950K, capacity 8257K, committed 8320K, reserved 1048576K
}
Event: 32.753 GC heap before
{Heap before GC invocations=33 (full 0):
 garbage-first heap   total 103424K, used 85135K [0x00000000d0800000, 0x0000000100000000)
  region size 1024K, 21 young (21504K), 3 survivors (3072K)
 Metaspace       used 73236K, capacity 74082K, committed 74240K, reserved 1116160K
  class space    used 8002K, capacity 8321K, committed 8448K, reserved 1048576K
}
Event: 32.781 GC heap after
{Heap after GC invocations=34 (full 0):
 garbage-first heap   total 103424K, used 68788K [0x00000000d0800000, 0x0000000100000000)
  region size 1024K, 3 young (3072K), 3 survivors (3072K)
 Metaspace       used 73236K, capacity 74082K, committed 74240K, reserved 1116160K
  class space    used 8002K, capacity 8321K, committed 8448K, reserved 1048576K
}
Event: 34.074 GC heap before
{Heap before GC invocations=35 (full 0):
 garbage-first heap   total 103424K, used 85172K [0x00000000d0800000, 0x0000000100000000)
  region size 1024K, 20 young (20480K), 3 survivors (3072K)
 Metaspace       used 75523K, capacity 76421K, committed 76672K, reserved 1120256K
  class space    used 8161K, capacity 8482K, committed 8576K, reserved 1048576K
}
Event: 34.095 GC heap after
{Heap after GC invocations=36 (full 0):
 garbage-first heap   total 103424K, used 70514K [0x00000000d0800000, 0x0000000100000000)
  region size 1024K, 2 young (2048K), 2 survivors (2048K)
 Metaspace       used 75523K, capacity 76421K, committed 76672K, reserved 1120256K
  class space    used 8161K, capacity 8482K, committed 8576K, reserved 1048576K
}
Event: 34.510 GC heap before
{Heap before GC invocations=36 (full 0):
 garbage-first heap   total 103424K, used 81778K [0x00000000d0800000, 0x0000000100000000)
  region size 1024K, 15 young (15360K), 2 survivors (2048K)
 Metaspace       used 77806K, capacity 78661K, committed 78720K, reserved 1128448K
  class space    used 8471K, capacity 8802K, committed 8832K, reserved 1048576K
}
Event: 34.524 GC heap after
{Heap after GC invocations=37 (full 0):
 garbage-first heap   total 103424K, used 71312K [0x00000000d0800000, 0x0000000100000000)
  region size 1024K, 3 young (3072K), 3 survivors (3072K)
 Metaspace       used 77806K, capacity 78661K, committed 78720K, reserved 1128448K
  class space    used 8471K, capacity 8802K, committed 8832K, reserved 1048576K
}

Deoptimization events (20 events):
Event: 34.183 Thread 0x0000000000142000 Uncommon trap: trap_request=0xffffffde fr.pc=0x000000000e01c4b8 relative=0x0000000000000c58
Event: 34.183 Thread 0x0000000000142000 Uncommon trap: reason=class_check action=maybe_recompile pc=0x000000000e01c4b8 method=org.jetbrains.kotlin.serialization.deserialization.descriptors.DeserializedMemberScope$OptimizedImplementation.getContributedVariables(Lorg/jetbrains/kotlin/name/Name;Lo
Event: 34.183 Thread 0x0000000000142000 DEOPT PACKING pc=0x000000000e01c4b8 sp=0x000000000234d880
Event: 34.183 Thread 0x0000000000142000 DEOPT UNPACKING pc=0x0000000006266929 sp=0x000000000234d840 mode 2
Event: 34.183 Thread 0x0000000000142000 Uncommon trap: trap_request=0xffffffde fr.pc=0x000000000e01c4b8 relative=0x0000000000000c58
Event: 34.183 Thread 0x0000000000142000 Uncommon trap: reason=class_check action=maybe_recompile pc=0x000000000e01c4b8 method=org.jetbrains.kotlin.serialization.deserialization.descriptors.DeserializedMemberScope$OptimizedImplementation.getContributedVariables(Lorg/jetbrains/kotlin/name/Name;Lo
Event: 34.183 Thread 0x0000000000142000 DEOPT PACKING pc=0x000000000e01c4b8 sp=0x000000000234d880
Event: 34.183 Thread 0x0000000000142000 DEOPT UNPACKING pc=0x0000000006266929 sp=0x000000000234d840 mode 2
Event: 34.183 Thread 0x0000000000142000 Uncommon trap: trap_request=0xffffffde fr.pc=0x000000000e01c4b8 relative=0x0000000000000c58
Event: 34.183 Thread 0x0000000000142000 Uncommon trap: reason=class_check action=maybe_recompile pc=0x000000000e01c4b8 method=org.jetbrains.kotlin.serialization.deserialization.descriptors.DeserializedMemberScope$OptimizedImplementation.getContributedVariables(Lorg/jetbrains/kotlin/name/Name;Lo
Event: 34.183 Thread 0x0000000000142000 DEOPT PACKING pc=0x000000000e01c4b8 sp=0x000000000234d880
Event: 34.183 Thread 0x0000000000142000 DEOPT UNPACKING pc=0x0000000006266929 sp=0x000000000234d840 mode 2
Event: 34.186 Thread 0x0000000000142000 Uncommon trap: trap_request=0xffffffc6 fr.pc=0x000000000e160960 relative=0x0000000000000aa0
Event: 34.186 Thread 0x0000000000142000 Uncommon trap: reason=bimorphic_or_optimized_type_check action=maybe_recompile pc=0x000000000e160960 method=org.jetbrains.kotlin.descriptors.impl.FunctionDescriptorImpl.isOperator()Z @ 44 c2
Event: 34.186 Thread 0x0000000000142000 DEOPT PACKING pc=0x000000000e160960 sp=0x000000000234d5f0
Event: 34.186 Thread 0x0000000000142000 DEOPT UNPACKING pc=0x0000000006266929 sp=0x000000000234d5a8 mode 2
Event: 34.304 Thread 0x0000000000142000 Uncommon trap: trap_request=0xffffffc6 fr.pc=0x000000000e160960 relative=0x0000000000000aa0
Event: 34.304 Thread 0x0000000000142000 Uncommon trap: reason=bimorphic_or_optimized_type_check action=maybe_recompile pc=0x000000000e160960 method=org.jetbrains.kotlin.descriptors.impl.FunctionDescriptorImpl.isOperator()Z @ 44 c2
Event: 34.304 Thread 0x0000000000142000 DEOPT PACKING pc=0x000000000e160960 sp=0x000000000234d590
Event: 34.304 Thread 0x0000000000142000 DEOPT UNPACKING pc=0x0000000006266929 sp=0x000000000234d548 mode 2

Classes redefined (0 events):
No events

Internal exceptions (20 events):
Event: 15.223 Thread 0x0000000000142000 Implicit null exception at 0x000000000ded612f to 0x000000000ded615c
Event: 15.460 Thread 0x0000000000142000 Exception <a 'java/lang/NoSuchMethodError'{0x00000000d5b2bc90}: 'java.lang.Object java.lang.invoke.DirectMethodHandle$Holder.invokeStaticInit(java.lang.Object, java.lang.Object, java.lang.Object)'> (0x00000000d5b2bc90) thrown at [./src/hotspot/share/interpreter/linkResolver.cpp, line 773]
Event: 16.571 Thread 0x0000000000142000 Exception <a 'java/lang/NoSuchMethodError'{0x00000000d50463b0}: 'int java.lang.invoke.DirectMethodHandle$Holder.invokeInterface(java.lang.Object, java.lang.Object)'> (0x00000000d50463b0) thrown at [./src/hotspot/share/interpreter/linkResolver.cpp, line 773]
Event: 16.930 Thread 0x0000000000142000 Exception <a 'java/lang/NoSuchMethodError'{0x00000000d4bdec30}: 'int java.lang.invoke.DirectMethodHandle$Holder.invokeStaticInit(java.lang.Object, int)'> (0x00000000d4bdec30) thrown at [./src/hotspot/share/interpreter/linkResolver.cpp, line 773]
Event: 19.009 Thread 0x0000000000142000 Exception <a 'java/lang/NoSuchMethodError'{0x00000000d4aa7ed0}: 'java.lang.Object java.lang.invoke.Invokers$Holder.linkToTargetMethod(java.lang.Object, java.lang.Object, java.lang.Object, int, int, java.lang.Object)'> (0x00000000d4aa7ed0) thrown at [./src/hotspot/share/interpreter/linkResolver.cpp, line 773]
Event: 19.112 Thread 0x0000000000142000 Exception <a 'java/lang/NoSuchMethodError'{0x00000000d6b667d8}: 'int java.lang.invoke.DirectMethodHandle$Holder.invokeVirtual(java.lang.Object, java.lang.Object, java.lang.Object)'> (0x00000000d6b667d8) thrown at [./src/hotspot/share/interpreter/linkResolver.cpp, line 773]
Event: 19.511 Thread 0x0000000000142000 Exception <a 'java/lang/IncompatibleClassChangeError'{0x00000000d67001a8}: Found class java.lang.Object, but interface was expected> (0x00000000d67001a8) thrown at [./src/hotspot/share/interpreter/linkResolver.cpp, line 839]
Event: 20.103 Thread 0x0000000000142000 Implicit null exception at 0x000000000dd5864e to 0x000000000dd58de6
Event: 20.103 Thread 0x0000000000142000 Implicit null exception at 0x000000000dd757af to 0x000000000dd75819
Event: 20.263 Thread 0x0000000000142000 Exception <a 'java/lang/NoSuchMethodError'{0x00000000d5f93370}: 'java.lang.Object java.lang.invoke.DirectMethodHandle$Holder.invokeStatic(java.lang.Object, int, java.lang.Object, java.lang.Object)'> (0x00000000d5f93370) thrown at [./src/hotspot/share/interpreter/linkResolver.cpp, line 773]
Event: 20.436 Thread 0x0000000000142000 Exception <a 'java/lang/NoSuchMethodError'{0x00000000d5d38850}: 'java.lang.Object java.lang.invoke.Invokers$Holder.linkToTargetMethod(java.lang.Object, java.lang.Object, java.lang.Object, java.lang.Object, java.lang.Object, java.lang.Object, java.lang.Object)'> (0x00000000d5d38850) thrown at [./src/hotspot/share/interpreter/linkResolver.cpp, line 773]
Event: 21.115 Thread 0x0000000000142000 Exception <a 'java/lang/NoSuchMethodError'{0x00000000d6c7da30}: 'java.lang.Object java.lang.invoke.DirectMethodHandle$Holder.invokeInterface(java.lang.Object, java.lang.Object, java.lang.Object)'> (0x00000000d6c7da30) thrown at [./src/hotspot/share/interpreter/linkResolver.cpp, line 773]
Event: 21.116 Thread 0x0000000000142000 Exception <a 'java/lang/IncompatibleClassChangeError'{0x00000000d6c80c60}: Found class java.lang.Object, but interface was expected> (0x00000000d6c80c60) thrown at [./src/hotspot/share/interpreter/linkResolver.cpp, line 839]
Event: 25.172 Thread 0x0000000000142000 Implicit null exception at 0x000000000dff68cc to 0x000000000dff6994
Event: 27.139 Thread 0x0000000000142000 Implicit null exception at 0x000000000df593ec to 0x000000000df59645
Event: 27.470 Thread 0x0000000000142000 Implicit null exception at 0x000000000dd554e5 to 0x000000000dd55690
Event: 28.088 Thread 0x0000000000142000 Implicit null exception at 0x000000000dffaa0f to 0x000000000dffb91c
Event: 28.605 Thread 0x0000000000142000 Implicit null exception at 0x000000000decd543 to 0x000000000decd7d9
Event: 30.817 Thread 0x0000000000142000 Implicit null exception at 0x000000000e12a874 to 0x000000000e12ba78
Event: 31.229 Thread 0x0000000000142000 Implicit null exception at 0x000000000dd616e4 to 0x000000000dd618e8

Events (20 events):
Event: 34.474 loading class org/jetbrains/kotlin/backend/common/lower/DefaultParameterInjector done
Event: 34.476 loading class org/jetbrains/kotlin/backend/common/lower/DefaultParameterInjector$visitDelegatingConstructorCall$1
Event: 34.476 loading class org/jetbrains/kotlin/backend/common/lower/DefaultParameterInjector$visitDelegatingConstructorCall$1 done
Event: 34.477 loading class org/jetbrains/kotlin/backend/common/lower/DefaultParameterCleaner
Event: 34.478 loading class org/jetbrains/kotlin/backend/common/lower/DefaultParameterCleaner done
Event: 34.479 loading class org/jetbrains/kotlin/backend/jvm/lower/InterfaceLowering
Event: 34.479 loading class org/jetbrains/kotlin/backend/jvm/lower/InterfaceLowering done
Event: 34.482 loading class org/jetbrains/kotlin/backend/jvm/lower/InheritedDefaultMethodsOnClassesLowering
Event: 34.482 loading class org/jetbrains/kotlin/backend/jvm/lower/InheritedDefaultMethodsOnClassesLowering done
Event: 34.484 loading class org/jetbrains/kotlin/backend/jvm/lower/InheritedDefaultMethodsOnClassesLoweringKt$findInterfaceImplementation$implementation$1
Event: 34.484 loading class org/jetbrains/kotlin/backend/jvm/lower/InheritedDefaultMethodsOnClassesLoweringKt$findInterfaceImplementation$implementation$1 done
Event: 34.484 loading class org/jetbrains/kotlin/ir/util/IrFakeOverrideUtilsKt
Event: 34.484 loading class org/jetbrains/kotlin/ir/util/IrFakeOverrideUtilsKt done
Event: 34.486 loading class org/jetbrains/kotlin/ir/util/IrFakeOverrideUtilsKt$resolveFakeOverride$2
Event: 34.486 loading class org/jetbrains/kotlin/ir/util/IrFakeOverrideUtilsKt$resolveFakeOverride$2 done
Event: 34.487 loading class org/jetbrains/kotlin/backend/jvm/lower/InheritedDefaultMethodsOnClassesLoweringKt$findInterfaceImplementation$1$1
Event: 34.487 loading class org/jetbrains/kotlin/backend/jvm/lower/InheritedDefaultMethodsOnClassesLoweringKt$findInterfaceImplementation$1$1 done
Event: 34.508 loading class org/jetbrains/kotlin/backend/jvm/lower/ReplaceDefaultImplsOverriddenSymbols
Event: 34.508 loading class org/jetbrains/kotlin/backend/jvm/lower/ReplaceDefaultImplsOverriddenSymbols done
Event: 34.510 Executing VM operation: CollectForMetadataAllocation


Dynamic libraries:
0x000000013f2e0000 - 0x000000013f2ea000 	C:\Program Files\Android\Android Studio\jre\bin\java.exe
0x0000000077360000 - 0x0000000077509000 	C:\Windows\SYSTEM32\ntdll.dll
0x0000000077240000 - 0x000000007735f000 	C:\Windows\system32\kernel32.dll
0x000007fefd4f0000 - 0x000007fefd55b000 	C:\Windows\system32\KERNELBASE.dll
0x000007feeb690000 - 0x000007feeb6a9000 	C:\Program Files\Android\Android Studio\jre\bin\jli.dll
0x000007fef9ec0000 - 0x000007fefa0b4000 	C:\Windows\WinSxS\amd64_microsoft.windows.common-controls_6595b64144ccf1df_6.0.7601.17514_none_fa396087175ac9ac\COMCTL32.dll
0x000007fefdc50000 - 0x000007fefdcef000 	C:\Windows\system32\msvcrt.dll
0x000007fefd920000 - 0x000007fefd987000 	C:\Windows\system32\GDI32.dll
0x0000000077140000 - 0x000000007723a000 	C:\Windows\system32\USER32.dll
0x000007feff200000 - 0x000007feff20e000 	C:\Windows\system32\LPK.dll
0x000007fefecd0000 - 0x000007fefed99000 	C:\Windows\system32\USP10.dll
0x000007feff050000 - 0x000007feff0c1000 	C:\Windows\system32\SHLWAPI.dll
0x000007fef7ee0000 - 0x000007fef7ef7000 	C:\Program Files\Android\Android Studio\jre\bin\VCRUNTIME140.dll
0x000007fef99a0000 - 0x000007fef99a4000 	C:\Windows\system32\api-ms-win-crt-runtime-l1-1-0.dll
0x000007fef98a0000 - 0x000007fef9992000 	C:\Windows\system32\ucrtbase.DLL
0x000007fef9890000 - 0x000007fef9893000 	C:\Windows\system32\api-ms-win-core-timezone-l1-1-0.dll
0x000007fef9880000 - 0x000007fef9883000 	C:\Windows\system32\api-ms-win-core-file-l2-1-0.dll
0x000007fef9870000 - 0x000007fef9873000 	C:\Windows\system32\api-ms-win-core-localization-l1-2-0.dll
0x000007fef9860000 - 0x000007fef9863000 	C:\Windows\system32\api-ms-win-core-synch-l1-2-0.dll
0x000007fef9850000 - 0x000007fef9853000 	C:\Windows\system32\api-ms-win-core-processthreads-l1-1-1.dll
0x000007fef9840000 - 0x000007fef9843000 	C:\Windows\system32\api-ms-win-core-file-l1-2-0.dll
0x000007fef9830000 - 0x000007fef9834000 	C:\Windows\system32\api-ms-win-crt-string-l1-1-0.dll
0x000007fef9820000 - 0x000007fef9823000 	C:\Windows\system32\api-ms-win-crt-heap-l1-1-0.dll
0x000007fef9810000 - 0x000007fef9814000 	C:\Windows\system32\api-ms-win-crt-stdio-l1-1-0.dll
0x000007fef9800000 - 0x000007fef9804000 	C:\Windows\system32\api-ms-win-crt-convert-l1-1-0.dll
0x000007fef97a0000 - 0x000007fef97a3000 	C:\Windows\system32\api-ms-win-crt-environment-l1-1-0.dll
0x000007fef97b0000 - 0x000007fef97b3000 	C:\Windows\system32\api-ms-win-crt-filesystem-l1-1-0.dll
0x000007fef97e0000 - 0x000007fef97e5000 	C:\Windows\system32\api-ms-win-crt-math-l1-1-0.dll
0x000007fef97f0000 - 0x000007fef97f3000 	C:\Windows\system32\api-ms-win-crt-locale-l1-1-0.dll
0x000007fefdd00000 - 0x000007fefdd2e000 	C:\Windows\system32\IMM32.DLL
0x000007fefd810000 - 0x000007fefd919000 	C:\Windows\system32\MSCTF.dll
0x000007feed000000 - 0x000007feed09d000 	C:\Program Files\Android\Android Studio\jre\bin\msvcp140.dll
0x000007fef97d0000 - 0x000007fef97d5000 	C:\Windows\system32\api-ms-win-crt-multibyte-l1-1-0.dll
0x000007fef97c0000 - 0x000007fef97c3000 	C:\Windows\system32\api-ms-win-crt-time-l1-1-0.dll
0x000007fef9790000 - 0x000007fef9793000 	C:\Windows\system32\api-ms-win-crt-utility-l1-1-0.dll
0x000007fee76a0000 - 0x000007fee816f000 	C:\Program Files\Android\Android Studio\jre\bin\server\jvm.dll
0x000007feff590000 - 0x000007feff66b000 	C:\Windows\system32\ADVAPI32.dll
0x000007feff210000 - 0x000007feff22f000 	C:\Windows\SYSTEM32\sechost.dll
0x000007fefeda0000 - 0x000007fefeecd000 	C:\Windows\system32\RPCRT4.dll
0x000007feee590000 - 0x000007feee599000 	C:\Windows\system32\WSOCK32.dll
0x000007fefd720000 - 0x000007fefd76d000 	C:\Windows\system32\WS2_32.dll
0x000007fefdcf0000 - 0x000007fefdcf8000 	C:\Windows\system32\NSI.dll
0x000007fefc200000 - 0x000007fefc23b000 	C:\Windows\system32\WINMM.dll
0x000007fefc160000 - 0x000007fefc16c000 	C:\Windows\system32\VERSION.dll
0x0000000077520000 - 0x0000000077527000 	C:\Windows\system32\PSAPI.DLL
0x000007fef8b10000 - 0x000007fef8b21000 	C:\Program Files\Android\Android Studio\jre\bin\verify.dll
0x000007fef4e40000 - 0x000007fef4f65000 	C:\Windows\system32\DBGHELP.DLL
0x000007fef4870000 - 0x000007fef4899000 	C:\Program Files\Android\Android Studio\jre\bin\java.dll
0x000007fef73a0000 - 0x000007fef73ab000 	C:\Program Files\Android\Android Studio\jre\bin\jimage.dll
0x000007fef4900000 - 0x000007fef4918000 	C:\Program Files\Android\Android Studio\jre\bin\zip.dll
0x000007fefdd30000 - 0x000007fefeab8000 	C:\Windows\system32\SHELL32.dll
0x000007fefeac0000 - 0x000007fefecc3000 	C:\Windows\system32\ole32.dll
0x000007fefd2b0000 - 0x000007fefd2bf000 	C:\Windows\system32\profapi.dll
0x000007fef48d0000 - 0x000007fef48ea000 	C:\Program Files\Android\Android Studio\jre\bin\net.dll
0x000007fef6900000 - 0x000007fef6971000 	C:\Windows\system32\WINHTTP.dll
0x000007fef6890000 - 0x000007fef68f4000 	C:\Windows\system32\webio.dll
0x000007fefcae0000 - 0x000007fefcb35000 	C:\Windows\system32\mswsock.dll
0x000007fefcad0000 - 0x000007fefcad7000 	C:\Windows\System32\wship6.dll
0x000007fef4850000 - 0x000007fef4864000 	C:\Program Files\Android\Android Studio\jre\bin\nio.dll

dbghelp: loaded successfully - version: 4.0.5 - missing functions: none
symbol engine: initialized successfully - sym options: 0x614 - pdb path: .;C:\Program Files\Android\Android Studio\jre\bin;C:\Windows\SYSTEM32;C:\Windows\WinSxS\amd64_microsoft.windows.common-controls_6595b64144ccf1df_6.0.7601.17514_none_fa396087175ac9ac;C:\Program Files\Android\Android Studio\jre\bin\server

VM Arguments:
java_command: org.jetbrains.kotlin.cli.jvm.K2JVMCompiler @F:\LetsChat\app\build\20211014_2009798360575030949.compiler.options
java_class_path (initial): C:\Users\Anu\.gradle\caches\modules-2\files-2.1\org.jetbrains.kotlin\kotlin-compiler-embeddable\1.5.30\3362a354066df1578a057c200da23cf2a1d8144f\kotlin-compiler-embeddable-1.5.30.jar;C:\Users\Anu\.gradle\caches\modules-2\files-2.1\org.jetbrains.kotlin\kotlin-reflect\1.5.30\6773e974437dd6432aa646cc2f8ab71de42b5773\kotlin-reflect-1.5.30.jar;C:\Users\Anu\.gradle\caches\modules-2\files-2.1\org.jetbrains.kotlin\kotlin-stdlib\1.5.30\d68efdea04955974ac1020f8f66ef8176bfbce1f\kotlin-stdlib-1.5.30.jar;C:\Users\Anu\.gradle\caches\modules-2\files-2.1\org.jetbrains.kotlin\kotlin-script-runtime\1.5.30\10697ab20bfd2f1b23baa91306950c36c4e89a8d\kotlin-script-runtime-1.5.30.jar;C:\Users\Anu\.gradle\caches\modules-2\files-2.1\org.jetbrains.kotlin\kotlin-daemon-embeddable\1.5.30\e355dc9011e559a475608265607948109e113ae0\kotlin-daemon-embeddable-1.5.30.jar;C:\Users\Anu\.gradle\caches\modules-2\files-2.1\org.jetbrains.intellij.deps\trove4j\1.0.20181211\216c2e14b070f334479d800987affe4054cd563f\trove4j-1.0.20181211.jar;C:\Users\Anu\.gradle\caches\modules-2\files-2.1\org.jetbrains\annotations\13.0\919f0dfe192fb4e063e7dacadee7f8bb9a2672a9\annotations-13.0.jar;C:\Users\Anu\.gradle\caches\modules-2\files-2.1\org.jetbrains.kotlin\kotlin-stdlib-common\1.5.30\649ffab7767038323fec0cc41e2d7b0a8f65a378\kotlin-stdlib-common-1.5.30.jar
Launcher Type: SUN_STANDARD

[Global flags]
     intx CICompilerCount                          = 2                                         {product} {ergonomic}
     uint ConcGCThreads                            = 1                                         {product} {ergonomic}
     uint G1ConcRefinementThreads                  = 2                                         {product} {ergonomic}
   size_t G1HeapRegionSize                         = 1048576                                   {product} {ergonomic}
    uintx GCDrainStackTargetSize                   = 64                                        {product} {ergonomic}
   size_t InitialHeapSize                          = 50331648                                  {product} {ergonomic}
   size_t MarkStackSize                            = 4194304                                   {product} {ergonomic}
   size_t MaxHeapSize                              = 796917760                                 {product} {ergonomic}
   size_t MaxNewSize                               = 478150656                                 {product} {ergonomic}
   size_t MinHeapDeltaBytes                        = 1048576                                   {product} {ergonomic}
    uintx NonNMethodCodeHeapSize                   = 5825164                                {pd product} {ergonomic}
    uintx NonProfiledCodeHeapSize                  = 122916538                              {pd product} {ergonomic}
    uintx ProfiledCodeHeapSize                     = 122916538                              {pd product} {ergonomic}
    uintx ReservedCodeCacheSize                    = 251658240                              {pd product} {ergonomic}
     bool SegmentedCodeCache                       = true                                      {product} {ergonomic}
     bool UseCompressedClassPointers               = true                                 {lp64_product} {ergonomic}
     bool UseCompressedOops                        = true                                 {lp64_product} {ergonomic}
     bool UseG1GC                                  = true                                      {product} {ergonomic}
     bool UseLargePagesIndividualAllocation        = false                                  {pd product} {ergonomic}

Logging:
Log output configuration:
 #0: stdout all=warning uptime,level,tags
 #1: stderr all=off uptime,level,tags

Environment Variables:
JAVA_HOME=C:\Program Files\Android\Android Studio\jre
PATH=C:\Windows\system32;C:\Windows;C:\Windows\System32\Wbem;C:\Windows\System32\WindowsPowerShell\v1.0\;E:\Git\cmd
USERNAME=Anu
OS=Windows_NT
PROCESSOR_IDENTIFIER=Intel64 Family 6 Model 23 Stepping 10, GenuineIntel



---------------  S Y S T E M  ---------------

OS: Windows 7 , 64 bit Build 7601 (6.1.7601.17514)
OS uptime: 0 days 2:07 hours

CPU:total 2 (initial active 2) (2 cores per cpu, 1 threads per core) family 6 model 23 stepping 10 microcode 0x0, cmov, cx8, fxsr, mmx, sse, sse2, sse3, ssse3, sse4.1, tsc

Memory: 4k page, system-wide physical 3034M (51M free)
TotalPageFile size 4451M (AvailPageFile size 4M)
current process WorkingSet (physical memory assigned to process): 303M, peak: 303M
current process commit charge ("private bytes"): 330M, peak: 330M

vm_info: OpenJDK 64-Bit Server VM (11.0.10+0-b96-7249189) for windows-amd64 JRE (11.0.10+0-b96-7249189), built on Mar 31 2021 21:44:00 by "builder" with MS VC++ 14.0 (VS2015)

END.
