#
# There is insufficient memory for the Java Runtime Environment to continue.
# Native memory allocation (mmap) failed to map 274726912 bytes for Failed to commit area from 0x000000008ed00000 to 0x000000009f300000 of length 274726912.
# Possible reasons:
#   The system is out of physical RAM or swap space
#   The process is running with CompressedOops enabled, and the Java Heap may be blocking the growth of the native heap
# Possible solutions:
#   Reduce memory load on the system
#   Increase physical memory or swap space
#   Check if swap backing store is full
#   Decrease Java heap size (-Xmx/-Xms)
#   Decrease number of Java threads
#   Decrease Java thread stack sizes (-Xss)
#   Set larger code cache with -XX:ReservedCodeCacheSize=
#   JVM is running with Unscaled Compressed Oops mode in which the Java heap is
#     placed in the first 4GB address space. The Java Heap base address is the
#     maximum limit for the native heap growth. Please use -XX:HeapBaseMinAddress
#     to set the Java Heap base and to place the Java Heap above 4GB virtual address.
# This output file may be truncated or incomplete.
#
#  Out of Memory Error (./src/hotspot/os/windows/os_windows.cpp:3301), pid=2684, tid=2012
#
# JRE version: OpenJDK Runtime Environment (11.0.10) (build 11.0.10+0-b96-7249189)
# Java VM: OpenJDK 64-Bit Server VM (11.0.10+0-b96-7249189, mixed mode, tiered, compressed oops, g1 gc, windows-amd64)
# No core dump will be written. Minidumps are not enabled by default on client versions of Windows
#

---------------  S U M M A R Y ------------

Command Line: --add-opens=java.base/java.util=ALL-UNNAMED --add-opens=java.base/java.lang=ALL-UNNAMED --add-opens=java.base/java.lang.invoke=ALL-UNNAMED --add-opens=java.base/java.util=ALL-UNNAMED --add-opens=java.prefs/java.util.prefs=ALL-UNNAMED --add-opens=java.prefs/java.util.prefs=ALL-UNNAMED --add-opens=java.base/java.nio.charset=ALL-UNNAMED --add-opens=java.base/java.net=ALL-UNNAMED --add-opens=java.base/java.util.concurrent.atomic=ALL-UNNAMED -Xmx2048m -Dfile.encoding=UTF-8 -Duser.country=US -Duser.language=en -Duser.variant org.gradle.launcher.daemon.bootstrap.GradleDaemon 7.0.2

Host: Intel(R) Core(TM)2 Duo CPU     T6500  @ 2.10GHz, 2 cores, 2G,  Windows 7 , 64 bit Build 7601 (6.1.7601.17514)
Time: Sun Oct  3 01:45:17 2021 Malay Peninsula Standard Time elapsed time: 1206.631406 seconds (0d 0h 20m 6s)

---------------  T H R E A D  ---------------

Current thread (0x000000005d4e5800):  VMThread "VM Thread" [stack: 0x000000005d760000,0x000000005d860000] [id=2012]

Stack: [0x000000005d760000,0x000000005d860000]
[error occurred during error reporting (printing stack bounds), id 0xc0000005, EXCEPTION_ACCESS_VIOLATION (0xc0000005) at pc=0x0000000006210f3d]

Native frames: (J=compiled Java code, j=interpreted, Vv=VM code, C=native code)
V  [jvm.dll+0x5ecfaa]
V  [jvm.dll+0x722bd5]
V  [jvm.dll+0x72412d]
V  [jvm.dll+0x724745]
V  [jvm.dll+0x7246fb]
V  [jvm.dll+0x5ec348]
V  [jvm.dll+0x5ecad8]
C  [ntdll.dll+0x29d0d]
C  [ntdll.dll+0x191af]
C  [ntdll.dll+0x51278]
C  0x0000000006210f3d

VM_Operation (0x000000006fc4b370): G1CollectForAllocation, mode: safepoint, requested by thread 0x000000006021a000


---------------  P R O C E S S  ---------------

Threads class SMR info:
_java_thread_list=0x0000000060bc0f60, length=46, elements={
0x0000000000202800, 0x000000005d4e9000, 0x000000005d4eb000, 0x000000005d500000,
0x000000005d503000, 0x000000005d504800, 0x000000005d50e800, 0x000000005d511000,
0x000000005d518800, 0x000000005e1c9000, 0x00000000601d2800, 0x000000005fe06800,
0x000000005f70d000, 0x0000000060214800, 0x0000000060215800, 0x0000000060216000,
0x0000000060218000, 0x0000000060218800, 0x000000006210b000, 0x000000006210c800,
0x000000006210d800, 0x000000006210e800, 0x0000000062727800, 0x000000006272b800,
0x0000000061428000, 0x0000000061429000, 0x000000006142a000, 0x000000006142a800,
0x0000000066c3d000, 0x00000000622f7800, 0x0000000066c3b800, 0x0000000066c3c800,
0x00000000622f7000, 0x00000000622f8800, 0x00000000622f9800, 0x00000000622fa000,
0x00000000622fb000, 0x00000000622fc000, 0x00000000622fc800, 0x0000000062726800,
0x000000006272c800, 0x0000000062729000, 0x000000006272a800, 0x000000006272a000,
0x0000000062725800, 0x000000006021a000
}

Java Threads: ( => current thread )
  0x0000000000202800 JavaThread "main" [_thread_blocked, id=2256, stack(0x00000000021f0000,0x00000000022f0000)]
  0x000000005d4e9000 JavaThread "Reference Handler" daemon [_thread_blocked, id=2276, stack(0x000000005d920000,0x000000005da20000)]
  0x000000005d4eb000 JavaThread "Finalizer" daemon [_thread_blocked, id=3896, stack(0x000000005db20000,0x000000005dc20000)]
  0x000000005d500000 JavaThread "Signal Dispatcher" daemon [_thread_blocked, id=4820, stack(0x000000005da20000,0x000000005db20000)]
  0x000000005d503000 JavaThread "Attach Listener" daemon [_thread_blocked, id=4912, stack(0x000000005ddb0000,0x000000005deb0000)]
  0x000000005d504800 JavaThread "Service Thread" daemon [_thread_blocked, id=3420, stack(0x000000005dc60000,0x000000005dd60000)]
  0x000000005d50e800 JavaThread "C2 CompilerThread0" daemon [_thread_blocked, id=4524, stack(0x000000005df10000,0x000000005e010000)]
  0x000000005d511000 JavaThread "C1 CompilerThread0" daemon [_thread_blocked, id=3892, stack(0x000000005e040000,0x000000005e140000)]
  0x000000005d518800 JavaThread "Sweeper thread" daemon [_thread_blocked, id=4472, stack(0x000000005d630000,0x000000005d730000)]
  0x000000005e1c9000 JavaThread "Common-Cleaner" daemon [_thread_blocked, id=4372, stack(0x000000005e730000,0x000000005e830000)]
  0x00000000601d2800 JavaThread "Daemon health stats" [_thread_blocked, id=2052, stack(0x00000000618c0000,0x00000000619c0000)]
  0x000000005fe06800 JavaThread "Incoming local TCP Connector on port 53633" [_thread_in_native, id=1020, stack(0x00000000619d0000,0x0000000061ad0000)]
  0x000000005f70d000 JavaThread "Daemon periodic checks" [_thread_blocked, id=3856, stack(0x0000000062e10000,0x0000000062f10000)]
  0x0000000060214800 JavaThread "Cache worker for file hash cache (C:\Users\Anu\.gradle\caches\7.0.2\fileHashes)" [_thread_blocked, id=3408, stack(0x0000000063c60000,0x0000000063d60000)]
  0x0000000060215800 JavaThread "File lock request listener" [_thread_in_native, id=4852, stack(0x0000000063ec0000,0x0000000063fc0000)]
  0x0000000060216000 JavaThread "Cache worker for journal cache (C:\Users\Anu\.gradle\caches\journal-1)" [_thread_blocked, id=224, stack(0x0000000064290000,0x0000000064390000)]
  0x0000000060218000 JavaThread "File watcher server" daemon [_thread_blocked, id=2240, stack(0x0000000064830000,0x0000000064930000)]
  0x0000000060218800 JavaThread "File watcher consumer" daemon [_thread_blocked, id=5060, stack(0x0000000064970000,0x0000000064a70000)]
  0x000000006210b000 JavaThread "Cache worker for execution history cache (C:\Users\Anu\.gradle\caches\7.0.2\executionHistory)" [_thread_blocked, id=3716, stack(0x00000000651f0000,0x00000000652f0000)]
  0x000000006210c800 JavaThread "jar transforms" [_thread_blocked, id=4592, stack(0x0000000065910000,0x0000000065a10000)]
  0x000000006210d800 JavaThread "jar transforms Thread 2" [_thread_blocked, id=4936, stack(0x0000000065a20000,0x0000000065b20000)]
  0x000000006210e800 JavaThread "Cache worker for file content cache (C:\Users\Anu\.gradle\caches\7.0.2\fileContent)" [_thread_blocked, id=4036, stack(0x0000000065e10000,0x0000000065f10000)]
  0x0000000062727800 JavaThread "Memory manager" [_thread_blocked, id=1964, stack(0x0000000067c40000,0x0000000067d40000)]
  0x000000006272b800 JavaThread "RMI Scheduler(0)" daemon [_thread_blocked, id=3536, stack(0x000000006b970000,0x000000006ba70000)]
  0x0000000061428000 JavaThread "RMI GC Daemon" daemon [_thread_blocked, id=4844, stack(0x000000006bb20000,0x000000006bc20000)]
  0x0000000061429000 JavaThread "RMI TCP Accept-0" daemon [_thread_in_native, id=4784, stack(0x000000006ade0000,0x000000006aee0000)]
  0x000000006142a000 JavaThread "RMI Reaper" [_thread_blocked, id=2396, stack(0x000000006bc90000,0x000000006bd90000)]
  0x000000006142a800 JavaThread "Daemon Thread 2" [_thread_blocked, id=1812, stack(0x00000000633b0000,0x00000000634b0000)]
  0x0000000066c3d000 JavaThread "Daemon worker Thread 2" [_thread_blocked, id=4152, stack(0x0000000063510000,0x0000000063610000)]
  0x00000000622f7800 JavaThread "RMI TCP Connection(idle)" daemon [_thread_blocked, id=4512, stack(0x0000000064710000,0x0000000064810000)]
  0x0000000066c3b800 JavaThread "Handler for socket connection from /127.0.0.1:53633 to /127.0.0.1:53764" [_thread_in_native, id=4184, stack(0x0000000063730000,0x0000000063830000)]
  0x0000000066c3c800 JavaThread "Cancel handler" [_thread_blocked, id=2800, stack(0x0000000063880000,0x0000000063980000)]
  0x00000000622f7000 JavaThread "Asynchronous log dispatcher for DefaultDaemonConnection: socket connection from /127.0.0.1:53633 to /127.0.0.1:53764" [_thread_blocked, id=4800, stack(0x00000000645f0000,0x00000000646f0000)]
  0x00000000622f8800 JavaThread "Daemon client event forwarder" [_thread_blocked, id=5040, stack(0x0000000063d80000,0x0000000063e80000)]
  0x00000000622f9800 JavaThread "Cache worker for file hash cache (F:\LetsChat\.gradle\7.0.2\fileHashes)" [_thread_blocked, id=996, stack(0x0000000064ce0000,0x0000000064de0000)]
  0x00000000622fa000 JavaThread "Cache worker for checksums cache (F:\LetsChat\.gradle\checksums)" [_thread_blocked, id=5084, stack(0x000000005e850000,0x000000005e950000)]
  0x00000000622fb000 JavaThread "Cache worker for cache directory md-supplier (C:\Users\Anu\.gradle\caches\7.0.2\md-supplier)" [_thread_blocked, id=3516, stack(0x0000000064e70000,0x0000000064f70000)]
  0x00000000622fc000 JavaThread "Cache worker for cache directory md-rule (C:\Users\Anu\.gradle\caches\7.0.2\md-rule)" [_thread_blocked, id=3460, stack(0x0000000067670000,0x0000000067770000)]
  0x00000000622fc800 JavaThread "Cache worker for dependencies-accessors (F:\LetsChat\.gradle\7.0.2\dependencies-accessors)" [_thread_blocked, id=4452, stack(0x000000006af40000,0x000000006b040000)]
  0x0000000062726800 JavaThread "Cache worker for Build Output Cleanup Cache (F:\LetsChat\.gradle\buildOutputCleanup)" [_thread_blocked, id=4428, stack(0x000000006cfd0000,0x000000006d0d0000)]
  0x000000006272c800 JavaThread "Build operations" [_thread_blocked, id=3800, stack(0x0000000066310000,0x0000000066410000)]
  0x0000000062729000 JavaThread "Build operations Thread 2" [_thread_blocked, id=2420, stack(0x00000000617b0000,0x00000000618b0000)]
  0x000000006272a800 JavaThread "build event listener" [_thread_blocked, id=1292, stack(0x000000006f450000,0x000000006f550000)]
  0x000000006272a000 JavaThread "Execution worker for ':'" [_thread_blocked, id=4880, stack(0x000000006f8a0000,0x000000006f9a0000)]
  0x0000000062725800 JavaThread "Cache worker for execution history cache (F:\LetsChat\.gradle\7.0.2\executionHistory)" [_thread_blocked, id=3380, stack(0x000000006f9b0000,0x000000006fab0000)]
  0x000000006021a000 JavaThread "WorkerExecutor Queue" [_thread_blocked, id=780, stack(0x000000006fb50000,0x000000006fc50000)]

Other Threads:
=>0x000000005d4e5800 VMThread "VM Thread" [stack: 0x000000005d760000,0x000000005d860000] [id=2012]
  0x000000005e218000 WatcherThread [stack: 0x000000005e5e0000,0x000000005e6e0000] [id=2956]
  0x000000000021a800 GCTaskThread "GC Thread#0" [stack: 0x00000000154e0000,0x00000000155e0000] [id=4208]
  0x000000005e2c6800 GCTaskThread "GC Thread#1" [stack: 0x000000005eae0000,0x000000005ebe0000] [id=4408]
  0x000000000024a000 ConcurrentGCThread "G1 Main Marker" [stack: 0x000000001a380000,0x000000001a480000] [id=4652]
  0x000000000024c000 ConcurrentGCThread "G1 Conc#0" [stack: 0x000000001a670000,0x000000001a770000] [id=1708]
  0x0000000000293800 ConcurrentGCThread "G1 Refine#0" [stack: 0x000000001c910000,0x000000001ca10000] [id=4924]
  0x0000000000294800 ConcurrentGCThread "G1 Young RemSet Sampling" [stack: 0x000000001ca20000,0x000000001cb20000] [id=2368]

Threads with active compile tasks:
C2 CompilerThread01207088 19143       4       com.sun.tools.javac.code.Flags::asModifierSet (285 bytes)

VM state:at safepoint (normal execution)

VM Mutex/Monitor currently owned by a thread:  ([mutex/lock_event])
[0x00000000001feb70] Threads_lock - owner thread: 0x000000005d4e5800
[0x00000000001ff350] Heap_lock - owner thread: 0x000000006021a000

Heap address: 0x0000000080000000, size: 2048 MB, Compressed Oops mode: 32-bit
Narrow klass base: 0x0000000000000000, Narrow klass shift: 0
Compressed class space size: 1073741824 Address: 0x000000001cb20000

Heap:
 garbage-first heap   total 510976K, used 148754K [0x0000000080000000, 0x0000000100000000)
  region size 1024K, 3 young (3072K), 3 survivors (3072K)
 Metaspace       used 150682K, capacity 155121K, committed 155340K, reserved 1183744K
  class space    used 18812K, capacity 20417K, committed 20428K, reserved 1048576K
Heap Regions: E=young(eden), S=young(survivor), O=old, HS=humongous(starts), HC=humongous(continues), CS=collection set, F=free, A=archive, TAMS=top-at-mark-start (previous, next)
|   0|0x0000000080000000, 0x0000000080100000, 0x0000000080100000|100%| O|  |TAMS 0x0000000080100000, 0x0000000080100000| Untracked 
|   1|0x0000000080100000, 0x0000000080200000, 0x0000000080200000|100%| O|  |TAMS 0x0000000080100000, 0x0000000080200000| Untracked 
|   2|0x0000000080200000, 0x0000000080300000, 0x0000000080300000|100%| O|  |TAMS 0x0000000080300000, 0x0000000080300000| Untracked 
|   3|0x0000000080300000, 0x0000000080400000, 0x0000000080400000|100%| O|  |TAMS 0x0000000080400000, 0x0000000080400000| Untracked 
|   4|0x0000000080400000, 0x0000000080500000, 0x0000000080500000|100%|HS|  |TAMS 0x0000000080500000, 0x0000000080500000| Complete 
|   5|0x0000000080500000, 0x0000000080600000, 0x0000000080600000|100%|HC|  |TAMS 0x0000000080600000, 0x0000000080600000| Complete 
|   6|0x0000000080600000, 0x0000000080700000, 0x0000000080700000|100%|HC|  |TAMS 0x0000000080700000, 0x0000000080700000| Complete 
|   7|0x0000000080700000, 0x0000000080800000, 0x0000000080800000|100%| O|  |TAMS 0x0000000080800000, 0x0000000080800000| Untracked 
|   8|0x0000000080800000, 0x0000000080900000, 0x0000000080900000|100%| O|  |TAMS 0x0000000080900000, 0x0000000080900000| Untracked 
|   9|0x0000000080900000, 0x0000000080a00000, 0x0000000080a00000|100%| O|  |TAMS 0x0000000080a00000, 0x0000000080a00000| Untracked 
|  10|0x0000000080a00000, 0x0000000080b00000, 0x0000000080b00000|100%| O|  |TAMS 0x0000000080b00000, 0x0000000080b00000| Untracked 
|  11|0x0000000080b00000, 0x0000000080c00000, 0x0000000080c00000|100%| O|  |TAMS 0x0000000080c00000, 0x0000000080c00000| Untracked 
|  12|0x0000000080c00000, 0x0000000080d00000, 0x0000000080d00000|100%| O|  |TAMS 0x0000000080d00000, 0x0000000080d00000| Untracked 
|  13|0x0000000080d00000, 0x0000000080e00000, 0x0000000080e00000|100%| O|  |TAMS 0x0000000080e00000, 0x0000000080e00000| Untracked 
|  14|0x0000000080e00000, 0x0000000080f00000, 0x0000000080f00000|100%| O|  |TAMS 0x0000000080f00000, 0x0000000080f00000| Untracked 
|  15|0x0000000080f00000, 0x0000000081000000, 0x0000000081000000|100%| O|  |TAMS 0x0000000081000000, 0x0000000081000000| Untracked 
|  16|0x0000000081000000, 0x0000000081100000, 0x0000000081100000|100%| O|  |TAMS 0x0000000081100000, 0x0000000081100000| Untracked 
|  17|0x0000000081100000, 0x0000000081200000, 0x0000000081200000|100%| O|  |TAMS 0x0000000081200000, 0x0000000081200000| Untracked 
|  18|0x0000000081200000, 0x0000000081300000, 0x0000000081300000|100%| O|  |TAMS 0x0000000081300000, 0x0000000081300000| Untracked 
|  19|0x0000000081300000, 0x0000000081400000, 0x0000000081400000|100%| O|  |TAMS 0x0000000081400000, 0x0000000081400000| Untracked 
|  20|0x0000000081400000, 0x0000000081500000, 0x0000000081500000|100%| O|  |TAMS 0x0000000081500000, 0x0000000081500000| Untracked 
|  21|0x0000000081500000, 0x0000000081600000, 0x0000000081600000|100%| O|  |TAMS 0x0000000081600000, 0x0000000081600000| Untracked 
|  22|0x0000000081600000, 0x0000000081700000, 0x0000000081700000|100%| O|  |TAMS 0x0000000081700000, 0x0000000081700000| Untracked 
|  23|0x0000000081700000, 0x0000000081800000, 0x0000000081800000|100%| O|  |TAMS 0x0000000081800000, 0x0000000081800000| Untracked 
|  24|0x0000000081800000, 0x0000000081900000, 0x0000000081900000|100%| O|  |TAMS 0x0000000081900000, 0x0000000081900000| Untracked 
|  25|0x0000000081900000, 0x0000000081a00000, 0x0000000081a00000|100%|HS|  |TAMS 0x0000000081a00000, 0x0000000081a00000| Complete 
|  26|0x0000000081a00000, 0x0000000081b00000, 0x0000000081b00000|100%| O|  |TAMS 0x0000000081b00000, 0x0000000081b00000| Untracked 
|  27|0x0000000081b00000, 0x0000000081c00000, 0x0000000081c00000|100%| O|  |TAMS 0x0000000081c00000, 0x0000000081c00000| Untracked 
|  28|0x0000000081c00000, 0x0000000081d00000, 0x0000000081d00000|100%|HS|  |TAMS 0x0000000081d00000, 0x0000000081d00000| Complete 
|  29|0x0000000081d00000, 0x0000000081e00000, 0x0000000081e00000|100%|HS|  |TAMS 0x0000000081e00000, 0x0000000081e00000| Complete 
|  30|0x0000000081e00000, 0x0000000081f00000, 0x0000000081f00000|100%|HS|  |TAMS 0x0000000081f00000, 0x0000000081f00000| Complete 
|  31|0x0000000081f00000, 0x0000000082000000, 0x0000000082000000|100%|HC|  |TAMS 0x0000000082000000, 0x0000000082000000| Complete 
|  32|0x0000000082000000, 0x0000000082100000, 0x0000000082100000|100%|HC|  |TAMS 0x0000000082100000, 0x0000000082100000| Complete 
|  33|0x0000000082100000, 0x0000000082200000, 0x0000000082200000|100%|HS|  |TAMS 0x0000000082200000, 0x0000000082200000| Complete 
|  34|0x0000000082200000, 0x0000000082300000, 0x0000000082300000|100%|HC|  |TAMS 0x0000000082300000, 0x0000000082300000| Complete 
|  35|0x0000000082300000, 0x0000000082400000, 0x0000000082400000|100%| O|  |TAMS 0x0000000082400000, 0x0000000082400000| Untracked 
|  36|0x0000000082400000, 0x0000000082500000, 0x0000000082500000|100%| O|  |TAMS 0x0000000082500000, 0x0000000082500000| Untracked 
|  37|0x0000000082500000, 0x0000000082600000, 0x0000000082600000|100%| O|  |TAMS 0x0000000082600000, 0x0000000082600000| Untracked 
|  38|0x0000000082600000, 0x0000000082700000, 0x0000000082700000|100%| O|  |TAMS 0x0000000082700000, 0x0000000082700000| Untracked 
|  39|0x0000000082700000, 0x0000000082800000, 0x0000000082800000|100%| O|  |TAMS 0x0000000082800000, 0x0000000082800000| Untracked 
|  40|0x0000000082800000, 0x0000000082900000, 0x0000000082900000|100%| O|  |TAMS 0x0000000082900000, 0x0000000082900000| Untracked 
|  41|0x0000000082900000, 0x0000000082a00000, 0x0000000082a00000|100%| O|  |TAMS 0x0000000082a00000, 0x0000000082a00000| Untracked 
|  42|0x0000000082a00000, 0x0000000082b00000, 0x0000000082b00000|100%| O|  |TAMS 0x0000000082b00000, 0x0000000082b00000| Untracked 
|  43|0x0000000082b00000, 0x0000000082c00000, 0x0000000082c00000|100%| O|  |TAMS 0x0000000082c00000, 0x0000000082c00000| Untracked 
|  44|0x0000000082c00000, 0x0000000082d00000, 0x0000000082d00000|100%| O|  |TAMS 0x0000000082d00000, 0x0000000082d00000| Untracked 
|  45|0x0000000082d00000, 0x0000000082e00000, 0x0000000082e00000|100%| O|  |TAMS 0x0000000082e00000, 0x0000000082e00000| Untracked 
|  46|0x0000000082e00000, 0x0000000082f00000, 0x0000000082f00000|100%| O|  |TAMS 0x0000000082f00000, 0x0000000082f00000| Untracked 
|  47|0x0000000082f00000, 0x0000000083000000, 0x0000000083000000|100%| O|  |TAMS 0x0000000083000000, 0x0000000083000000| Untracked 
|  48|0x0000000083000000, 0x0000000083100000, 0x0000000083100000|100%| O|  |TAMS 0x0000000083100000, 0x0000000083100000| Untracked 
|  49|0x0000000083100000, 0x0000000083200000, 0x0000000083200000|100%| O|  |TAMS 0x0000000083200000, 0x0000000083200000| Untracked 
|  50|0x0000000083200000, 0x0000000083300000, 0x0000000083300000|100%| O|  |TAMS 0x0000000083300000, 0x0000000083300000| Untracked 
|  51|0x0000000083300000, 0x0000000083400000, 0x0000000083400000|100%| O|  |TAMS 0x0000000083400000, 0x0000000083400000| Untracked 
|  52|0x0000000083400000, 0x0000000083500000, 0x0000000083500000|100%| O|  |TAMS 0x0000000083500000, 0x0000000083500000| Untracked 
|  53|0x0000000083500000, 0x0000000083600000, 0x0000000083600000|100%| O|  |TAMS 0x0000000083500000, 0x0000000083600000| Untracked 
|  54|0x0000000083600000, 0x0000000083700000, 0x0000000083700000|100%| O|  |TAMS 0x0000000083700000, 0x0000000083700000| Untracked 
|  55|0x0000000083700000, 0x0000000083800000, 0x0000000083800000|100%| O|  |TAMS 0x0000000083800000, 0x0000000083800000| Untracked 
|  56|0x0000000083800000, 0x0000000083900000, 0x0000000083900000|100%| O|  |TAMS 0x0000000083900000, 0x0000000083900000| Untracked 
|  57|0x0000000083900000, 0x0000000083a00000, 0x0000000083a00000|100%| O|  |TAMS 0x0000000083a00000, 0x0000000083a00000| Untracked 
|  58|0x0000000083a00000, 0x0000000083b00000, 0x0000000083b00000|100%| O|  |TAMS 0x0000000083b00000, 0x0000000083b00000| Untracked 
|  59|0x0000000083b00000, 0x0000000083c00000, 0x0000000083c00000|100%| O|  |TAMS 0x0000000083c00000, 0x0000000083c00000| Untracked 
|  60|0x0000000083c00000, 0x0000000083d00000, 0x0000000083d00000|100%| O|  |TAMS 0x0000000083d00000, 0x0000000083d00000| Untracked 
|  61|0x0000000083d00000, 0x0000000083e00000, 0x0000000083e00000|100%| O|  |TAMS 0x0000000083da3400, 0x0000000083e00000| Untracked 
|  62|0x0000000083e00000, 0x0000000083f00000, 0x0000000083f00000|100%| O|  |TAMS 0x0000000083f00000, 0x0000000083f00000| Untracked 
|  63|0x0000000083f00000, 0x0000000084000000, 0x0000000084000000|100%| O|  |TAMS 0x0000000084000000, 0x0000000084000000| Untracked 
|  64|0x0000000084000000, 0x0000000084100000, 0x0000000084100000|100%| O|  |TAMS 0x0000000084100000, 0x0000000084100000| Untracked 
|  65|0x0000000084100000, 0x0000000084200000, 0x0000000084200000|100%| O|  |TAMS 0x0000000084100000, 0x0000000084200000| Untracked 
|  66|0x0000000084200000, 0x0000000084300000, 0x0000000084300000|100%| O|  |TAMS 0x0000000084300000, 0x0000000084300000| Untracked 
|  67|0x0000000084300000, 0x0000000084400000, 0x0000000084400000|100%| O|  |TAMS 0x0000000084400000, 0x0000000084400000| Untracked 
|  68|0x0000000084400000, 0x0000000084500000, 0x0000000084500000|100%| O|  |TAMS 0x0000000084500000, 0x0000000084500000| Untracked 
|  69|0x0000000084500000, 0x0000000084600000, 0x0000000084600000|100%| O|  |TAMS 0x0000000084500000, 0x0000000084600000| Untracked 
|  70|0x0000000084600000, 0x0000000084700000, 0x0000000084700000|100%| O|  |TAMS 0x0000000084700000, 0x0000000084700000| Untracked 
|  71|0x0000000084700000, 0x0000000084800000, 0x0000000084800000|100%| O|  |TAMS 0x0000000084800000, 0x0000000084800000| Untracked 
|  72|0x0000000084800000, 0x0000000084900000, 0x0000000084900000|100%| O|  |TAMS 0x0000000084900000, 0x0000000084900000| Untracked 
|  73|0x0000000084900000, 0x0000000084a00000, 0x0000000084a00000|100%| O|  |TAMS 0x0000000084a00000, 0x0000000084a00000| Untracked 
|  74|0x0000000084a00000, 0x0000000084b00000, 0x0000000084b00000|100%| O|  |TAMS 0x0000000084b00000, 0x0000000084b00000| Untracked 
|  75|0x0000000084b00000, 0x0000000084c00000, 0x0000000084c00000|100%| O|  |TAMS 0x0000000084c00000, 0x0000000084c00000| Untracked 
|  76|0x0000000084c00000, 0x0000000084d00000, 0x0000000084d00000|100%| O|  |TAMS 0x0000000084d00000, 0x0000000084d00000| Untracked 
|  77|0x0000000084d00000, 0x0000000084e00000, 0x0000000084e00000|100%| O|  |TAMS 0x0000000084e00000, 0x0000000084e00000| Untracked 
|  78|0x0000000084e00000, 0x0000000084f00000, 0x0000000084f00000|100%| O|  |TAMS 0x0000000084f00000, 0x0000000084f00000| Untracked 
|  79|0x0000000084f00000, 0x0000000085000000, 0x0000000085000000|100%| O|  |TAMS 0x0000000085000000, 0x0000000085000000| Untracked 
|  80|0x0000000085000000, 0x0000000085100000, 0x0000000085100000|100%| O|  |TAMS 0x0000000085100000, 0x0000000085100000| Untracked 
|  81|0x0000000085100000, 0x0000000085200000, 0x0000000085200000|100%| O|  |TAMS 0x0000000085200000, 0x0000000085200000| Untracked 
|  82|0x0000000085200000, 0x0000000085300000, 0x0000000085300000|100%|HS|  |TAMS 0x0000000085300000, 0x0000000085300000| Complete 
|  83|0x0000000085300000, 0x0000000085400000, 0x0000000085400000|100%|HC|  |TAMS 0x0000000085400000, 0x0000000085400000| Complete 
|  84|0x0000000085400000, 0x0000000085500000, 0x0000000085500000|100%|HC|  |TAMS 0x0000000085500000, 0x0000000085500000| Complete 
|  85|0x0000000085500000, 0x0000000085600000, 0x0000000085600000|100%| O|  |TAMS 0x0000000085600000, 0x0000000085600000| Untracked 
|  86|0x0000000085600000, 0x0000000085700000, 0x0000000085700000|100%| O|  |TAMS 0x0000000085700000, 0x0000000085700000| Untracked 
|  87|0x0000000085700000, 0x0000000085800000, 0x0000000085800000|100%|HS|  |TAMS 0x0000000085800000, 0x0000000085800000| Complete 
|  88|0x0000000085800000, 0x0000000085900000, 0x0000000085900000|100%|HC|  |TAMS 0x0000000085900000, 0x0000000085900000| Complete 
|  89|0x0000000085900000, 0x0000000085a00000, 0x0000000085a00000|100%| O|  |TAMS 0x0000000085900000, 0x0000000085a00000| Untracked 
|  90|0x0000000085a00000, 0x0000000085b00000, 0x0000000085b00000|100%| O|  |TAMS 0x0000000085b00000, 0x0000000085b00000| Untracked 
|  91|0x0000000085b00000, 0x0000000085c00000, 0x0000000085c00000|100%| O|  |TAMS 0x0000000085b00000, 0x0000000085c00000| Untracked 
|  92|0x0000000085c00000, 0x0000000085d00000, 0x0000000085d00000|100%| O|  |TAMS 0x0000000085c00000, 0x0000000085d00000| Untracked 
|  93|0x0000000085d00000, 0x0000000085e00000, 0x0000000085e00000|100%| O|  |TAMS 0x0000000085d00000, 0x0000000085e00000| Untracked 
|  94|0x0000000085e00000, 0x0000000085f00000, 0x0000000085f00000|100%| O|  |TAMS 0x0000000085f00000, 0x0000000085f00000| Untracked 
|  95|0x0000000085f00000, 0x0000000086000000, 0x0000000086000000|100%| O|  |TAMS 0x0000000086000000, 0x0000000086000000| Untracked 
|  96|0x0000000086000000, 0x0000000086100000, 0x0000000086100000|100%| O|  |TAMS 0x0000000086000000, 0x0000000086100000| Untracked 
|  97|0x0000000086100000, 0x0000000086200000, 0x0000000086200000|100%| O|  |TAMS 0x0000000086200000, 0x0000000086200000| Untracked 
|  98|0x0000000086200000, 0x0000000086300000, 0x0000000086300000|100%| O|  |TAMS 0x0000000086300000, 0x0000000086300000| Untracked 
|  99|0x0000000086300000, 0x0000000086400000, 0x0000000086400000|100%|HS|  |TAMS 0x0000000086400000, 0x0000000086400000| Complete 
| 100|0x0000000086400000, 0x0000000086500000, 0x0000000086500000|100%| O|  |TAMS 0x0000000086400000, 0x0000000086500000| Untracked 
| 101|0x0000000086500000, 0x0000000086600000, 0x0000000086600000|100%| O|  |TAMS 0x0000000086500000, 0x0000000086600000| Untracked 
| 102|0x0000000086600000, 0x0000000086700000, 0x0000000086700000|100%| O|  |TAMS 0x0000000086700000, 0x0000000086700000| Untracked 
| 103|0x0000000086700000, 0x0000000086800000, 0x0000000086800000|100%|HS|  |TAMS 0x0000000086700000, 0x0000000086800000| Complete 
| 104|0x0000000086800000, 0x0000000086900000, 0x0000000086900000|100%|HC|  |TAMS 0x0000000086800000, 0x0000000086900000| Complete 
| 105|0x0000000086900000, 0x0000000086a00000, 0x0000000086a00000|100%| O|  |TAMS 0x0000000086a00000, 0x0000000086a00000| Untracked 
| 106|0x0000000086a00000, 0x0000000086b00000, 0x0000000086b00000|100%| O|  |TAMS 0x0000000086b00000, 0x0000000086b00000| Untracked 
| 107|0x0000000086b00000, 0x0000000086c00000, 0x0000000086c00000|100%| O|  |TAMS 0x0000000086b00000, 0x0000000086c00000| Untracked 
| 108|0x0000000086c00000, 0x0000000086d00000, 0x0000000086d00000|100%| O|  |TAMS 0x0000000086c00000, 0x0000000086d00000| Untracked 
| 109|0x0000000086d00000, 0x0000000086e00000, 0x0000000086e00000|100%| O|  |TAMS 0x0000000086e00000, 0x0000000086e00000| Untracked 
| 110|0x0000000086e00000, 0x0000000086f00000, 0x0000000086f00000|100%| O|  |TAMS 0x0000000086f00000, 0x0000000086f00000| Untracked 
| 111|0x0000000086f00000, 0x0000000087000000, 0x0000000087000000|100%| O|  |TAMS 0x0000000087000000, 0x0000000087000000| Untracked 
| 112|0x0000000087000000, 0x0000000087100000, 0x0000000087100000|100%| O|  |TAMS 0x0000000087100000, 0x0000000087100000| Untracked 
| 113|0x0000000087100000, 0x0000000087200000, 0x0000000087200000|100%| O|  |TAMS 0x0000000087200000, 0x0000000087200000| Untracked 
| 114|0x0000000087200000, 0x0000000087300000, 0x0000000087300000|100%| O|  |TAMS 0x0000000087200000, 0x0000000087300000| Untracked 
| 115|0x0000000087300000, 0x0000000087400000, 0x0000000087400000|100%| O|  |TAMS 0x0000000087400000, 0x0000000087400000| Untracked 
| 116|0x0000000087400000, 0x0000000087500000, 0x0000000087500000|100%| O|  |TAMS 0x0000000087500000, 0x0000000087500000| Untracked 
| 117|0x0000000087500000, 0x0000000087600000, 0x0000000087600000|100%| O|  |TAMS 0x0000000087500000, 0x0000000087600000| Untracked 
| 118|0x0000000087600000, 0x0000000087700000, 0x0000000087700000|100%| O|  |TAMS 0x0000000087700000, 0x0000000087700000| Untracked 
| 119|0x0000000087700000, 0x0000000087800000, 0x0000000087800000|100%| O|  |TAMS 0x0000000087800000, 0x0000000087800000| Untracked 
| 120|0x0000000087800000, 0x0000000087900000, 0x0000000087900000|100%| O|  |TAMS 0x0000000087900000, 0x0000000087900000| Untracked 
| 121|0x0000000087900000, 0x0000000087a00000, 0x0000000087a00000|100%| O|  |TAMS 0x0000000087a00000, 0x0000000087a00000| Untracked 
| 122|0x0000000087a00000, 0x0000000087b00000, 0x0000000087b00000|100%| O|  |TAMS 0x0000000087b00000, 0x0000000087b00000| Untracked 
| 123|0x0000000087b00000, 0x0000000087c00000, 0x0000000087c00000|100%| O|  |TAMS 0x0000000087c00000, 0x0000000087c00000| Untracked 
| 124|0x0000000087c00000, 0x0000000087d00000, 0x0000000087d00000|100%| O|  |TAMS 0x0000000087c00000, 0x0000000087d00000| Untracked 
| 125|0x0000000087d00000, 0x0000000087e00000, 0x0000000087e00000|100%| O|  |TAMS 0x0000000087d00000, 0x0000000087e00000| Untracked 
| 126|0x0000000087e00000, 0x0000000087f00000, 0x0000000087f00000|100%| O|  |TAMS 0x0000000087e00000, 0x0000000087f00000| Untracked 
| 127|0x0000000087f00000, 0x0000000088000000, 0x0000000088000000|100%| O|  |TAMS 0x0000000087f00000, 0x0000000088000000| Untracked 
| 128|0x0000000088000000, 0x0000000088100000, 0x0000000088100000|100%| O|  |TAMS 0x0000000088000000, 0x0000000088100000| Untracked 
| 129|0x0000000088100000, 0x0000000088200000, 0x0000000088200000|100%| O|  |TAMS 0x0000000088100000, 0x0000000088200000| Untracked 
| 130|0x0000000088200000, 0x0000000088300000, 0x0000000088300000|100%| O|  |TAMS 0x0000000088200000, 0x0000000088300000| Untracked 
| 131|0x0000000088300000, 0x0000000088400000, 0x0000000088400000|100%| O|  |TAMS 0x0000000088300000, 0x0000000088400000| Untracked 
| 132|0x0000000088400000, 0x0000000088500000, 0x0000000088500000|100%| O|  |TAMS 0x0000000088400000, 0x0000000088500000| Untracked 
| 133|0x0000000088500000, 0x0000000088600000, 0x0000000088600000|100%| O|  |TAMS 0x0000000088500000, 0x0000000088600000| Untracked 
| 134|0x0000000088600000, 0x0000000088700000, 0x0000000088700000|100%| O|  |TAMS 0x0000000088600000, 0x0000000088700000| Untracked 
| 135|0x0000000088700000, 0x0000000088800000, 0x0000000088800000|100%| O|  |TAMS 0x0000000088700000, 0x0000000088800000| Untracked 
| 136|0x0000000088800000, 0x0000000088900000, 0x0000000088900000|100%|HS|  |TAMS 0x0000000088800000, 0x0000000088900000| Complete 
| 137|0x0000000088900000, 0x0000000088a00000, 0x0000000088a00000|100%|HC|  |TAMS 0x0000000088900000, 0x0000000088a00000| Complete 
| 138|0x0000000088a00000, 0x0000000088b00000, 0x0000000088b00000|100%| O|  |TAMS 0x0000000088a00000, 0x0000000088b00000| Untracked 
| 139|0x0000000088b00000, 0x0000000088c00000, 0x0000000088c00000|100%| O|  |TAMS 0x0000000088b00000, 0x0000000088c00000| Untracked 
| 140|0x0000000088c00000, 0x0000000088d00000, 0x0000000088d00000|100%| O|  |TAMS 0x0000000088c00000, 0x0000000088d00000| Untracked 
| 141|0x0000000088d00000, 0x0000000088e00000, 0x0000000088e00000|100%| O|  |TAMS 0x0000000088d00000, 0x0000000088e00000| Untracked 
| 142|0x0000000088e00000, 0x0000000088e44a00, 0x0000000088f00000| 26%| O|  |TAMS 0x0000000088e00000, 0x0000000088e44a00| Untracked 
| 143|0x0000000088f00000, 0x0000000088f00000, 0x0000000089000000|  0%| F|  |TAMS 0x0000000088f00000, 0x0000000088f00000| Untracked 
| 144|0x0000000089000000, 0x0000000089000000, 0x0000000089100000|  0%| F|  |TAMS 0x0000000089000000, 0x0000000089000000| Untracked 
| 145|0x0000000089100000, 0x0000000089100000, 0x0000000089200000|  0%| F|  |TAMS 0x0000000089100000, 0x0000000089100000| Untracked 
| 146|0x0000000089200000, 0x0000000089200000, 0x0000000089300000|  0%| F|  |TAMS 0x0000000089200000, 0x0000000089200000| Untracked 
| 147|0x0000000089300000, 0x0000000089300000, 0x0000000089400000|  0%| F|  |TAMS 0x0000000089300000, 0x0000000089300000| Untracked 
| 148|0x0000000089400000, 0x0000000089400000, 0x0000000089500000|  0%| F|  |TAMS 0x0000000089400000, 0x0000000089400000| Untracked 
| 149|0x0000000089500000, 0x0000000089500000, 0x0000000089600000|  0%| F|  |TAMS 0x0000000089500000, 0x0000000089500000| Untracked 
| 150|0x0000000089600000, 0x0000000089600000, 0x0000000089700000|  0%| F|  |TAMS 0x0000000089600000, 0x0000000089600000| Untracked 
| 151|0x0000000089700000, 0x0000000089700000, 0x0000000089800000|  0%| F|  |TAMS 0x0000000089700000, 0x0000000089700000| Untracked 
| 152|0x0000000089800000, 0x0000000089800000, 0x0000000089900000|  0%| F|  |TAMS 0x0000000089800000, 0x0000000089800000| Untracked 
| 153|0x0000000089900000, 0x0000000089900000, 0x0000000089a00000|  0%| F|  |TAMS 0x0000000089900000, 0x0000000089900000| Untracked 
| 154|0x0000000089a00000, 0x0000000089a00000, 0x0000000089b00000|  0%| F|  |TAMS 0x0000000089a00000, 0x0000000089a00000| Untracked 
| 155|0x0000000089b00000, 0x0000000089b00000, 0x0000000089c00000|  0%| F|  |TAMS 0x0000000089b00000, 0x0000000089b00000| Untracked 
| 156|0x0000000089c00000, 0x0000000089c00000, 0x0000000089d00000|  0%| F|  |TAMS 0x0000000089c00000, 0x0000000089c00000| Untracked 
| 157|0x0000000089d00000, 0x0000000089d00000, 0x0000000089e00000|  0%| F|  |TAMS 0x0000000089d00000, 0x0000000089d00000| Untracked 
| 158|0x0000000089e00000, 0x0000000089e00000, 0x0000000089f00000|  0%| F|  |TAMS 0x0000000089e00000, 0x0000000089e00000| Untracked 
| 159|0x0000000089f00000, 0x0000000089f00000, 0x000000008a000000|  0%| F|  |TAMS 0x0000000089f00000, 0x0000000089f00000| Untracked 
| 160|0x000000008a000000, 0x000000008a000000, 0x000000008a100000|  0%| F|  |TAMS 0x000000008a000000, 0x000000008a000000| Untracked 
| 161|0x000000008a100000, 0x000000008a100000, 0x000000008a200000|  0%| F|  |TAMS 0x000000008a100000, 0x000000008a100000| Untracked 
| 162|0x000000008a200000, 0x000000008a200000, 0x000000008a300000|  0%| F|  |TAMS 0x000000008a200000, 0x000000008a200000| Untracked 
| 163|0x000000008a300000, 0x000000008a300000, 0x000000008a400000|  0%| F|  |TAMS 0x000000008a300000, 0x000000008a300000| Untracked 
| 164|0x000000008a400000, 0x000000008a400000, 0x000000008a500000|  0%| F|  |TAMS 0x000000008a400000, 0x000000008a400000| Untracked 
| 165|0x000000008a500000, 0x000000008a500000, 0x000000008a600000|  0%| F|  |TAMS 0x000000008a500000, 0x000000008a500000| Untracked 
| 166|0x000000008a600000, 0x000000008a600000, 0x000000008a700000|  0%| F|  |TAMS 0x000000008a600000, 0x000000008a600000| Untracked 
| 167|0x000000008a700000, 0x000000008a700000, 0x000000008a800000|  0%| F|  |TAMS 0x000000008a700000, 0x000000008a700000| Untracked 
| 168|0x000000008a800000, 0x000000008a800000, 0x000000008a900000|  0%| F|  |TAMS 0x000000008a800000, 0x000000008a800000| Untracked 
| 169|0x000000008a900000, 0x000000008a900000, 0x000000008aa00000|  0%| F|  |TAMS 0x000000008a900000, 0x000000008a900000| Untracked 
| 170|0x000000008aa00000, 0x000000008aa00000, 0x000000008ab00000|  0%| F|  |TAMS 0x000000008aa00000, 0x000000008aa00000| Untracked 
| 171|0x000000008ab00000, 0x000000008ab00000, 0x000000008ac00000|  0%| F|  |TAMS 0x000000008ab00000, 0x000000008ab00000| Untracked 
| 172|0x000000008ac00000, 0x000000008ac00000, 0x000000008ad00000|  0%| F|  |TAMS 0x000000008ac00000, 0x000000008ac00000| Untracked 
| 173|0x000000008ad00000, 0x000000008ad00000, 0x000000008ae00000|  0%| F|  |TAMS 0x000000008ad00000, 0x000000008ad00000| Untracked 
| 174|0x000000008ae00000, 0x000000008ae00000, 0x000000008af00000|  0%| F|  |TAMS 0x000000008ae00000, 0x000000008ae00000| Untracked 
| 175|0x000000008af00000, 0x000000008af00000, 0x000000008b000000|  0%| F|  |TAMS 0x000000008af00000, 0x000000008af00000| Untracked 
| 176|0x000000008b000000, 0x000000008b000000, 0x000000008b100000|  0%| F|  |TAMS 0x000000008b000000, 0x000000008b000000| Untracked 
| 177|0x000000008b100000, 0x000000008b100000, 0x000000008b200000|  0%| F|  |TAMS 0x000000008b100000, 0x000000008b100000| Untracked 
| 178|0x000000008b200000, 0x000000008b200000, 0x000000008b300000|  0%| F|  |TAMS 0x000000008b200000, 0x000000008b200000| Untracked 
| 179|0x000000008b300000, 0x000000008b300000, 0x000000008b400000|  0%| F|  |TAMS 0x000000008b300000, 0x000000008b300000| Untracked 
| 180|0x000000008b400000, 0x000000008b400000, 0x000000008b500000|  0%| F|  |TAMS 0x000000008b400000, 0x000000008b400000| Untracked 
| 181|0x000000008b500000, 0x000000008b500000, 0x000000008b600000|  0%| F|  |TAMS 0x000000008b500000, 0x000000008b500000| Untracked 
| 182|0x000000008b600000, 0x000000008b600000, 0x000000008b700000|  0%| F|  |TAMS 0x000000008b600000, 0x000000008b600000| Untracked 
| 183|0x000000008b700000, 0x000000008b700000, 0x000000008b800000|  0%| F|  |TAMS 0x000000008b700000, 0x000000008b700000| Untracked 
| 184|0x000000008b800000, 0x000000008b800000, 0x000000008b900000|  0%| F|  |TAMS 0x000000008b800000, 0x000000008b800000| Untracked 
| 185|0x000000008b900000, 0x000000008b900000, 0x000000008ba00000|  0%| F|  |TAMS 0x000000008b900000, 0x000000008b900000| Untracked 
| 186|0x000000008ba00000, 0x000000008ba00000, 0x000000008bb00000|  0%| F|  |TAMS 0x000000008ba00000, 0x000000008ba00000| Untracked 
| 187|0x000000008bb00000, 0x000000008bb00000, 0x000000008bc00000|  0%| F|  |TAMS 0x000000008bb00000, 0x000000008bb00000| Untracked 
| 188|0x000000008bc00000, 0x000000008bc00000, 0x000000008bd00000|  0%| F|  |TAMS 0x000000008bc00000, 0x000000008bc00000| Untracked 
| 189|0x000000008bd00000, 0x000000008bd00000, 0x000000008be00000|  0%| F|  |TAMS 0x000000008bd00000, 0x000000008bd00000| Untracked 
| 190|0x000000008be00000, 0x000000008be00000, 0x000000008bf00000|  0%| F|  |TAMS 0x000000008be00000, 0x000000008be00000| Untracked 
| 191|0x000000008bf00000, 0x000000008bf00000, 0x000000008c000000|  0%| F|  |TAMS 0x000000008bf00000, 0x000000008bf00000| Untracked 
| 192|0x000000008c000000, 0x000000008c000000, 0x000000008c100000|  0%| F|  |TAMS 0x000000008c000000, 0x000000008c000000| Untracked 
| 193|0x000000008c100000, 0x000000008c100000, 0x000000008c200000|  0%| F|  |TAMS 0x000000008c100000, 0x000000008c100000| Untracked 
| 194|0x000000008c200000, 0x000000008c200000, 0x000000008c300000|  0%| F|  |TAMS 0x000000008c200000, 0x000000008c200000| Untracked 
| 195|0x000000008c300000, 0x000000008c300000, 0x000000008c400000|  0%| F|  |TAMS 0x000000008c300000, 0x000000008c300000| Untracked 
| 196|0x000000008c400000, 0x000000008c400000, 0x000000008c500000|  0%| F|  |TAMS 0x000000008c400000, 0x000000008c400000| Untracked 
| 197|0x000000008c500000, 0x000000008c500000, 0x000000008c600000|  0%| F|  |TAMS 0x000000008c500000, 0x000000008c500000| Untracked 
| 198|0x000000008c600000, 0x000000008c600000, 0x000000008c700000|  0%| F|  |TAMS 0x000000008c600000, 0x000000008c600000| Untracked 
| 199|0x000000008c700000, 0x000000008c700000, 0x000000008c800000|  0%| F|  |TAMS 0x000000008c700000, 0x000000008c700000| Untracked 
| 200|0x000000008c800000, 0x000000008c800000, 0x000000008c900000|  0%| F|  |TAMS 0x000000008c800000, 0x000000008c800000| Untracked 
| 201|0x000000008c900000, 0x000000008c900000, 0x000000008ca00000|  0%| F|  |TAMS 0x000000008c900000, 0x000000008c900000| Untracked 
| 202|0x000000008ca00000, 0x000000008ca00000, 0x000000008cb00000|  0%| F|  |TAMS 0x000000008ca00000, 0x000000008ca00000| Untracked 
| 203|0x000000008cb00000, 0x000000008cc00000, 0x000000008cc00000|100%| S|CS|TAMS 0x000000008cb00000, 0x000000008cb00000| Complete 
| 204|0x000000008cc00000, 0x000000008cd00000, 0x000000008cd00000|100%| S|CS|TAMS 0x000000008cc00000, 0x000000008cc00000| Complete 
| 205|0x000000008cd00000, 0x000000008ce00000, 0x000000008ce00000|100%| S|CS|TAMS 0x000000008cd00000, 0x000000008cd00000| Complete 
| 206|0x000000008ce00000, 0x000000008ce00000, 0x000000008cf00000|  0%| F|  |TAMS 0x000000008ce00000, 0x000000008ce00000| Untracked 
| 207|0x000000008cf00000, 0x000000008cf00000, 0x000000008d000000|  0%| F|  |TAMS 0x000000008cf00000, 0x000000008cf00000| Untracked 
| 208|0x000000008d000000, 0x000000008d000000, 0x000000008d100000|  0%| F|  |TAMS 0x000000008d000000, 0x000000008d000000| Untracked 
| 209|0x000000008d100000, 0x000000008d100000, 0x000000008d200000|  0%| F|  |TAMS 0x000000008d100000, 0x000000008d100000| Untracked 
| 210|0x000000008d200000, 0x000000008d200000, 0x000000008d300000|  0%| F|  |TAMS 0x000000008d200000, 0x000000008d200000| Untracked 
| 211|0x000000008d300000, 0x000000008d300000, 0x000000008d400000|  0%| F|  |TAMS 0x000000008d300000, 0x000000008d300000| Untracked 
| 212|0x000000008d400000, 0x000000008d400000, 0x000000008d500000|  0%| F|  |TAMS 0x000000008d400000, 0x000000008d400000| Untracked 
| 213|0x000000008d500000, 0x000000008d500000, 0x000000008d600000|  0%| F|  |TAMS 0x000000008d500000, 0x000000008d500000| Untracked 
| 214|0x000000008d600000, 0x000000008d600000, 0x000000008d700000|  0%| F|  |TAMS 0x000000008d600000, 0x000000008d600000| Untracked 
| 215|0x000000008d700000, 0x000000008d700000, 0x000000008d800000|  0%| F|  |TAMS 0x000000008d700000, 0x000000008d700000| Untracked 
| 216|0x000000008d800000, 0x000000008d800000, 0x000000008d900000|  0%| F|  |TAMS 0x000000008d800000, 0x000000008d800000| Untracked 
| 217|0x000000008d900000, 0x000000008d900000, 0x000000008da00000|  0%| F|  |TAMS 0x000000008d900000, 0x000000008d900000| Untracked 
| 218|0x000000008da00000, 0x000000008da00000, 0x000000008db00000|  0%| F|  |TAMS 0x000000008da00000, 0x000000008da00000| Untracked 
| 219|0x000000008db00000, 0x000000008db00000, 0x000000008dc00000|  0%| F|  |TAMS 0x000000008db00000, 0x000000008db00000| Untracked 
| 220|0x000000008dc00000, 0x000000008dc00000, 0x000000008dd00000|  0%| F|  |TAMS 0x000000008dc00000, 0x000000008dc00000| Untracked 
| 221|0x000000008dd00000, 0x000000008dd00000, 0x000000008de00000|  0%| F|  |TAMS 0x000000008dd00000, 0x000000008dd00000| Untracked 
| 222|0x000000008de00000, 0x000000008de00000, 0x000000008df00000|  0%| F|  |TAMS 0x000000008de00000, 0x000000008de00000| Untracked 
| 223|0x000000008df00000, 0x000000008df00000, 0x000000008e000000|  0%| F|  |TAMS 0x000000008df00000, 0x000000008df00000| Untracked 
| 224|0x000000008e000000, 0x000000008e000000, 0x000000008e100000|  0%| F|  |TAMS 0x000000008e000000, 0x000000008e000000| Untracked 
| 225|0x000000008e100000, 0x000000008e100000, 0x000000008e200000|  0%| F|  |TAMS 0x000000008e100000, 0x000000008e100000| Untracked 
| 226|0x000000008e200000, 0x000000008e200000, 0x000000008e300000|  0%| F|  |TAMS 0x000000008e200000, 0x000000008e200000| Untracked 
| 227|0x000000008e300000, 0x000000008e300000, 0x000000008e400000|  0%| F|  |TAMS 0x000000008e300000, 0x000000008e300000| Untracked 
| 228|0x000000008e400000, 0x000000008e400000, 0x000000008e500000|  0%| F|  |TAMS 0x000000008e400000, 0x000000008e400000| Untracked 
| 229|0x000000008e500000, 0x000000008e500000, 0x000000008e600000|  0%| F|  |TAMS 0x000000008e500000, 0x000000008e500000| Untracked 
| 230|0x000000008e600000, 0x000000008e600000, 0x000000008e700000|  0%| F|  |TAMS 0x000000008e600000, 0x000000008e600000| Untracked 
| 231|0x000000008e700000, 0x000000008e700000, 0x000000008e800000|  0%| F|  |TAMS 0x000000008e700000, 0x000000008e700000| Untracked 
| 232|0x000000008e800000, 0x000000008e800000, 0x000000008e900000|  0%| F|  |TAMS 0x000000008e800000, 0x000000008e800000| Untracked 
| 233|0x000000008e900000, 0x000000008e900000, 0x000000008ea00000|  0%| F|  |TAMS 0x000000008e900000, 0x000000008e900000| Untracked 
| 234|0x000000008ea00000, 0x000000008ea00000, 0x000000008eb00000|  0%| F|  |TAMS 0x000000008ea00000, 0x000000008ea00000| Untracked 
| 235|0x000000008eb00000, 0x000000008eb00000, 0x000000008ec00000|  0%| F|  |TAMS 0x000000008eb00000, 0x000000008eb00000| Untracked 
| 236|0x000000008ec00000, 0x000000008ec00000, 0x000000008ed00000|  0%| F|  |TAMS 0x000000008ec00000, 0x000000008ec00000| Untracked 

Card table byte_map: [0x0000000015af0000,0x0000000015ef0000] _byte_map_base: 0x00000000156f0000

Marking Bits (Prev, Next): (CMBitMap*) 0x0000000000241328, (CMBitMap*) 0x0000000000241360
 Prev Bits: [0x00000000162f0000, 0x00000000182f0000)
 Next Bits: [0x00000000182f0000, 0x000000001a2f0000)

Polling page: 0x0000000000430000

Metaspace:

Usage:
  Non-class:    131.55 MB capacity,   128.78 MB ( 98%) used,     2.27 MB (  2%) free+waste,   513.06 KB ( <1%) overhead. 
      Class:     19.94 MB capacity,    18.37 MB ( 92%) used,     1.34 MB (  7%) free+waste,   229.06 KB (  1%) overhead. 
       Both:    151.49 MB capacity,   147.15 MB ( 97%) used,     3.61 MB (  2%) free+waste,   742.13 KB ( <1%) overhead. 

Virtual space:
  Non-class space:      132.00 MB reserved,     131.75 MB (>99%) committed 
      Class space:        1.00 GB reserved,      19.95 MB (  2%) committed 
             Both:        1.13 GB reserved,     151.70 MB ( 13%) committed 

Chunk freelists:
   Non-Class:  16.00 KB
       Class:  0 bytes
        Both:  16.00 KB

MaxMetaspaceSize: 17179869184.00 GB
CompressedClassSpaceSize: 1.00 GB

CodeHeap 'non-profiled nmethods': size=120064Kb used=11426Kb max_used=11426Kb free=108637Kb
 bounds [0x000000000dcd0000, 0x000000000e800000, 0x0000000015210000]
CodeHeap 'profiled nmethods': size=120000Kb used=40868Kb max_used=40868Kb free=79131Kb
 bounds [0x00000000067a0000, 0x0000000008fa0000, 0x000000000dcd0000]
CodeHeap 'non-nmethods': size=5696Kb used=2316Kb max_used=2366Kb free=3379Kb
 bounds [0x0000000006210000, 0x0000000006480000, 0x00000000067a0000]
 total_blobs=19092 nmethods=18135 adapters=868
 compilation: enabled
              stopped_count=0, restarted_count=0
 full_count=0

Compilation events (20 events):
Event: 1206.058 Thread 0x000000005d511000 19145       3       dagger.internal.codegen.extension.DaggerCollectors$ToOptionalState::add (87 bytes)
Event: 1206.059 Thread 0x000000005d511000 nmethod 19145 0x0000000008f8f890 code [0x0000000008f8fb20, 0x0000000008f90728]
Event: 1206.059 Thread 0x000000005d511000 19154       1       dagger.internal.codegen.writing.ComponentImplementation::name (5 bytes)
Event: 1206.059 Thread 0x000000005d511000 nmethod 19154 0x000000000e7f8e10 code [0x000000000e7f8fc0, 0x000000000e7f9078]
Event: 1206.059 Thread 0x000000005d511000 19149       1       com.squareup.javapoet.ParameterSpec$Builder::access$000 (5 bytes)
Event: 1206.059 Thread 0x000000005d511000 nmethod 19149 0x000000000e7f9110 code [0x000000000e7f92c0, 0x000000000e7f9358]
Event: 1206.059 Thread 0x000000005d511000 19150       1       com.squareup.javapoet.ParameterSpec$Builder::access$100 (5 bytes)
Event: 1206.059 Thread 0x000000005d511000 nmethod 19150 0x000000000e7f9410 code [0x000000000e7f95c0, 0x000000000e7f9658]
Event: 1206.059 Thread 0x000000005d511000 19156       3       com.squareup.javapoet.MethodSpec::emit (415 bytes)
Event: 1206.064 Thread 0x000000005d511000 nmethod 19156 0x0000000008f90b10 code [0x0000000008f91200, 0x0000000008f94a68]
Event: 1206.064 Thread 0x000000005d511000 19157       3       com.squareup.javapoet.CodeWriter::popTypeVariables (13 bytes)
Event: 1206.065 Thread 0x000000005d511000 nmethod 19157 0x0000000008f95e10 code [0x0000000008f96020, 0x0000000008f96548]
Event: 1206.065 Thread 0x000000005d511000 19158       3       com.squareup.javapoet.CodeWriter$$Lambda$1761/0x000000001dcc7040::get$Lambda (9 bytes)
Event: 1206.065 Thread 0x000000005d511000 nmethod 19158 0x0000000008f96790 code [0x0000000008f96960, 0x0000000008f96bb8]
Event: 1206.065 Thread 0x000000005d511000 19159       3       com.squareup.javapoet.CodeWriter$$Lambda$1761/0x000000001dcc7040::<init> (10 bytes)
Event: 1206.065 Thread 0x000000005d511000 nmethod 19159 0x0000000008f96c90 code [0x0000000008f96e40, 0x0000000008f96ff8]
Event: 1206.065 Thread 0x000000005d511000 19151       1       com.squareup.javapoet.ParameterSpec$Builder::access$200 (5 bytes)
Event: 1206.065 Thread 0x000000005d511000 nmethod 19151 0x000000000e7f9710 code [0x000000000e7f98c0, 0x000000000e7f9958]
Event: 1206.065 Thread 0x000000005d511000 19160       1       com.squareup.javapoet.TypeSpec$Kind::access$800 (5 bytes)
Event: 1206.066 Thread 0x000000005d511000 nmethod 19160 0x000000000e7f9a10 code [0x000000000e7f9bc0, 0x000000000e7f9c58]

GC Heap History (20 events):
Event: 1194.849 GC heap after
{Heap after GC invocations=116 (full 0):
 garbage-first heap   total 242688K, used 138935K [0x0000000080000000, 0x0000000100000000)
  region size 1024K, 2 young (2048K), 2 survivors (2048K)
 Metaspace       used 134880K, capacity 138586K, committed 138828K, reserved 1169408K
  class space    used 16780K, capacity 18148K, committed 18252K, reserved 1048576K
}
Event: 1196.048 GC heap before
{Heap before GC invocations=116 (full 0):
 garbage-first heap   total 242688K, used 147127K [0x0000000080000000, 0x0000000100000000)
  region size 1024K, 11 young (11264K), 2 survivors (2048K)
 Metaspace       used 135689K, capacity 139386K, committed 139596K, reserved 1171456K
  class space    used 16838K, capacity 18180K, committed 18252K, reserved 1048576K
}
Event: 1196.091 GC heap after
{Heap after GC invocations=117 (full 0):
 garbage-first heap   total 242688K, used 140592K [0x0000000080000000, 0x0000000100000000)
  region size 1024K, 2 young (2048K), 2 survivors (2048K)
 Metaspace       used 135689K, capacity 139386K, committed 139596K, reserved 1171456K
  class space    used 16838K, capacity 18180K, committed 18252K, reserved 1048576K
}
Event: 1196.984 GC heap before
{Heap before GC invocations=117 (full 0):
 garbage-first heap   total 242688K, used 151856K [0x0000000080000000, 0x0000000100000000)
  region size 1024K, 11 young (11264K), 2 survivors (2048K)
 Metaspace       used 138076K, capacity 141754K, committed 141900K, reserved 1173504K
  class space    used 17075K, capacity 18436K, committed 18508K, reserved 1048576K
}
Event: 1197.011 GC heap after
{Heap after GC invocations=118 (full 0):
 garbage-first heap   total 242688K, used 143563K [0x0000000080000000, 0x0000000100000000)
  region size 1024K, 1 young (1024K), 1 survivors (1024K)
 Metaspace       used 138076K, capacity 141754K, committed 141900K, reserved 1173504K
  class space    used 17075K, capacity 18436K, committed 18508K, reserved 1048576K
}
Event: 1198.087 GC heap before
{Heap before GC invocations=118 (full 0):
 garbage-first heap   total 242688K, used 152779K [0x0000000080000000, 0x0000000100000000)
  region size 1024K, 11 young (11264K), 1 survivors (1024K)
 Metaspace       used 140210K, capacity 143930K, committed 144204K, reserved 1175552K
  class space    used 17331K, capacity 18692K, committed 18764K, reserved 1048576K
}
Event: 1198.093 GC heap after
{Heap after GC invocations=119 (full 0):
 garbage-first heap   total 242688K, used 143926K [0x0000000080000000, 0x0000000100000000)
  region size 1024K, 2 young (2048K), 2 survivors (2048K)
 Metaspace       used 140210K, capacity 143930K, committed 144204K, reserved 1175552K
  class space    used 17331K, capacity 18692K, committed 18764K, reserved 1048576K
}
Event: 1199.079 GC heap before
{Heap before GC invocations=119 (full 0):
 garbage-first heap   total 242688K, used 153142K [0x0000000080000000, 0x0000000100000000)
  region size 1024K, 11 young (11264K), 2 survivors (2048K)
 Metaspace       used 142253K, capacity 145914K, committed 145996K, reserved 1175552K
  class space    used 17607K, capacity 18948K, committed 19020K, reserved 1048576K
}
Event: 1199.088 GC heap after
{Heap after GC invocations=120 (full 0):
 garbage-first heap   total 242688K, used 144834K [0x0000000080000000, 0x0000000100000000)
  region size 1024K, 2 young (2048K), 2 survivors (2048K)
 Metaspace       used 142253K, capacity 145914K, committed 145996K, reserved 1175552K
  class space    used 17607K, capacity 18948K, committed 19020K, reserved 1048576K
}
Event: 1199.733 GC heap before
{Heap before GC invocations=120 (full 0):
 garbage-first heap   total 242688K, used 154050K [0x0000000080000000, 0x0000000100000000)
  region size 1024K, 12 young (12288K), 2 survivors (2048K)
 Metaspace       used 143465K, capacity 147142K, committed 147404K, reserved 1177600K
  class space    used 17730K, capacity 19079K, committed 19148K, reserved 1048576K
}
Event: 1199.745 GC heap after
{Heap after GC invocations=121 (full 0):
 garbage-first heap   total 242688K, used 145309K [0x0000000080000000, 0x0000000100000000)
  region size 1024K, 2 young (2048K), 2 survivors (2048K)
 Metaspace       used 143465K, capacity 147142K, committed 147404K, reserved 1177600K
  class space    used 17730K, capacity 19079K, committed 19148K, reserved 1048576K
}
Event: 1200.739 GC heap before
{Heap before GC invocations=121 (full 0):
 garbage-first heap   total 242688K, used 159645K [0x0000000080000000, 0x0000000100000000)
  region size 1024K, 16 young (16384K), 2 survivors (2048K)
 Metaspace       used 144504K, capacity 148344K, committed 148556K, reserved 1179648K
  class space    used 17881K, capacity 19268K, committed 19276K, reserved 1048576K
}
Event: 1200.796 GC heap after
{Heap after GC invocations=122 (full 0):
 garbage-first heap   total 242688K, used 145397K [0x0000000080000000, 0x0000000100000000)
  region size 1024K, 1 young (1024K), 1 survivors (1024K)
 Metaspace       used 144504K, capacity 148344K, committed 148556K, reserved 1179648K
  class space    used 17881K, capacity 19268K, committed 19276K, reserved 1048576K
}
Event: 1201.856 GC heap before
{Heap before GC invocations=122 (full 0):
 garbage-first heap   total 242688K, used 160757K [0x0000000080000000, 0x0000000100000000)
  region size 1024K, 17 young (17408K), 1 survivors (1024K)
 Metaspace       used 146778K, capacity 150707K, committed 150988K, reserved 1181696K
  class space    used 18197K, capacity 19610K, committed 19660K, reserved 1048576K
}
Event: 1201.870 GC heap after
{Heap after GC invocations=123 (full 0):
 garbage-first heap   total 242688K, used 145740K [0x0000000080000000, 0x0000000100000000)
  region size 1024K, 1 young (1024K), 1 survivors (1024K)
 Metaspace       used 146778K, capacity 150707K, committed 150988K, reserved 1181696K
  class space    used 18197K, capacity 19610K, committed 19660K, reserved 1048576K
}
Event: 1203.343 GC heap before
{Heap before GC invocations=123 (full 0):
 garbage-first heap   total 242688K, used 166220K [0x0000000080000000, 0x0000000100000000)
  region size 1024K, 21 young (21504K), 1 survivors (1024K)
 Metaspace       used 147476K, capacity 151458K, committed 151628K, reserved 1181696K
  class space    used 18320K, capacity 19775K, committed 19788K, reserved 1048576K
}
Event: 1203.360 GC heap after
{Heap after GC invocations=124 (full 0):
 garbage-first heap   total 242688K, used 147326K [0x0000000080000000, 0x0000000100000000)
  region size 1024K, 3 young (3072K), 3 survivors (3072K)
 Metaspace       used 147476K, capacity 151458K, committed 151628K, reserved 1181696K
  class space    used 18320K, capacity 19775K, committed 19788K, reserved 1048576K
}
Event: 1204.421 GC heap before
{Heap before GC invocations=124 (full 0):
 garbage-first heap   total 242688K, used 170878K [0x0000000080000000, 0x0000000100000000)
  region size 1024K, 26 young (26624K), 3 survivors (3072K)
 Metaspace       used 148249K, capacity 152349K, committed 152652K, reserved 1181696K
  class space    used 18438K, capacity 19941K, committed 20044K, reserved 1048576K
}
Event: 1204.443 GC heap after
{Heap after GC invocations=125 (full 0):
 garbage-first heap   total 242688K, used 147717K [0x0000000080000000, 0x0000000100000000)
  region size 1024K, 3 young (3072K), 3 survivors (3072K)
 Metaspace       used 148249K, capacity 152349K, committed 152652K, reserved 1181696K
  class space    used 18438K, capacity 19941K, committed 20044K, reserved 1048576K
}
Event: 1206.069 GC heap before
{Heap before GC invocations=125 (full 0):
 garbage-first heap   total 242688K, used 176389K [0x0000000080000000, 0x0000000100000000)
  region size 1024K, 31 young (31744K), 3 survivors (3072K)
 Metaspace       used 150682K, capacity 155121K, committed 155340K, reserved 1183744K
  class space    used 18812K, capacity 20417K, committed 20428K, reserved 1048576K
}

Deoptimization events (20 events):
Event: 1205.940 Thread 0x000000006021a000 Uncommon trap: trap_request=0xffffffde fr.pc=0x000000000ddbb634 relative=0x00000000000004d4
Event: 1205.940 Thread 0x000000006021a000 Uncommon trap: reason=class_check action=maybe_recompile pc=0x000000000ddbb634 method=java.lang.AbstractStringBuilder.append(Ljava/lang/CharSequence;II)Ljava/lang/AbstractStringBuilder; @ 10 c2
Event: 1205.940 Thread 0x000000006021a000 DEOPT PACKING pc=0x000000000ddbb634 sp=0x000000006fc4a770
Event: 1205.940 Thread 0x000000006021a000 DEOPT UNPACKING pc=0x0000000006236929 sp=0x000000006fc4a6d0 mode 2
Event: 1205.941 Thread 0x000000006021a000 Uncommon trap: trap_request=0xffffffde fr.pc=0x000000000ddbb634 relative=0x00000000000004d4
Event: 1205.941 Thread 0x000000006021a000 Uncommon trap: reason=class_check action=maybe_recompile pc=0x000000000ddbb634 method=java.lang.AbstractStringBuilder.append(Ljava/lang/CharSequence;II)Ljava/lang/AbstractStringBuilder; @ 10 c2
Event: 1205.941 Thread 0x000000006021a000 DEOPT PACKING pc=0x000000000ddbb634 sp=0x000000006fc4a1c0
Event: 1205.941 Thread 0x000000006021a000 DEOPT UNPACKING pc=0x0000000006236929 sp=0x000000006fc4a120 mode 2
Event: 1205.941 Thread 0x000000006021a000 Uncommon trap: trap_request=0xffffffde fr.pc=0x000000000e0c4240 relative=0x0000000000000540
Event: 1205.941 Thread 0x000000006021a000 Uncommon trap: reason=class_check action=maybe_recompile pc=0x000000000e0c4240 method=java.lang.AbstractStringBuilder.append(Ljava/lang/CharSequence;II)Ljava/lang/AbstractStringBuilder; @ 10 c2
Event: 1205.941 Thread 0x000000006021a000 DEOPT PACKING pc=0x000000000e0c4240 sp=0x000000006fc49b90
Event: 1205.941 Thread 0x000000006021a000 DEOPT UNPACKING pc=0x0000000006236929 sp=0x000000006fc49b68 mode 2
Event: 1206.052 Thread 0x000000006021a000 Uncommon trap: trap_request=0xffffff4d fr.pc=0x000000000e66a5b4 relative=0x00000000000003b4
Event: 1206.052 Thread 0x000000006021a000 Uncommon trap: reason=unstable_if action=reinterpret pc=0x000000000e66a5b4 method=sun.nio.fs.WindowsPath.compareTo(Ljava/nio/file/Path;)I @ 97 c2
Event: 1206.053 Thread 0x000000006021a000 DEOPT PACKING pc=0x000000000e66a5b4 sp=0x000000006fc4ba60
Event: 1206.053 Thread 0x000000006021a000 DEOPT UNPACKING pc=0x0000000006236929 sp=0x000000006fc4b960 mode 2
Event: 1206.053 Thread 0x000000006021a000 Uncommon trap: trap_request=0xffffff4d fr.pc=0x000000000e3e332c relative=0x00000000000003ac
Event: 1206.053 Thread 0x000000006021a000 Uncommon trap: reason=unstable_if action=reinterpret pc=0x000000000e3e332c method=sun.nio.fs.WindowsPath.compareTo(Ljava/nio/file/Path;)I @ 97 c2
Event: 1206.053 Thread 0x000000006021a000 DEOPT PACKING pc=0x000000000e3e332c sp=0x000000006fc4b9d0
Event: 1206.053 Thread 0x000000006021a000 DEOPT UNPACKING pc=0x0000000006236929 sp=0x000000006fc4b948 mode 2

Classes redefined (0 events):
No events

Internal exceptions (20 events):
Event: 1203.363 Thread 0x000000006021a000 Exception <a 'sun/nio/fs/WindowsException'{0x000000008ec2e0b0}> (0x000000008ec2e0b0) thrown at [./src/hotspot/share/prims/jni.cpp, line 615]
Event: 1203.363 Thread 0x000000006021a000 Exception <a 'sun/nio/fs/WindowsException'{0x000000008ec2eb40}> (0x000000008ec2eb40) thrown at [./src/hotspot/share/prims/jni.cpp, line 615]
Event: 1203.372 Thread 0x000000006021a000 Exception <a 'sun/nio/fs/WindowsException'{0x000000008ec719d8}> (0x000000008ec719d8) thrown at [./src/hotspot/share/prims/jni.cpp, line 615]
Event: 1203.372 Thread 0x000000006021a000 Exception <a 'sun/nio/fs/WindowsException'{0x000000008ec72470}> (0x000000008ec72470) thrown at [./src/hotspot/share/prims/jni.cpp, line 615]
Event: 1203.378 Thread 0x000000006021a000 Exception <a 'sun/nio/fs/WindowsException'{0x000000008ecb90d8}> (0x000000008ecb90d8) thrown at [./src/hotspot/share/prims/jni.cpp, line 615]
Event: 1203.378 Thread 0x000000006021a000 Exception <a 'sun/nio/fs/WindowsException'{0x000000008ecb9d88}> (0x000000008ecb9d88) thrown at [./src/hotspot/share/prims/jni.cpp, line 615]
Event: 1203.479 Thread 0x000000006021a000 Exception <a 'sun/nio/fs/WindowsException'{0x000000008ecff480}> (0x000000008ecff480) thrown at [./src/hotspot/share/prims/jni.cpp, line 615]
Event: 1203.479 Thread 0x000000006021a000 Exception <a 'sun/nio/fs/WindowsException'{0x000000008eb00178}> (0x000000008eb00178) thrown at [./src/hotspot/share/prims/jni.cpp, line 615]
Event: 1203.503 Thread 0x000000006021a000 Exception <a 'sun/nio/fs/WindowsException'{0x000000008eb43348}> (0x000000008eb43348) thrown at [./src/hotspot/share/prims/jni.cpp, line 615]
Event: 1203.503 Thread 0x000000006021a000 Exception <a 'sun/nio/fs/WindowsException'{0x000000008eb43dd8}> (0x000000008eb43dd8) thrown at [./src/hotspot/share/prims/jni.cpp, line 615]
Event: 1203.566 Thread 0x000000006021a000 Exception <a 'sun/nio/fs/WindowsException'{0x000000008ea4e308}> (0x000000008ea4e308) thrown at [./src/hotspot/share/prims/jni.cpp, line 615]
Event: 1203.566 Thread 0x000000006021a000 Exception <a 'sun/nio/fs/WindowsException'{0x000000008ea4ed80}> (0x000000008ea4ed80) thrown at [./src/hotspot/share/prims/jni.cpp, line 615]
Event: 1203.611 Thread 0x000000006021a000 Exception <a 'sun/nio/fs/WindowsException'{0x000000008eab3510}> (0x000000008eab3510) thrown at [./src/hotspot/share/prims/jni.cpp, line 615]
Event: 1203.611 Thread 0x000000006021a000 Exception <a 'sun/nio/fs/WindowsException'{0x000000008eab3f80}> (0x000000008eab3f80) thrown at [./src/hotspot/share/prims/jni.cpp, line 615]
Event: 1204.132 Thread 0x000000006021a000 Exception <a 'sun/nio/fs/WindowsException'{0x000000008da4d370}> (0x000000008da4d370) thrown at [./src/hotspot/share/prims/jni.cpp, line 615]
Event: 1204.132 Thread 0x000000006021a000 Exception <a 'sun/nio/fs/WindowsException'{0x000000008da4ddc0}> (0x000000008da4ddc0) thrown at [./src/hotspot/share/prims/jni.cpp, line 615]
Event: 1205.612 Thread 0x000000006021a000 Exception <a 'java/lang/NoSuchMethodError'{0x000000008d98b940}: 'java.lang.Object java.lang.invoke.DirectMethodHandle$Holder.invokeInterface(java.lang.Object, java.lang.Object, int)'> (0x000000008d98b940) thrown at [./src/hotspot/share/interpreter/linkResolver.cpp, line 773]
Event: 1205.822 Thread 0x000000006021a000 Implicit null exception at 0x000000000e512ba6 to 0x000000000e512f30
Event: 1206.052 Thread 0x000000006021a000 Exception <a 'sun/nio/fs/WindowsException'{0x000000008d3c5240}> (0x000000008d3c5240) thrown at [./src/hotspot/share/prims/jni.cpp, line 615]
Event: 1206.053 Thread 0x000000006021a000 Exception <a 'sun/nio/fs/WindowsException'{0x000000008d3c5cb0}> (0x000000008d3c5cb0) thrown at [./src/hotspot/share/prims/jni.cpp, line 615]

Events (20 events):
Event: 1206.040 loading class com/squareup/javapoet/TypeSpec$Builder done
Event: 1206.040 loading class com/google/common/base/Supplier
Event: 1206.040 loading class com/google/common/base/Supplier done
Event: 1206.041 loading class com/squareup/javapoet/TypeSpec
Event: 1206.041 loading class com/squareup/javapoet/TypeSpec done
Event: 1206.041 loading class com/squareup/javapoet/TypeSpec
Event: 1206.041 loading class com/squareup/javapoet/TypeSpec done
Event: 1206.041 loading class com/squareup/javapoet/TypeSpec$Builder
Event: 1206.041 loading class com/squareup/javapoet/TypeSpec$Builder done
Event: 1206.061 loading class com/squareup/javapoet/TypeVariableName
Event: 1206.061 loading class com/squareup/javapoet/TypeVariableName done
Event: 1206.061 loading class com/squareup/javapoet/CodeWriter
Event: 1206.061 loading class com/squareup/javapoet/CodeWriter done
Event: 1206.062 loading class javax/lang/model/element/AnnotationMirror
Event: 1206.062 loading class javax/lang/model/element/AnnotationMirror done
Event: 1206.062 loading class javax/lang/model/element/AnnotationMirror
Event: 1206.062 loading class javax/lang/model/element/AnnotationMirror done
Event: 1206.062 loading class com/google/common/base/Joiner$3
Event: 1206.062 loading class com/google/common/base/Joiner$3 done
Event: 1206.066 Executing VM operation: G1CollectForAllocation


Dynamic libraries:
0x000000013f970000 - 0x000000013f97a000 	C:\Program Files\Android\Android Studio\jre\bin\java.exe
0x00000000779f0000 - 0x0000000077b99000 	C:\Windows\SYSTEM32\ntdll.dll
0x00000000778d0000 - 0x00000000779ef000 	C:\Windows\system32\kernel32.dll
0x000007fefda10000 - 0x000007fefda7b000 	C:\Windows\system32\KERNELBASE.dll
0x000007feeab30000 - 0x000007feeab49000 	C:\Program Files\Android\Android Studio\jre\bin\jli.dll
0x000007fefa850000 - 0x000007fefaa44000 	C:\Windows\WinSxS\amd64_microsoft.windows.common-controls_6595b64144ccf1df_6.0.7601.17514_none_fa396087175ac9ac\COMCTL32.dll
0x000007fefdfe0000 - 0x000007fefe07f000 	C:\Windows\system32\msvcrt.dll
0x000007fefdf70000 - 0x000007fefdfd7000 	C:\Windows\system32\GDI32.dll
0x00000000777d0000 - 0x00000000778ca000 	C:\Windows\system32\USER32.dll
0x000007fefe080000 - 0x000007fefe08e000 	C:\Windows\system32\LPK.dll
0x000007feffb90000 - 0x000007feffc59000 	C:\Windows\system32\USP10.dll
0x000007feff720000 - 0x000007feff791000 	C:\Windows\system32\SHLWAPI.dll
0x000007fef8ef0000 - 0x000007fef8f07000 	C:\Program Files\Android\Android Studio\jre\bin\VCRUNTIME140.dll
0x000007fefa5a0000 - 0x000007fefa5a4000 	C:\Windows\system32\api-ms-win-crt-runtime-l1-1-0.dll
0x000007fefa4a0000 - 0x000007fefa592000 	C:\Windows\system32\ucrtbase.DLL
0x000007fefa490000 - 0x000007fefa493000 	C:\Windows\system32\api-ms-win-core-timezone-l1-1-0.dll
0x000007fefa480000 - 0x000007fefa483000 	C:\Windows\system32\api-ms-win-core-file-l2-1-0.dll
0x000007fefa470000 - 0x000007fefa473000 	C:\Windows\system32\api-ms-win-core-localization-l1-2-0.dll
0x000007fefa460000 - 0x000007fefa463000 	C:\Windows\system32\api-ms-win-core-synch-l1-2-0.dll
0x000007fefa450000 - 0x000007fefa453000 	C:\Windows\system32\api-ms-win-core-processthreads-l1-1-1.dll
0x000007fefa440000 - 0x000007fefa443000 	C:\Windows\system32\api-ms-win-core-file-l1-2-0.dll
0x000007fefa430000 - 0x000007fefa434000 	C:\Windows\system32\api-ms-win-crt-string-l1-1-0.dll
0x000007fefa420000 - 0x000007fefa423000 	C:\Windows\system32\api-ms-win-crt-heap-l1-1-0.dll
0x000007fefa410000 - 0x000007fefa414000 	C:\Windows\system32\api-ms-win-crt-stdio-l1-1-0.dll
0x000007fefa400000 - 0x000007fefa404000 	C:\Windows\system32\api-ms-win-crt-convert-l1-1-0.dll
0x000007fefa3a0000 - 0x000007fefa3a3000 	C:\Windows\system32\api-ms-win-crt-environment-l1-1-0.dll
0x000007fefa3b0000 - 0x000007fefa3b3000 	C:\Windows\system32\api-ms-win-crt-filesystem-l1-1-0.dll
0x000007fefa3e0000 - 0x000007fefa3e5000 	C:\Windows\system32\api-ms-win-crt-math-l1-1-0.dll
0x000007fefa3f0000 - 0x000007fefa3f3000 	C:\Windows\system32\api-ms-win-crt-locale-l1-1-0.dll
0x000007feff8a0000 - 0x000007feff8ce000 	C:\Windows\system32\IMM32.DLL
0x000007feff2b0000 - 0x000007feff3b9000 	C:\Windows\system32\MSCTF.dll
0x000007feeb2c0000 - 0x000007feeb35d000 	C:\Program Files\Android\Android Studio\jre\bin\msvcp140.dll
0x000007fefa3d0000 - 0x000007fefa3d5000 	C:\Windows\system32\api-ms-win-crt-multibyte-l1-1-0.dll
0x000007fefa3c0000 - 0x000007fefa3c3000 	C:\Windows\system32\api-ms-win-crt-time-l1-1-0.dll
0x000007fefa390000 - 0x000007fefa393000 	C:\Windows\system32\api-ms-win-crt-utility-l1-1-0.dll
0x000007feeb510000 - 0x000007feebfdf000 	C:\Program Files\Android\Android Studio\jre\bin\server\jvm.dll
0x000007fefe090000 - 0x000007fefe16b000 	C:\Windows\system32\ADVAPI32.dll
0x000007fefe320000 - 0x000007fefe33f000 	C:\Windows\SYSTEM32\sechost.dll
0x000007feff3e0000 - 0x000007feff50d000 	C:\Windows\system32\RPCRT4.dll
0x000007feee6f0000 - 0x000007feee6f9000 	C:\Windows\system32\WSOCK32.dll
0x000007feff7a0000 - 0x000007feff7ed000 	C:\Windows\system32\WS2_32.dll
0x000007feff7f0000 - 0x000007feff7f8000 	C:\Windows\system32\NSI.dll
0x000007fefc890000 - 0x000007fefc8cb000 	C:\Windows\system32\WINMM.dll
0x000007fefc7f0000 - 0x000007fefc7fc000 	C:\Windows\system32\VERSION.dll
0x0000000077bb0000 - 0x0000000077bb7000 	C:\Windows\system32\PSAPI.DLL
0x000007feee760000 - 0x000007feee771000 	C:\Program Files\Android\Android Studio\jre\bin\verify.dll
0x000007fef5ed0000 - 0x000007fef5ff5000 	C:\Windows\system32\DBGHELP.DLL
0x000007feec840000 - 0x000007feec869000 	C:\Program Files\Android\Android Studio\jre\bin\java.dll
0x000007feee750000 - 0x000007feee75b000 	C:\Program Files\Android\Android Studio\jre\bin\jimage.dll
0x000007feec820000 - 0x000007feec838000 	C:\Program Files\Android\Android Studio\jre\bin\zip.dll
0x000007fefe520000 - 0x000007feff2a8000 	C:\Windows\system32\SHELL32.dll
0x000007feff510000 - 0x000007feff713000 	C:\Windows\system32\ole32.dll
0x000007fefd940000 - 0x000007fefd94f000 	C:\Windows\system32\profapi.dll
0x000007feec800000 - 0x000007feec81a000 	C:\Program Files\Android\Android Studio\jre\bin\net.dll
0x000007fef7390000 - 0x000007fef7401000 	C:\Windows\system32\WINHTTP.dll
0x000007fef7320000 - 0x000007fef7384000 	C:\Windows\system32\webio.dll
0x000007fefd170000 - 0x000007fefd1c5000 	C:\Windows\system32\mswsock.dll
0x000007fefd160000 - 0x000007fefd167000 	C:\Windows\System32\wship6.dll
0x000007feec7e0000 - 0x000007feec7f4000 	C:\Program Files\Android\Android Studio\jre\bin\nio.dll
0x000007fefabf0000 - 0x000007fefac17000 	C:\Users\Anu\.gradle\native\8bec1ad78214c89d9ad589b4d07fe93259594b29d510b10fafb7a158f7737e5d\windows-amd64\native-platform.dll
0x000007feea9f0000 - 0x000007feeab2d000 	C:\Users\Anu\.gradle\native\53dbd7edfb1c66fb8903c78663c9afc45aea4f116125fa6feffd364cf09443e8\windows-amd64\native-platform-file-events.dll
0x000007feec7d0000 - 0x000007feec7da000 	C:\Program Files\Android\Android Studio\jre\bin\management.dll
0x000007feec7c0000 - 0x000007feec7cc000 	C:\Program Files\Android\Android Studio\jre\bin\management_ext.dll
0x000007fefd1d0000 - 0x000007fefd1e7000 	C:\Windows\system32\CRYPTSP.dll
0x000007fefced0000 - 0x000007fefcf17000 	C:\Windows\system32\rsaenh.dll
0x000007fefcc90000 - 0x000007fefccae000 	C:\Windows\system32\USERENV.dll
0x000007fefd870000 - 0x000007fefd87f000 	C:\Windows\system32\CRYPTBASE.dll
0x000007fefbc10000 - 0x000007fefbc37000 	C:\Windows\system32\IPHLPAPI.DLL
0x000007fefbc00000 - 0x000007fefbc0b000 	C:\Windows\system32\WINNSI.DLL
0x000007fefbbe0000 - 0x000007fefbbf8000 	C:\Windows\system32\dhcpcsvc.DLL
0x000007fefbbc0000 - 0x000007fefbbd1000 	C:\Windows\system32\dhcpcsvc6.DLL
0x000007fef03f0000 - 0x000007fef03f8000 	C:\Program Files\Android\Android Studio\jre\bin\rmi.dll
0x000000006dd10000 - 0x000000006de13000 	C:\Users\Anu\AppData\Local\Temp\sqlite-3.25.2-fcc870b9-9c1d-4d22-b9dd-f412b78f3613-sqlitejdbc.dll
0x000000006e620000 - 0x000000006e723000 	C:\Users\Anu\AppData\Local\Temp\sqlite-3.25.2-57299cb5-4b4d-4a05-a326-84ad48846a44-sqlitejdbc.dll
0x00000000632a0000 - 0x00000000633a3000 	C:\Users\Anu\AppData\Local\Temp\sqlite-3.25.2-6eadcf7c-d26d-422a-9134-32e419f0d080-sqlitejdbc.dll

dbghelp: loaded successfully - version: 4.0.5 - missing functions: none
symbol engine: initialized successfully - sym options: 0x614 - pdb path: .;C:\Program Files\Android\Android Studio\jre\bin;C:\Windows\SYSTEM32;C:\Windows\WinSxS\amd64_microsoft.windows.common-controls_6595b64144ccf1df_6.0.7601.17514_none_fa396087175ac9ac;C:\Program Files\Android\Android Studio\jre\bin\server;C:\Users\Anu\.gradle\native\8bec1ad78214c89d9ad589b4d07fe93259594b29d510b10fafb7a158f7737e5d\windows-amd64;C:\Users\Anu\.gradle\native\53dbd7edfb1c66fb8903c78663c9afc45aea4f116125fa6feffd364cf09443e8\windows-amd64;C:\Users\Anu\AppData\Local\Temp

VM Arguments:
jvm_args: --add-opens=java.base/java.util=ALL-UNNAMED --add-opens=java.base/java.lang=ALL-UNNAMED --add-opens=java.base/java.lang.invoke=ALL-UNNAMED --add-opens=java.base/java.util=ALL-UNNAMED --add-opens=java.prefs/java.util.prefs=ALL-UNNAMED --add-opens=java.prefs/java.util.prefs=ALL-UNNAMED --add-opens=java.base/java.nio.charset=ALL-UNNAMED --add-opens=java.base/java.net=ALL-UNNAMED --add-opens=java.base/java.util.concurrent.atomic=ALL-UNNAMED -Xmx2048m -Dfile.encoding=UTF-8 -Duser.country=US -Duser.language=en -Duser.variant 
java_command: org.gradle.launcher.daemon.bootstrap.GradleDaemon 7.0.2
java_class_path (initial): C:\Users\Anu\.gradle\wrapper\dists\gradle-7.0.2-bin\857tjihv64xamwrf0h14cai3r\gradle-7.0.2\lib\gradle-launcher-7.0.2.jar
Launcher Type: SUN_STANDARD

[Global flags]
     intx CICompilerCount                          = 2                                         {product} {ergonomic}
     uint ConcGCThreads                            = 1                                         {product} {ergonomic}
     uint G1ConcRefinementThreads                  = 2                                         {product} {ergonomic}
   size_t G1HeapRegionSize                         = 1048576                                   {product} {ergonomic}
    uintx GCDrainStackTargetSize                   = 64                                        {product} {ergonomic}
   size_t InitialHeapSize                          = 50331648                                  {product} {ergonomic}
   size_t MarkStackSize                            = 4194304                                   {product} {ergonomic}
   size_t MaxHeapSize                              = 2147483648                                {product} {command line}
   size_t MaxNewSize                               = 1287651328                                {product} {ergonomic}
   size_t MinHeapDeltaBytes                        = 1048576                                   {product} {ergonomic}
    uintx NonNMethodCodeHeapSize                   = 5825164                                {pd product} {ergonomic}
    uintx NonProfiledCodeHeapSize                  = 122916538                              {pd product} {ergonomic}
    uintx ProfiledCodeHeapSize                     = 122916538                              {pd product} {ergonomic}
    uintx ReservedCodeCacheSize                    = 251658240                              {pd product} {ergonomic}
     bool SegmentedCodeCache                       = true                                      {product} {ergonomic}
     bool UseCompressedClassPointers               = true                                 {lp64_product} {ergonomic}
     bool UseCompressedOops                        = true                                 {lp64_product} {ergonomic}
     bool UseG1GC                                  = true                                      {product} {ergonomic}
     bool UseLargePagesIndividualAllocation        = false                                  {pd product} {ergonomic}

Logging:
Log output configuration:
 #0: stdout all=warning uptime,level,tags
 #1: stderr all=off uptime,level,tags

Environment Variables:
JAVA_HOME=C:\Program Files\Android\Android Studio\jre
PATH=C:\Windows\system32;C:\Windows;C:\Windows\System32\Wbem;C:\Windows\System32\WindowsPowerShell\v1.0\;E:\Git\cmd
USERNAME=Anu
OS=Windows_NT
PROCESSOR_IDENTIFIER=Intel64 Family 6 Model 23 Stepping 10, GenuineIntel



---------------  S Y S T E M  ---------------

OS: Windows 7 , 64 bit Build 7601 (6.1.7601.17514)
OS uptime: 0 days 7:32 hours

CPU:total 2 (initial active 2) (2 cores per cpu, 1 threads per core) family 6 model 23 stepping 10 microcode 0x0, cmov, cx8, fxsr, mmx, sse, sse2, sse3, ssse3, sse4.1, tsc

Memory: 4k page, system-wide physical 3034M (74M free)
TotalPageFile size 5712M (AvailPageFile size 70M)
current process WorkingSet (physical memory assigned to process): 489M, peak: 501M
current process commit charge ("private bytes"): 606M, peak: 868M

vm_info: OpenJDK 64-Bit Server VM (11.0.10+0-b96-7249189) for windows-amd64 JRE (11.0.10+0-b96-7249189), built on Mar 31 2021 21:44:00 by "builder" with MS VC++ 14.0 (VS2015)

END.
