#
# There is insufficient memory for the Java Runtime Environment to continue.
# Native memory allocation (mmap) failed to map 156237824 bytes for Failed to commit area from 0x0000000096900000 to 0x000000009fe00000 of length 156237824.
# Possible reasons:
#   The system is out of physical RAM or swap space
#   The process is running with CompressedOops enabled, and the Java Heap may be blocking the growth of the native heap
# Possible solutions:
#   Reduce memory load on the system
#   Increase physical memory or swap space
#   Check if swap backing store is full
#   Decrease Java heap size (-Xmx/-Xms)
#   Decrease number of Java threads
#   Decrease Java thread stack sizes (-Xss)
#   Set larger code cache with -XX:ReservedCodeCacheSize=
#   JVM is running with Unscaled Compressed Oops mode in which the Java heap is
#     placed in the first 4GB address space. The Java Heap base address is the
#     maximum limit for the native heap growth. Please use -XX:HeapBaseMinAddress
#     to set the Java Heap base and to place the Java Heap above 4GB virtual address.
# This output file may be truncated or incomplete.
#
#  Out of Memory Error (./src/hotspot/os/windows/os_windows.cpp:3301), pid=5116, tid=3920
#
# JRE version: OpenJDK Runtime Environment (11.0.10) (build 11.0.10+0-b96-7249189)
# Java VM: OpenJDK 64-Bit Server VM (11.0.10+0-b96-7249189, mixed mode, tiered, compressed oops, g1 gc, windows-amd64)
# No core dump will be written. Minidumps are not enabled by default on client versions of Windows
#

---------------  S U M M A R Y ------------

Command Line: --add-opens=java.base/java.util=ALL-UNNAMED --add-opens=java.base/java.lang=ALL-UNNAMED --add-opens=java.base/java.lang.invoke=ALL-UNNAMED --add-opens=java.base/java.util=ALL-UNNAMED --add-opens=java.prefs/java.util.prefs=ALL-UNNAMED --add-opens=java.prefs/java.util.prefs=ALL-UNNAMED --add-opens=java.base/java.nio.charset=ALL-UNNAMED --add-opens=java.base/java.net=ALL-UNNAMED --add-opens=java.base/java.util.concurrent.atomic=ALL-UNNAMED -Xmx2048m -Dfile.encoding=UTF-8 -Duser.country=US -Duser.language=en -Duser.variant org.gradle.launcher.daemon.bootstrap.GradleDaemon 7.0.2

Host: Intel(R) Core(TM)2 Duo CPU     T6500  @ 2.10GHz, 2 cores, 2G,  Windows 7 , 64 bit Build 7601 (6.1.7601.17514)
Time: Sat Oct  2 23:24:39 2021 Malay Peninsula Standard Time elapsed time: 2592.004370 seconds (0d 0h 43m 12s)

---------------  T H R E A D  ---------------

Current thread (0x000000005d5bf800):  VMThread "VM Thread" [stack: 0x000000005d840000,0x000000005d940000] [id=3920]

Stack: [0x000000005d840000,0x000000005d940000]
[error occurred during error reporting (printing stack bounds), id 0xc0000005, EXCEPTION_ACCESS_VIOLATION (0xc0000005) at pc=0x0000000006280f3d]

Native frames: (J=compiled Java code, j=interpreted, Vv=VM code, C=native code)
V  [jvm.dll+0x5ecfaa]
V  [jvm.dll+0x722bd5]
V  [jvm.dll+0x72412d]
V  [jvm.dll+0x724745]
V  [jvm.dll+0x7246fb]
V  [jvm.dll+0x5ec348]
V  [jvm.dll+0x5ecad8]
C  [ntdll.dll+0x29d0d]
C  [ntdll.dll+0x191af]
C  [ntdll.dll+0x51278]
C  0x0000000006280f3d

VM_Operation (0x000000005ea5e520): G1CollectForAllocation, mode: safepoint, requested by thread 0x000000005f719800


---------------  P R O C E S S  ---------------

Threads class SMR info:
_java_thread_list=0x000000006e7771b0, length=51, elements={
0x00000000002e2800, 0x000000005d5c3000, 0x000000005d5cd000, 0x000000005d5d9000,
0x000000005d5dc800, 0x000000005d5de000, 0x000000005d5e7000, 0x000000005d5e9800,
0x000000005d653800, 0x000000005e581000, 0x000000005f719800, 0x000000005f497800,
0x000000005f54c000, 0x000000005f4f2800, 0x000000005f4f3000, 0x000000005f4f4000,
0x000000005f4f5800, 0x000000005f4f6800, 0x0000000060abf800, 0x0000000060ac1000,
0x0000000060ac2000, 0x0000000060ac2800, 0x0000000060cc2000, 0x0000000060cc7000,
0x0000000060259000, 0x000000006025a000, 0x000000006025b000, 0x000000006025c800,
0x000000006025f000, 0x0000000060258800, 0x000000006025e000, 0x000000006025d800,
0x000000006025b800, 0x0000000060cc4800, 0x0000000060cc1000, 0x0000000060cc3800,
0x0000000060cc6000, 0x0000000060cc5000, 0x000000005f4f5000, 0x000000005f4f7800,
0x000000005f4f8000, 0x000000005f4f1800, 0x0000000060abe800, 0x0000000060cc0800,
0x0000000060cf9800, 0x0000000060cfa800, 0x0000000060cfb000, 0x0000000060cfd000,
0x0000000060ac5000, 0x0000000060ac4800, 0x0000000060cfd800
}

Java Threads: ( => current thread )
  0x00000000002e2800 JavaThread "main" [_thread_blocked, id=4832, stack(0x0000000002000000,0x0000000002100000)]
  0x000000005d5c3000 JavaThread "Reference Handler" daemon [_thread_blocked, id=168, stack(0x000000005d9b0000,0x000000005dab0000)]
  0x000000005d5cd000 JavaThread "Finalizer" daemon [_thread_blocked, id=224, stack(0x000000005dac0000,0x000000005dbc0000)]
  0x000000005d5d9000 JavaThread "Signal Dispatcher" daemon [_thread_blocked, id=3412, stack(0x000000005dcd0000,0x000000005ddd0000)]
  0x000000005d5dc800 JavaThread "Attach Listener" daemon [_thread_blocked, id=3980, stack(0x000000005d720000,0x000000005d820000)]
  0x000000005d5de000 JavaThread "Service Thread" daemon [_thread_blocked, id=2264, stack(0x000000005df50000,0x000000005e050000)]
  0x000000005d5e7000 JavaThread "C2 CompilerThread0" daemon [_thread_blocked, id=3924, stack(0x000000005e0a0000,0x000000005e1a0000)]
  0x000000005d5e9800 JavaThread "C1 CompilerThread0" daemon [_thread_blocked, id=2832, stack(0x000000005e1d0000,0x000000005e2d0000)]
  0x000000005d653800 JavaThread "Sweeper thread" daemon [_thread_blocked, id=4264, stack(0x000000005e3f0000,0x000000005e4f0000)]
  0x000000005e581000 JavaThread "Common-Cleaner" daemon [_thread_blocked, id=3856, stack(0x000000005de00000,0x000000005df00000)]
  0x000000005f719800 JavaThread "Daemon health stats" [_thread_blocked, id=4604, stack(0x000000005e960000,0x000000005ea60000)]
  0x000000005f497800 JavaThread "Incoming local TCP Connector on port 51748" [_thread_in_native, id=4508, stack(0x0000000061c30000,0x0000000061d30000)]
  0x000000005f54c000 JavaThread "Daemon periodic checks" [_thread_blocked, id=3496, stack(0x0000000061e70000,0x0000000061f70000)]
  0x000000005f4f2800 JavaThread "Cache worker for file hash cache (C:\Users\Anu\.gradle\caches\7.0.2\fileHashes)" [_thread_blocked, id=2948, stack(0x0000000062a60000,0x0000000062b60000)]
  0x000000005f4f3000 JavaThread "File lock request listener" [_thread_in_native, id=2588, stack(0x0000000062890000,0x0000000062990000)]
  0x000000005f4f4000 JavaThread "Cache worker for journal cache (C:\Users\Anu\.gradle\caches\journal-1)" [_thread_blocked, id=4764, stack(0x0000000062e70000,0x0000000062f70000)]
  0x000000005f4f5800 JavaThread "File watcher server" daemon [_thread_blocked, id=5104, stack(0x00000000632d0000,0x00000000633d0000)]
  0x000000005f4f6800 JavaThread "File watcher consumer" daemon [_thread_blocked, id=2012, stack(0x0000000064660000,0x0000000064760000)]
  0x0000000060abf800 JavaThread "Cache worker for execution history cache (C:\Users\Anu\.gradle\caches\7.0.2\executionHistory)" [_thread_blocked, id=1372, stack(0x0000000064f50000,0x0000000065050000)]
  0x0000000060ac1000 JavaThread "jar transforms" [_thread_blocked, id=4552, stack(0x00000000656f0000,0x00000000657f0000)]
  0x0000000060ac2000 JavaThread "jar transforms Thread 2" [_thread_blocked, id=2256, stack(0x0000000065aa0000,0x0000000065ba0000)]
  0x0000000060ac2800 JavaThread "Cache worker for file content cache (C:\Users\Anu\.gradle\caches\7.0.2\fileContent)" [_thread_blocked, id=4640, stack(0x00000000633f0000,0x00000000634f0000)]
  0x0000000060cc2000 JavaThread "Memory manager" [_thread_blocked, id=4180, stack(0x00000000687e0000,0x00000000688e0000)]
  0x0000000060cc7000 JavaThread "RMI Scheduler(0)" daemon [_thread_blocked, id=4972, stack(0x000000006f160000,0x000000006f260000)]
  0x0000000060259000 JavaThread "RMI GC Daemon" daemon [_thread_blocked, id=5108, stack(0x0000000064ce0000,0x0000000064de0000)]
  0x000000006025a000 JavaThread "RMI TCP Accept-0" daemon [_thread_in_native, id=2196, stack(0x000000006f260000,0x000000006f360000)]
  0x000000006025b000 JavaThread "RMI Reaper" [_thread_blocked, id=2224, stack(0x000000006f420000,0x000000006f520000)]
  0x000000006025c800 JavaThread "Cache worker for Java compile cache (C:\Users\Anu\.gradle\caches\7.0.2\javaCompile)" [_thread_blocked, id=4420, stack(0x000000006f720000,0x000000006f820000)]
  0x000000006025f000 JavaThread "ForkJoinPool.commonPool-worker-1" daemon [_thread_blocked, id=3400, stack(0x0000000070f10000,0x0000000071010000)]
  0x0000000060258800 JavaThread "Daemon Thread 3" [_thread_blocked, id=3892, stack(0x000000005eb60000,0x000000005ec60000)]
  0x000000006025e000 JavaThread "Handler for socket connection from /127.0.0.1:51748 to /127.0.0.1:52561" [_thread_in_native, id=3408, stack(0x0000000061d50000,0x0000000061e50000)]
  0x000000006025d800 JavaThread "Cancel handler" [_thread_blocked, id=4648, stack(0x0000000062280000,0x0000000062380000)]
  0x000000006025b800 JavaThread "Daemon worker Thread 3" [_thread_blocked, id=3424, stack(0x0000000062390000,0x0000000062490000)]
  0x0000000060cc4800 JavaThread "Asynchronous log dispatcher for DefaultDaemonConnection: socket connection from /127.0.0.1:51748 to /127.0.0.1:52561" [_thread_blocked, id=4440, stack(0x0000000062550000,0x0000000062650000)]
  0x0000000060cc1000 JavaThread "Daemon client event forwarder" [_thread_blocked, id=2552, stack(0x0000000063190000,0x0000000063290000)]
  0x0000000060cc3800 JavaThread "Cache worker for file hash cache (F:\LetsChat\.gradle\7.0.2\fileHashes)" [_thread_blocked, id=3544, stack(0x0000000065e30000,0x0000000065f30000)]
  0x0000000060cc6000 JavaThread "Cache worker for checksums cache (F:\LetsChat\.gradle\checksums)" [_thread_blocked, id=2100, stack(0x0000000066640000,0x0000000066740000)]
  0x0000000060cc5000 JavaThread "Cache worker for cache directory md-supplier (C:\Users\Anu\.gradle\caches\7.0.2\md-supplier)" [_thread_blocked, id=2796, stack(0x000000006a920000,0x000000006aa20000)]
  0x000000005f4f5000 JavaThread "Cache worker for cache directory md-rule (C:\Users\Anu\.gradle\caches\7.0.2\md-rule)" [_thread_blocked, id=1232, stack(0x000000006aa70000,0x000000006ab70000)]
  0x000000005f4f7800 JavaThread "Cache worker for dependencies-accessors (F:\LetsChat\.gradle\7.0.2\dependencies-accessors)" [_thread_blocked, id=2892, stack(0x0000000066760000,0x0000000066860000)]
  0x000000005f4f8000 JavaThread "Cache worker for Build Output Cleanup Cache (F:\LetsChat\.gradle\buildOutputCleanup)" [_thread_blocked, id=2548, stack(0x0000000064970000,0x0000000064a70000)]
  0x000000005f4f1800 JavaThread "Build operations" [_thread_blocked, id=3784, stack(0x000000006f570000,0x000000006f670000)]
  0x0000000060abe800 JavaThread "Build operations Thread 2" [_thread_blocked, id=4524, stack(0x0000000070a90000,0x0000000070b90000)]
  0x0000000060cc0800 JavaThread "build event listener" [_thread_blocked, id=4616, stack(0x0000000064530000,0x0000000064630000)]
  0x0000000060cf9800 JavaThread "Execution worker for ':'" [_thread_blocked, id=4088, stack(0x0000000062d60000,0x0000000062e60000)]
  0x0000000060cfa800 JavaThread "Cache worker for execution history cache (F:\LetsChat\.gradle\7.0.2\executionHistory)" [_thread_blocked, id=4188, stack(0x0000000071540000,0x0000000071640000)]
  0x0000000060cfb000 JavaThread "WorkerExecutor Queue" [_thread_blocked, id=3948, stack(0x00000000713b0000,0x00000000714b0000)]
  0x0000000060cfd000 JavaThread "RMI RenewClean-[127.0.0.1:17525,org.jetbrains.kotlin.daemon.common.LoopbackNetworkInterface$ClientLoopbackSocketFactory@5a72a09f]" daemon [_thread_blocked, id=4712, stack(0x0000000072550000,0x0000000072650000)]
  0x0000000060ac5000 JavaThread "RMI TCP Connection(idle)" daemon [_thread_blocked, id=3528, stack(0x0000000064e00000,0x0000000064f00000)]
  0x0000000060ac4800 JavaThread "RMI TCP Connection(24)-127.0.0.1" daemon [_thread_in_native, id=4432, stack(0x0000000072440000,0x0000000072540000)]
  0x0000000060cfd800 JavaThread "Cache worker for Java compile cache (F:\LetsChat\.gradle\7.0.2\javaCompile)" [_thread_blocked, id=5052, stack(0x0000000072690000,0x0000000072790000)]

Other Threads:
=>0x000000005d5bf800 VMThread "VM Thread" [stack: 0x000000005d840000,0x000000005d940000] [id=3920]
  0x000000005e5b8000 WatcherThread [stack: 0x000000005ea60000,0x000000005eb60000] [id=1336]
  0x00000000002fa800 GCTaskThread "GC Thread#0" [stack: 0x0000000015400000,0x0000000015500000] [id=1328]
  0x000000005e68a000 GCTaskThread "GC Thread#1" [stack: 0x000000005e2e0000,0x000000005e3e0000] [id=4516]
  0x000000000032b000 ConcurrentGCThread "G1 Main Marker" [stack: 0x000000001a3e0000,0x000000001a4e0000] [id=4584]
  0x000000000032d000 ConcurrentGCThread "G1 Conc#0" [stack: 0x000000001a680000,0x000000001a780000] [id=4300]
  0x0000000000376000 ConcurrentGCThread "G1 Refine#0" [stack: 0x000000001c940000,0x000000001ca40000] [id=4448]
  0x0000000000377000 ConcurrentGCThread "G1 Young RemSet Sampling" [stack: 0x000000001caf0000,0x000000001cbf0000] [id=2920]

Threads with active compile tasks:
C1 CompilerThread02592446 24487       3       org.objectweb.asm.ClassReader::readConst (276 bytes)

VM state:at safepoint (normal execution)

VM Mutex/Monitor currently owned by a thread:  ([mutex/lock_event])
[0x00000000002deb70] Threads_lock - owner thread: 0x000000005d5bf800
[0x00000000002df350] Heap_lock - owner thread: 0x000000005f719800

Heap address: 0x0000000080000000, size: 2048 MB, Compressed Oops mode: 32-bit
Narrow klass base: 0x0000000000000000, Narrow klass shift: 0
Compressed class space size: 1073741824 Address: 0x000000001ccf0000

Heap:
 garbage-first heap   total 522240K, used 128615K [0x0000000080000000, 0x0000000100000000)
  region size 1024K, 2 young (2048K), 2 survivors (2048K)
 Metaspace       used 161155K, capacity 166295K, committed 166524K, reserved 1193984K
  class space    used 20217K, capacity 22168K, committed 22272K, reserved 1048576K
Heap Regions: E=young(eden), S=young(survivor), O=old, HS=humongous(starts), HC=humongous(continues), CS=collection set, F=free, A=archive, TAMS=top-at-mark-start (previous, next)
|   0|0x0000000080000000, 0x0000000080100000, 0x0000000080100000|100%| O|  |TAMS 0x0000000080100000, 0x0000000080100000| Untracked 
|   1|0x0000000080100000, 0x0000000080200000, 0x0000000080200000|100%| O|  |TAMS 0x0000000080200000, 0x0000000080200000| Untracked 
|   2|0x0000000080200000, 0x0000000080300000, 0x0000000080300000|100%| O|  |TAMS 0x0000000080300000, 0x0000000080300000| Untracked 
|   3|0x0000000080300000, 0x0000000080400000, 0x0000000080400000|100%| O|  |TAMS 0x0000000080400000, 0x0000000080400000| Untracked 
|   4|0x0000000080400000, 0x0000000080500000, 0x0000000080500000|100%|HS|  |TAMS 0x0000000080500000, 0x0000000080500000| Complete 
|   5|0x0000000080500000, 0x0000000080600000, 0x0000000080600000|100%|HC|  |TAMS 0x0000000080600000, 0x0000000080600000| Complete 
|   6|0x0000000080600000, 0x0000000080700000, 0x0000000080700000|100%|HC|  |TAMS 0x0000000080700000, 0x0000000080700000| Complete 
|   7|0x0000000080700000, 0x0000000080800000, 0x0000000080800000|100%| O|  |TAMS 0x0000000080800000, 0x0000000080800000| Untracked 
|   8|0x0000000080800000, 0x0000000080900000, 0x0000000080900000|100%| O|  |TAMS 0x0000000080900000, 0x0000000080900000| Untracked 
|   9|0x0000000080900000, 0x0000000080a00000, 0x0000000080a00000|100%| O|  |TAMS 0x0000000080a00000, 0x0000000080a00000| Untracked 
|  10|0x0000000080a00000, 0x0000000080b00000, 0x0000000080b00000|100%| O|  |TAMS 0x0000000080b00000, 0x0000000080b00000| Untracked 
|  11|0x0000000080b00000, 0x0000000080c00000, 0x0000000080c00000|100%| O|  |TAMS 0x0000000080c00000, 0x0000000080c00000| Untracked 
|  12|0x0000000080c00000, 0x0000000080d00000, 0x0000000080d00000|100%| O|  |TAMS 0x0000000080d00000, 0x0000000080d00000| Untracked 
|  13|0x0000000080d00000, 0x0000000080e00000, 0x0000000080e00000|100%| O|  |TAMS 0x0000000080e00000, 0x0000000080e00000| Untracked 
|  14|0x0000000080e00000, 0x0000000080f00000, 0x0000000080f00000|100%| O|  |TAMS 0x0000000080f00000, 0x0000000080f00000| Untracked 
|  15|0x0000000080f00000, 0x0000000081000000, 0x0000000081000000|100%| O|  |TAMS 0x0000000081000000, 0x0000000081000000| Untracked 
|  16|0x0000000081000000, 0x0000000081100000, 0x0000000081100000|100%| O|  |TAMS 0x0000000081100000, 0x0000000081100000| Untracked 
|  17|0x0000000081100000, 0x0000000081200000, 0x0000000081200000|100%| O|  |TAMS 0x0000000081200000, 0x0000000081200000| Untracked 
|  18|0x0000000081200000, 0x0000000081300000, 0x0000000081300000|100%| O|  |TAMS 0x0000000081300000, 0x0000000081300000| Untracked 
|  19|0x0000000081300000, 0x0000000081400000, 0x0000000081400000|100%| O|  |TAMS 0x0000000081400000, 0x0000000081400000| Untracked 
|  20|0x0000000081400000, 0x0000000081500000, 0x0000000081500000|100%| O|  |TAMS 0x0000000081500000, 0x0000000081500000| Untracked 
|  21|0x0000000081500000, 0x0000000081600000, 0x0000000081600000|100%| O|  |TAMS 0x0000000081600000, 0x0000000081600000| Untracked 
|  22|0x0000000081600000, 0x0000000081700000, 0x0000000081700000|100%| O|  |TAMS 0x0000000081700000, 0x0000000081700000| Untracked 
|  23|0x0000000081700000, 0x0000000081800000, 0x0000000081800000|100%| O|  |TAMS 0x0000000081800000, 0x0000000081800000| Untracked 
|  24|0x0000000081800000, 0x0000000081900000, 0x0000000081900000|100%| O|  |TAMS 0x0000000081900000, 0x0000000081900000| Untracked 
|  25|0x0000000081900000, 0x0000000081a00000, 0x0000000081a00000|100%| O|  |TAMS 0x0000000081a00000, 0x0000000081a00000| Untracked 
|  26|0x0000000081a00000, 0x0000000081b00000, 0x0000000081b00000|100%| O|  |TAMS 0x0000000081b00000, 0x0000000081b00000| Untracked 
|  27|0x0000000081b00000, 0x0000000081c00000, 0x0000000081c00000|100%| O|  |TAMS 0x0000000081c00000, 0x0000000081c00000| Untracked 
|  28|0x0000000081c00000, 0x0000000081d00000, 0x0000000081d00000|100%| O|  |TAMS 0x0000000081d00000, 0x0000000081d00000| Untracked 
|  29|0x0000000081d00000, 0x0000000081e00000, 0x0000000081e00000|100%| O|  |TAMS 0x0000000081e00000, 0x0000000081e00000| Untracked 
|  30|0x0000000081e00000, 0x0000000081f00000, 0x0000000081f00000|100%|HS|  |TAMS 0x0000000081f00000, 0x0000000081f00000| Complete 
|  31|0x0000000081f00000, 0x0000000082000000, 0x0000000082000000|100%|HS|  |TAMS 0x0000000082000000, 0x0000000082000000| Complete 
|  32|0x0000000082000000, 0x0000000082100000, 0x0000000082100000|100%|HS|  |TAMS 0x0000000082100000, 0x0000000082100000| Complete 
|  33|0x0000000082100000, 0x0000000082200000, 0x0000000082200000|100%|HS|  |TAMS 0x0000000082200000, 0x0000000082200000| Complete 
|  34|0x0000000082200000, 0x0000000082300000, 0x0000000082300000|100%|HC|  |TAMS 0x0000000082300000, 0x0000000082300000| Complete 
|  35|0x0000000082300000, 0x0000000082400000, 0x0000000082400000|100%|HC|  |TAMS 0x0000000082400000, 0x0000000082400000| Complete 
|  36|0x0000000082400000, 0x0000000082500000, 0x0000000082500000|100%|HS|  |TAMS 0x0000000082500000, 0x0000000082500000| Complete 
|  37|0x0000000082500000, 0x0000000082600000, 0x0000000082600000|100%|HC|  |TAMS 0x0000000082600000, 0x0000000082600000| Complete 
|  38|0x0000000082600000, 0x0000000082700000, 0x0000000082700000|100%| O|  |TAMS 0x0000000082700000, 0x0000000082700000| Untracked 
|  39|0x0000000082700000, 0x0000000082800000, 0x0000000082800000|100%| O|  |TAMS 0x0000000082800000, 0x0000000082800000| Untracked 
|  40|0x0000000082800000, 0x0000000082900000, 0x0000000082900000|100%| O|  |TAMS 0x0000000082900000, 0x0000000082900000| Untracked 
|  41|0x0000000082900000, 0x0000000082a00000, 0x0000000082a00000|100%| O|  |TAMS 0x0000000082a00000, 0x0000000082a00000| Untracked 
|  42|0x0000000082a00000, 0x0000000082b00000, 0x0000000082b00000|100%| O|  |TAMS 0x0000000082b00000, 0x0000000082b00000| Untracked 
|  43|0x0000000082b00000, 0x0000000082c00000, 0x0000000082c00000|100%| O|  |TAMS 0x0000000082c00000, 0x0000000082c00000| Untracked 
|  44|0x0000000082c00000, 0x0000000082d00000, 0x0000000082d00000|100%| O|  |TAMS 0x0000000082d00000, 0x0000000082d00000| Untracked 
|  45|0x0000000082d00000, 0x0000000082e00000, 0x0000000082e00000|100%| O|  |TAMS 0x0000000082e00000, 0x0000000082e00000| Untracked 
|  46|0x0000000082e00000, 0x0000000082f00000, 0x0000000082f00000|100%| O|  |TAMS 0x0000000082f00000, 0x0000000082f00000| Untracked 
|  47|0x0000000082f00000, 0x0000000083000000, 0x0000000083000000|100%| O|  |TAMS 0x0000000083000000, 0x0000000083000000| Untracked 
|  48|0x0000000083000000, 0x0000000083100000, 0x0000000083100000|100%| O|  |TAMS 0x0000000083100000, 0x0000000083100000| Untracked 
|  49|0x0000000083100000, 0x0000000083200000, 0x0000000083200000|100%| O|  |TAMS 0x0000000083200000, 0x0000000083200000| Untracked 
|  50|0x0000000083200000, 0x0000000083300000, 0x0000000083300000|100%| O|  |TAMS 0x0000000083300000, 0x0000000083300000| Untracked 
|  51|0x0000000083300000, 0x0000000083400000, 0x0000000083400000|100%| O|  |TAMS 0x0000000083400000, 0x0000000083400000| Untracked 
|  52|0x0000000083400000, 0x0000000083500000, 0x0000000083500000|100%| O|  |TAMS 0x0000000083500000, 0x0000000083500000| Untracked 
|  53|0x0000000083500000, 0x0000000083600000, 0x0000000083600000|100%| O|  |TAMS 0x0000000083600000, 0x0000000083600000| Untracked 
|  54|0x0000000083600000, 0x0000000083700000, 0x0000000083700000|100%| O|  |TAMS 0x0000000083700000, 0x0000000083700000| Untracked 
|  55|0x0000000083700000, 0x0000000083800000, 0x0000000083800000|100%| O|  |TAMS 0x0000000083800000, 0x0000000083800000| Untracked 
|  56|0x0000000083800000, 0x0000000083900000, 0x0000000083900000|100%| O|  |TAMS 0x0000000083900000, 0x0000000083900000| Untracked 
|  57|0x0000000083900000, 0x0000000083a00000, 0x0000000083a00000|100%| O|  |TAMS 0x0000000083a00000, 0x0000000083a00000| Untracked 
|  58|0x0000000083a00000, 0x0000000083b00000, 0x0000000083b00000|100%| O|  |TAMS 0x0000000083b00000, 0x0000000083b00000| Untracked 
|  59|0x0000000083b00000, 0x0000000083c00000, 0x0000000083c00000|100%| O|  |TAMS 0x0000000083c00000, 0x0000000083c00000| Untracked 
|  60|0x0000000083c00000, 0x0000000083d00000, 0x0000000083d00000|100%| O|  |TAMS 0x0000000083d00000, 0x0000000083d00000| Untracked 
|  61|0x0000000083d00000, 0x0000000083e00000, 0x0000000083e00000|100%| O|  |TAMS 0x0000000083e00000, 0x0000000083e00000| Untracked 
|  62|0x0000000083e00000, 0x0000000083f00000, 0x0000000083f00000|100%| O|  |TAMS 0x0000000083f00000, 0x0000000083f00000| Untracked 
|  63|0x0000000083f00000, 0x0000000084000000, 0x0000000084000000|100%| O|  |TAMS 0x0000000084000000, 0x0000000084000000| Untracked 
|  64|0x0000000084000000, 0x0000000084100000, 0x0000000084100000|100%| O|  |TAMS 0x0000000084100000, 0x0000000084100000| Untracked 
|  65|0x0000000084100000, 0x0000000084200000, 0x0000000084200000|100%| O|  |TAMS 0x0000000084200000, 0x0000000084200000| Untracked 
|  66|0x0000000084200000, 0x0000000084300000, 0x0000000084300000|100%| O|  |TAMS 0x0000000084300000, 0x0000000084300000| Untracked 
|  67|0x0000000084300000, 0x0000000084400000, 0x0000000084400000|100%| O|  |TAMS 0x0000000084400000, 0x0000000084400000| Untracked 
|  68|0x0000000084400000, 0x0000000084500000, 0x0000000084500000|100%| O|  |TAMS 0x0000000084500000, 0x0000000084500000| Untracked 
|  69|0x0000000084500000, 0x0000000084600000, 0x0000000084600000|100%| O|  |TAMS 0x0000000084600000, 0x0000000084600000| Untracked 
|  70|0x0000000084600000, 0x0000000084700000, 0x0000000084700000|100%| O|  |TAMS 0x0000000084700000, 0x0000000084700000| Untracked 
|  71|0x0000000084700000, 0x0000000084800000, 0x0000000084800000|100%| O|  |TAMS 0x0000000084800000, 0x0000000084800000| Untracked 
|  72|0x0000000084800000, 0x0000000084900000, 0x0000000084900000|100%| O|  |TAMS 0x0000000084900000, 0x0000000084900000| Untracked 
|  73|0x0000000084900000, 0x0000000084a00000, 0x0000000084a00000|100%| O|  |TAMS 0x0000000084a00000, 0x0000000084a00000| Untracked 
|  74|0x0000000084a00000, 0x0000000084b00000, 0x0000000084b00000|100%| O|  |TAMS 0x0000000084b00000, 0x0000000084b00000| Untracked 
|  75|0x0000000084b00000, 0x0000000084c00000, 0x0000000084c00000|100%| O|  |TAMS 0x0000000084c00000, 0x0000000084c00000| Untracked 
|  76|0x0000000084c00000, 0x0000000084d00000, 0x0000000084d00000|100%| O|  |TAMS 0x0000000084d00000, 0x0000000084d00000| Untracked 
|  77|0x0000000084d00000, 0x0000000084e00000, 0x0000000084e00000|100%| O|  |TAMS 0x0000000084e00000, 0x0000000084e00000| Untracked 
|  78|0x0000000084e00000, 0x0000000084f00000, 0x0000000084f00000|100%| O|  |TAMS 0x0000000084f00000, 0x0000000084f00000| Untracked 
|  79|0x0000000084f00000, 0x0000000085000000, 0x0000000085000000|100%| O|  |TAMS 0x0000000085000000, 0x0000000085000000| Untracked 
|  80|0x0000000085000000, 0x0000000085100000, 0x0000000085100000|100%|HS|  |TAMS 0x0000000085100000, 0x0000000085100000| Complete 
|  81|0x0000000085100000, 0x0000000085200000, 0x0000000085200000|100%|HC|  |TAMS 0x0000000085200000, 0x0000000085200000| Complete 
|  82|0x0000000085200000, 0x0000000085300000, 0x0000000085300000|100%|HC|  |TAMS 0x0000000085300000, 0x0000000085300000| Complete 
|  83|0x0000000085300000, 0x0000000085400000, 0x0000000085400000|100%| O|  |TAMS 0x0000000085400000, 0x0000000085400000| Untracked 
|  84|0x0000000085400000, 0x0000000085500000, 0x0000000085500000|100%| O|  |TAMS 0x0000000085500000, 0x0000000085500000| Untracked 
|  85|0x0000000085500000, 0x0000000085600000, 0x0000000085600000|100%| O|  |TAMS 0x0000000085600000, 0x0000000085600000| Untracked 
|  86|0x0000000085600000, 0x0000000085700000, 0x0000000085700000|100%| O|  |TAMS 0x0000000085700000, 0x0000000085700000| Untracked 
|  87|0x0000000085700000, 0x0000000085800000, 0x0000000085800000|100%| O|  |TAMS 0x0000000085800000, 0x0000000085800000| Untracked 
|  88|0x0000000085800000, 0x0000000085900000, 0x0000000085900000|100%| O|  |TAMS 0x0000000085900000, 0x0000000085900000| Untracked 
|  89|0x0000000085900000, 0x0000000085a00000, 0x0000000085a00000|100%| O|  |TAMS 0x0000000085a00000, 0x0000000085a00000| Untracked 
|  90|0x0000000085a00000, 0x0000000085b00000, 0x0000000085b00000|100%| O|  |TAMS 0x0000000085b00000, 0x0000000085b00000| Untracked 
|  91|0x0000000085b00000, 0x0000000085c00000, 0x0000000085c00000|100%| O|  |TAMS 0x0000000085c00000, 0x0000000085c00000| Untracked 
|  92|0x0000000085c00000, 0x0000000085d00000, 0x0000000085d00000|100%| O|  |TAMS 0x0000000085d00000, 0x0000000085d00000| Untracked 
|  93|0x0000000085d00000, 0x0000000085e00000, 0x0000000085e00000|100%| O|  |TAMS 0x0000000085e00000, 0x0000000085e00000| Untracked 
|  94|0x0000000085e00000, 0x0000000085f00000, 0x0000000085f00000|100%| O|  |TAMS 0x0000000085f00000, 0x0000000085f00000| Untracked 
|  95|0x0000000085f00000, 0x0000000086000000, 0x0000000086000000|100%| O|  |TAMS 0x0000000086000000, 0x0000000086000000| Untracked 
|  96|0x0000000086000000, 0x0000000086100000, 0x0000000086100000|100%| O|  |TAMS 0x0000000086100000, 0x0000000086100000| Untracked 
|  97|0x0000000086100000, 0x000000008613ea00, 0x0000000086200000| 24%| O|  |TAMS 0x0000000086100000, 0x000000008613ea00| Untracked 
|  98|0x0000000086200000, 0x0000000086200000, 0x0000000086300000|  0%| F|  |TAMS 0x0000000086200000, 0x0000000086200000| Untracked 
|  99|0x0000000086300000, 0x0000000086400000, 0x0000000086400000|100%| O|  |TAMS 0x0000000086400000, 0x0000000086400000| Untracked 
| 100|0x0000000086400000, 0x0000000086500000, 0x0000000086500000|100%| O|  |TAMS 0x0000000086500000, 0x0000000086500000| Untracked 
| 101|0x0000000086500000, 0x0000000086600000, 0x0000000086600000|100%| O|  |TAMS 0x0000000086600000, 0x0000000086600000| Untracked 
| 102|0x0000000086600000, 0x0000000086700000, 0x0000000086700000|100%| O|  |TAMS 0x0000000086700000, 0x0000000086700000| Untracked 
| 103|0x0000000086700000, 0x0000000086800000, 0x0000000086800000|100%| O|  |TAMS 0x0000000086800000, 0x0000000086800000| Untracked 
| 104|0x0000000086800000, 0x0000000086900000, 0x0000000086900000|100%| O|  |TAMS 0x0000000086900000, 0x0000000086900000| Untracked 
| 105|0x0000000086900000, 0x0000000086a00000, 0x0000000086a00000|100%|HS|  |TAMS 0x0000000086a00000, 0x0000000086a00000| Complete 
| 106|0x0000000086a00000, 0x0000000086b00000, 0x0000000086b00000|100%|HC|  |TAMS 0x0000000086b00000, 0x0000000086b00000| Complete 
| 107|0x0000000086b00000, 0x0000000086c00000, 0x0000000086c00000|100%| O|  |TAMS 0x0000000086c00000, 0x0000000086c00000| Untracked 
| 108|0x0000000086c00000, 0x0000000086d00000, 0x0000000086d00000|100%| O|  |TAMS 0x0000000086d00000, 0x0000000086d00000| Untracked 
| 109|0x0000000086d00000, 0x0000000086e00000, 0x0000000086e00000|100%| O|  |TAMS 0x0000000086e00000, 0x0000000086e00000| Untracked 
| 110|0x0000000086e00000, 0x0000000086f00000, 0x0000000086f00000|100%| O|  |TAMS 0x0000000086f00000, 0x0000000086f00000| Untracked 
| 111|0x0000000086f00000, 0x0000000087000000, 0x0000000087000000|100%| O|  |TAMS 0x0000000087000000, 0x0000000087000000| Untracked 
| 112|0x0000000087000000, 0x0000000087100000, 0x0000000087100000|100%| O|  |TAMS 0x0000000087100000, 0x0000000087100000| Untracked 
| 113|0x0000000087100000, 0x0000000087200000, 0x0000000087200000|100%| O|  |TAMS 0x0000000087200000, 0x0000000087200000| Untracked 
| 114|0x0000000087200000, 0x0000000087300000, 0x0000000087300000|100%| O|  |TAMS 0x0000000087300000, 0x0000000087300000| Untracked 
| 115|0x0000000087300000, 0x0000000087400000, 0x0000000087400000|100%| O|  |TAMS 0x0000000087400000, 0x0000000087400000| Untracked 
| 116|0x0000000087400000, 0x0000000087500000, 0x0000000087500000|100%| O|  |TAMS 0x0000000087500000, 0x0000000087500000| Untracked 
| 117|0x0000000087500000, 0x0000000087600000, 0x0000000087600000|100%|HS|  |TAMS 0x0000000087600000, 0x0000000087600000| Complete 
| 118|0x0000000087600000, 0x0000000087700000, 0x0000000087700000|100%| O|  |TAMS 0x0000000087700000, 0x0000000087700000| Untracked 
| 119|0x0000000087700000, 0x0000000087800000, 0x0000000087800000|100%| O|  |TAMS 0x0000000087781a00, 0x0000000087800000| Untracked 
| 120|0x0000000087800000, 0x0000000087900000, 0x0000000087900000|100%| O|  |TAMS 0x0000000087800000, 0x0000000087900000| Untracked 
| 121|0x0000000087900000, 0x0000000087900000, 0x0000000087a00000|  0%| F|  |TAMS 0x0000000087900000, 0x0000000087900000| Untracked 
| 122|0x0000000087a00000, 0x0000000087a00000, 0x0000000087b00000|  0%| F|  |TAMS 0x0000000087a00000, 0x0000000087a00000| Untracked 
| 123|0x0000000087b00000, 0x0000000087c00000, 0x0000000087c00000|100%| O|  |TAMS 0x0000000087c00000, 0x0000000087c00000| Untracked 
| 124|0x0000000087c00000, 0x0000000087c00000, 0x0000000087d00000|  0%| F|  |TAMS 0x0000000087c00000, 0x0000000087c00000| Untracked 
| 125|0x0000000087d00000, 0x0000000087e00000, 0x0000000087e00000|100%| O|  |TAMS 0x0000000087e00000, 0x0000000087e00000| Untracked 
| 126|0x0000000087e00000, 0x0000000087f00000, 0x0000000087f00000|100%| O|  |TAMS 0x0000000087f00000, 0x0000000087f00000| Untracked 
| 127|0x0000000087f00000, 0x0000000087f00000, 0x0000000088000000|  0%| F|  |TAMS 0x0000000087f00000, 0x0000000087f00000| Untracked 
| 128|0x0000000088000000, 0x0000000088100000, 0x0000000088100000|100%| O|  |TAMS 0x0000000088100000, 0x0000000088100000| Untracked 
| 129|0x0000000088100000, 0x0000000088200000, 0x0000000088200000|100%| O|  |TAMS 0x0000000088200000, 0x0000000088200000| Untracked 
| 130|0x0000000088200000, 0x0000000088200000, 0x0000000088300000|  0%| F|  |TAMS 0x0000000088200000, 0x0000000088200000| Untracked 
| 131|0x0000000088300000, 0x0000000088300000, 0x0000000088400000|  0%| F|  |TAMS 0x0000000088300000, 0x0000000088300000| Untracked 
| 132|0x0000000088400000, 0x0000000088400000, 0x0000000088500000|  0%| F|  |TAMS 0x0000000088400000, 0x0000000088400000| Untracked 
| 133|0x0000000088500000, 0x0000000088500000, 0x0000000088600000|  0%| F|  |TAMS 0x0000000088500000, 0x0000000088500000| Untracked 
| 134|0x0000000088600000, 0x0000000088600000, 0x0000000088700000|  0%| F|  |TAMS 0x0000000088600000, 0x0000000088600000| Untracked 
| 135|0x0000000088700000, 0x0000000088700000, 0x0000000088800000|  0%| F|  |TAMS 0x0000000088700000, 0x0000000088700000| Untracked 
| 136|0x0000000088800000, 0x0000000088800000, 0x0000000088900000|  0%| F|  |TAMS 0x0000000088800000, 0x0000000088800000| Untracked 
| 137|0x0000000088900000, 0x0000000088900000, 0x0000000088a00000|  0%| F|  |TAMS 0x0000000088900000, 0x0000000088900000| Untracked 
| 138|0x0000000088a00000, 0x0000000088a00000, 0x0000000088b00000|  0%| F|  |TAMS 0x0000000088a00000, 0x0000000088a00000| Untracked 
| 139|0x0000000088b00000, 0x0000000088b00000, 0x0000000088c00000|  0%| F|  |TAMS 0x0000000088b00000, 0x0000000088b00000| Untracked 
| 140|0x0000000088c00000, 0x0000000088c00000, 0x0000000088d00000|  0%| F|  |TAMS 0x0000000088c00000, 0x0000000088c00000| Untracked 
| 141|0x0000000088d00000, 0x0000000088d00000, 0x0000000088e00000|  0%| F|  |TAMS 0x0000000088d00000, 0x0000000088d00000| Untracked 
| 142|0x0000000088e00000, 0x0000000088e00000, 0x0000000088f00000|  0%| F|  |TAMS 0x0000000088e00000, 0x0000000088e00000| Untracked 
| 143|0x0000000088f00000, 0x0000000088f00000, 0x0000000089000000|  0%| F|  |TAMS 0x0000000088f00000, 0x0000000088f00000| Untracked 
| 144|0x0000000089000000, 0x0000000089000000, 0x0000000089100000|  0%| F|  |TAMS 0x0000000089000000, 0x0000000089000000| Untracked 
| 145|0x0000000089100000, 0x0000000089100000, 0x0000000089200000|  0%| F|  |TAMS 0x0000000089100000, 0x0000000089100000| Untracked 
| 146|0x0000000089200000, 0x0000000089200000, 0x0000000089300000|  0%| F|  |TAMS 0x0000000089200000, 0x0000000089200000| Untracked 
| 147|0x0000000089300000, 0x0000000089300000, 0x0000000089400000|  0%| F|  |TAMS 0x0000000089300000, 0x0000000089300000| Untracked 
| 148|0x0000000089400000, 0x0000000089400000, 0x0000000089500000|  0%| F|  |TAMS 0x0000000089400000, 0x0000000089400000| Untracked 
| 149|0x0000000089500000, 0x0000000089500000, 0x0000000089600000|  0%| F|  |TAMS 0x0000000089500000, 0x0000000089500000| Untracked 
| 150|0x0000000089600000, 0x0000000089600000, 0x0000000089700000|  0%| F|  |TAMS 0x0000000089600000, 0x0000000089600000| Untracked 
| 151|0x0000000089700000, 0x0000000089700000, 0x0000000089800000|  0%| F|  |TAMS 0x0000000089700000, 0x0000000089700000| Untracked 
| 152|0x0000000089800000, 0x0000000089800000, 0x0000000089900000|  0%| F|  |TAMS 0x0000000089800000, 0x0000000089800000| Untracked 
| 153|0x0000000089900000, 0x0000000089900000, 0x0000000089a00000|  0%| F|  |TAMS 0x0000000089900000, 0x0000000089900000| Untracked 
| 154|0x0000000089a00000, 0x0000000089a00000, 0x0000000089b00000|  0%| F|  |TAMS 0x0000000089a00000, 0x0000000089a00000| Untracked 
| 155|0x0000000089b00000, 0x0000000089b00000, 0x0000000089c00000|  0%| F|  |TAMS 0x0000000089b00000, 0x0000000089b00000| Untracked 
| 156|0x0000000089c00000, 0x0000000089c00000, 0x0000000089d00000|  0%| F|  |TAMS 0x0000000089c00000, 0x0000000089c00000| Untracked 
| 157|0x0000000089d00000, 0x0000000089d00000, 0x0000000089e00000|  0%| F|  |TAMS 0x0000000089d00000, 0x0000000089d00000| Untracked 
| 158|0x0000000089e00000, 0x0000000089e00000, 0x0000000089f00000|  0%| F|  |TAMS 0x0000000089e00000, 0x0000000089e00000| Untracked 
| 159|0x0000000089f00000, 0x0000000089f00000, 0x000000008a000000|  0%| F|  |TAMS 0x0000000089f00000, 0x0000000089f00000| Untracked 
| 160|0x000000008a000000, 0x000000008a000000, 0x000000008a100000|  0%| F|  |TAMS 0x000000008a000000, 0x000000008a000000| Untracked 
| 161|0x000000008a100000, 0x000000008a100000, 0x000000008a200000|  0%| F|  |TAMS 0x000000008a100000, 0x000000008a100000| Untracked 
| 162|0x000000008a200000, 0x000000008a200000, 0x000000008a300000|  0%| F|  |TAMS 0x000000008a200000, 0x000000008a200000| Untracked 
| 163|0x000000008a300000, 0x000000008a300000, 0x000000008a400000|  0%| F|  |TAMS 0x000000008a300000, 0x000000008a300000| Untracked 
| 164|0x000000008a400000, 0x000000008a400000, 0x000000008a500000|  0%| F|  |TAMS 0x000000008a400000, 0x000000008a400000| Untracked 
| 165|0x000000008a500000, 0x000000008a500000, 0x000000008a600000|  0%| F|  |TAMS 0x000000008a500000, 0x000000008a500000| Untracked 
| 166|0x000000008a600000, 0x000000008a600000, 0x000000008a700000|  0%| F|  |TAMS 0x000000008a600000, 0x000000008a600000| Untracked 
| 167|0x000000008a700000, 0x000000008a700000, 0x000000008a800000|  0%| F|  |TAMS 0x000000008a700000, 0x000000008a700000| Untracked 
| 168|0x000000008a800000, 0x000000008a800000, 0x000000008a900000|  0%| F|  |TAMS 0x000000008a800000, 0x000000008a800000| Untracked 
| 169|0x000000008a900000, 0x000000008a900000, 0x000000008aa00000|  0%| F|  |TAMS 0x000000008a900000, 0x000000008a900000| Untracked 
| 170|0x000000008aa00000, 0x000000008aa00000, 0x000000008ab00000|  0%| F|  |TAMS 0x000000008aa00000, 0x000000008aa00000| Untracked 
| 171|0x000000008ab00000, 0x000000008ab00000, 0x000000008ac00000|  0%| F|  |TAMS 0x000000008ab00000, 0x000000008ab00000| Untracked 
| 172|0x000000008ac00000, 0x000000008ac00000, 0x000000008ad00000|  0%| F|  |TAMS 0x000000008ac00000, 0x000000008ac00000| Untracked 
| 173|0x000000008ad00000, 0x000000008ad00000, 0x000000008ae00000|  0%| F|  |TAMS 0x000000008ad00000, 0x000000008ad00000| Untracked 
| 174|0x000000008ae00000, 0x000000008ae00000, 0x000000008af00000|  0%| F|  |TAMS 0x000000008ae00000, 0x000000008ae00000| Untracked 
| 175|0x000000008af00000, 0x000000008af00000, 0x000000008b000000|  0%| F|  |TAMS 0x000000008af00000, 0x000000008af00000| Untracked 
| 176|0x000000008b000000, 0x000000008b000000, 0x000000008b100000|  0%| F|  |TAMS 0x000000008b000000, 0x000000008b000000| Untracked 
| 177|0x000000008b100000, 0x000000008b100000, 0x000000008b200000|  0%| F|  |TAMS 0x000000008b100000, 0x000000008b100000| Untracked 
| 178|0x000000008b200000, 0x000000008b200000, 0x000000008b300000|  0%| F|  |TAMS 0x000000008b200000, 0x000000008b200000| Untracked 
| 179|0x000000008b300000, 0x000000008b300000, 0x000000008b400000|  0%| F|  |TAMS 0x000000008b300000, 0x000000008b300000| Untracked 
| 180|0x000000008b400000, 0x000000008b400000, 0x000000008b500000|  0%| F|  |TAMS 0x000000008b400000, 0x000000008b400000| Untracked 
| 181|0x000000008b500000, 0x000000008b500000, 0x000000008b600000|  0%| F|  |TAMS 0x000000008b500000, 0x000000008b500000| Untracked 
| 182|0x000000008b600000, 0x000000008b600000, 0x000000008b700000|  0%| F|  |TAMS 0x000000008b600000, 0x000000008b600000| Untracked 
| 183|0x000000008b700000, 0x000000008b700000, 0x000000008b800000|  0%| F|  |TAMS 0x000000008b700000, 0x000000008b700000| Untracked 
| 184|0x000000008b800000, 0x000000008b800000, 0x000000008b900000|  0%| F|  |TAMS 0x000000008b800000, 0x000000008b800000| Untracked 
| 185|0x000000008b900000, 0x000000008b900000, 0x000000008ba00000|  0%| F|  |TAMS 0x000000008b900000, 0x000000008b900000| Untracked 
| 186|0x000000008ba00000, 0x000000008ba00000, 0x000000008bb00000|  0%| F|  |TAMS 0x000000008ba00000, 0x000000008ba00000| Untracked 
| 187|0x000000008bb00000, 0x000000008bb00000, 0x000000008bc00000|  0%| F|  |TAMS 0x000000008bb00000, 0x000000008bb00000| Untracked 
| 188|0x000000008bc00000, 0x000000008bc00000, 0x000000008bd00000|  0%| F|  |TAMS 0x000000008bc00000, 0x000000008bc00000| Untracked 
| 189|0x000000008bd00000, 0x000000008bd00000, 0x000000008be00000|  0%| F|  |TAMS 0x000000008bd00000, 0x000000008bd00000| Untracked 
| 190|0x000000008be00000, 0x000000008be00000, 0x000000008bf00000|  0%| F|  |TAMS 0x000000008be00000, 0x000000008be00000| Untracked 
| 191|0x000000008bf00000, 0x000000008bf00000, 0x000000008c000000|  0%| F|  |TAMS 0x000000008bf00000, 0x000000008bf00000| Untracked 
| 192|0x000000008c000000, 0x000000008c000000, 0x000000008c100000|  0%| F|  |TAMS 0x000000008c000000, 0x000000008c000000| Untracked 
| 193|0x000000008c100000, 0x000000008c100000, 0x000000008c200000|  0%| F|  |TAMS 0x000000008c100000, 0x000000008c100000| Untracked 
| 194|0x000000008c200000, 0x000000008c200000, 0x000000008c300000|  0%| F|  |TAMS 0x000000008c200000, 0x000000008c200000| Untracked 
| 195|0x000000008c300000, 0x000000008c300000, 0x000000008c400000|  0%| F|  |TAMS 0x000000008c300000, 0x000000008c300000| Untracked 
| 196|0x000000008c400000, 0x000000008c400000, 0x000000008c500000|  0%| F|  |TAMS 0x000000008c400000, 0x000000008c400000| Untracked 
| 197|0x000000008c500000, 0x000000008c500000, 0x000000008c600000|  0%| F|  |TAMS 0x000000008c500000, 0x000000008c500000| Untracked 
| 198|0x000000008c600000, 0x000000008c600000, 0x000000008c700000|  0%| F|  |TAMS 0x000000008c600000, 0x000000008c600000| Untracked 
| 199|0x000000008c700000, 0x000000008c700000, 0x000000008c800000|  0%| F|  |TAMS 0x000000008c700000, 0x000000008c700000| Untracked 
| 200|0x000000008c800000, 0x000000008c800000, 0x000000008c900000|  0%| F|  |TAMS 0x000000008c800000, 0x000000008c800000| Untracked 
| 201|0x000000008c900000, 0x000000008c900000, 0x000000008ca00000|  0%| F|  |TAMS 0x000000008c900000, 0x000000008c900000| Untracked 
| 202|0x000000008ca00000, 0x000000008ca00000, 0x000000008cb00000|  0%| F|  |TAMS 0x000000008ca00000, 0x000000008ca00000| Untracked 
| 203|0x000000008cb00000, 0x000000008cb00000, 0x000000008cc00000|  0%| F|  |TAMS 0x000000008cb00000, 0x000000008cb00000| Untracked 
| 204|0x000000008cc00000, 0x000000008cc00000, 0x000000008cd00000|  0%| F|  |TAMS 0x000000008cc00000, 0x000000008cc00000| Untracked 
| 205|0x000000008cd00000, 0x000000008cd00000, 0x000000008ce00000|  0%| F|  |TAMS 0x000000008cd00000, 0x000000008cd00000| Untracked 
| 206|0x000000008ce00000, 0x000000008ce00000, 0x000000008cf00000|  0%| F|  |TAMS 0x000000008ce00000, 0x000000008ce00000| Untracked 
| 207|0x000000008cf00000, 0x000000008cf00000, 0x000000008d000000|  0%| F|  |TAMS 0x000000008cf00000, 0x000000008cf00000| Untracked 
| 208|0x000000008d000000, 0x000000008d000000, 0x000000008d100000|  0%| F|  |TAMS 0x000000008d000000, 0x000000008d000000| Untracked 
| 209|0x000000008d100000, 0x000000008d100000, 0x000000008d200000|  0%| F|  |TAMS 0x000000008d100000, 0x000000008d100000| Untracked 
| 210|0x000000008d200000, 0x000000008d200000, 0x000000008d300000|  0%| F|  |TAMS 0x000000008d200000, 0x000000008d200000| Untracked 
| 211|0x000000008d300000, 0x000000008d300000, 0x000000008d400000|  0%| F|  |TAMS 0x000000008d300000, 0x000000008d300000| Untracked 
| 212|0x000000008d400000, 0x000000008d400000, 0x000000008d500000|  0%| F|  |TAMS 0x000000008d400000, 0x000000008d400000| Untracked 
| 213|0x000000008d500000, 0x000000008d500000, 0x000000008d600000|  0%| F|  |TAMS 0x000000008d500000, 0x000000008d500000| Untracked 
| 214|0x000000008d600000, 0x000000008d600000, 0x000000008d700000|  0%| F|  |TAMS 0x000000008d600000, 0x000000008d600000| Untracked 
| 215|0x000000008d700000, 0x000000008d700000, 0x000000008d800000|  0%| F|  |TAMS 0x000000008d700000, 0x000000008d700000| Untracked 
| 216|0x000000008d800000, 0x000000008d800000, 0x000000008d900000|  0%| F|  |TAMS 0x000000008d800000, 0x000000008d800000| Untracked 
| 217|0x000000008d900000, 0x000000008d900000, 0x000000008da00000|  0%| F|  |TAMS 0x000000008d900000, 0x000000008d900000| Untracked 
| 218|0x000000008da00000, 0x000000008da00000, 0x000000008db00000|  0%| F|  |TAMS 0x000000008da00000, 0x000000008da00000| Untracked 
| 219|0x000000008db00000, 0x000000008db00000, 0x000000008dc00000|  0%| F|  |TAMS 0x000000008db00000, 0x000000008db00000| Untracked 
| 220|0x000000008dc00000, 0x000000008dc00000, 0x000000008dd00000|  0%| F|  |TAMS 0x000000008dc00000, 0x000000008dc00000| Untracked 
| 221|0x000000008dd00000, 0x000000008dd00000, 0x000000008de00000|  0%| F|  |TAMS 0x000000008dd00000, 0x000000008dd00000| Untracked 
| 222|0x000000008de00000, 0x000000008de00000, 0x000000008df00000|  0%| F|  |TAMS 0x000000008de00000, 0x000000008de00000| Untracked 
| 223|0x000000008df00000, 0x000000008df00000, 0x000000008e000000|  0%| F|  |TAMS 0x000000008df00000, 0x000000008df00000| Untracked 
| 224|0x000000008e000000, 0x000000008e000000, 0x000000008e100000|  0%| F|  |TAMS 0x000000008e000000, 0x000000008e000000| Untracked 
| 225|0x000000008e100000, 0x000000008e100000, 0x000000008e200000|  0%| F|  |TAMS 0x000000008e100000, 0x000000008e100000| Untracked 
| 226|0x000000008e200000, 0x000000008e200000, 0x000000008e300000|  0%| F|  |TAMS 0x000000008e200000, 0x000000008e200000| Untracked 
| 227|0x000000008e300000, 0x000000008e300000, 0x000000008e400000|  0%| F|  |TAMS 0x000000008e300000, 0x000000008e300000| Untracked 
| 228|0x000000008e400000, 0x000000008e400000, 0x000000008e500000|  0%| F|  |TAMS 0x000000008e400000, 0x000000008e400000| Untracked 
| 229|0x000000008e500000, 0x000000008e500000, 0x000000008e600000|  0%| F|  |TAMS 0x000000008e500000, 0x000000008e500000| Untracked 
| 230|0x000000008e600000, 0x000000008e600000, 0x000000008e700000|  0%| F|  |TAMS 0x000000008e600000, 0x000000008e600000| Untracked 
| 231|0x000000008e700000, 0x000000008e700000, 0x000000008e800000|  0%| F|  |TAMS 0x000000008e700000, 0x000000008e700000| Untracked 
| 232|0x000000008e800000, 0x000000008e800000, 0x000000008e900000|  0%| F|  |TAMS 0x000000008e800000, 0x000000008e800000| Untracked 
| 233|0x000000008e900000, 0x000000008e900000, 0x000000008ea00000|  0%| F|  |TAMS 0x000000008e900000, 0x000000008e900000| Untracked 
| 234|0x000000008ea00000, 0x000000008ea00000, 0x000000008eb00000|  0%| F|  |TAMS 0x000000008ea00000, 0x000000008ea00000| Untracked 
| 235|0x000000008eb00000, 0x000000008eb00000, 0x000000008ec00000|  0%| F|  |TAMS 0x000000008eb00000, 0x000000008eb00000| Untracked 
| 236|0x000000008ec00000, 0x000000008ec00000, 0x000000008ed00000|  0%| F|  |TAMS 0x000000008ec00000, 0x000000008ec00000| Untracked 
| 237|0x000000008ed00000, 0x000000008ed00000, 0x000000008ee00000|  0%| F|  |TAMS 0x000000008ed00000, 0x000000008ed00000| Untracked 
| 238|0x000000008ee00000, 0x000000008ee00000, 0x000000008ef00000|  0%| F|  |TAMS 0x000000008ee00000, 0x000000008ee00000| Untracked 
| 239|0x000000008ef00000, 0x000000008ef00000, 0x000000008f000000|  0%| F|  |TAMS 0x000000008ef00000, 0x000000008ef00000| Untracked 
| 240|0x000000008f000000, 0x000000008f000000, 0x000000008f100000|  0%| F|  |TAMS 0x000000008f000000, 0x000000008f000000| Untracked 
| 241|0x000000008f100000, 0x000000008f100000, 0x000000008f200000|  0%| F|  |TAMS 0x000000008f100000, 0x000000008f100000| Untracked 
| 242|0x000000008f200000, 0x000000008f200000, 0x000000008f300000|  0%| F|  |TAMS 0x000000008f200000, 0x000000008f200000| Untracked 
| 243|0x000000008f300000, 0x000000008f300000, 0x000000008f400000|  0%| F|  |TAMS 0x000000008f300000, 0x000000008f300000| Untracked 
| 244|0x000000008f400000, 0x000000008f400000, 0x000000008f500000|  0%| F|  |TAMS 0x000000008f400000, 0x000000008f400000| Untracked 
| 245|0x000000008f500000, 0x000000008f500000, 0x000000008f600000|  0%| F|  |TAMS 0x000000008f500000, 0x000000008f500000| Untracked 
| 246|0x000000008f600000, 0x000000008f600000, 0x000000008f700000|  0%| F|  |TAMS 0x000000008f600000, 0x000000008f600000| Untracked 
| 247|0x000000008f700000, 0x000000008f700000, 0x000000008f800000|  0%| F|  |TAMS 0x000000008f700000, 0x000000008f700000| Untracked 
| 248|0x000000008f800000, 0x000000008f800000, 0x000000008f900000|  0%| F|  |TAMS 0x000000008f800000, 0x000000008f800000| Untracked 
| 249|0x000000008f900000, 0x000000008f900000, 0x000000008fa00000|  0%| F|  |TAMS 0x000000008f900000, 0x000000008f900000| Untracked 
| 250|0x000000008fa00000, 0x000000008fa00000, 0x000000008fb00000|  0%| F|  |TAMS 0x000000008fa00000, 0x000000008fa00000| Untracked 
| 251|0x000000008fb00000, 0x000000008fb00000, 0x000000008fc00000|  0%| F|  |TAMS 0x000000008fb00000, 0x000000008fb00000| Untracked 
| 252|0x000000008fc00000, 0x000000008fc00000, 0x000000008fd00000|  0%| F|  |TAMS 0x000000008fc00000, 0x000000008fc00000| Untracked 
| 253|0x000000008fd00000, 0x000000008fd00000, 0x000000008fe00000|  0%| F|  |TAMS 0x000000008fd00000, 0x000000008fd00000| Untracked 
| 254|0x000000008fe00000, 0x000000008fe00000, 0x000000008ff00000|  0%| F|  |TAMS 0x000000008fe00000, 0x000000008fe00000| Untracked 
| 255|0x000000008ff00000, 0x000000008ff00000, 0x0000000090000000|  0%| F|  |TAMS 0x000000008ff00000, 0x000000008ff00000| Untracked 
| 256|0x0000000090000000, 0x0000000090000000, 0x0000000090100000|  0%| F|  |TAMS 0x0000000090000000, 0x0000000090000000| Untracked 
| 257|0x0000000090100000, 0x0000000090100000, 0x0000000090200000|  0%| F|  |TAMS 0x0000000090100000, 0x0000000090100000| Untracked 
| 258|0x0000000090200000, 0x0000000090200000, 0x0000000090300000|  0%| F|  |TAMS 0x0000000090200000, 0x0000000090200000| Untracked 
| 259|0x0000000090300000, 0x0000000090300000, 0x0000000090400000|  0%| F|  |TAMS 0x0000000090300000, 0x0000000090300000| Untracked 
| 260|0x0000000090400000, 0x0000000090400000, 0x0000000090500000|  0%| F|  |TAMS 0x0000000090400000, 0x0000000090400000| Untracked 
| 261|0x0000000090500000, 0x0000000090500000, 0x0000000090600000|  0%| F|  |TAMS 0x0000000090500000, 0x0000000090500000| Untracked 
| 262|0x0000000090600000, 0x0000000090600000, 0x0000000090700000|  0%| F|  |TAMS 0x0000000090600000, 0x0000000090600000| Untracked 
| 263|0x0000000090700000, 0x0000000090700000, 0x0000000090800000|  0%| F|  |TAMS 0x0000000090700000, 0x0000000090700000| Untracked 
| 264|0x0000000090800000, 0x0000000090800000, 0x0000000090900000|  0%| F|  |TAMS 0x0000000090800000, 0x0000000090800000| Untracked 
| 265|0x0000000090900000, 0x0000000090900000, 0x0000000090a00000|  0%| F|  |TAMS 0x0000000090900000, 0x0000000090900000| Untracked 
| 266|0x0000000090a00000, 0x0000000090a00000, 0x0000000090b00000|  0%| F|  |TAMS 0x0000000090a00000, 0x0000000090a00000| Untracked 
| 267|0x0000000090b00000, 0x0000000090b00000, 0x0000000090c00000|  0%| F|  |TAMS 0x0000000090b00000, 0x0000000090b00000| Untracked 
| 268|0x0000000090c00000, 0x0000000090c00000, 0x0000000090d00000|  0%| F|  |TAMS 0x0000000090c00000, 0x0000000090c00000| Untracked 
| 269|0x0000000090d00000, 0x0000000090d00000, 0x0000000090e00000|  0%| F|  |TAMS 0x0000000090d00000, 0x0000000090d00000| Untracked 
| 270|0x0000000090e00000, 0x0000000090e00000, 0x0000000090f00000|  0%| F|  |TAMS 0x0000000090e00000, 0x0000000090e00000| Untracked 
| 271|0x0000000090f00000, 0x0000000090f00000, 0x0000000091000000|  0%| F|  |TAMS 0x0000000090f00000, 0x0000000090f00000| Untracked 
| 272|0x0000000091000000, 0x0000000091000000, 0x0000000091100000|  0%| F|  |TAMS 0x0000000091000000, 0x0000000091000000| Untracked 
| 273|0x0000000091100000, 0x0000000091100000, 0x0000000091200000|  0%| F|  |TAMS 0x0000000091100000, 0x0000000091100000| Untracked 
| 274|0x0000000091200000, 0x0000000091200000, 0x0000000091300000|  0%| F|  |TAMS 0x0000000091200000, 0x0000000091200000| Untracked 
| 275|0x0000000091300000, 0x0000000091300000, 0x0000000091400000|  0%| F|  |TAMS 0x0000000091300000, 0x0000000091300000| Untracked 
| 276|0x0000000091400000, 0x0000000091400000, 0x0000000091500000|  0%| F|  |TAMS 0x0000000091400000, 0x0000000091400000| Untracked 
| 277|0x0000000091500000, 0x0000000091500000, 0x0000000091600000|  0%| F|  |TAMS 0x0000000091500000, 0x0000000091500000| Untracked 
| 278|0x0000000091600000, 0x0000000091600000, 0x0000000091700000|  0%| F|  |TAMS 0x0000000091600000, 0x0000000091600000| Untracked 
| 279|0x0000000091700000, 0x0000000091700000, 0x0000000091800000|  0%| F|  |TAMS 0x0000000091700000, 0x0000000091700000| Untracked 
| 280|0x0000000091800000, 0x0000000091800000, 0x0000000091900000|  0%| F|  |TAMS 0x0000000091800000, 0x0000000091800000| Untracked 
| 281|0x0000000091900000, 0x0000000091900000, 0x0000000091a00000|  0%| F|  |TAMS 0x0000000091900000, 0x0000000091900000| Untracked 
| 282|0x0000000091a00000, 0x0000000091a00000, 0x0000000091b00000|  0%| F|  |TAMS 0x0000000091a00000, 0x0000000091a00000| Untracked 
| 283|0x0000000091b00000, 0x0000000091b00000, 0x0000000091c00000|  0%| F|  |TAMS 0x0000000091b00000, 0x0000000091b00000| Untracked 
| 284|0x0000000091c00000, 0x0000000091c00000, 0x0000000091d00000|  0%| F|  |TAMS 0x0000000091c00000, 0x0000000091c00000| Untracked 
| 285|0x0000000091d00000, 0x0000000091d00000, 0x0000000091e00000|  0%| F|  |TAMS 0x0000000091d00000, 0x0000000091d00000| Untracked 
| 286|0x0000000091e00000, 0x0000000091e00000, 0x0000000091f00000|  0%| F|  |TAMS 0x0000000091e00000, 0x0000000091e00000| Untracked 
| 287|0x0000000091f00000, 0x0000000091f00000, 0x0000000092000000|  0%| F|  |TAMS 0x0000000091f00000, 0x0000000091f00000| Untracked 
| 288|0x0000000092000000, 0x0000000092000000, 0x0000000092100000|  0%| F|  |TAMS 0x0000000092000000, 0x0000000092000000| Untracked 
| 289|0x0000000092100000, 0x0000000092100000, 0x0000000092200000|  0%| F|  |TAMS 0x0000000092100000, 0x0000000092100000| Untracked 
| 290|0x0000000092200000, 0x0000000092200000, 0x0000000092300000|  0%| F|  |TAMS 0x0000000092200000, 0x0000000092200000| Untracked 
| 291|0x0000000092300000, 0x0000000092300000, 0x0000000092400000|  0%| F|  |TAMS 0x0000000092300000, 0x0000000092300000| Untracked 
| 292|0x0000000092400000, 0x0000000092400000, 0x0000000092500000|  0%| F|  |TAMS 0x0000000092400000, 0x0000000092400000| Untracked 
| 293|0x0000000092500000, 0x0000000092500000, 0x0000000092600000|  0%| F|  |TAMS 0x0000000092500000, 0x0000000092500000| Untracked 
| 294|0x0000000092600000, 0x0000000092600000, 0x0000000092700000|  0%| F|  |TAMS 0x0000000092600000, 0x0000000092600000| Untracked 
| 295|0x0000000092700000, 0x0000000092700000, 0x0000000092800000|  0%| F|  |TAMS 0x0000000092700000, 0x0000000092700000| Untracked 
| 296|0x0000000092800000, 0x0000000092800000, 0x0000000092900000|  0%| F|  |TAMS 0x0000000092800000, 0x0000000092800000| Untracked 
| 297|0x0000000092900000, 0x0000000092900000, 0x0000000092a00000|  0%| F|  |TAMS 0x0000000092900000, 0x0000000092900000| Untracked 
| 298|0x0000000092a00000, 0x0000000092a00000, 0x0000000092b00000|  0%| F|  |TAMS 0x0000000092a00000, 0x0000000092a00000| Untracked 
| 299|0x0000000092b00000, 0x0000000092b00000, 0x0000000092c00000|  0%| F|  |TAMS 0x0000000092b00000, 0x0000000092b00000| Untracked 
| 300|0x0000000092c00000, 0x0000000092c00000, 0x0000000092d00000|  0%| F|  |TAMS 0x0000000092c00000, 0x0000000092c00000| Untracked 
| 301|0x0000000092d00000, 0x0000000092d00000, 0x0000000092e00000|  0%| F|  |TAMS 0x0000000092d00000, 0x0000000092d00000| Untracked 
| 302|0x0000000092e00000, 0x0000000092e00000, 0x0000000092f00000|  0%| F|  |TAMS 0x0000000092e00000, 0x0000000092e00000| Untracked 
| 303|0x0000000092f00000, 0x0000000092f00000, 0x0000000093000000|  0%| F|  |TAMS 0x0000000092f00000, 0x0000000092f00000| Untracked 
| 304|0x0000000093000000, 0x0000000093000000, 0x0000000093100000|  0%| F|  |TAMS 0x0000000093000000, 0x0000000093000000| Untracked 
| 305|0x0000000093100000, 0x0000000093100000, 0x0000000093200000|  0%| F|  |TAMS 0x0000000093100000, 0x0000000093100000| Untracked 
| 306|0x0000000093200000, 0x0000000093200000, 0x0000000093300000|  0%| F|  |TAMS 0x0000000093200000, 0x0000000093200000| Untracked 
| 307|0x0000000093300000, 0x0000000093300000, 0x0000000093400000|  0%| F|  |TAMS 0x0000000093300000, 0x0000000093300000| Untracked 
| 308|0x0000000093400000, 0x0000000093400000, 0x0000000093500000|  0%| F|  |TAMS 0x0000000093400000, 0x0000000093400000| Untracked 
| 309|0x0000000093500000, 0x0000000093500000, 0x0000000093600000|  0%| F|  |TAMS 0x0000000093500000, 0x0000000093500000| Untracked 
| 310|0x0000000093600000, 0x0000000093600000, 0x0000000093700000|  0%| F|  |TAMS 0x0000000093600000, 0x0000000093600000| Untracked 
| 311|0x0000000093700000, 0x0000000093700000, 0x0000000093800000|  0%| F|  |TAMS 0x0000000093700000, 0x0000000093700000| Untracked 
| 312|0x0000000093800000, 0x0000000093800000, 0x0000000093900000|  0%| F|  |TAMS 0x0000000093800000, 0x0000000093800000| Untracked 
| 313|0x0000000093900000, 0x0000000093900000, 0x0000000093a00000|  0%| F|  |TAMS 0x0000000093900000, 0x0000000093900000| Untracked 
| 314|0x0000000093a00000, 0x0000000093a00000, 0x0000000093b00000|  0%| F|  |TAMS 0x0000000093a00000, 0x0000000093a00000| Untracked 
| 315|0x0000000093b00000, 0x0000000093b00000, 0x0000000093c00000|  0%| F|  |TAMS 0x0000000093b00000, 0x0000000093b00000| Untracked 
| 316|0x0000000093c00000, 0x0000000093c00000, 0x0000000093d00000|  0%| F|  |TAMS 0x0000000093c00000, 0x0000000093c00000| Untracked 
| 317|0x0000000093d00000, 0x0000000093d00000, 0x0000000093e00000|  0%| F|  |TAMS 0x0000000093d00000, 0x0000000093d00000| Untracked 
| 318|0x0000000093e00000, 0x0000000093e00000, 0x0000000093f00000|  0%| F|  |TAMS 0x0000000093e00000, 0x0000000093e00000| Untracked 
| 319|0x0000000093f00000, 0x0000000093f00000, 0x0000000094000000|  0%| F|  |TAMS 0x0000000093f00000, 0x0000000093f00000| Untracked 
| 320|0x0000000094000000, 0x0000000094000000, 0x0000000094100000|  0%| F|  |TAMS 0x0000000094000000, 0x0000000094000000| Untracked 
| 321|0x0000000094100000, 0x0000000094100000, 0x0000000094200000|  0%| F|  |TAMS 0x0000000094100000, 0x0000000094100000| Untracked 
| 322|0x0000000094200000, 0x0000000094200000, 0x0000000094300000|  0%| F|  |TAMS 0x0000000094200000, 0x0000000094200000| Untracked 
| 323|0x0000000094300000, 0x0000000094300000, 0x0000000094400000|  0%| F|  |TAMS 0x0000000094300000, 0x0000000094300000| Untracked 
| 324|0x0000000094400000, 0x0000000094400000, 0x0000000094500000|  0%| F|  |TAMS 0x0000000094400000, 0x0000000094400000| Untracked 
| 325|0x0000000094500000, 0x0000000094500000, 0x0000000094600000|  0%| F|  |TAMS 0x0000000094500000, 0x0000000094500000| Untracked 
| 326|0x0000000094600000, 0x0000000094600000, 0x0000000094700000|  0%| F|  |TAMS 0x0000000094600000, 0x0000000094600000| Untracked 
| 327|0x0000000094700000, 0x0000000094700000, 0x0000000094800000|  0%| F|  |TAMS 0x0000000094700000, 0x0000000094700000| Untracked 
| 328|0x0000000094800000, 0x0000000094800000, 0x0000000094900000|  0%| F|  |TAMS 0x0000000094800000, 0x0000000094800000| Untracked 
| 329|0x0000000094900000, 0x0000000094900000, 0x0000000094a00000|  0%| F|  |TAMS 0x0000000094900000, 0x0000000094900000| Untracked 
| 330|0x0000000094a00000, 0x0000000094a00000, 0x0000000094b00000|  0%| F|  |TAMS 0x0000000094a00000, 0x0000000094a00000| Untracked 
| 331|0x0000000094b00000, 0x0000000094b00000, 0x0000000094c00000|  0%| F|  |TAMS 0x0000000094b00000, 0x0000000094b00000| Untracked 
| 332|0x0000000094c00000, 0x0000000094c00000, 0x0000000094d00000|  0%| F|  |TAMS 0x0000000094c00000, 0x0000000094c00000| Untracked 
| 333|0x0000000094d00000, 0x0000000094d00000, 0x0000000094e00000|  0%| F|  |TAMS 0x0000000094d00000, 0x0000000094d00000| Untracked 
| 334|0x0000000094e00000, 0x0000000094e00000, 0x0000000094f00000|  0%| F|  |TAMS 0x0000000094e00000, 0x0000000094e00000| Untracked 
| 335|0x0000000094f00000, 0x0000000094f00000, 0x0000000095000000|  0%| F|  |TAMS 0x0000000094f00000, 0x0000000094f00000| Untracked 
| 336|0x0000000095000000, 0x0000000095000000, 0x0000000095100000|  0%| F|  |TAMS 0x0000000095000000, 0x0000000095000000| Untracked 
| 337|0x0000000095100000, 0x0000000095100000, 0x0000000095200000|  0%| F|  |TAMS 0x0000000095100000, 0x0000000095100000| Untracked 
| 338|0x0000000095200000, 0x0000000095200000, 0x0000000095300000|  0%| F|  |TAMS 0x0000000095200000, 0x0000000095200000| Untracked 
| 339|0x0000000095300000, 0x0000000095300000, 0x0000000095400000|  0%| F|  |TAMS 0x0000000095300000, 0x0000000095300000| Untracked 
| 340|0x0000000095400000, 0x0000000095400000, 0x0000000095500000|  0%| F|  |TAMS 0x0000000095400000, 0x0000000095400000| Untracked 
| 341|0x0000000095500000, 0x0000000095500000, 0x0000000095600000|  0%| F|  |TAMS 0x0000000095500000, 0x0000000095500000| Untracked 
| 342|0x0000000095600000, 0x0000000095600000, 0x0000000095700000|  0%| F|  |TAMS 0x0000000095600000, 0x0000000095600000| Untracked 
| 343|0x0000000095700000, 0x000000009575b430, 0x0000000095800000| 35%| S|CS|TAMS 0x0000000095700000, 0x0000000095700000| Complete 
| 344|0x0000000095800000, 0x0000000095900000, 0x0000000095900000|100%| S|CS|TAMS 0x0000000095800000, 0x0000000095800000| Complete 
| 345|0x0000000095900000, 0x0000000095900000, 0x0000000095a00000|  0%| F|  |TAMS 0x0000000095900000, 0x0000000095900000| Untracked 
| 346|0x0000000095a00000, 0x0000000095a00000, 0x0000000095b00000|  0%| F|  |TAMS 0x0000000095a00000, 0x0000000095a00000| Untracked 
| 347|0x0000000095b00000, 0x0000000095b00000, 0x0000000095c00000|  0%| F|  |TAMS 0x0000000095b00000, 0x0000000095b00000| Untracked 
| 348|0x0000000095c00000, 0x0000000095c00000, 0x0000000095d00000|  0%| F|  |TAMS 0x0000000095c00000, 0x0000000095c00000| Untracked 
| 349|0x0000000095d00000, 0x0000000095d00000, 0x0000000095e00000|  0%| F|  |TAMS 0x0000000095d00000, 0x0000000095d00000| Untracked 
| 350|0x0000000095e00000, 0x0000000095e00000, 0x0000000095f00000|  0%| F|  |TAMS 0x0000000095e00000, 0x0000000095e00000| Untracked 
| 351|0x0000000095f00000, 0x0000000095f00000, 0x0000000096000000|  0%| F|  |TAMS 0x0000000095f00000, 0x0000000095f00000| Untracked 
| 352|0x0000000096000000, 0x0000000096000000, 0x0000000096100000|  0%| F|  |TAMS 0x0000000096000000, 0x0000000096000000| Untracked 
| 353|0x0000000096100000, 0x0000000096100000, 0x0000000096200000|  0%| F|  |TAMS 0x0000000096100000, 0x0000000096100000| Untracked 
| 354|0x0000000096200000, 0x0000000096200000, 0x0000000096300000|  0%| F|  |TAMS 0x0000000096200000, 0x0000000096200000| Untracked 
| 355|0x0000000096300000, 0x0000000096300000, 0x0000000096400000|  0%| F|  |TAMS 0x0000000096300000, 0x0000000096300000| Untracked 
| 356|0x0000000096400000, 0x0000000096400000, 0x0000000096500000|  0%| F|  |TAMS 0x0000000096400000, 0x0000000096400000| Untracked 
| 357|0x0000000096500000, 0x0000000096500000, 0x0000000096600000|  0%| F|  |TAMS 0x0000000096500000, 0x0000000096500000| Untracked 
| 358|0x0000000096600000, 0x0000000096600000, 0x0000000096700000|  0%| F|  |TAMS 0x0000000096600000, 0x0000000096600000| Untracked 
| 359|0x0000000096700000, 0x0000000096700000, 0x0000000096800000|  0%| F|  |TAMS 0x0000000096700000, 0x0000000096700000| Untracked 
| 360|0x0000000096800000, 0x0000000096800000, 0x0000000096900000|  0%| F|  |TAMS 0x0000000096800000, 0x0000000096800000| Untracked 

Card table byte_map: [0x0000000015b20000,0x0000000015f20000] _byte_map_base: 0x0000000015720000

Marking Bits (Prev, Next): (CMBitMap*) 0x0000000000321ee8, (CMBitMap*) 0x0000000000321f20
 Prev Bits: [0x0000000016320000, 0x0000000018320000)
 Next Bits: [0x0000000018320000, 0x000000001a320000)

Polling page: 0x0000000000240000

Metaspace:

Usage:
  Non-class:    140.75 MB capacity,   137.63 MB ( 98%) used,     2.51 MB (  2%) free+waste,   620.69 KB ( <1%) overhead. 
      Class:     21.65 MB capacity,    19.74 MB ( 91%) used,     1.63 MB (  8%) free+waste,   276.69 KB (  1%) overhead. 
       Both:    162.40 MB capacity,   157.38 MB ( 97%) used,     4.14 MB (  3%) free+waste,   897.38 KB ( <1%) overhead. 

Virtual space:
  Non-class space:      142.00 MB reserved,     140.87 MB (>99%) committed 
      Class space:        1.00 GB reserved,      21.75 MB (  2%) committed 
             Both:        1.14 GB reserved,     162.62 MB ( 14%) committed 

Chunk freelists:
   Non-Class:  61.00 KB
       Class:  0 bytes
        Both:  61.00 KB

MaxMetaspaceSize: 17179869184.00 GB
CompressedClassSpaceSize: 1.00 GB

CodeHeap 'non-profiled nmethods': size=120064Kb used=15239Kb max_used=15239Kb free=104824Kb
 bounds [0x000000000dd40000, 0x000000000ec30000, 0x0000000015280000]
CodeHeap 'profiled nmethods': size=120000Kb used=50497Kb max_used=50497Kb free=69502Kb
 bounds [0x0000000006810000, 0x0000000009980000, 0x000000000dd40000]
CodeHeap 'non-nmethods': size=5696Kb used=2355Kb max_used=2404Kb free=3340Kb
 bounds [0x0000000006280000, 0x00000000064f0000, 0x0000000006810000]
 total_blobs=23414 nmethods=22404 adapters=919
 compilation: enabled
              stopped_count=0, restarted_count=0
 full_count=0

Compilation events (20 events):
Event: 2591.171 Thread 0x000000005d5e9800 nmethod 24477 0x000000000996f410 code [0x000000000996f600, 0x000000000996f928]
Event: 2591.171 Thread 0x000000005d5e9800 24478       1       org.gradle.api.internal.tasks.compile.incremental.classpath.ClasspathSnapshotData::getFileHashes (5 bytes)
Event: 2591.171 Thread 0x000000005d5e9800 nmethod 24478 0x000000000ec22690 code [0x000000000ec22840, 0x000000000ec228f8]
Event: 2591.171 Thread 0x000000005d5e9800 24479       1       org.gradle.api.internal.tasks.compile.incremental.recomp.PreviousCompilationData::getClasspathSnapshot (5 bytes)
Event: 2591.171 Thread 0x000000005d5e9800 nmethod 24479 0x000000000ec22990 code [0x000000000ec22b40, 0x000000000ec22bf8]
Event: 2591.171 Thread 0x000000005d5e9800 24480       1       org.gradle.internal.util.Alignment::getKind (5 bytes)
Event: 2591.171 Thread 0x000000005d5e9800 nmethod 24480 0x000000000ec22c90 code [0x000000000ec22e40, 0x000000000ec22ef8]
Event: 2591.171 Thread 0x000000005d5e9800 24481       1       org.gradle.internal.util.Alignment::getPreviousValue (5 bytes)
Event: 2591.172 Thread 0x000000005d5e9800 nmethod 24481 0x000000000ec22f90 code [0x000000000ec23140, 0x000000000ec231f8]
Event: 2591.177 Thread 0x000000005d5e9800 24482       3       java.util.HashMap$HashIterator::remove (75 bytes)
Event: 2591.178 Thread 0x000000005d5e9800 nmethod 24482 0x000000000996fa90 code [0x000000000996fc80, 0x0000000009970028]
Event: 2591.229 Thread 0x000000005d5e9800 24483       1       it.unimi.dsi.fastutil.ints.IntOpenHashSet::size (5 bytes)
Event: 2591.229 Thread 0x000000005d5e9800 nmethod 24483 0x000000000ec23290 code [0x000000000ec23440, 0x000000000ec234f8]
Event: 2591.291 Thread 0x000000005d5e9800 24484   !   3       java.util.concurrent.FutureTask::run (123 bytes)
Event: 2591.298 Thread 0x000000005d5e9800 nmethod 24484 0x0000000009970210 code [0x0000000009970720, 0x0000000009972dc8]
Event: 2591.381 Thread 0x000000005d5e9800 24485       3       org.objectweb.asm.MethodVisitor::visitCode (15 bytes)
Event: 2591.382 Thread 0x000000005d5e9800 nmethod 24485 0x0000000009973b90 code [0x0000000009973d40, 0x0000000009973f28]
Event: 2591.382 Thread 0x000000005d5e9800 24486       3       org.objectweb.asm.MethodVisitor::visitMaxs (17 bytes)
Event: 2591.382 Thread 0x000000005d5e9800 nmethod 24486 0x0000000009974010 code [0x00000000099741c0, 0x00000000099743a8]
Event: 2591.432 Thread 0x000000005d5e9800 24487       3       org.objectweb.asm.ClassReader::readConst (276 bytes)

GC Heap History (20 events):
Event: 2301.292 GC heap after
{Heap after GC invocations=175 (full 0):
 garbage-first heap   total 218112K, used 123142K [0x0000000080000000, 0x0000000100000000)
  region size 1024K, 1 young (1024K), 1 survivors (1024K)
 Metaspace       used 148121K, capacity 152458K, committed 152956K, reserved 1181696K
  class space    used 18397K, capacity 20041K, committed 20224K, reserved 1048576K
}
Event: 2302.618 GC heap before
{Heap before GC invocations=175 (full 0):
 garbage-first heap   total 218112K, used 131334K [0x0000000080000000, 0x0000000100000000)
  region size 1024K, 10 young (10240K), 1 survivors (1024K)
 Metaspace       used 150187K, capacity 154474K, committed 155004K, reserved 1183744K
  class space    used 18637K, capacity 20265K, committed 20480K, reserved 1048576K
}
Event: 2302.748 GC heap after
{Heap after GC invocations=176 (full 0):
 garbage-first heap   total 369664K, used 122863K [0x0000000080000000, 0x0000000100000000)
  region size 1024K, 1 young (1024K), 1 survivors (1024K)
 Metaspace       used 150187K, capacity 154474K, committed 155004K, reserved 1183744K
  class space    used 18637K, capacity 20265K, committed 20480K, reserved 1048576K
}
Event: 2316.501 GC heap before
{Heap before GC invocations=176 (full 0):
 garbage-first heap   total 369664K, used 140271K [0x0000000080000000, 0x0000000100000000)
  region size 1024K, 18 young (18432K), 1 survivors (1024K)
 Metaspace       used 153223K, capacity 157520K, committed 157948K, reserved 1185792K
  class space    used 19030K, capacity 20682K, committed 20864K, reserved 1048576K
}
Event: 2316.525 GC heap after
{Heap after GC invocations=177 (full 0):
 garbage-first heap   total 369664K, used 124254K [0x0000000080000000, 0x0000000100000000)
  region size 1024K, 3 young (3072K), 3 survivors (3072K)
 Metaspace       used 153223K, capacity 157520K, committed 157948K, reserved 1185792K
  class space    used 19030K, capacity 20682K, committed 20864K, reserved 1048576K
}
Event: 2318.524 GC heap before
{Heap before GC invocations=178 (full 0):
 garbage-first heap   total 369664K, used 138590K [0x0000000080000000, 0x0000000100000000)
  region size 1024K, 18 young (18432K), 3 survivors (3072K)
 Metaspace       used 154434K, capacity 158780K, committed 159356K, reserved 1187840K
  class space    used 19164K, capacity 20804K, committed 20992K, reserved 1048576K
}
Event: 2318.813 GC heap after
{Heap after GC invocations=179 (full 0):
 garbage-first heap   total 369664K, used 124303K [0x0000000080000000, 0x0000000100000000)
  region size 1024K, 2 young (2048K), 2 survivors (2048K)
 Metaspace       used 154434K, capacity 158780K, committed 159356K, reserved 1187840K
  class space    used 19164K, capacity 20804K, committed 20992K, reserved 1048576K
}
Event: 2321.126 GC heap before
{Heap before GC invocations=179 (full 0):
 garbage-first heap   total 369664K, used 140687K [0x0000000080000000, 0x0000000100000000)
  region size 1024K, 18 young (18432K), 2 survivors (2048K)
 Metaspace       used 157258K, capacity 161767K, committed 162044K, reserved 1189888K
  class space    used 19605K, capacity 21311K, committed 21376K, reserved 1048576K
}
Event: 2321.137 GC heap after
{Heap after GC invocations=180 (full 0):
 garbage-first heap   total 369664K, used 124777K [0x0000000080000000, 0x0000000100000000)
  region size 1024K, 2 young (2048K), 2 survivors (2048K)
 Metaspace       used 157258K, capacity 161767K, committed 162044K, reserved 1189888K
  class space    used 19605K, capacity 21311K, committed 21376K, reserved 1048576K
}
Event: 2322.840 GC heap before
{Heap before GC invocations=181 (full 0):
 garbage-first heap   total 369664K, used 141161K [0x0000000080000000, 0x0000000100000000)
  region size 1024K, 18 young (18432K), 2 survivors (2048K)
 Metaspace       used 157953K, capacity 162541K, committed 162684K, reserved 1189888K
  class space    used 19726K, capacity 21484K, committed 21504K, reserved 1048576K
}
Event: 2322.898 GC heap after
{Heap after GC invocations=182 (full 0):
 garbage-first heap   total 369664K, used 126138K [0x0000000080000000, 0x0000000100000000)
  region size 1024K, 3 young (3072K), 3 survivors (3072K)
 Metaspace       used 157953K, capacity 162541K, committed 162684K, reserved 1189888K
  class space    used 19726K, capacity 21484K, committed 21504K, reserved 1048576K
}
Event: 2323.509 GC heap before
{Heap before GC invocations=182 (full 0):
 garbage-first heap   total 369664K, used 136378K [0x0000000080000000, 0x0000000100000000)
  region size 1024K, 14 young (14336K), 3 survivors (3072K)
 Metaspace       used 158535K, capacity 163191K, committed 163324K, reserved 1191936K
  class space    used 19818K, capacity 21594K, committed 21632K, reserved 1048576K
}
Event: 2323.524 GC heap after
{Heap after GC invocations=183 (full 0):
 garbage-first heap   total 369664K, used 126470K [0x0000000080000000, 0x0000000100000000)
  region size 1024K, 2 young (2048K), 2 survivors (2048K)
 Metaspace       used 158535K, capacity 163191K, committed 163324K, reserved 1191936K
  class space    used 19818K, capacity 21594K, committed 21632K, reserved 1048576K
}
Event: 2325.344 GC heap before
{Heap before GC invocations=184 (full 0):
 garbage-first heap   total 369664K, used 143878K [0x0000000080000000, 0x0000000100000000)
  region size 1024K, 18 young (18432K), 2 survivors (2048K)
 Metaspace       used 160153K, capacity 165046K, committed 165244K, reserved 1191936K
  class space    used 20056K, capacity 21915K, committed 22016K, reserved 1048576K
}
Event: 2325.512 GC heap after
{Heap after GC invocations=185 (full 0):
 garbage-first heap   total 369664K, used 128885K [0x0000000080000000, 0x0000000100000000)
  region size 1024K, 2 young (2048K), 2 survivors (2048K)
 Metaspace       used 160153K, capacity 165046K, committed 165244K, reserved 1191936K
  class space    used 20056K, capacity 21915K, committed 22016K, reserved 1048576K
}
Event: 2326.185 GC heap before
{Heap before GC invocations=185 (full 0):
 garbage-first heap   total 369664K, used 145269K [0x0000000080000000, 0x0000000100000000)
  region size 1024K, 18 young (18432K), 2 survivors (2048K)
 Metaspace       used 160654K, capacity 165593K, committed 165884K, reserved 1193984K
  class space    used 20140K, capacity 22032K, committed 22144K, reserved 1048576K
}
Event: 2326.267 GC heap after
{Heap after GC invocations=186 (full 0):
 garbage-first heap   total 369664K, used 129504K [0x0000000080000000, 0x0000000100000000)
  region size 1024K, 2 young (2048K), 2 survivors (2048K)
 Metaspace       used 160654K, capacity 165593K, committed 165884K, reserved 1193984K
  class space    used 20140K, capacity 22032K, committed 22144K, reserved 1048576K
}
Event: 2329.606 GC heap before
{Heap before GC invocations=187 (full 0):
 garbage-first heap   total 369664K, used 145888K [0x0000000080000000, 0x0000000100000000)
  region size 1024K, 18 young (18432K), 2 survivors (2048K)
 Metaspace       used 161071K, capacity 166231K, committed 166524K, reserved 1193984K
  class space    used 20213K, capacity 22168K, committed 22272K, reserved 1048576K
}
Event: 2329.865 GC heap after
{Heap after GC invocations=188 (full 0):
 garbage-first heap   total 369664K, used 128641K [0x0000000080000000, 0x0000000100000000)
  region size 1024K, 2 young (2048K), 2 survivors (2048K)
 Metaspace       used 161071K, capacity 166231K, committed 166524K, reserved 1193984K
  class space    used 20213K, capacity 22168K, committed 22272K, reserved 1048576K
}
Event: 2591.437 GC heap before
{Heap before GC invocations=188 (full 0):
 garbage-first heap   total 369664K, used 145025K [0x0000000080000000, 0x0000000100000000)
  region size 1024K, 18 young (18432K), 2 survivors (2048K)
 Metaspace       used 161155K, capacity 166295K, committed 166524K, reserved 1193984K
  class space    used 20217K, capacity 22168K, committed 22272K, reserved 1048576K
}

Deoptimization events (20 events):
Event: 2589.781 Thread 0x0000000060cf9800 DEOPT PACKING pc=0x000000000e0bae4c sp=0x0000000062e5c040
Event: 2589.782 Thread 0x0000000060cf9800 DEOPT UNPACKING pc=0x00000000062a6929 sp=0x0000000062e5c020 mode 2
Event: 2589.795 Thread 0x0000000060cf9800 Uncommon trap: trap_request=0xffffff4d fr.pc=0x000000000e084380 relative=0x00000000000006c0
Event: 2589.795 Thread 0x0000000060cf9800 Uncommon trap: reason=unstable_if action=reinterpret pc=0x000000000e084380 method=org.objectweb.asm.MethodWriter.visitMethodInsn(ILjava/lang/String;Ljava/lang/String;Ljava/lang/String;Z)V @ 89 c2
Event: 2589.795 Thread 0x0000000060cf9800 DEOPT PACKING pc=0x000000000e084380 sp=0x0000000062e5c040
Event: 2589.795 Thread 0x0000000060cf9800 DEOPT UNPACKING pc=0x00000000062a6929 sp=0x0000000062e5bfe8 mode 2
Event: 2589.795 Thread 0x0000000060cf9800 Uncommon trap: trap_request=0xffffff4d fr.pc=0x000000000e1779cc relative=0x000000000000008c
Event: 2589.795 Thread 0x0000000060cf9800 Uncommon trap: reason=unstable_if action=reinterpret pc=0x000000000e1779cc method=org.objectweb.asm.MethodWriter.visitMaxs(II)V @ 35 c2
Event: 2589.795 Thread 0x0000000060cf9800 DEOPT PACKING pc=0x000000000e1779cc sp=0x0000000062e5c090
Event: 2589.795 Thread 0x0000000060cf9800 DEOPT UNPACKING pc=0x00000000062a6929 sp=0x0000000062e5c028 mode 2
Event: 2590.075 Thread 0x0000000060cf9800 Uncommon trap: trap_request=0xffffffc6 fr.pc=0x000000000e81cb5c relative=0x0000000000001f3c
Event: 2590.075 Thread 0x0000000060cf9800 Uncommon trap: reason=bimorphic_or_optimized_type_check action=maybe_recompile pc=0x000000000e81cb5c method=com.google.common.collect.ImmutableCollection$Builder.addAll(Ljava/lang/Iterable;)Lcom/google/common/collect/ImmutableCollection$Builder; @ 1 c2
Event: 2590.075 Thread 0x0000000060cf9800 DEOPT PACKING pc=0x000000000e81cb5c sp=0x0000000062e5afb0
Event: 2590.090 Thread 0x0000000060cf9800 DEOPT UNPACKING pc=0x00000000062a6929 sp=0x0000000062e5af28 mode 2
Event: 2590.120 Thread 0x0000000060cf9800 DEOPT PACKING pc=0x0000000006c97636 sp=0x0000000062e5b030
Event: 2590.120 Thread 0x0000000060cf9800 DEOPT UNPACKING pc=0x00000000062a673f sp=0x0000000062e5a510 mode 0
Event: 2590.850 Thread 0x0000000060abe800 Uncommon trap: trap_request=0xffffff4d fr.pc=0x000000000e5dd6e4 relative=0x0000000000000804
Event: 2590.850 Thread 0x0000000060abe800 Uncommon trap: reason=unstable_if action=reinterpret pc=0x000000000e5dd6e4 method=org.objectweb.asm.ClassReader.readUtf(II[C)Ljava/lang/String; @ 69 c2
Event: 2590.850 Thread 0x0000000060abe800 DEOPT PACKING pc=0x000000000e5dd6e4 sp=0x0000000070b8cc10
Event: 2590.850 Thread 0x0000000060abe800 DEOPT UNPACKING pc=0x00000000062a6929 sp=0x0000000070b8cb20 mode 2

Classes redefined (0 events):
No events

Internal exceptions (20 events):
Event: 2325.626 Thread 0x0000000060cfb000 Exception <a 'sun/nio/fs/WindowsException'{0x00000000967a7778}> (0x00000000967a7778) thrown at [./src/hotspot/share/prims/jni.cpp, line 615]
Event: 2325.626 Thread 0x0000000060cfb000 Exception <a 'sun/nio/fs/WindowsException'{0x00000000967a9190}> (0x00000000967a9190) thrown at [./src/hotspot/share/prims/jni.cpp, line 615]
Event: 2325.626 Thread 0x0000000060cfb000 Exception <a 'sun/nio/fs/WindowsException'{0x00000000967a9210}> (0x00000000967a9210) thrown at [./src/hotspot/share/prims/jni.cpp, line 615]
Event: 2325.626 Thread 0x0000000060cfb000 Exception <a 'sun/nio/fs/WindowsException'{0x00000000967aabe8}> (0x00000000967aabe8) thrown at [./src/hotspot/share/prims/jni.cpp, line 615]
Event: 2325.626 Thread 0x0000000060cfb000 Exception <a 'sun/nio/fs/WindowsException'{0x00000000967aac68}> (0x00000000967aac68) thrown at [./src/hotspot/share/prims/jni.cpp, line 615]
Event: 2325.655 Thread 0x0000000060cfb000 Exception <a 'sun/nio/fs/WindowsException'{0x00000000966641d8}> (0x00000000966641d8) thrown at [./src/hotspot/share/prims/jni.cpp, line 615]
Event: 2325.655 Thread 0x0000000060cfb000 Exception <a 'sun/nio/fs/WindowsException'{0x0000000096664258}> (0x0000000096664258) thrown at [./src/hotspot/share/prims/jni.cpp, line 615]
Event: 2325.655 Thread 0x0000000060cfb000 Exception <a 'sun/nio/fs/WindowsException'{0x0000000096666150}> (0x0000000096666150) thrown at [./src/hotspot/share/prims/jni.cpp, line 615]
Event: 2325.655 Thread 0x0000000060cfb000 Exception <a 'sun/nio/fs/WindowsException'{0x00000000966661d0}> (0x00000000966661d0) thrown at [./src/hotspot/share/prims/jni.cpp, line 615]
Event: 2325.656 Thread 0x0000000060cfb000 Exception <a 'sun/nio/fs/WindowsException'{0x0000000096668088}> (0x0000000096668088) thrown at [./src/hotspot/share/prims/jni.cpp, line 615]
Event: 2325.656 Thread 0x0000000060cfb000 Exception <a 'sun/nio/fs/WindowsException'{0x0000000096668108}> (0x0000000096668108) thrown at [./src/hotspot/share/prims/jni.cpp, line 615]
Event: 2325.656 Thread 0x0000000060cfb000 Exception <a 'sun/nio/fs/WindowsException'{0x000000009666d040}> (0x000000009666d040) thrown at [./src/hotspot/share/prims/jni.cpp, line 615]
Event: 2325.656 Thread 0x0000000060cfb000 Exception <a 'sun/nio/fs/WindowsException'{0x000000009666d0c0}> (0x000000009666d0c0) thrown at [./src/hotspot/share/prims/jni.cpp, line 615]
Event: 2325.657 Thread 0x0000000060cfb000 Exception <a 'sun/nio/fs/WindowsException'{0x000000009666eff0}> (0x000000009666eff0) thrown at [./src/hotspot/share/prims/jni.cpp, line 615]
Event: 2325.657 Thread 0x0000000060cfb000 Exception <a 'sun/nio/fs/WindowsException'{0x000000009666f070}> (0x000000009666f070) thrown at [./src/hotspot/share/prims/jni.cpp, line 615]
Event: 2325.657 Thread 0x0000000060cfb000 Exception <a 'sun/nio/fs/WindowsException'{0x0000000096670f60}> (0x0000000096670f60) thrown at [./src/hotspot/share/prims/jni.cpp, line 615]
Event: 2325.657 Thread 0x0000000060cfb000 Exception <a 'sun/nio/fs/WindowsException'{0x0000000096670fe0}> (0x0000000096670fe0) thrown at [./src/hotspot/share/prims/jni.cpp, line 615]
Event: 2325.713 Thread 0x0000000060cfb000 Exception <a 'sun/nio/fs/WindowsException'{0x000000009642d288}> (0x000000009642d288) thrown at [./src/hotspot/share/prims/jni.cpp, line 615]
Event: 2325.713 Thread 0x0000000060cfb000 Exception <a 'sun/nio/fs/WindowsException'{0x000000009642de18}> (0x000000009642de18) thrown at [./src/hotspot/share/prims/jni.cpp, line 615]
Event: 2330.008 Thread 0x0000000060cfd000 Exception <a 'java/lang/InterruptedException'{0x0000000096535f18}> (0x0000000096535f18) thrown at [./src/hotspot/share/runtime/objectMonitor.cpp, line 1635]

Events (20 events):
Event: 2588.625 Executing VM operation: RevokeBias
Event: 2588.644 Executing VM operation: RevokeBias done
Event: 2588.644 Executing VM operation: RevokeBias
Event: 2588.644 Executing VM operation: RevokeBias done
Event: 2588.645 Executing VM operation: RevokeBias
Event: 2588.691 Executing VM operation: RevokeBias done
Event: 2589.442 loading class org/gradle/internal/normalization/java/impl/FieldMember
Event: 2589.442 loading class org/gradle/internal/normalization/java/impl/FieldMember done
Event: 2589.511 loading class com/google/common/collect/Ordering$ArbitraryOrderingHolder
Event: 2589.511 loading class com/google/common/collect/Ordering$ArbitraryOrderingHolder done
Event: 2589.608 loading class com/google/common/collect/Ordering$ArbitraryOrdering
Event: 2589.608 loading class com/google/common/collect/Ordering$ArbitraryOrdering done
Event: 2589.651 loading class com/google/common/collect/MapMakerInternalMap$WeakKeyStrongValueEntry$Helper
Event: 2589.651 loading class com/google/common/collect/MapMakerInternalMap$WeakKeyStrongValueEntry$Helper done
Event: 2589.689 loading class com/google/common/collect/MapMakerInternalMap$WeakKeyStrongValueSegment
Event: 2589.689 loading class com/google/common/collect/MapMakerInternalMap$WeakKeyStrongValueSegment done
Event: 2590.129 Thread 0x0000000060cfd800 Thread added: 0x0000000060cfd800
Event: 2590.944 loading class org/gradle/api/internal/tasks/compile/incremental/deps/DependentsSet$1
Event: 2590.944 loading class org/gradle/api/internal/tasks/compile/incremental/deps/DependentsSet$1 done
Event: 2591.437 Executing VM operation: G1CollectForAllocation


Dynamic libraries:
0x000000013f970000 - 0x000000013f97a000 	C:\Program Files\Android\Android Studio\jre\bin\java.exe
0x00000000779f0000 - 0x0000000077b99000 	C:\Windows\SYSTEM32\ntdll.dll
0x00000000778d0000 - 0x00000000779ef000 	C:\Windows\system32\kernel32.dll
0x000007fefda10000 - 0x000007fefda7b000 	C:\Windows\system32\KERNELBASE.dll
0x000007feeab30000 - 0x000007feeab49000 	C:\Program Files\Android\Android Studio\jre\bin\jli.dll
0x000007fefa850000 - 0x000007fefaa44000 	C:\Windows\WinSxS\amd64_microsoft.windows.common-controls_6595b64144ccf1df_6.0.7601.17514_none_fa396087175ac9ac\COMCTL32.dll
0x000007fefdfe0000 - 0x000007fefe07f000 	C:\Windows\system32\msvcrt.dll
0x000007fefdf70000 - 0x000007fefdfd7000 	C:\Windows\system32\GDI32.dll
0x00000000777d0000 - 0x00000000778ca000 	C:\Windows\system32\USER32.dll
0x000007fefe080000 - 0x000007fefe08e000 	C:\Windows\system32\LPK.dll
0x000007feffb90000 - 0x000007feffc59000 	C:\Windows\system32\USP10.dll
0x000007feff720000 - 0x000007feff791000 	C:\Windows\system32\SHLWAPI.dll
0x000007fef8ef0000 - 0x000007fef8f07000 	C:\Program Files\Android\Android Studio\jre\bin\VCRUNTIME140.dll
0x000007fefa5a0000 - 0x000007fefa5a4000 	C:\Windows\system32\api-ms-win-crt-runtime-l1-1-0.dll
0x000007fefa4a0000 - 0x000007fefa592000 	C:\Windows\system32\ucrtbase.DLL
0x000007fefa490000 - 0x000007fefa493000 	C:\Windows\system32\api-ms-win-core-timezone-l1-1-0.dll
0x000007fefa480000 - 0x000007fefa483000 	C:\Windows\system32\api-ms-win-core-file-l2-1-0.dll
0x000007fefa470000 - 0x000007fefa473000 	C:\Windows\system32\api-ms-win-core-localization-l1-2-0.dll
0x000007fefa460000 - 0x000007fefa463000 	C:\Windows\system32\api-ms-win-core-synch-l1-2-0.dll
0x000007fefa450000 - 0x000007fefa453000 	C:\Windows\system32\api-ms-win-core-processthreads-l1-1-1.dll
0x000007fefa440000 - 0x000007fefa443000 	C:\Windows\system32\api-ms-win-core-file-l1-2-0.dll
0x000007fefa430000 - 0x000007fefa434000 	C:\Windows\system32\api-ms-win-crt-string-l1-1-0.dll
0x000007fefa420000 - 0x000007fefa423000 	C:\Windows\system32\api-ms-win-crt-heap-l1-1-0.dll
0x000007fefa410000 - 0x000007fefa414000 	C:\Windows\system32\api-ms-win-crt-stdio-l1-1-0.dll
0x000007fefa400000 - 0x000007fefa404000 	C:\Windows\system32\api-ms-win-crt-convert-l1-1-0.dll
0x000007fefa3a0000 - 0x000007fefa3a3000 	C:\Windows\system32\api-ms-win-crt-environment-l1-1-0.dll
0x000007fefa3b0000 - 0x000007fefa3b3000 	C:\Windows\system32\api-ms-win-crt-filesystem-l1-1-0.dll
0x000007fefa3e0000 - 0x000007fefa3e5000 	C:\Windows\system32\api-ms-win-crt-math-l1-1-0.dll
0x000007fefa3f0000 - 0x000007fefa3f3000 	C:\Windows\system32\api-ms-win-crt-locale-l1-1-0.dll
0x000007feff8a0000 - 0x000007feff8ce000 	C:\Windows\system32\IMM32.DLL
0x000007feff2b0000 - 0x000007feff3b9000 	C:\Windows\system32\MSCTF.dll
0x000007feeb2c0000 - 0x000007feeb35d000 	C:\Program Files\Android\Android Studio\jre\bin\msvcp140.dll
0x000007fefa3d0000 - 0x000007fefa3d5000 	C:\Windows\system32\api-ms-win-crt-multibyte-l1-1-0.dll
0x000007fefa3c0000 - 0x000007fefa3c3000 	C:\Windows\system32\api-ms-win-crt-time-l1-1-0.dll
0x000007fefa390000 - 0x000007fefa393000 	C:\Windows\system32\api-ms-win-crt-utility-l1-1-0.dll
0x000007feeb510000 - 0x000007feebfdf000 	C:\Program Files\Android\Android Studio\jre\bin\server\jvm.dll
0x000007fefe090000 - 0x000007fefe16b000 	C:\Windows\system32\ADVAPI32.dll
0x000007fefe320000 - 0x000007fefe33f000 	C:\Windows\SYSTEM32\sechost.dll
0x000007feff3e0000 - 0x000007feff50d000 	C:\Windows\system32\RPCRT4.dll
0x000007feee6f0000 - 0x000007feee6f9000 	C:\Windows\system32\WSOCK32.dll
0x000007feff7a0000 - 0x000007feff7ed000 	C:\Windows\system32\WS2_32.dll
0x000007feff7f0000 - 0x000007feff7f8000 	C:\Windows\system32\NSI.dll
0x000007fefc890000 - 0x000007fefc8cb000 	C:\Windows\system32\WINMM.dll
0x000007fefc7f0000 - 0x000007fefc7fc000 	C:\Windows\system32\VERSION.dll
0x0000000077bb0000 - 0x0000000077bb7000 	C:\Windows\system32\PSAPI.DLL
0x000007feee760000 - 0x000007feee771000 	C:\Program Files\Android\Android Studio\jre\bin\verify.dll
0x000007fef5ed0000 - 0x000007fef5ff5000 	C:\Windows\system32\DBGHELP.DLL
0x000007feec840000 - 0x000007feec869000 	C:\Program Files\Android\Android Studio\jre\bin\java.dll
0x000007feee750000 - 0x000007feee75b000 	C:\Program Files\Android\Android Studio\jre\bin\jimage.dll
0x000007feec820000 - 0x000007feec838000 	C:\Program Files\Android\Android Studio\jre\bin\zip.dll
0x000007fefe520000 - 0x000007feff2a8000 	C:\Windows\system32\SHELL32.dll
0x000007feff510000 - 0x000007feff713000 	C:\Windows\system32\ole32.dll
0x000007fefd940000 - 0x000007fefd94f000 	C:\Windows\system32\profapi.dll
0x000007feec800000 - 0x000007feec81a000 	C:\Program Files\Android\Android Studio\jre\bin\net.dll
0x000007fef7390000 - 0x000007fef7401000 	C:\Windows\system32\WINHTTP.dll
0x000007fef7320000 - 0x000007fef7384000 	C:\Windows\system32\webio.dll
0x000007fefd170000 - 0x000007fefd1c5000 	C:\Windows\system32\mswsock.dll
0x000007fefd160000 - 0x000007fefd167000 	C:\Windows\System32\wship6.dll
0x000007feec7e0000 - 0x000007feec7f4000 	C:\Program Files\Android\Android Studio\jre\bin\nio.dll
0x000007fefabf0000 - 0x000007fefac17000 	C:\Users\Anu\.gradle\native\8bec1ad78214c89d9ad589b4d07fe93259594b29d510b10fafb7a158f7737e5d\windows-amd64\native-platform.dll
0x000007feea9f0000 - 0x000007feeab2d000 	C:\Users\Anu\.gradle\native\53dbd7edfb1c66fb8903c78663c9afc45aea4f116125fa6feffd364cf09443e8\windows-amd64\native-platform-file-events.dll
0x000007feec7d0000 - 0x000007feec7da000 	C:\Program Files\Android\Android Studio\jre\bin\management.dll
0x000007feec7c0000 - 0x000007feec7cc000 	C:\Program Files\Android\Android Studio\jre\bin\management_ext.dll
0x000007fefd1d0000 - 0x000007fefd1e7000 	C:\Windows\system32\CRYPTSP.dll
0x000007fefced0000 - 0x000007fefcf17000 	C:\Windows\system32\rsaenh.dll
0x000007fefcc90000 - 0x000007fefccae000 	C:\Windows\system32\USERENV.dll
0x000007fefd870000 - 0x000007fefd87f000 	C:\Windows\system32\CRYPTBASE.dll
0x000007fefbc10000 - 0x000007fefbc37000 	C:\Windows\system32\IPHLPAPI.DLL
0x000007fefbc00000 - 0x000007fefbc0b000 	C:\Windows\system32\WINNSI.DLL
0x000007fefbbe0000 - 0x000007fefbbf8000 	C:\Windows\system32\dhcpcsvc.DLL
0x000007fefbbc0000 - 0x000007fefbbd1000 	C:\Windows\system32\dhcpcsvc6.DLL
0x0000000068640000 - 0x0000000068743000 	C:\Users\Anu\AppData\Local\Temp\sqlite-3.25.2-731397bc-3871-40ab-8f00-0b924b995071-sqlitejdbc.dll
0x000007fef03f0000 - 0x000007fef03f8000 	C:\Program Files\Android\Android Studio\jre\bin\rmi.dll
0x000007feec790000 - 0x000007feec7b7000 	C:\Program Files\Android\Android Studio\jre\bin\sunec.dll
0x000000005dbc0000 - 0x000000005dcc3000 	C:\Users\Anu\AppData\Local\Temp\sqlite-3.25.2-e48325b3-e149-4be3-8b13-0e52d53d9f7f-sqlitejdbc.dll

dbghelp: loaded successfully - version: 4.0.5 - missing functions: none
symbol engine: initialized successfully - sym options: 0x614 - pdb path: .;C:\Program Files\Android\Android Studio\jre\bin;C:\Windows\SYSTEM32;C:\Windows\WinSxS\amd64_microsoft.windows.common-controls_6595b64144ccf1df_6.0.7601.17514_none_fa396087175ac9ac;C:\Program Files\Android\Android Studio\jre\bin\server;C:\Users\Anu\.gradle\native\8bec1ad78214c89d9ad589b4d07fe93259594b29d510b10fafb7a158f7737e5d\windows-amd64;C:\Users\Anu\.gradle\native\53dbd7edfb1c66fb8903c78663c9afc45aea4f116125fa6feffd364cf09443e8\windows-amd64;C:\Users\Anu\AppData\Local\Temp

VM Arguments:
jvm_args: --add-opens=java.base/java.util=ALL-UNNAMED --add-opens=java.base/java.lang=ALL-UNNAMED --add-opens=java.base/java.lang.invoke=ALL-UNNAMED --add-opens=java.base/java.util=ALL-UNNAMED --add-opens=java.prefs/java.util.prefs=ALL-UNNAMED --add-opens=java.prefs/java.util.prefs=ALL-UNNAMED --add-opens=java.base/java.nio.charset=ALL-UNNAMED --add-opens=java.base/java.net=ALL-UNNAMED --add-opens=java.base/java.util.concurrent.atomic=ALL-UNNAMED -Xmx2048m -Dfile.encoding=UTF-8 -Duser.country=US -Duser.language=en -Duser.variant 
java_command: org.gradle.launcher.daemon.bootstrap.GradleDaemon 7.0.2
java_class_path (initial): C:\Users\Anu\.gradle\wrapper\dists\gradle-7.0.2-bin\857tjihv64xamwrf0h14cai3r\gradle-7.0.2\lib\gradle-launcher-7.0.2.jar
Launcher Type: SUN_STANDARD

[Global flags]
     intx CICompilerCount                          = 2                                         {product} {ergonomic}
     uint ConcGCThreads                            = 1                                         {product} {ergonomic}
     uint G1ConcRefinementThreads                  = 2                                         {product} {ergonomic}
   size_t G1HeapRegionSize                         = 1048576                                   {product} {ergonomic}
    uintx GCDrainStackTargetSize                   = 64                                        {product} {ergonomic}
   size_t InitialHeapSize                          = 50331648                                  {product} {ergonomic}
   size_t MarkStackSize                            = 4194304                                   {product} {ergonomic}
   size_t MaxHeapSize                              = 2147483648                                {product} {command line}
   size_t MaxNewSize                               = 1287651328                                {product} {ergonomic}
   size_t MinHeapDeltaBytes                        = 1048576                                   {product} {ergonomic}
    uintx NonNMethodCodeHeapSize                   = 5825164                                {pd product} {ergonomic}
    uintx NonProfiledCodeHeapSize                  = 122916538                              {pd product} {ergonomic}
    uintx ProfiledCodeHeapSize                     = 122916538                              {pd product} {ergonomic}
    uintx ReservedCodeCacheSize                    = 251658240                              {pd product} {ergonomic}
     bool SegmentedCodeCache                       = true                                      {product} {ergonomic}
     bool UseCompressedClassPointers               = true                                 {lp64_product} {ergonomic}
     bool UseCompressedOops                        = true                                 {lp64_product} {ergonomic}
     bool UseG1GC                                  = true                                      {product} {ergonomic}
     bool UseLargePagesIndividualAllocation        = false                                  {pd product} {ergonomic}

Logging:
Log output configuration:
 #0: stdout all=warning uptime,level,tags
 #1: stderr all=off uptime,level,tags

Environment Variables:
JAVA_HOME=C:\Program Files\Android\Android Studio\jre
PATH=C:\Windows\system32;C:\Windows;C:\Windows\System32\Wbem;C:\Windows\System32\WindowsPowerShell\v1.0\;E:\Git\cmd
USERNAME=Anu
OS=Windows_NT
PROCESSOR_IDENTIFIER=Intel64 Family 6 Model 23 Stepping 10, GenuineIntel



---------------  S Y S T E M  ---------------

OS: Windows 7 , 64 bit Build 7601 (6.1.7601.17514)
OS uptime: 0 days 5:11 hours

CPU:total 2 (initial active 2) (2 cores per cpu, 1 threads per core) family 6 model 23 stepping 10 microcode 0x0, cmov, cx8, fxsr, mmx, sse, sse2, sse3, ssse3, sse4.1, tsc

Memory: 4k page, system-wide physical 3034M (54M free)
TotalPageFile size 5712M (AvailPageFile size 42M)
current process WorkingSet (physical memory assigned to process): 448M, peak: 523M
current process commit charge ("private bytes"): 770M, peak: 919M

vm_info: OpenJDK 64-Bit Server VM (11.0.10+0-b96-7249189) for windows-amd64 JRE (11.0.10+0-b96-7249189), built on Mar 31 2021 21:44:00 by "builder" with MS VC++ 14.0 (VS2015)

END.
