#
# There is insufficient memory for the Java Runtime Environment to continue.
# Native memory allocation (malloc) failed to allocate 1305456 bytes for Chunk::new
# Possible reasons:
#   The system is out of physical RAM or swap space
#   The process is running with CompressedOops enabled, and the Java Heap may be blocking the growth of the native heap
# Possible solutions:
#   Reduce memory load on the system
#   Increase physical memory or swap space
#   Check if swap backing store is full
#   Decrease Java heap size (-Xmx/-Xms)
#   Decrease number of Java threads
#   Decrease Java thread stack sizes (-Xss)
#   Set larger code cache with -XX:ReservedCodeCacheSize=
#   JVM is running with Unscaled Compressed Oops mode in which the Java heap is
#     placed in the first 4GB address space. The Java Heap base address is the
#     maximum limit for the native heap growth. Please use -XX:HeapBaseMinAddress
#     to set the Java Heap base and to place the Java Heap above 4GB virtual address.
# This output file may be truncated or incomplete.
#
#  Out of Memory Error (./src/hotspot/share/memory/arena.cpp:197), pid=3696, tid=1528
#
# JRE version: OpenJDK Runtime Environment (11.0.10) (build 11.0.10+0-b96-7249189)
# Java VM: OpenJDK 64-Bit Server VM (11.0.10+0-b96-7249189, mixed mode, tiered, compressed oops, g1 gc, windows-amd64)
# No core dump will be written. Minidumps are not enabled by default on client versions of Windows
#

---------------  S U M M A R Y ------------

Command Line: --add-opens=java.base/java.util=ALL-UNNAMED --add-opens=java.base/java.lang=ALL-UNNAMED --add-opens=java.base/java.lang.invoke=ALL-UNNAMED --add-opens=java.base/java.util=ALL-UNNAMED --add-opens=java.prefs/java.util.prefs=ALL-UNNAMED --add-opens=java.prefs/java.util.prefs=ALL-UNNAMED --add-opens=java.base/java.nio.charset=ALL-UNNAMED --add-opens=java.base/java.net=ALL-UNNAMED --add-opens=java.base/java.util.concurrent.atomic=ALL-UNNAMED -Xmx2048m -Dfile.encoding=UTF-8 -Duser.country=US -Duser.language=en -Duser.variant org.gradle.launcher.daemon.bootstrap.GradleDaemon 7.0.2

Host: Intel(R) Core(TM)2 Duo CPU     T6500  @ 2.10GHz, 2 cores, 2G,  Windows 7 , 64 bit Build 7601 (6.1.7601.17514)
Time: Tue Oct 12 21:36:19 2021 Malay Peninsula Standard Time elapsed time: 315.614169 seconds (0d 0h 5m 15s)

---------------  T H R E A D  ---------------

Current thread (0x000000005d282800):  JavaThread "C2 CompilerThread0" daemon [_thread_in_native, id=1528, stack(0x000000005dd00000,0x000000005de00000)]


Current CompileTask:
C2: 315614 14971   !   4       java.nio.file.Files::walkFileTree (294 bytes)

Stack: [0x000000005dd00000,0x000000005de00000]
Native frames: (J=compiled Java code, j=interpreted, Vv=VM code, C=native code)
V  [jvm.dll+0x5ecfaa]
V  [jvm.dll+0x722bd5]
V  [jvm.dll+0x72412d]
V  [jvm.dll+0x7247e3]
V  [jvm.dll+0x242928]
V  [jvm.dll+0xbc4fc]
V  [jvm.dll+0xbca0c]
V  [jvm.dll+0x352d7d]
V  [jvm.dll+0x19800c]
V  [jvm.dll+0x1fb70e]
V  [jvm.dll+0x1fa7f4]
V  [jvm.dll+0x18354c]
V  [jvm.dll+0x208ee7]
V  [jvm.dll+0x207731]
V  [jvm.dll+0x6eb1cf]
V  [jvm.dll+0x6e3d45]
V  [jvm.dll+0x5ebe96]
C  [ucrtbase.DLL+0x682dd]
C  [kernel32.dll+0x1652d]
C  [ntdll.dll+0x2c521]


---------------  P R O C E S S  ---------------

Threads class SMR info:
_java_thread_list=0x0000000063bce990, length=42, elements={
0x0000000000372800, 0x000000005d25f800, 0x000000005d260800, 0x000000005d275000,
0x000000005d278800, 0x000000005d27a000, 0x000000005d282800, 0x000000005d284800,
0x000000005d287800, 0x000000005e2ed800, 0x0000000060274000, 0x00000000602c4000,
0x000000005e487800, 0x000000005fa00000, 0x000000005fd12000, 0x000000005f953000,
0x000000005f954000, 0x000000005f954800, 0x000000005f956800, 0x000000005f957000,
0x000000005f3fa800, 0x000000005f3fc800, 0x000000005f3fd000, 0x000000005f3fe000,
0x0000000063f1f800, 0x0000000063f1e000, 0x0000000063f1f000, 0x0000000063f23800,
0x0000000063f23000, 0x0000000063f22000, 0x0000000063f20800, 0x0000000063f24800,
0x0000000063f21800, 0x000000005f959000, 0x000000005f958000, 0x000000005f952000,
0x000000005f955800, 0x000000005f3ff800, 0x000000005f3fa000, 0x000000005f400800,
0x0000000068145800, 0x0000000068146800
}

Java Threads: ( => current thread )
  0x0000000000372800 JavaThread "main" [_thread_blocked, id=3760, stack(0x0000000001f80000,0x0000000002080000)]
  0x000000005d25f800 JavaThread "Reference Handler" daemon [_thread_blocked, id=2736, stack(0x000000005d670000,0x000000005d770000)]
  0x000000005d260800 JavaThread "Finalizer" daemon [_thread_blocked, id=3060, stack(0x000000005d900000,0x000000005da00000)]
  0x000000005d275000 JavaThread "Signal Dispatcher" daemon [_thread_blocked, id=3052, stack(0x000000005d7e0000,0x000000005d8e0000)]
  0x000000005d278800 JavaThread "Attach Listener" daemon [_thread_blocked, id=1888, stack(0x000000005da90000,0x000000005db90000)]
  0x000000005d27a000 JavaThread "Service Thread" daemon [_thread_blocked, id=1120, stack(0x000000005dbe0000,0x000000005dce0000)]
=>0x000000005d282800 JavaThread "C2 CompilerThread0" daemon [_thread_in_native, id=1528, stack(0x000000005dd00000,0x000000005de00000)]
  0x000000005d284800 JavaThread "C1 CompilerThread0" daemon [_thread_blocked, id=2804, stack(0x000000005dec0000,0x000000005dfc0000)]
  0x000000005d287800 JavaThread "Sweeper thread" daemon [_thread_blocked, id=3236, stack(0x000000005e160000,0x000000005e260000)]
  0x000000005e2ed800 JavaThread "Common-Cleaner" daemon [_thread_blocked, id=2496, stack(0x000000005e040000,0x000000005e140000)]
  0x0000000060274000 JavaThread "Daemon health stats" [_thread_blocked, id=3292, stack(0x000000005e870000,0x000000005e970000)]
  0x00000000602c4000 JavaThread "Incoming local TCP Connector on port 49508" [_thread_in_native, id=2960, stack(0x0000000061b90000,0x0000000061c90000)]
  0x000000005e487800 JavaThread "Daemon periodic checks" [_thread_blocked, id=3376, stack(0x0000000061e70000,0x0000000061f70000)]
  0x000000005fa00000 JavaThread "Daemon" [_thread_blocked, id=2264, stack(0x0000000062220000,0x0000000062320000)]
  0x000000005fd12000 JavaThread "Daemon worker" [_thread_blocked, id=3736, stack(0x0000000062650000,0x0000000062750000)]
  0x000000005f953000 JavaThread "Cache worker for file hash cache (C:\Users\Anu\.gradle\caches\7.0.2\fileHashes)" [_thread_blocked, id=716, stack(0x0000000062bc0000,0x0000000062cc0000)]
  0x000000005f954000 JavaThread "File lock request listener" [_thread_in_native, id=2144, stack(0x0000000062e30000,0x0000000062f30000)]
  0x000000005f954800 JavaThread "Cache worker for journal cache (C:\Users\Anu\.gradle\caches\journal-1)" [_thread_blocked, id=3412, stack(0x00000000631c0000,0x00000000632c0000)]
  0x000000005f956800 JavaThread "File watcher server" daemon [_thread_in_native, id=3908, stack(0x00000000648a0000,0x00000000649a0000)]
  0x000000005f957000 JavaThread "File watcher consumer" daemon [_thread_blocked, id=2284, stack(0x0000000063760000,0x0000000063860000)]
  0x000000005f3fa800 JavaThread "Cache worker for execution history cache (C:\Users\Anu\.gradle\caches\7.0.2\executionHistory)" [_thread_blocked, id=3428, stack(0x0000000065340000,0x0000000065440000)]
  0x000000005f3fc800 JavaThread "jar transforms" [_thread_blocked, id=2812, stack(0x0000000065b50000,0x0000000065c50000)]
  0x000000005f3fd000 JavaThread "jar transforms Thread 2" [_thread_blocked, id=1920, stack(0x0000000065c50000,0x0000000065d50000)]
  0x000000005f3fe000 JavaThread "Cache worker for file content cache (C:\Users\Anu\.gradle\caches\7.0.2\fileContent)" [_thread_blocked, id=3380, stack(0x0000000063500000,0x0000000063600000)]
  0x0000000063f1f800 JavaThread "Memory manager" [_thread_blocked, id=3828, stack(0x0000000061d10000,0x0000000061e10000)]
  0x0000000063f1e000 JavaThread "Handler for socket connection from /127.0.0.1:49508 to /127.0.0.1:49548" [_thread_in_native, id=3844, stack(0x00000000624e0000,0x00000000625e0000)]
  0x0000000063f1f000 JavaThread "Cancel handler" [_thread_blocked, id=3752, stack(0x0000000062760000,0x0000000062860000)]
  0x0000000063f23800 JavaThread "Asynchronous log dispatcher for DefaultDaemonConnection: socket connection from /127.0.0.1:49508 to /127.0.0.1:49548" [_thread_blocked, id=3776, stack(0x0000000062330000,0x0000000062430000)]
  0x0000000063f23000 JavaThread "Stdin handler" [_thread_blocked, id=1396, stack(0x0000000064bb0000,0x0000000064cb0000)]
  0x0000000063f22000 JavaThread "Daemon client event forwarder" [_thread_blocked, id=2604, stack(0x0000000064f30000,0x0000000065030000)]
  0x0000000063f20800 JavaThread "Cache worker for file hash cache (F:\LetsChat\.gradle\7.0.2\fileHashes)" [_thread_blocked, id=2400, stack(0x0000000065a50000,0x0000000065b50000)]
  0x0000000063f24800 JavaThread "Cache worker for checksums cache (F:\LetsChat\.gradle\checksums)" [_thread_blocked, id=1376, stack(0x00000000665b0000,0x00000000666b0000)]
  0x0000000063f21800 JavaThread "Cache worker for cache directory md-supplier (C:\Users\Anu\.gradle\caches\7.0.2\md-supplier)" [_thread_blocked, id=400, stack(0x0000000062d10000,0x0000000062e10000)]
  0x000000005f959000 JavaThread "Cache worker for cache directory md-rule (C:\Users\Anu\.gradle\caches\7.0.2\md-rule)" [_thread_blocked, id=1132, stack(0x0000000066a70000,0x0000000066b70000)]
  0x000000005f958000 JavaThread "Cache worker for dependencies-accessors (F:\LetsChat\.gradle\7.0.2\dependencies-accessors)" [_thread_blocked, id=2896, stack(0x0000000063660000,0x0000000063760000)]
  0x000000005f952000 JavaThread "Cache worker for Build Output Cleanup Cache (F:\LetsChat\.gradle\buildOutputCleanup)" [_thread_blocked, id=3180, stack(0x00000000666b0000,0x00000000667b0000)]
  0x000000005f955800 JavaThread "Build operations" [_thread_blocked, id=3372, stack(0x000000006ad60000,0x000000006ae60000)]
  0x000000005f3ff800 JavaThread "Build operations Thread 2" [_thread_blocked, id=2988, stack(0x0000000066cb0000,0x0000000066db0000)]
  0x000000005f3fa000 JavaThread "build event listener" [_thread_blocked, id=388, stack(0x0000000066b70000,0x0000000066c70000)]
  0x000000005f400800 JavaThread "Execution worker for ':'" [_thread_blocked, id=2976, stack(0x0000000062860000,0x0000000062960000)]
  0x0000000068145800 JavaThread "Cache worker for execution history cache (F:\LetsChat\.gradle\7.0.2\executionHistory)" [_thread_blocked, id=612, stack(0x000000006af80000,0x000000006b080000)]
  0x0000000068146800 JavaThread "Thread-66" [_thread_in_native, id=3728, stack(0x000000006b6f0000,0x000000006b7f0000)]

Other Threads:
  0x000000005d25c000 VMThread "VM Thread" [stack: 0x000000005d430000,0x000000005d530000] [id=3356]
  0x000000005e31d800 WatcherThread [stack: 0x000000005e750000,0x000000005e850000] [id=2744]
  0x000000000038a800 GCTaskThread "GC Thread#0" [stack: 0x00000000152b0000,0x00000000153b0000] [id=660]
  0x000000005e422000 GCTaskThread "GC Thread#1" [stack: 0x000000005ea90000,0x000000005eb90000] [id=2760]
  0x00000000003ba000 ConcurrentGCThread "G1 Main Marker" [stack: 0x000000001a1e0000,0x000000001a2e0000] [id=1688]
  0x00000000003bb800 ConcurrentGCThread "G1 Conc#0" [stack: 0x000000001a410000,0x000000001a510000] [id=2768]
  0x000000000040b000 ConcurrentGCThread "G1 Refine#0" [stack: 0x000000001c680000,0x000000001c780000] [id=1572]
  0x000000000040c000 ConcurrentGCThread "G1 Young RemSet Sampling" [stack: 0x000000001c890000,0x000000001c990000] [id=2820]

Threads with active compile tasks:
C2 CompilerThread0 315875 14971   !   4       java.nio.file.Files::walkFileTree (294 bytes)

VM state:not at safepoint (normal execution)

VM Mutex/Monitor currently owned by a thread: None

Heap address: 0x0000000080000000, size: 2048 MB, Compressed Oops mode: 32-bit
Narrow klass base: 0x0000000000000000, Narrow klass shift: 0
Compressed class space size: 1073741824 Address: 0x000000001c990000

Heap:
 garbage-first heap   total 182272K, used 109151K [0x0000000080000000, 0x0000000100000000)
  region size 1024K, 6 young (6144K), 1 survivors (1024K)
 Metaspace       used 103141K, capacity 105465K, committed 105728K, reserved 1140736K
  class space    used 12951K, capacity 13785K, committed 13824K, reserved 1048576K
Heap Regions: E=young(eden), S=young(survivor), O=old, HS=humongous(starts), HC=humongous(continues), CS=collection set, F=free, A=archive, TAMS=top-at-mark-start (previous, next)
|   0|0x0000000080000000, 0x0000000080100000, 0x0000000080100000|100%| O|  |TAMS 0x0000000080100000, 0x0000000080000000| Untracked 
|   1|0x0000000080100000, 0x0000000080200000, 0x0000000080200000|100%| O|  |TAMS 0x0000000080200000, 0x0000000080100000| Untracked 
|   2|0x0000000080200000, 0x0000000080300000, 0x0000000080300000|100%| O|  |TAMS 0x0000000080300000, 0x0000000080200000| Untracked 
|   3|0x0000000080300000, 0x0000000080400000, 0x0000000080400000|100%| O|  |TAMS 0x0000000080400000, 0x0000000080300000| Untracked 
|   4|0x0000000080400000, 0x0000000080500000, 0x0000000080500000|100%|HS|  |TAMS 0x0000000080500000, 0x0000000080400000| Complete 
|   5|0x0000000080500000, 0x0000000080600000, 0x0000000080600000|100%|HC|  |TAMS 0x0000000080600000, 0x0000000080500000| Complete 
|   6|0x0000000080600000, 0x0000000080700000, 0x0000000080700000|100%|HC|  |TAMS 0x0000000080700000, 0x0000000080600000| Complete 
|   7|0x0000000080700000, 0x0000000080800000, 0x0000000080800000|100%| O|  |TAMS 0x0000000080800000, 0x0000000080700000| Untracked 
|   8|0x0000000080800000, 0x0000000080900000, 0x0000000080900000|100%| O|  |TAMS 0x0000000080900000, 0x0000000080800000| Untracked 
|   9|0x0000000080900000, 0x0000000080a00000, 0x0000000080a00000|100%| O|  |TAMS 0x0000000080a00000, 0x0000000080900000| Untracked 
|  10|0x0000000080a00000, 0x0000000080b00000, 0x0000000080b00000|100%| O|  |TAMS 0x0000000080b00000, 0x0000000080a00000| Untracked 
|  11|0x0000000080b00000, 0x0000000080c00000, 0x0000000080c00000|100%| O|  |TAMS 0x0000000080c00000, 0x0000000080b00000| Complete 
|  12|0x0000000080c00000, 0x0000000080d00000, 0x0000000080d00000|100%| O|  |TAMS 0x0000000080d00000, 0x0000000080c00000| Untracked 
|  13|0x0000000080d00000, 0x0000000080e00000, 0x0000000080e00000|100%| O|  |TAMS 0x0000000080e00000, 0x0000000080d00000| Untracked 
|  14|0x0000000080e00000, 0x0000000080f00000, 0x0000000080f00000|100%| O|  |TAMS 0x0000000080f00000, 0x0000000080e00000| Untracked 
|  15|0x0000000080f00000, 0x0000000081000000, 0x0000000081000000|100%| O|  |TAMS 0x0000000081000000, 0x0000000080f00000| Complete 
|  16|0x0000000081000000, 0x0000000081100000, 0x0000000081100000|100%| O|  |TAMS 0x0000000081100000, 0x0000000081000000| Untracked 
|  17|0x0000000081100000, 0x0000000081200000, 0x0000000081200000|100%| O|  |TAMS 0x0000000081200000, 0x0000000081100000| Complete 
|  18|0x0000000081200000, 0x0000000081300000, 0x0000000081300000|100%| O|  |TAMS 0x0000000081300000, 0x0000000081200000| Complete 
|  19|0x0000000081300000, 0x0000000081400000, 0x0000000081400000|100%| O|  |TAMS 0x0000000081400000, 0x0000000081300000| Untracked 
|  20|0x0000000081400000, 0x0000000081500000, 0x0000000081500000|100%| O|  |TAMS 0x0000000081500000, 0x0000000081400000| Untracked 
|  21|0x0000000081500000, 0x0000000081600000, 0x0000000081600000|100%| O|  |TAMS 0x0000000081600000, 0x0000000081500000| Untracked 
|  22|0x0000000081600000, 0x0000000081700000, 0x0000000081700000|100%| O|  |TAMS 0x0000000081700000, 0x0000000081600000| Complete 
|  23|0x0000000081700000, 0x0000000081700000, 0x0000000081800000|  0%| F|  |TAMS 0x0000000081700000, 0x0000000081700000| Untracked 
|  24|0x0000000081800000, 0x0000000081900000, 0x0000000081900000|100%| O|  |TAMS 0x0000000081900000, 0x0000000081800000| Untracked 
|  25|0x0000000081900000, 0x0000000081a00000, 0x0000000081a00000|100%| O|  |TAMS 0x0000000081a00000, 0x0000000081900000| Untracked 
|  26|0x0000000081a00000, 0x0000000081b00000, 0x0000000081b00000|100%| O|  |TAMS 0x0000000081b00000, 0x0000000081a00000| Complete 
|  27|0x0000000081b00000, 0x0000000081c00000, 0x0000000081c00000|100%| O|  |TAMS 0x0000000081c00000, 0x0000000081b00000| Untracked 
|  28|0x0000000081c00000, 0x0000000081d00000, 0x0000000081d00000|100%| O|  |TAMS 0x0000000081d00000, 0x0000000081c00000| Untracked 
|  29|0x0000000081d00000, 0x0000000081e00000, 0x0000000081e00000|100%| O|  |TAMS 0x0000000081e00000, 0x0000000081d00000| Complete 
|  30|0x0000000081e00000, 0x0000000081f00000, 0x0000000081f00000|100%| O|  |TAMS 0x0000000081f00000, 0x0000000081e00000| Complete 
|  31|0x0000000081f00000, 0x0000000082000000, 0x0000000082000000|100%|HS|  |TAMS 0x0000000082000000, 0x0000000081f00000| Complete 
|  32|0x0000000082000000, 0x0000000082100000, 0x0000000082100000|100%|HS|  |TAMS 0x0000000082100000, 0x0000000082000000| Complete 
|  33|0x0000000082100000, 0x0000000082200000, 0x0000000082200000|100%|HS|  |TAMS 0x0000000082200000, 0x0000000082100000| Complete 
|  34|0x0000000082200000, 0x0000000082300000, 0x0000000082300000|100%|HS|  |TAMS 0x0000000082300000, 0x0000000082200000| Complete 
|  35|0x0000000082300000, 0x0000000082400000, 0x0000000082400000|100%|HC|  |TAMS 0x0000000082400000, 0x0000000082300000| Complete 
|  36|0x0000000082400000, 0x0000000082500000, 0x0000000082500000|100%|HC|  |TAMS 0x0000000082500000, 0x0000000082400000| Complete 
|  37|0x0000000082500000, 0x0000000082600000, 0x0000000082600000|100%|HS|  |TAMS 0x0000000082600000, 0x0000000082500000| Complete 
|  38|0x0000000082600000, 0x0000000082700000, 0x0000000082700000|100%|HC|  |TAMS 0x0000000082700000, 0x0000000082600000| Complete 
|  39|0x0000000082700000, 0x0000000082800000, 0x0000000082800000|100%| O|  |TAMS 0x0000000082800000, 0x0000000082700000| Untracked 
|  40|0x0000000082800000, 0x0000000082900000, 0x0000000082900000|100%| O|  |TAMS 0x0000000082900000, 0x0000000082800000| Untracked 
|  41|0x0000000082900000, 0x0000000082a00000, 0x0000000082a00000|100%| O|  |TAMS 0x0000000082a00000, 0x0000000082900000| Untracked 
|  42|0x0000000082a00000, 0x0000000082b00000, 0x0000000082b00000|100%| O|  |TAMS 0x0000000082b00000, 0x0000000082a00000| Untracked 
|  43|0x0000000082b00000, 0x0000000082c00000, 0x0000000082c00000|100%| O|  |TAMS 0x0000000082c00000, 0x0000000082b00000| Complete 
|  44|0x0000000082c00000, 0x0000000082d00000, 0x0000000082d00000|100%| O|  |TAMS 0x0000000082d00000, 0x0000000082c00000| Untracked 
|  45|0x0000000082d00000, 0x0000000082e00000, 0x0000000082e00000|100%| O|  |TAMS 0x0000000082e00000, 0x0000000082d00000| Complete 
|  46|0x0000000082e00000, 0x0000000082f00000, 0x0000000082f00000|100%| O|  |TAMS 0x0000000082f00000, 0x0000000082e00000| Untracked 
|  47|0x0000000082f00000, 0x0000000083000000, 0x0000000083000000|100%| O|  |TAMS 0x0000000083000000, 0x0000000082f00000| Untracked 
|  48|0x0000000083000000, 0x0000000083100000, 0x0000000083100000|100%| O|  |TAMS 0x0000000083100000, 0x0000000083000000| Complete 
|  49|0x0000000083100000, 0x0000000083200000, 0x0000000083200000|100%| O|  |TAMS 0x0000000083200000, 0x0000000083100000| Untracked 
|  50|0x0000000083200000, 0x0000000083300000, 0x0000000083300000|100%| O|  |TAMS 0x0000000083300000, 0x0000000083200000| Complete 
|  51|0x0000000083300000, 0x0000000083400000, 0x0000000083400000|100%| O|  |TAMS 0x0000000083400000, 0x0000000083300000| Untracked 
|  52|0x0000000083400000, 0x0000000083500000, 0x0000000083500000|100%| O|  |TAMS 0x0000000083500000, 0x0000000083400000| Complete 
|  53|0x0000000083500000, 0x0000000083600000, 0x0000000083600000|100%| O|  |TAMS 0x0000000083600000, 0x0000000083500000| Complete 
|  54|0x0000000083600000, 0x0000000083700000, 0x0000000083700000|100%| O|  |TAMS 0x0000000083700000, 0x0000000083600000| Untracked 
|  55|0x0000000083700000, 0x0000000083800000, 0x0000000083800000|100%| O|  |TAMS 0x0000000083800000, 0x0000000083700000| Complete 
|  56|0x0000000083800000, 0x0000000083900000, 0x0000000083900000|100%| O|  |TAMS 0x0000000083900000, 0x0000000083800000| Complete 
|  57|0x0000000083900000, 0x0000000083a00000, 0x0000000083a00000|100%| O|  |TAMS 0x0000000083a00000, 0x0000000083900000| Untracked 
|  58|0x0000000083a00000, 0x0000000083b00000, 0x0000000083b00000|100%| O|  |TAMS 0x0000000083b00000, 0x0000000083a00000| Untracked 
|  59|0x0000000083b00000, 0x0000000083c00000, 0x0000000083c00000|100%| O|  |TAMS 0x0000000083c00000, 0x0000000083b00000| Complete 
|  60|0x0000000083c00000, 0x0000000083d00000, 0x0000000083d00000|100%| O|  |TAMS 0x0000000083d00000, 0x0000000083c00000| Complete 
|  61|0x0000000083d00000, 0x0000000083e00000, 0x0000000083e00000|100%| O|  |TAMS 0x0000000083e00000, 0x0000000083d00000| Complete 
|  62|0x0000000083e00000, 0x0000000083f00000, 0x0000000083f00000|100%| O|  |TAMS 0x0000000083f00000, 0x0000000083e00000| Complete 
|  63|0x0000000083f00000, 0x0000000084000000, 0x0000000084000000|100%| O|  |TAMS 0x0000000084000000, 0x0000000083f00000| Complete 
|  64|0x0000000084000000, 0x0000000084100000, 0x0000000084100000|100%| O|  |TAMS 0x0000000084100000, 0x0000000084000000| Complete 
|  65|0x0000000084100000, 0x0000000084200000, 0x0000000084200000|100%| O|  |TAMS 0x0000000084200000, 0x0000000084100000| Complete 
|  66|0x0000000084200000, 0x0000000084300000, 0x0000000084300000|100%| O|  |TAMS 0x0000000084300000, 0x0000000084200000| Complete 
|  67|0x0000000084300000, 0x0000000084300000, 0x0000000084400000|  0%| F|  |TAMS 0x0000000084300000, 0x0000000084300000| Untracked 
|  68|0x0000000084400000, 0x0000000084500000, 0x0000000084500000|100%| O|  |TAMS 0x0000000084500000, 0x0000000084400000| Complete 
|  69|0x0000000084500000, 0x0000000084600000, 0x0000000084600000|100%| O|  |TAMS 0x0000000084600000, 0x0000000084500000| Complete 
|  70|0x0000000084600000, 0x0000000084600000, 0x0000000084700000|  0%| F|  |TAMS 0x0000000084600000, 0x0000000084600000| Untracked 
|  71|0x0000000084700000, 0x0000000084800000, 0x0000000084800000|100%| O|  |TAMS 0x0000000084800000, 0x0000000084700000| Untracked 
|  72|0x0000000084800000, 0x0000000084900000, 0x0000000084900000|100%| O|  |TAMS 0x0000000084900000, 0x0000000084800000| Complete 
|  73|0x0000000084900000, 0x0000000084900000, 0x0000000084a00000|  0%| F|  |TAMS 0x0000000084900000, 0x0000000084900000| Untracked 
|  74|0x0000000084a00000, 0x0000000084a00000, 0x0000000084b00000|  0%| F|  |TAMS 0x0000000084a00000, 0x0000000084a00000| Untracked 
|  75|0x0000000084b00000, 0x0000000084c00000, 0x0000000084c00000|100%| O|  |TAMS 0x0000000084b00000, 0x0000000084b00000| Untracked 
|  76|0x0000000084c00000, 0x0000000084d00000, 0x0000000084d00000|100%| O|  |TAMS 0x0000000084d00000, 0x0000000084c00000| Untracked 
|  77|0x0000000084d00000, 0x0000000084e00000, 0x0000000084e00000|100%| O|  |TAMS 0x0000000084e00000, 0x0000000084d00000| Untracked 
|  78|0x0000000084e00000, 0x0000000084f00000, 0x0000000084f00000|100%| O|  |TAMS 0x0000000084f00000, 0x0000000084e00000| Untracked 
|  79|0x0000000084f00000, 0x0000000085000000, 0x0000000085000000|100%| O|  |TAMS 0x0000000085000000, 0x0000000084f00000| Complete 
|  80|0x0000000085000000, 0x0000000085000000, 0x0000000085100000|  0%| F|  |TAMS 0x0000000085000000, 0x0000000085000000| Untracked 
|  81|0x0000000085100000, 0x0000000085200000, 0x0000000085200000|100%| O|  |TAMS 0x0000000085100000, 0x0000000085100000| Untracked 
|  82|0x0000000085200000, 0x0000000085300000, 0x0000000085300000|100%| O|  |TAMS 0x0000000085300000, 0x0000000085200000| Complete 
|  83|0x0000000085300000, 0x0000000085400000, 0x0000000085400000|100%| O|  |TAMS 0x0000000085300000, 0x0000000085300000| Untracked 
|  84|0x0000000085400000, 0x0000000085500000, 0x0000000085500000|100%| O|  |TAMS 0x0000000085500000, 0x0000000085400000| Complete 
|  85|0x0000000085500000, 0x0000000085600000, 0x0000000085600000|100%| O|  |TAMS 0x0000000085600000, 0x0000000085500000| Complete 
|  86|0x0000000085600000, 0x0000000085700000, 0x0000000085700000|100%| O|  |TAMS 0x0000000085600000, 0x0000000085600000| Untracked 
|  87|0x0000000085700000, 0x0000000085700000, 0x0000000085800000|  0%| F|  |TAMS 0x0000000085700000, 0x0000000085700000| Untracked 
|  88|0x0000000085800000, 0x0000000085900000, 0x0000000085900000|100%| O|  |TAMS 0x0000000085900000, 0x0000000085800000| Untracked 
|  89|0x0000000085900000, 0x0000000085a00000, 0x0000000085a00000|100%| O|  |TAMS 0x0000000085a00000, 0x0000000085900000| Complete 
|  90|0x0000000085a00000, 0x0000000085b00000, 0x0000000085b00000|100%| O|  |TAMS 0x0000000085b00000, 0x0000000085a00000| Complete 
|  91|0x0000000085b00000, 0x0000000085b00000, 0x0000000085c00000|  0%| F|  |TAMS 0x0000000085b00000, 0x0000000085b00000| Untracked 
|  92|0x0000000085c00000, 0x0000000085d00000, 0x0000000085d00000|100%| O|  |TAMS 0x0000000085d00000, 0x0000000085c00000| Untracked 
|  93|0x0000000085d00000, 0x0000000085e00000, 0x0000000085e00000|100%| O|  |TAMS 0x0000000085e00000, 0x0000000085d00000| Untracked 
|  94|0x0000000085e00000, 0x0000000085f00000, 0x0000000085f00000|100%| O|  |TAMS 0x0000000085f00000, 0x0000000085e00000| Untracked 
|  95|0x0000000085f00000, 0x0000000085f00000, 0x0000000086000000|  0%| F|  |TAMS 0x0000000085f00000, 0x0000000085f00000| Untracked 
|  96|0x0000000086000000, 0x0000000086100000, 0x0000000086100000|100%| O|  |TAMS 0x0000000086100000, 0x0000000086000000| Untracked 
|  97|0x0000000086100000, 0x0000000086200000, 0x0000000086200000|100%| O|  |TAMS 0x0000000086200000, 0x0000000086100000| Untracked 
|  98|0x0000000086200000, 0x0000000086300000, 0x0000000086300000|100%| O|  |TAMS 0x0000000086300000, 0x0000000086200000| Untracked 
|  99|0x0000000086300000, 0x0000000086400000, 0x0000000086400000|100%| O|  |TAMS 0x0000000086400000, 0x0000000086300000| Untracked 
| 100|0x0000000086400000, 0x0000000086500000, 0x0000000086500000|100%| O|  |TAMS 0x0000000086400000, 0x0000000086400000| Untracked 
| 101|0x0000000086500000, 0x0000000086600000, 0x0000000086600000|100%| O|  |TAMS 0x0000000086600000, 0x0000000086500000| Complete 
| 102|0x0000000086600000, 0x0000000086700000, 0x0000000086700000|100%| O|  |TAMS 0x0000000086695c00, 0x0000000086600000| Untracked 
| 103|0x0000000086700000, 0x0000000086800000, 0x0000000086800000|100%| O|  |TAMS 0x0000000086700000, 0x0000000086700000| Untracked 
| 104|0x0000000086800000, 0x0000000086900000, 0x0000000086900000|100%| O|  |TAMS 0x0000000086900000, 0x0000000086800000| Complete 
| 105|0x0000000086900000, 0x0000000086a00000, 0x0000000086a00000|100%| O|  |TAMS 0x0000000086900000, 0x0000000086900000| Untracked 
| 106|0x0000000086a00000, 0x0000000086b00000, 0x0000000086b00000|100%| O|  |TAMS 0x0000000086a00000, 0x0000000086a00000| Untracked 
| 107|0x0000000086b00000, 0x0000000086c00000, 0x0000000086c00000|100%| O|  |TAMS 0x0000000086b00000, 0x0000000086b00000| Untracked 
| 108|0x0000000086c00000, 0x0000000086ccba00, 0x0000000086d00000| 79%| O|  |TAMS 0x0000000086c00000, 0x0000000086c00000| Untracked 
| 109|0x0000000086d00000, 0x0000000086d00000, 0x0000000086e00000|  0%| F|  |TAMS 0x0000000086d00000, 0x0000000086d00000| Untracked 
| 110|0x0000000086e00000, 0x0000000086f00000, 0x0000000086f00000|100%| O|  |TAMS 0x0000000086e00000, 0x0000000086e00000| Untracked 
| 111|0x0000000086f00000, 0x0000000087000000, 0x0000000087000000|100%| O|  |TAMS 0x0000000086f00000, 0x0000000086f00000| Untracked 
| 112|0x0000000087000000, 0x0000000087000000, 0x0000000087100000|  0%| F|  |TAMS 0x0000000087000000, 0x0000000087000000| Untracked 
| 113|0x0000000087100000, 0x0000000087100000, 0x0000000087200000|  0%| F|  |TAMS 0x0000000087100000, 0x0000000087100000| Untracked 
| 114|0x0000000087200000, 0x0000000087200000, 0x0000000087300000|  0%| F|  |TAMS 0x0000000087200000, 0x0000000087200000| Untracked 
| 115|0x0000000087300000, 0x0000000087300000, 0x0000000087400000|  0%| F|  |TAMS 0x0000000087300000, 0x0000000087300000| Untracked 
| 116|0x0000000087400000, 0x0000000087400000, 0x0000000087500000|  0%| F|  |TAMS 0x0000000087400000, 0x0000000087400000| Untracked 
| 117|0x0000000087500000, 0x0000000087500000, 0x0000000087600000|  0%| F|  |TAMS 0x0000000087500000, 0x0000000087500000| Untracked 
| 118|0x0000000087600000, 0x0000000087600000, 0x0000000087700000|  0%| F|  |TAMS 0x0000000087600000, 0x0000000087600000| Untracked 
| 119|0x0000000087700000, 0x0000000087700000, 0x0000000087800000|  0%| F|  |TAMS 0x0000000087700000, 0x0000000087700000| Untracked 
| 120|0x0000000087800000, 0x0000000087800000, 0x0000000087900000|  0%| F|  |TAMS 0x0000000087800000, 0x0000000087800000| Untracked 
| 121|0x0000000087900000, 0x0000000087900000, 0x0000000087a00000|  0%| F|  |TAMS 0x0000000087900000, 0x0000000087900000| Untracked 
| 122|0x0000000087a00000, 0x0000000087a00000, 0x0000000087b00000|  0%| F|  |TAMS 0x0000000087a00000, 0x0000000087a00000| Untracked 
| 123|0x0000000087b00000, 0x0000000087b00000, 0x0000000087c00000|  0%| F|  |TAMS 0x0000000087b00000, 0x0000000087b00000| Untracked 
| 124|0x0000000087c00000, 0x0000000087c00000, 0x0000000087d00000|  0%| F|  |TAMS 0x0000000087c00000, 0x0000000087c00000| Untracked 
| 125|0x0000000087d00000, 0x0000000087d00000, 0x0000000087e00000|  0%| F|  |TAMS 0x0000000087d00000, 0x0000000087d00000| Untracked 
| 126|0x0000000087e00000, 0x0000000087e00000, 0x0000000087f00000|  0%| F|  |TAMS 0x0000000087e00000, 0x0000000087e00000| Untracked 
| 127|0x0000000087f00000, 0x0000000087f00000, 0x0000000088000000|  0%| F|  |TAMS 0x0000000087f00000, 0x0000000087f00000| Untracked 
| 128|0x0000000088000000, 0x0000000088000000, 0x0000000088100000|  0%| F|  |TAMS 0x0000000088000000, 0x0000000088000000| Untracked 
| 129|0x0000000088100000, 0x0000000088100000, 0x0000000088200000|  0%| F|  |TAMS 0x0000000088100000, 0x0000000088100000| Untracked 
| 130|0x0000000088200000, 0x0000000088200000, 0x0000000088300000|  0%| F|  |TAMS 0x0000000088200000, 0x0000000088200000| Untracked 
| 131|0x0000000088300000, 0x0000000088300000, 0x0000000088400000|  0%| F|  |TAMS 0x0000000088300000, 0x0000000088300000| Untracked 
| 132|0x0000000088400000, 0x0000000088400000, 0x0000000088500000|  0%| F|  |TAMS 0x0000000088400000, 0x0000000088400000| Untracked 
| 133|0x0000000088500000, 0x0000000088500000, 0x0000000088600000|  0%| F|  |TAMS 0x0000000088500000, 0x0000000088500000| Untracked 
| 134|0x0000000088600000, 0x0000000088600000, 0x0000000088700000|  0%| F|  |TAMS 0x0000000088600000, 0x0000000088600000| Untracked 
| 135|0x0000000088700000, 0x0000000088700000, 0x0000000088800000|  0%| F|  |TAMS 0x0000000088700000, 0x0000000088700000| Untracked 
| 136|0x0000000088800000, 0x0000000088800000, 0x0000000088900000|  0%| F|  |TAMS 0x0000000088800000, 0x0000000088800000| Untracked 
| 137|0x0000000088900000, 0x0000000088900000, 0x0000000088a00000|  0%| F|  |TAMS 0x0000000088900000, 0x0000000088900000| Untracked 
| 138|0x0000000088a00000, 0x0000000088a00000, 0x0000000088b00000|  0%| F|  |TAMS 0x0000000088a00000, 0x0000000088a00000| Untracked 
| 139|0x0000000088b00000, 0x0000000088b00000, 0x0000000088c00000|  0%| F|  |TAMS 0x0000000088b00000, 0x0000000088b00000| Untracked 
| 140|0x0000000088c00000, 0x0000000088c00000, 0x0000000088d00000|  0%| F|  |TAMS 0x0000000088c00000, 0x0000000088c00000| Untracked 
| 141|0x0000000088d00000, 0x0000000088d00000, 0x0000000088e00000|  0%| F|  |TAMS 0x0000000088d00000, 0x0000000088d00000| Untracked 
| 142|0x0000000088e00000, 0x0000000088e00000, 0x0000000088f00000|  0%| F|  |TAMS 0x0000000088e00000, 0x0000000088e00000| Untracked 
| 143|0x0000000088f00000, 0x0000000088f00000, 0x0000000089000000|  0%| F|  |TAMS 0x0000000088f00000, 0x0000000088f00000| Untracked 
| 144|0x0000000089000000, 0x0000000089000000, 0x0000000089100000|  0%| F|  |TAMS 0x0000000089000000, 0x0000000089000000| Untracked 
| 145|0x0000000089100000, 0x0000000089100000, 0x0000000089200000|  0%| F|  |TAMS 0x0000000089100000, 0x0000000089100000| Untracked 
| 146|0x0000000089200000, 0x0000000089200000, 0x0000000089300000|  0%| F|  |TAMS 0x0000000089200000, 0x0000000089200000| Untracked 
| 147|0x0000000089300000, 0x0000000089300000, 0x0000000089400000|  0%| F|  |TAMS 0x0000000089300000, 0x0000000089300000| Untracked 
| 148|0x0000000089400000, 0x0000000089400000, 0x0000000089500000|  0%| F|  |TAMS 0x0000000089400000, 0x0000000089400000| Untracked 
| 149|0x0000000089500000, 0x0000000089500000, 0x0000000089600000|  0%| F|  |TAMS 0x0000000089500000, 0x0000000089500000| Untracked 
| 150|0x0000000089600000, 0x0000000089600000, 0x0000000089700000|  0%| F|  |TAMS 0x0000000089600000, 0x0000000089600000| Untracked 
| 151|0x0000000089700000, 0x0000000089700000, 0x0000000089800000|  0%| F|  |TAMS 0x0000000089700000, 0x0000000089700000| Untracked 
| 152|0x0000000089800000, 0x0000000089800000, 0x0000000089900000|  0%| F|  |TAMS 0x0000000089800000, 0x0000000089800000| Untracked 
| 153|0x0000000089900000, 0x0000000089900000, 0x0000000089a00000|  0%| F|  |TAMS 0x0000000089900000, 0x0000000089900000| Untracked 
| 154|0x0000000089a00000, 0x0000000089a00000, 0x0000000089b00000|  0%| F|  |TAMS 0x0000000089a00000, 0x0000000089a00000| Untracked 
| 155|0x0000000089b00000, 0x0000000089b00000, 0x0000000089c00000|  0%| F|  |TAMS 0x0000000089b00000, 0x0000000089b00000| Untracked 
| 156|0x0000000089c00000, 0x0000000089c00000, 0x0000000089d00000|  0%| F|  |TAMS 0x0000000089c00000, 0x0000000089c00000| Untracked 
| 157|0x0000000089d00000, 0x0000000089d00000, 0x0000000089e00000|  0%| F|  |TAMS 0x0000000089d00000, 0x0000000089d00000| Untracked 
| 158|0x0000000089e00000, 0x0000000089e00000, 0x0000000089f00000|  0%| F|  |TAMS 0x0000000089e00000, 0x0000000089e00000| Untracked 
| 159|0x0000000089f00000, 0x0000000089f00000, 0x000000008a000000|  0%| F|  |TAMS 0x0000000089f00000, 0x0000000089f00000| Untracked 
| 160|0x000000008a000000, 0x000000008a000000, 0x000000008a100000|  0%| F|  |TAMS 0x000000008a000000, 0x000000008a000000| Untracked 
| 161|0x000000008a100000, 0x000000008a100000, 0x000000008a200000|  0%| F|  |TAMS 0x000000008a100000, 0x000000008a100000| Untracked 
| 162|0x000000008a200000, 0x000000008a200000, 0x000000008a300000|  0%| F|  |TAMS 0x000000008a200000, 0x000000008a200000| Untracked 
| 163|0x000000008a300000, 0x000000008a300000, 0x000000008a400000|  0%| F|  |TAMS 0x000000008a300000, 0x000000008a300000| Untracked 
| 164|0x000000008a400000, 0x000000008a400000, 0x000000008a500000|  0%| F|  |TAMS 0x000000008a400000, 0x000000008a400000| Untracked 
| 165|0x000000008a500000, 0x000000008a500000, 0x000000008a600000|  0%| F|  |TAMS 0x000000008a500000, 0x000000008a500000| Untracked 
| 166|0x000000008a600000, 0x000000008a600000, 0x000000008a700000|  0%| F|  |TAMS 0x000000008a600000, 0x000000008a600000| Untracked 
| 167|0x000000008a700000, 0x000000008a700000, 0x000000008a800000|  0%| F|  |TAMS 0x000000008a700000, 0x000000008a700000| Untracked 
| 168|0x000000008a800000, 0x000000008a800000, 0x000000008a900000|  0%| F|  |TAMS 0x000000008a800000, 0x000000008a800000| Untracked 
| 169|0x000000008a900000, 0x000000008a900000, 0x000000008aa00000|  0%| F|  |TAMS 0x000000008a900000, 0x000000008a900000| Untracked 
| 170|0x000000008aa00000, 0x000000008aa00000, 0x000000008ab00000|  0%| F|  |TAMS 0x000000008aa00000, 0x000000008aa00000| Untracked 
| 171|0x000000008ab00000, 0x000000008ab00000, 0x000000008ac00000|  0%| F|  |TAMS 0x000000008ab00000, 0x000000008ab00000| Untracked 
| 172|0x000000008ac00000, 0x000000008acbc748, 0x000000008ad00000| 73%| E|  |TAMS 0x000000008ac00000, 0x000000008ac00000| Complete 
| 173|0x000000008ad00000, 0x000000008adcc510, 0x000000008ae00000| 79%| S|CS|TAMS 0x000000008ad00000, 0x000000008ad00000| Complete 
| 174|0x000000008ae00000, 0x000000008af00000, 0x000000008af00000|100%| E|CS|TAMS 0x000000008ae00000, 0x000000008ae00000| Complete 
| 175|0x000000008af00000, 0x000000008b000000, 0x000000008b000000|100%| E|CS|TAMS 0x000000008af00000, 0x000000008af00000| Complete 
| 176|0x000000008b000000, 0x000000008b100000, 0x000000008b100000|100%| E|CS|TAMS 0x000000008b000000, 0x000000008b000000| Complete 
| 177|0x000000008b100000, 0x000000008b200000, 0x000000008b200000|100%| E|CS|TAMS 0x000000008b100000, 0x000000008b100000| Complete 

Card table byte_map: [0x00000000159d0000,0x0000000015dd0000] _byte_map_base: 0x00000000155d0000

Marking Bits (Prev, Next): (CMBitMap*) 0x00000000003b1360, (CMBitMap*) 0x00000000003b1328
 Prev Bits: [0x00000000181d0000, 0x000000001a1d0000)
 Next Bits: [0x00000000161d0000, 0x00000000181d0000)

Polling page: 0x00000000005c0000

Metaspace:

Usage:
  Non-class:     89.53 MB capacity,    88.08 MB ( 98%) used,     1.18 MB (  1%) free+waste,   285.19 KB ( <1%) overhead. 
      Class:     13.46 MB capacity,    12.65 MB ( 94%) used,   709.50 KB (  5%) free+waste,   123.63 KB ( <1%) overhead. 
       Both:    102.99 MB capacity,   100.72 MB ( 98%) used,     1.87 MB (  2%) free+waste,   408.81 KB ( <1%) overhead. 

Virtual space:
  Non-class space:       90.00 MB reserved,      89.75 MB (>99%) committed 
      Class space:        1.00 GB reserved,      13.50 MB (  1%) committed 
             Both:        1.09 GB reserved,     103.25 MB (  9%) committed 

Chunk freelists:
   Non-Class:  32.00 KB
       Class:  0 bytes
        Both:  32.00 KB

MaxMetaspaceSize: 17179869184.00 GB
CompressedClassSpaceSize: 1.00 GB

CodeHeap 'non-profiled nmethods': size=120064Kb used=9422Kb max_used=9422Kb free=110641Kb
 bounds [0x000000000dc50000, 0x000000000e590000, 0x0000000015190000]
CodeHeap 'profiled nmethods': size=120000Kb used=33482Kb max_used=33482Kb free=86517Kb
 bounds [0x0000000006720000, 0x00000000087e0000, 0x000000000dc50000]
CodeHeap 'non-nmethods': size=5696Kb used=2305Kb max_used=2354Kb free=3390Kb
 bounds [0x0000000006190000, 0x0000000006400000, 0x0000000006720000]
 total_blobs=15802 nmethods=14864 adapters=850
 compilation: enabled
              stopped_count=0, restarted_count=0
 full_count=0

Compilation events (20 events):
Event: 314.759 Thread 0x000000005d284800 14973   !   3       org.gradle.api.internal.file.collections.DefaultDirectoryWalker::walkDir (79 bytes)
Event: 314.761 Thread 0x000000005d284800 nmethod 14973 0x00000000087c9a10 code [0x00000000087c9d40, 0x00000000087caec8]
Event: 314.984 Thread 0x000000005d284800 14976       3       kotlin.reflect.jvm.internal.UtilKt::toKVisibility (87 bytes)
Event: 314.985 Thread 0x000000005d284800 nmethod 14976 0x00000000087cb710 code [0x00000000087cb9e0, 0x00000000087ccb58]
Event: 314.986 Thread 0x000000005d284800 14977       3       org.jetbrains.kotlin.cli.common.arguments.Freezable$NullableStringFreezableVar::<init> (23 bytes)
Event: 314.987 Thread 0x000000005d284800 nmethod 14977 0x00000000087ccf90 code [0x00000000087cd240, 0x00000000087cde78]
Event: 314.995 Thread 0x000000005d284800 14980       3       java.io.ObjectInputStream$BlockDataInputStream::readInt (73 bytes)
Event: 314.996 Thread 0x000000005d284800 nmethod 14980 0x00000000087ce290 code [0x00000000087ce480, 0x00000000087ce708]
Event: 314.997 Thread 0x000000005d284800 14981       3       java.io.ObjectInputStream::checkResolve (86 bytes)
Event: 314.997 Thread 0x000000005d284800 nmethod 14981 0x00000000087ce810 code [0x00000000087cea60, 0x00000000087cf178]
Event: 314.998 Thread 0x000000005d284800 14982   !   3       java.io.ObjectInputStream$BlockDataInputStream::refill (136 bytes)
Event: 314.999 Thread 0x000000005d284800 nmethod 14982 0x00000000087cf410 code [0x00000000087cf620, 0x00000000087cfb68]
Event: 315.000 Thread 0x000000005d284800 14983       3       java.security.MessageDigest::update (11 bytes)
Event: 315.000 Thread 0x000000005d284800 nmethod 14983 0x00000000087cfe10 code [0x00000000087cffc0, 0x00000000087d0188]
Event: 315.000 Thread 0x000000005d284800 14984       3       java.security.MessageDigest$Delegate::engineUpdate (9 bytes)
Event: 315.000 Thread 0x000000005d284800 nmethod 14984 0x00000000087d0210 code [0x00000000087d03c0, 0x00000000087d0588]
Event: 315.001 Thread 0x000000005d284800 14985       3       sun.security.provider.DigestBase::engineUpdate (32 bytes)
Event: 315.001 Thread 0x000000005d284800 nmethod 14985 0x00000000087d0690 code [0x00000000087d0860, 0x00000000087d0b08]
Event: 315.003 Thread 0x000000005d284800 14986       1       org.jetbrains.kotlin.daemon.common.PropMapper::getNames (5 bytes)
Event: 315.003 Thread 0x000000005d284800 nmethod 14986 0x000000000e583810 code [0x000000000e5839c0, 0x000000000e583a78]

GC Heap History (20 events):
Event: 199.645 GC heap before
{Heap before GC invocations=90 (full 0):
 garbage-first heap   total 182272K, used 140554K [0x0000000080000000, 0x0000000100000000)
  region size 1024K, 48 young (49152K), 1 survivors (1024K)
 Metaspace       used 96993K, capacity 99180K, committed 99456K, reserved 1136640K
  class space    used 12317K, capacity 13098K, committed 13184K, reserved 1048576K
}
Event: 199.670 GC heap after
{Heap after GC invocations=91 (full 0):
 garbage-first heap   total 182272K, used 95221K [0x0000000080000000, 0x0000000100000000)
  region size 1024K, 4 young (4096K), 4 survivors (4096K)
 Metaspace       used 96993K, capacity 99180K, committed 99456K, reserved 1136640K
  class space    used 12317K, capacity 13098K, committed 13184K, reserved 1048576K
}
Event: 202.797 GC heap before
{Heap before GC invocations=92 (full 0):
 garbage-first heap   total 182272K, used 139253K [0x0000000080000000, 0x0000000100000000)
  region size 1024K, 47 young (48128K), 4 survivors (4096K)
 Metaspace       used 99368K, capacity 101456K, committed 101760K, reserved 1138688K
  class space    used 12583K, capacity 13342K, committed 13440K, reserved 1048576K
}
Event: 202.832 GC heap after
{Heap after GC invocations=93 (full 0):
 garbage-first heap   total 182272K, used 99122K [0x0000000080000000, 0x0000000100000000)
  region size 1024K, 4 young (4096K), 4 survivors (4096K)
 Metaspace       used 99368K, capacity 101456K, committed 101760K, reserved 1138688K
  class space    used 12583K, capacity 13342K, committed 13440K, reserved 1048576K
}
Event: 205.150 GC heap before
{Heap before GC invocations=93 (full 0):
 garbage-first heap   total 182272K, used 102194K [0x0000000080000000, 0x0000000100000000)
  region size 1024K, 8 young (8192K), 4 survivors (4096K)
 Metaspace       used 99489K, capacity 101586K, committed 101760K, reserved 1138688K
  class space    used 12600K, capacity 13406K, committed 13440K, reserved 1048576K
}
Event: 205.187 GC heap after
{Heap after GC invocations=94 (full 0):
 garbage-first heap   total 182272K, used 99182K [0x0000000080000000, 0x0000000100000000)
  region size 1024K, 1 young (1024K), 1 survivors (1024K)
 Metaspace       used 99489K, capacity 101586K, committed 101760K, reserved 1138688K
  class space    used 12600K, capacity 13406K, committed 13440K, reserved 1048576K
}
Event: 249.954 GC heap before
{Heap before GC invocations=94 (full 0):
 garbage-first heap   total 182272K, used 142190K [0x0000000080000000, 0x0000000100000000)
  region size 1024K, 44 young (45056K), 1 survivors (1024K)
 Metaspace       used 101922K, capacity 104209K, committed 104448K, reserved 1140736K
  class space    used 12928K, capacity 13747K, committed 13824K, reserved 1048576K
}
Event: 249.997 GC heap after
{Heap after GC invocations=95 (full 0):
 garbage-first heap   total 182272K, used 101230K [0x0000000080000000, 0x0000000100000000)
  region size 1024K, 3 young (3072K), 3 survivors (3072K)
 Metaspace       used 101922K, capacity 104209K, committed 104448K, reserved 1140736K
  class space    used 12928K, capacity 13747K, committed 13824K, reserved 1048576K
}
Event: 260.486 GC heap before
{Heap before GC invocations=96 (full 0):
 garbage-first heap   total 182272K, used 152430K [0x0000000080000000, 0x0000000100000000)
  region size 1024K, 46 young (47104K), 3 survivors (3072K)
 Metaspace       used 102444K, capacity 104698K, committed 104960K, reserved 1140736K
  class space    used 12936K, capacity 13761K, committed 13824K, reserved 1048576K
}
Event: 260.538 GC heap after
{Heap after GC invocations=97 (full 0):
 garbage-first heap   total 182272K, used 105045K [0x0000000080000000, 0x0000000100000000)
  region size 1024K, 6 young (6144K), 6 survivors (6144K)
 Metaspace       used 102444K, capacity 104698K, committed 104960K, reserved 1140736K
  class space    used 12936K, capacity 13761K, committed 13824K, reserved 1048576K
}
Event: 260.659 GC heap before
{Heap before GC invocations=97 (full 0):
 garbage-first heap   total 182272K, used 107093K [0x0000000080000000, 0x0000000100000000)
  region size 1024K, 8 young (8192K), 6 survivors (6144K)
 Metaspace       used 102450K, capacity 104762K, committed 104960K, reserved 1140736K
  class space    used 12936K, capacity 13761K, committed 13824K, reserved 1048576K
}
Event: 260.693 GC heap after
{Heap after GC invocations=98 (full 0):
 garbage-first heap   total 182272K, used 101975K [0x0000000080000000, 0x0000000100000000)
  region size 1024K, 1 young (1024K), 1 survivors (1024K)
 Metaspace       used 102450K, capacity 104762K, committed 104960K, reserved 1140736K
  class space    used 12936K, capacity 13761K, committed 13824K, reserved 1048576K
}
Event: 299.381 GC heap before
{Heap before GC invocations=98 (full 0):
 garbage-first heap   total 182272K, used 146007K [0x0000000080000000, 0x0000000100000000)
  region size 1024K, 44 young (45056K), 1 survivors (1024K)
 Metaspace       used 102743K, capacity 105094K, committed 105216K, reserved 1140736K
  class space    used 12947K, capacity 13777K, committed 13824K, reserved 1048576K
}
Event: 299.429 GC heap after
{Heap after GC invocations=99 (full 0):
 garbage-first heap   total 182272K, used 103837K [0x0000000080000000, 0x0000000100000000)
  region size 1024K, 3 young (3072K), 3 survivors (3072K)
 Metaspace       used 102743K, capacity 105094K, committed 105216K, reserved 1140736K
  class space    used 12947K, capacity 13777K, committed 13824K, reserved 1048576K
}
Event: 304.835 GC heap before
{Heap before GC invocations=99 (full 0):
 garbage-first heap   total 182272K, used 132509K [0x0000000080000000, 0x0000000100000000)
  region size 1024K, 32 young (32768K), 3 survivors (3072K)
 Metaspace       used 102954K, capacity 105304K, committed 105472K, reserved 1140736K
  class space    used 12948K, capacity 13779K, committed 13824K, reserved 1048576K
}
Event: 304.885 GC heap after
{Heap after GC invocations=100 (full 0):
 garbage-first heap   total 182272K, used 106789K [0x0000000080000000, 0x0000000100000000)
  region size 1024K, 6 young (6144K), 6 survivors (6144K)
 Metaspace       used 102954K, capacity 105304K, committed 105472K, reserved 1140736K
  class space    used 12948K, capacity 13779K, committed 13824K, reserved 1048576K
}
Event: 314.408 GC heap before
{Heap before GC invocations=101 (full 0):
 garbage-first heap   total 182272K, used 151845K [0x0000000080000000, 0x0000000100000000)
  region size 1024K, 43 young (44032K), 6 survivors (6144K)
 Metaspace       used 103129K, capacity 105459K, committed 105728K, reserved 1140736K
  class space    used 12950K, capacity 13784K, committed 13824K, reserved 1048576K
}
Event: 314.479 GC heap after
{Heap after GC invocations=102 (full 0):
 garbage-first heap   total 182272K, used 110421K [0x0000000080000000, 0x0000000100000000)
  region size 1024K, 4 young (4096K), 4 survivors (4096K)
 Metaspace       used 103129K, capacity 105459K, committed 105728K, reserved 1140736K
  class space    used 12950K, capacity 13784K, committed 13824K, reserved 1048576K
}
Event: 314.766 GC heap before
{Heap before GC invocations=102 (full 0):
 garbage-first heap   total 182272K, used 114517K [0x0000000080000000, 0x0000000100000000)
  region size 1024K, 8 young (8192K), 4 survivors (4096K)
 Metaspace       used 103133K, capacity 105459K, committed 105728K, reserved 1140736K
  class space    used 12951K, capacity 13784K, committed 13824K, reserved 1048576K
}
Event: 314.818 GC heap after
{Heap after GC invocations=103 (full 0):
 garbage-first heap   total 182272K, used 105055K [0x0000000080000000, 0x0000000100000000)
  region size 1024K, 1 young (1024K), 1 survivors (1024K)
 Metaspace       used 103133K, capacity 105459K, committed 105728K, reserved 1140736K
  class space    used 12951K, capacity 13784K, committed 13824K, reserved 1048576K
}

Deoptimization events (20 events):
Event: 303.172 Thread 0x000000005fd12000 DEOPT PACKING pc=0x0000000007643151 sp=0x00000000627497b0
Event: 303.172 Thread 0x000000005fd12000 DEOPT UNPACKING pc=0x00000000061b673f sp=0x0000000062748c78 mode 0
Event: 303.363 Thread 0x000000005fd12000 DEOPT PACKING pc=0x0000000007643151 sp=0x0000000062749370
Event: 303.363 Thread 0x000000005fd12000 DEOPT UNPACKING pc=0x00000000061b673f sp=0x0000000062748838 mode 0
Event: 303.722 Thread 0x000000005fd12000 DEOPT PACKING pc=0x0000000008518b23 sp=0x000000006274a0d0
Event: 303.722 Thread 0x000000005fd12000 DEOPT UNPACKING pc=0x00000000061b673f sp=0x0000000062749610 mode 0
Event: 307.687 Thread 0x000000005fd12000 Uncommon trap: trap_request=0xfffffff4 fr.pc=0x000000000e229b5c relative=0x000000000000059c
Event: 307.688 Thread 0x000000005fd12000 Uncommon trap: reason=null_check action=make_not_entrant pc=0x000000000e229b5c method=java.lang.ThreadLocal$ThreadLocalMap.expungeStaleEntry(I)I @ 51 c2
Event: 307.688 Thread 0x000000005fd12000 DEOPT PACKING pc=0x000000000e229b5c sp=0x000000006274a8d0
Event: 307.688 Thread 0x000000005fd12000 DEOPT UNPACKING pc=0x00000000061b6929 sp=0x000000006274a870 mode 2
Event: 307.693 Thread 0x000000005fd12000 DEOPT PACKING pc=0x00000000074c1c9c sp=0x00000000627479b0
Event: 307.693 Thread 0x000000005fd12000 DEOPT UNPACKING pc=0x00000000061b673f sp=0x0000000062746ed0 mode 0
Event: 313.918 Thread 0x000000005f957000 Uncommon trap: trap_request=0xffffff4d fr.pc=0x000000000e2666f4 relative=0x0000000000000e14
Event: 313.918 Thread 0x000000005f957000 Uncommon trap: reason=unstable_if action=reinterpret pc=0x000000000e2666f4 method=org.gradle.internal.snapshot.VfsRelativePath.compareToFirstSegment(Ljava/lang/String;Lorg/gradle/internal/snapshot/CaseSensitivity;)I @ 156 c2
Event: 313.918 Thread 0x000000005f957000 DEOPT PACKING pc=0x000000000e2666f4 sp=0x000000006385d670
Event: 313.918 Thread 0x000000005f957000 DEOPT UNPACKING pc=0x00000000061b6929 sp=0x000000006385d600 mode 2
Event: 313.918 Thread 0x000000005f957000 Uncommon trap: trap_request=0xffffffde fr.pc=0x000000000e48b870 relative=0x0000000000001170
Event: 313.918 Thread 0x000000005f957000 Uncommon trap: reason=class_check action=maybe_recompile pc=0x000000000e48b870 method=org.gradle.internal.snapshot.ChildMap$Entry.handleAncestorDescendantOrExactMatch(Lorg/gradle/internal/snapshot/VfsRelativePath;Lorg/gradle/internal/snapshot/CaseSensitiv
Event: 313.918 Thread 0x000000005f957000 DEOPT PACKING pc=0x000000000e48b870 sp=0x000000006385d680
Event: 313.918 Thread 0x000000005f957000 DEOPT UNPACKING pc=0x00000000061b6929 sp=0x000000006385d660 mode 2

Classes redefined (0 events):
No events

Internal exceptions (20 events):
Event: 219.811 Thread 0x000000005fa00000 Exception <a 'java/lang/NoSuchMethodError'{0x00000000890445a8}: <clinit>> (0x00000000890445a8) thrown at [./src/hotspot/share/prims/jni.cpp, line 1362]
Event: 219.812 Thread 0x000000005fa00000 Exception <a 'java/lang/NoSuchMethodError'{0x00000000890506f8}: <clinit>> (0x00000000890506f8) thrown at [./src/hotspot/share/prims/jni.cpp, line 1362]
Event: 220.505 Thread 0x000000005e487800 Implicit null exception at 0x000000000dfa0904 to 0x000000000dfa0e20
Event: 220.506 Thread 0x000000005e487800 Implicit null exception at 0x000000000df93504 to 0x000000000df93a0c
Event: 248.193 Thread 0x000000005fd12000 Implicit null exception at 0x000000000e225052 to 0x000000000e225be0
Event: 248.530 Thread 0x000000005fd12000 Implicit null exception at 0x000000000e379c47 to 0x000000000e37d720
Event: 253.588 Thread 0x000000005fd12000 Exception <a 'sun/nio/fs/WindowsException'{0x000000008a63f398}> (0x000000008a63f398) thrown at [./src/hotspot/share/prims/jni.cpp, line 615]
Event: 254.225 Thread 0x000000005fd12000 Exception <a 'sun/nio/fs/WindowsException'{0x0000000089a887f0}> (0x0000000089a887f0) thrown at [./src/hotspot/share/prims/jni.cpp, line 615]
Event: 254.349 Thread 0x000000005fd12000 Exception <a 'sun/nio/fs/WindowsException'{0x0000000089925908}> (0x0000000089925908) thrown at [./src/hotspot/share/prims/jni.cpp, line 615]
Event: 254.350 Thread 0x000000005fd12000 Exception <a 'sun/nio/fs/WindowsException'{0x00000000899269d8}> (0x00000000899269d8) thrown at [./src/hotspot/share/prims/jni.cpp, line 615]
Event: 254.350 Thread 0x000000005fd12000 Exception <a 'sun/nio/fs/WindowsException'{0x0000000089927af8}> (0x0000000089927af8) thrown at [./src/hotspot/share/prims/jni.cpp, line 615]
Event: 254.350 Thread 0x000000005fd12000 Exception <a 'sun/nio/fs/WindowsException'{0x0000000089928c18}> (0x0000000089928c18) thrown at [./src/hotspot/share/prims/jni.cpp, line 615]
Event: 266.918 Thread 0x000000005fd12000 Exception <a 'java/lang/reflect/InvocationTargetException'{0x00000000896845a8}> (0x00000000896845a8) thrown at [./src/hotspot/share/runtime/reflection.cpp, line 1247]
Event: 303.206 Thread 0x000000005fd12000 Exception <a 'sun/nio/fs/WindowsException'{0x000000008a258c10}> (0x000000008a258c10) thrown at [./src/hotspot/share/prims/jni.cpp, line 615]
Event: 303.640 Thread 0x000000005fd12000 Exception <a 'sun/nio/fs/WindowsException'{0x0000000089871a98}> (0x0000000089871a98) thrown at [./src/hotspot/share/prims/jni.cpp, line 615]
Event: 303.704 Thread 0x000000005fd12000 Exception <a 'sun/nio/fs/WindowsException'{0x000000008970d890}> (0x000000008970d890) thrown at [./src/hotspot/share/prims/jni.cpp, line 615]
Event: 303.704 Thread 0x000000005fd12000 Exception <a 'sun/nio/fs/WindowsException'{0x000000008970e960}> (0x000000008970e960) thrown at [./src/hotspot/share/prims/jni.cpp, line 615]
Event: 303.704 Thread 0x000000005fd12000 Exception <a 'sun/nio/fs/WindowsException'{0x000000008970fa80}> (0x000000008970fa80) thrown at [./src/hotspot/share/prims/jni.cpp, line 615]
Event: 303.704 Thread 0x000000005fd12000 Exception <a 'sun/nio/fs/WindowsException'{0x0000000089710ba0}> (0x0000000089710ba0) thrown at [./src/hotspot/share/prims/jni.cpp, line 615]
Event: 307.687 Thread 0x000000005fd12000 Implicit null exception at 0x000000000e22967a to 0x000000000e229b36

Events (20 events):
Event: 313.485 Executing VM operation: RevokeBias done
Event: 313.485 Executing VM operation: RevokeBias
Event: 313.486 Executing VM operation: RevokeBias done
Event: 313.503 Executing VM operation: RevokeBias
Event: 313.503 Executing VM operation: RevokeBias done
Event: 313.509 Executing VM operation: RevokeBias
Event: 313.510 Executing VM operation: RevokeBias done
Event: 313.510 Executing VM operation: RevokeBias
Event: 313.510 Executing VM operation: RevokeBias done
Event: 313.511 Executing VM operation: RevokeBias
Event: 313.511 Executing VM operation: RevokeBias done
Event: 314.094 Executing VM operation: RevokeBias
Event: 314.094 Executing VM operation: RevokeBias done
Event: 314.408 Executing VM operation: G1CollectForAllocation
Event: 314.479 Executing VM operation: G1CollectForAllocation done
Event: 314.673 loading class org/gradle/internal/typeconversion/NotationConverterToNotationParserAdapter$1
Event: 314.673 loading class org/gradle/internal/typeconversion/NotationConverterToNotationParserAdapter$1 done
Event: 314.766 Executing VM operation: G1CollectForAllocation
Event: 314.818 Executing VM operation: G1CollectForAllocation done
Event: 315.060 Thread 0x0000000068146800 Thread added: 0x0000000068146800


Dynamic libraries:
0x000000013f8b0000 - 0x000000013f8ba000 	C:\Program Files\Android\Android Studio\jre\bin\java.exe
0x0000000077be0000 - 0x0000000077d89000 	C:\Windows\SYSTEM32\ntdll.dll
0x00000000779c0000 - 0x0000000077adf000 	C:\Windows\system32\kernel32.dll
0x000007fefdd20000 - 0x000007fefdd8b000 	C:\Windows\system32\KERNELBASE.dll
0x000007fef0db0000 - 0x000007fef0dc9000 	C:\Program Files\Android\Android Studio\jre\bin\jli.dll
0x000007fefa720000 - 0x000007fefa914000 	C:\Windows\WinSxS\amd64_microsoft.windows.common-controls_6595b64144ccf1df_6.0.7601.17514_none_fa396087175ac9ac\COMCTL32.dll
0x000007feff800000 - 0x000007feff89f000 	C:\Windows\system32\msvcrt.dll
0x000007fefe1f0000 - 0x000007fefe257000 	C:\Windows\system32\GDI32.dll
0x0000000077ae0000 - 0x0000000077bda000 	C:\Windows\system32\USER32.dll
0x000007feff7f0000 - 0x000007feff7fe000 	C:\Windows\system32\LPK.dll
0x000007feff720000 - 0x000007feff7e9000 	C:\Windows\system32\USP10.dll
0x000007fefdf30000 - 0x000007fefdfa1000 	C:\Windows\system32\SHLWAPI.dll
0x000007fef9db0000 - 0x000007fef9dc7000 	C:\Program Files\Android\Android Studio\jre\bin\VCRUNTIME140.dll
0x000007fef9aa0000 - 0x000007fef9aa4000 	C:\Windows\system32\api-ms-win-crt-runtime-l1-1-0.dll
0x000007fef98d0000 - 0x000007fef99c2000 	C:\Windows\system32\ucrtbase.DLL
0x000007fef99f0000 - 0x000007fef99f3000 	C:\Windows\system32\api-ms-win-core-timezone-l1-1-0.dll
0x000007fef99e0000 - 0x000007fef99e3000 	C:\Windows\system32\api-ms-win-core-file-l2-1-0.dll
0x000007fef99d0000 - 0x000007fef99d3000 	C:\Windows\system32\api-ms-win-core-localization-l1-2-0.dll
0x000007fef98c0000 - 0x000007fef98c3000 	C:\Windows\system32\api-ms-win-core-synch-l1-2-0.dll
0x000007fef98b0000 - 0x000007fef98b3000 	C:\Windows\system32\api-ms-win-core-processthreads-l1-1-1.dll
0x000007fef98a0000 - 0x000007fef98a3000 	C:\Windows\system32\api-ms-win-core-file-l1-2-0.dll
0x000007fef9890000 - 0x000007fef9894000 	C:\Windows\system32\api-ms-win-crt-string-l1-1-0.dll
0x000007fef9880000 - 0x000007fef9883000 	C:\Windows\system32\api-ms-win-crt-heap-l1-1-0.dll
0x000007fef9870000 - 0x000007fef9874000 	C:\Windows\system32\api-ms-win-crt-stdio-l1-1-0.dll
0x000007fef9860000 - 0x000007fef9864000 	C:\Windows\system32\api-ms-win-crt-convert-l1-1-0.dll
0x000007fef9800000 - 0x000007fef9803000 	C:\Windows\system32\api-ms-win-crt-environment-l1-1-0.dll
0x000007fef9810000 - 0x000007fef9813000 	C:\Windows\system32\api-ms-win-crt-filesystem-l1-1-0.dll
0x000007fef9840000 - 0x000007fef9845000 	C:\Windows\system32\api-ms-win-crt-math-l1-1-0.dll
0x000007fef9850000 - 0x000007fef9853000 	C:\Windows\system32\api-ms-win-crt-locale-l1-1-0.dll
0x000007fefdf00000 - 0x000007fefdf2e000 	C:\Windows\system32\IMM32.DLL
0x000007feffa50000 - 0x000007feffb59000 	C:\Windows\system32\MSCTF.dll
0x000007feea450000 - 0x000007feea4ed000 	C:\Program Files\Android\Android Studio\jre\bin\msvcp140.dll
0x000007fef9830000 - 0x000007fef9835000 	C:\Windows\system32\api-ms-win-crt-multibyte-l1-1-0.dll
0x000007fef9820000 - 0x000007fef9823000 	C:\Windows\system32\api-ms-win-crt-time-l1-1-0.dll
0x000007fef97f0000 - 0x000007fef97f3000 	C:\Windows\system32\api-ms-win-crt-utility-l1-1-0.dll
0x000007fee9270000 - 0x000007fee9d3f000 	C:\Program Files\Android\Android Studio\jre\bin\server\jvm.dll
0x000007fefe070000 - 0x000007fefe14b000 	C:\Windows\system32\ADVAPI32.dll
0x000007feff9e0000 - 0x000007feff9ff000 	C:\Windows\SYSTEM32\sechost.dll
0x000007feff8a0000 - 0x000007feff9cd000 	C:\Windows\system32\RPCRT4.dll
0x000007feed600000 - 0x000007feed609000 	C:\Windows\system32\WSOCK32.dll
0x000007feffa00000 - 0x000007feffa4d000 	C:\Windows\system32\WS2_32.dll
0x000007feff9d0000 - 0x000007feff9d8000 	C:\Windows\system32\NSI.dll
0x000007fefca80000 - 0x000007fefcabb000 	C:\Windows\system32\WINMM.dll
0x000007fefc9e0000 - 0x000007fefc9ec000 	C:\Windows\system32\VERSION.dll
0x0000000077db0000 - 0x0000000077db7000 	C:\Windows\system32\PSAPI.DLL
0x000007fef9dd0000 - 0x000007fef9de1000 	C:\Program Files\Android\Android Studio\jre\bin\verify.dll
0x000007fef6bd0000 - 0x000007fef6cf5000 	C:\Windows\system32\DBGHELP.DLL
0x000007feea7e0000 - 0x000007feea809000 	C:\Program Files\Android\Android Studio\jre\bin\java.dll
0x000007fef9d90000 - 0x000007fef9d9b000 	C:\Program Files\Android\Android Studio\jre\bin\jimage.dll
0x000007feea7c0000 - 0x000007feea7d8000 	C:\Program Files\Android\Android Studio\jre\bin\zip.dll
0x000007fefe470000 - 0x000007feff1f8000 	C:\Windows\system32\SHELL32.dll
0x000007fefe260000 - 0x000007fefe463000 	C:\Windows\system32\ole32.dll
0x000007fefdb30000 - 0x000007fefdb3f000 	C:\Windows\system32\profapi.dll
0x000007feea7a0000 - 0x000007feea7ba000 	C:\Program Files\Android\Android Studio\jre\bin\net.dll
0x000007fef7b40000 - 0x000007fef7bb1000 	C:\Windows\system32\WINHTTP.dll
0x000007fef7ad0000 - 0x000007fef7b34000 	C:\Windows\system32\webio.dll
0x000007fefd360000 - 0x000007fefd3b5000 	C:\Windows\system32\mswsock.dll
0x000007fefd350000 - 0x000007fefd357000 	C:\Windows\System32\wship6.dll
0x000007feea780000 - 0x000007feea794000 	C:\Program Files\Android\Android Studio\jre\bin\nio.dll
0x000007fef15d0000 - 0x000007fef15f7000 	C:\Users\Anu\.gradle\native\8bec1ad78214c89d9ad589b4d07fe93259594b29d510b10fafb7a158f7737e5d\windows-amd64\native-platform.dll
0x000007feeb970000 - 0x000007feebaad000 	C:\Users\Anu\.gradle\native\53dbd7edfb1c66fb8903c78663c9afc45aea4f116125fa6feffd364cf09443e8\windows-amd64\native-platform-file-events.dll
0x000007fef9da0000 - 0x000007fef9daa000 	C:\Program Files\Android\Android Studio\jre\bin\management.dll
0x000007feea770000 - 0x000007feea77c000 	C:\Program Files\Android\Android Studio\jre\bin\management_ext.dll
0x000007fefd3c0000 - 0x000007fefd3d7000 	C:\Windows\system32\CRYPTSP.dll
0x000007fefd0c0000 - 0x000007fefd107000 	C:\Windows\system32\rsaenh.dll
0x000007fefce80000 - 0x000007fefce9e000 	C:\Windows\system32\USERENV.dll
0x000007fefda60000 - 0x000007fefda6f000 	C:\Windows\system32\CRYPTBASE.dll
0x000007fefbe00000 - 0x000007fefbe27000 	C:\Windows\system32\IPHLPAPI.DLL
0x000007fefbdf0000 - 0x000007fefbdfb000 	C:\Windows\system32\WINNSI.DLL
0x000007fefbdd0000 - 0x000007fefbde8000 	C:\Windows\system32\dhcpcsvc.DLL
0x000007fefbdb0000 - 0x000007fefbdc1000 	C:\Windows\system32\dhcpcsvc6.DLL
0x000007fefda00000 - 0x000007fefda57000 	C:\Windows\system32\apphelp.dll
0x000007fef0d00000 - 0x000007fef0d1e000 	C:\Users\Anu\AppData\Local\Temp\native-platform7916155489539786809dir\native-platform.dll

dbghelp: loaded successfully - version: 4.0.5 - missing functions: none
symbol engine: initialized successfully - sym options: 0x614 - pdb path: .;C:\Program Files\Android\Android Studio\jre\bin;C:\Windows\SYSTEM32;C:\Windows\WinSxS\amd64_microsoft.windows.common-controls_6595b64144ccf1df_6.0.7601.17514_none_fa396087175ac9ac;C:\Program Files\Android\Android Studio\jre\bin\server;C:\Users\Anu\.gradle\native\8bec1ad78214c89d9ad589b4d07fe93259594b29d510b10fafb7a158f7737e5d\windows-amd64;C:\Users\Anu\.gradle\native\53dbd7edfb1c66fb8903c78663c9afc45aea4f116125fa6feffd364cf09443e8\windows-amd64;C:\Users\Anu\AppData\Local\Temp\native-platform7916155489539786809dir

VM Arguments:
jvm_args: --add-opens=java.base/java.util=ALL-UNNAMED --add-opens=java.base/java.lang=ALL-UNNAMED --add-opens=java.base/java.lang.invoke=ALL-UNNAMED --add-opens=java.base/java.util=ALL-UNNAMED --add-opens=java.prefs/java.util.prefs=ALL-UNNAMED --add-opens=java.prefs/java.util.prefs=ALL-UNNAMED --add-opens=java.base/java.nio.charset=ALL-UNNAMED --add-opens=java.base/java.net=ALL-UNNAMED --add-opens=java.base/java.util.concurrent.atomic=ALL-UNNAMED -Xmx2048m -Dfile.encoding=UTF-8 -Duser.country=US -Duser.language=en -Duser.variant 
java_command: org.gradle.launcher.daemon.bootstrap.GradleDaemon 7.0.2
java_class_path (initial): C:\Users\Anu\.gradle\wrapper\dists\gradle-7.0.2-bin\857tjihv64xamwrf0h14cai3r\gradle-7.0.2\lib\gradle-launcher-7.0.2.jar
Launcher Type: SUN_STANDARD

[Global flags]
     intx CICompilerCount                          = 2                                         {product} {ergonomic}
     uint ConcGCThreads                            = 1                                         {product} {ergonomic}
     uint G1ConcRefinementThreads                  = 2                                         {product} {ergonomic}
   size_t G1HeapRegionSize                         = 1048576                                   {product} {ergonomic}
    uintx GCDrainStackTargetSize                   = 64                                        {product} {ergonomic}
   size_t InitialHeapSize                          = 50331648                                  {product} {ergonomic}
   size_t MarkStackSize                            = 4194304                                   {product} {ergonomic}
   size_t MaxHeapSize                              = 2147483648                                {product} {command line}
   size_t MaxNewSize                               = 1287651328                                {product} {ergonomic}
   size_t MinHeapDeltaBytes                        = 1048576                                   {product} {ergonomic}
    uintx NonNMethodCodeHeapSize                   = 5825164                                {pd product} {ergonomic}
    uintx NonProfiledCodeHeapSize                  = 122916538                              {pd product} {ergonomic}
    uintx ProfiledCodeHeapSize                     = 122916538                              {pd product} {ergonomic}
    uintx ReservedCodeCacheSize                    = 251658240                              {pd product} {ergonomic}
     bool SegmentedCodeCache                       = true                                      {product} {ergonomic}
     bool UseCompressedClassPointers               = true                                 {lp64_product} {ergonomic}
     bool UseCompressedOops                        = true                                 {lp64_product} {ergonomic}
     bool UseG1GC                                  = true                                      {product} {ergonomic}
     bool UseLargePagesIndividualAllocation        = false                                  {pd product} {ergonomic}

Logging:
Log output configuration:
 #0: stdout all=warning uptime,level,tags
 #1: stderr all=off uptime,level,tags

Environment Variables:
JAVA_HOME=C:\Program Files\Android\Android Studio\jre
PATH=C:\Windows\system32;C:\Windows;C:\Windows\System32\Wbem;C:\Windows\System32\WindowsPowerShell\v1.0\;E:\Git\cmd
USERNAME=Anu
OS=Windows_NT
PROCESSOR_IDENTIFIER=Intel64 Family 6 Model 23 Stepping 10, GenuineIntel



---------------  S Y S T E M  ---------------

OS: Windows 7 , 64 bit Build 7601 (6.1.7601.17514)
OS uptime: 0 days 0:29 hours

CPU:total 2 (initial active 2) (2 cores per cpu, 1 threads per core) family 6 model 23 stepping 10 microcode 0x0, cmov, cx8, fxsr, mmx, sse, sse2, sse3, ssse3, sse4.1, tsc

Memory: 4k page, system-wide physical 3034M (108M free)
TotalPageFile size 3997M (AvailPageFile size 58M)
current process WorkingSet (physical memory assigned to process): 425M, peak: 427M
current process commit charge ("private bytes"): 482M, peak: 483M

vm_info: OpenJDK 64-Bit Server VM (11.0.10+0-b96-7249189) for windows-amd64 JRE (11.0.10+0-b96-7249189), built on Mar 31 2021 21:44:00 by "builder" with MS VC++ 14.0 (VS2015)

END.
