#
# There is insufficient memory for the Java Runtime Environment to continue.
# Native memory allocation (mmap) failed to map 14680064 bytes for Failed to commit area from 0x00000000d4e00000 to 0x00000000d5c00000 of length 14680064.
# Possible reasons:
#   The system is out of physical RAM or swap space
#   The process is running with CompressedOops enabled, and the Java Heap may be blocking the growth of the native heap
# Possible solutions:
#   Reduce memory load on the system
#   Increase physical memory or swap space
#   Check if swap backing store is full
#   Decrease Java heap size (-Xmx/-Xms)
#   Decrease number of Java threads
#   Decrease Java thread stack sizes (-Xss)
#   Set larger code cache with -XX:ReservedCodeCacheSize=
#   JVM is running with Unscaled Compressed Oops mode in which the Java heap is
#     placed in the first 4GB address space. The Java Heap base address is the
#     maximum limit for the native heap growth. Please use -XX:HeapBaseMinAddress
#     to set the Java Heap base and to place the Java Heap above 4GB virtual address.
# This output file may be truncated or incomplete.
#
#  Out of Memory Error (./src/hotspot/os/windows/os_windows.cpp:3301), pid=4300, tid=4500
#
# JRE version: OpenJDK Runtime Environment (11.0.10) (build 11.0.10+0-b96-7249189)
# Java VM: OpenJDK 64-Bit Server VM (11.0.10+0-b96-7249189, mixed mode, tiered, compressed oops, g1 gc, windows-amd64)
# No core dump will be written. Minidumps are not enabled by default on client versions of Windows
#

---------------  S U M M A R Y ------------

Command Line: org.jetbrains.kotlin.cli.jvm.K2JVMCompiler @F:\LetsChat\app\build\20211004_9042492341170652434.compiler.options

Host: Intel(R) Core(TM)2 Duo CPU     T6500  @ 2.10GHz, 2 cores, 2G,  Windows 7 , 64 bit Build 7601 (6.1.7601.17514)
Time: Mon Oct  4 03:54:47 2021 Malay Peninsula Standard Time elapsed time: 33.937603 seconds (0d 0h 0m 33s)

---------------  T H R E A D  ---------------

Current thread (0x0000000019b00800):  VMThread "VM Thread" [stack: 0x000000005a6d0000,0x000000005a7d0000] [id=4500]

Stack: [0x000000005a6d0000,0x000000005a7d0000]
[error occurred during error reporting (printing stack bounds), id 0xc0000005, EXCEPTION_ACCESS_VIOLATION (0xc0000005) at pc=0x00000000061a0f3d]

Native frames: (J=compiled Java code, j=interpreted, Vv=VM code, C=native code)
V  [jvm.dll+0x5ecfaa]
V  [jvm.dll+0x722bd5]
V  [jvm.dll+0x72412d]
V  [jvm.dll+0x724745]
V  [jvm.dll+0x7246fb]
V  [jvm.dll+0x5ec348]
V  [jvm.dll+0x5ecad8]
C  [ntdll.dll+0x29d0d]
C  [ntdll.dll+0x191af]
C  [ntdll.dll+0x51278]
C  0x00000000061a0f3d

VM_Operation (0x00000000024bbb90): G1CollectForAllocation, mode: safepoint, requested by thread 0x0000000000342000


---------------  P R O C E S S  ---------------

Threads class SMR info:
_java_thread_list=0x000000005b36fb20, length=10, elements={
0x0000000000342000, 0x0000000019b07800, 0x0000000019b08800, 0x000000005a547000,
0x000000005a54a000, 0x000000005a54f000, 0x000000005a553800, 0x000000005a555800,
0x000000005a563800, 0x000000005b3e3000
}

Java Threads: ( => current thread )
  0x0000000000342000 JavaThread "main" [_thread_blocked, id=1760, stack(0x00000000023c0000,0x00000000024c0000)]
  0x0000000019b07800 JavaThread "Reference Handler" daemon [_thread_blocked, id=2512, stack(0x000000005a800000,0x000000005a900000)]
  0x0000000019b08800 JavaThread "Finalizer" daemon [_thread_blocked, id=3940, stack(0x000000005aae0000,0x000000005abe0000)]
  0x000000005a547000 JavaThread "Signal Dispatcher" daemon [_thread_blocked, id=1348, stack(0x000000005a9e0000,0x000000005aae0000)]
  0x000000005a54a000 JavaThread "Attach Listener" daemon [_thread_blocked, id=2884, stack(0x000000005ada0000,0x000000005aea0000)]
  0x000000005a54f000 JavaThread "Service Thread" daemon [_thread_blocked, id=4372, stack(0x000000005af30000,0x000000005b030000)]
  0x000000005a553800 JavaThread "C2 CompilerThread0" daemon [_thread_in_native, id=1096, stack(0x000000005b050000,0x000000005b150000)]
  0x000000005a555800 JavaThread "C1 CompilerThread0" daemon [_thread_blocked, id=4276, stack(0x000000005ac90000,0x000000005ad90000)]
  0x000000005a563800 JavaThread "Sweeper thread" daemon [_thread_blocked, id=3828, stack(0x000000005b260000,0x000000005b360000)]
  0x000000005b3e3000 JavaThread "Common-Cleaner" daemon [_thread_blocked, id=4496, stack(0x000000005ba30000,0x000000005bb30000)]

Other Threads:
=>0x0000000019b00800 VMThread "VM Thread" [stack: 0x000000005a6d0000,0x000000005a7d0000] [id=4500]
  0x000000005b39c000 WatcherThread [stack: 0x000000005b770000,0x000000005b870000] [id=3768]
  0x000000000035c000 GCTaskThread "GC Thread#0" [stack: 0x0000000015460000,0x0000000015560000] [id=4220]
  0x000000005b43e800 GCTaskThread "GC Thread#1" [stack: 0x000000005b910000,0x000000005ba10000] [id=1572]
  0x0000000000371000 ConcurrentGCThread "G1 Main Marker" [stack: 0x0000000017410000,0x0000000017510000] [id=1428]
  0x0000000000372800 ConcurrentGCThread "G1 Conc#0" [stack: 0x00000000176a0000,0x00000000177a0000] [id=4584]
  0x00000000003be800 ConcurrentGCThread "G1 Refine#0" [stack: 0x0000000019910000,0x0000000019a10000] [id=3876]
  0x00000000003bf800 ConcurrentGCThread "G1 Young RemSet Sampling" [stack: 0x0000000019b70000,0x0000000019c70000] [id=1292]

Threads with active compile tasks:
C2 CompilerThread0  34063 5119       4       org.jetbrains.org.objectweb.asm.ClassReader::readMethod (1061 bytes)
C1 CompilerThread0  34064 5231       2       org.jetbrains.kotlin.load.java.typeEnhancement.JavaTypeEnhancement::buildEnhancementByFlexibleTypeBounds (58 bytes)

VM state:at safepoint (normal execution)

VM Mutex/Monitor currently owned by a thread:  ([mutex/lock_event])
[0x000000000033df10] Threads_lock - owner thread: 0x0000000019b00800
[0x000000000033e6f0] Heap_lock - owner thread: 0x0000000000342000

Heap address: 0x00000000d0800000, size: 760 MB, Compressed Oops mode: 32-bit
Narrow klass base: 0x0000000000000000, Narrow klass shift: 0
Compressed class space size: 1073741824 Address: 0x0000000019c70000

Heap:
 garbage-first heap   total 86016K, used 46608K [0x00000000d0800000, 0x0000000100000000)
  region size 1024K, 1 young (1024K), 1 survivors (1024K)
 Metaspace       used 54885K, capacity 55502K, committed 55804K, reserved 1097728K
  class space    used 6342K, capacity 6594K, committed 6652K, reserved 1048576K
Heap Regions: E=young(eden), S=young(survivor), O=old, HS=humongous(starts), HC=humongous(continues), CS=collection set, F=free, A=archive, TAMS=top-at-mark-start (previous, next)
|   0|0x00000000d0800000, 0x00000000d0900000, 0x00000000d0900000|100%|HS|  |TAMS 0x00000000d0900000, 0x00000000d0900000| Complete 
|   1|0x00000000d0900000, 0x00000000d0a00000, 0x00000000d0a00000|100%|HC|  |TAMS 0x00000000d0a00000, 0x00000000d0a00000| Complete 
|   2|0x00000000d0a00000, 0x00000000d0b00000, 0x00000000d0b00000|100%|HC|  |TAMS 0x00000000d0b00000, 0x00000000d0b00000| Complete 
|   3|0x00000000d0b00000, 0x00000000d0c00000, 0x00000000d0c00000|100%| O|  |TAMS 0x00000000d0c00000, 0x00000000d0c00000| Untracked 
|   4|0x00000000d0c00000, 0x00000000d0d00000, 0x00000000d0d00000|100%| O|  |TAMS 0x00000000d0d00000, 0x00000000d0d00000| Untracked 
|   5|0x00000000d0d00000, 0x00000000d0e00000, 0x00000000d0e00000|100%| O|  |TAMS 0x00000000d0e00000, 0x00000000d0e00000| Untracked 
|   6|0x00000000d0e00000, 0x00000000d0f00000, 0x00000000d0f00000|100%| O|  |TAMS 0x00000000d0f00000, 0x00000000d0f00000| Untracked 
|   7|0x00000000d0f00000, 0x00000000d1000000, 0x00000000d1000000|100%| O|  |TAMS 0x00000000d1000000, 0x00000000d1000000| Untracked 
|   8|0x00000000d1000000, 0x00000000d1100000, 0x00000000d1100000|100%| O|  |TAMS 0x00000000d1100000, 0x00000000d1100000| Untracked 
|   9|0x00000000d1100000, 0x00000000d1200000, 0x00000000d1200000|100%| O|  |TAMS 0x00000000d1200000, 0x00000000d1200000| Untracked 
|  10|0x00000000d1200000, 0x00000000d1300000, 0x00000000d1300000|100%|HS|  |TAMS 0x00000000d1300000, 0x00000000d1300000| Complete 
|  11|0x00000000d1300000, 0x00000000d1400000, 0x00000000d1400000|100%|HC|  |TAMS 0x00000000d1400000, 0x00000000d1400000| Complete 
|  12|0x00000000d1400000, 0x00000000d1500000, 0x00000000d1500000|100%|HC|  |TAMS 0x00000000d1500000, 0x00000000d1500000| Complete 
|  13|0x00000000d1500000, 0x00000000d1600000, 0x00000000d1600000|100%|HS|  |TAMS 0x00000000d1600000, 0x00000000d1600000| Complete 
|  14|0x00000000d1600000, 0x00000000d1700000, 0x00000000d1700000|100%|HC|  |TAMS 0x00000000d1700000, 0x00000000d1700000| Complete 
|  15|0x00000000d1700000, 0x00000000d1800000, 0x00000000d1800000|100%|HC|  |TAMS 0x00000000d1800000, 0x00000000d1800000| Complete 
|  16|0x00000000d1800000, 0x00000000d1900000, 0x00000000d1900000|100%| O|  |TAMS 0x00000000d1900000, 0x00000000d1900000| Untracked 
|  17|0x00000000d1900000, 0x00000000d1a00000, 0x00000000d1a00000|100%| O|  |TAMS 0x00000000d1a00000, 0x00000000d1a00000| Untracked 
|  18|0x00000000d1a00000, 0x00000000d1b00000, 0x00000000d1b00000|100%| O|  |TAMS 0x00000000d1b00000, 0x00000000d1b00000| Untracked 
|  19|0x00000000d1b00000, 0x00000000d1c00000, 0x00000000d1c00000|100%| O|  |TAMS 0x00000000d1c00000, 0x00000000d1c00000| Untracked 
|  20|0x00000000d1c00000, 0x00000000d1d00000, 0x00000000d1d00000|100%| O|  |TAMS 0x00000000d1d00000, 0x00000000d1d00000| Untracked 
|  21|0x00000000d1d00000, 0x00000000d1e00000, 0x00000000d1e00000|100%| O|  |TAMS 0x00000000d1e00000, 0x00000000d1e00000| Untracked 
|  22|0x00000000d1e00000, 0x00000000d1f00000, 0x00000000d1f00000|100%| O|  |TAMS 0x00000000d1f00000, 0x00000000d1f00000| Untracked 
|  23|0x00000000d1f00000, 0x00000000d2000000, 0x00000000d2000000|100%| O|  |TAMS 0x00000000d2000000, 0x00000000d2000000| Untracked 
|  24|0x00000000d2000000, 0x00000000d2100000, 0x00000000d2100000|100%| O|  |TAMS 0x00000000d2100000, 0x00000000d2100000| Untracked 
|  25|0x00000000d2100000, 0x00000000d2200000, 0x00000000d2200000|100%| O|  |TAMS 0x00000000d2200000, 0x00000000d2200000| Untracked 
|  26|0x00000000d2200000, 0x00000000d2300000, 0x00000000d2300000|100%| O|  |TAMS 0x00000000d2300000, 0x00000000d2300000| Untracked 
|  27|0x00000000d2300000, 0x00000000d2400000, 0x00000000d2400000|100%| O|  |TAMS 0x00000000d2400000, 0x00000000d2400000| Untracked 
|  28|0x00000000d2400000, 0x00000000d2500000, 0x00000000d2500000|100%| O|  |TAMS 0x00000000d2500000, 0x00000000d2500000| Untracked 
|  29|0x00000000d2500000, 0x00000000d2600000, 0x00000000d2600000|100%|HS|  |TAMS 0x00000000d2600000, 0x00000000d2600000| Complete 
|  30|0x00000000d2600000, 0x00000000d2700000, 0x00000000d2700000|100%|HC|  |TAMS 0x00000000d2700000, 0x00000000d2700000| Complete 
|  31|0x00000000d2700000, 0x00000000d2800000, 0x00000000d2800000|100%| O|  |TAMS 0x00000000d2800000, 0x00000000d2800000| Untracked 
|  32|0x00000000d2800000, 0x00000000d2900000, 0x00000000d2900000|100%| O|  |TAMS 0x00000000d2900000, 0x00000000d2900000| Untracked 
|  33|0x00000000d2900000, 0x00000000d2a00000, 0x00000000d2a00000|100%| O|  |TAMS 0x00000000d2a00000, 0x00000000d2a00000| Untracked 
|  34|0x00000000d2a00000, 0x00000000d2b00000, 0x00000000d2b00000|100%| O|  |TAMS 0x00000000d2b00000, 0x00000000d2b00000| Untracked 
|  35|0x00000000d2b00000, 0x00000000d2c00000, 0x00000000d2c00000|100%| O|  |TAMS 0x00000000d2c00000, 0x00000000d2c00000| Untracked 
|  36|0x00000000d2c00000, 0x00000000d2d00000, 0x00000000d2d00000|100%| O|  |TAMS 0x00000000d2d00000, 0x00000000d2d00000| Untracked 
|  37|0x00000000d2d00000, 0x00000000d2e00000, 0x00000000d2e00000|100%| O|  |TAMS 0x00000000d2e00000, 0x00000000d2e00000| Untracked 
|  38|0x00000000d2e00000, 0x00000000d2f00000, 0x00000000d2f00000|100%| O|  |TAMS 0x00000000d2f00000, 0x00000000d2f00000| Untracked 
|  39|0x00000000d2f00000, 0x00000000d3000000, 0x00000000d3000000|100%| O|  |TAMS 0x00000000d2f4f600, 0x00000000d3000000| Untracked 
|  40|0x00000000d3000000, 0x00000000d3100000, 0x00000000d3100000|100%| O|  |TAMS 0x00000000d3000000, 0x00000000d3100000| Untracked 
|  41|0x00000000d3100000, 0x00000000d3200000, 0x00000000d3200000|100%| O|  |TAMS 0x00000000d3100000, 0x00000000d3200000| Untracked 
|  42|0x00000000d3200000, 0x00000000d3300000, 0x00000000d3300000|100%| O|  |TAMS 0x00000000d3200000, 0x00000000d3300000| Untracked 
|  43|0x00000000d3300000, 0x00000000d3400000, 0x00000000d3400000|100%| O|  |TAMS 0x00000000d3300000, 0x00000000d3400000| Untracked 
|  44|0x00000000d3400000, 0x00000000d34c9800, 0x00000000d3500000| 78%| O|  |TAMS 0x00000000d3400000, 0x00000000d34c9800| Untracked 
|  45|0x00000000d3500000, 0x00000000d3500000, 0x00000000d3600000|  0%| F|  |TAMS 0x00000000d3500000, 0x00000000d3500000| Untracked 
|  46|0x00000000d3600000, 0x00000000d3600000, 0x00000000d3700000|  0%| F|  |TAMS 0x00000000d3600000, 0x00000000d3600000| Untracked 
|  47|0x00000000d3700000, 0x00000000d3700000, 0x00000000d3800000|  0%| F|  |TAMS 0x00000000d3700000, 0x00000000d3700000| Untracked 
|  48|0x00000000d3800000, 0x00000000d3800000, 0x00000000d3900000|  0%| F|  |TAMS 0x00000000d3800000, 0x00000000d3800000| Untracked 
|  49|0x00000000d3900000, 0x00000000d3900000, 0x00000000d3a00000|  0%| F|  |TAMS 0x00000000d3900000, 0x00000000d3900000| Untracked 
|  50|0x00000000d3a00000, 0x00000000d3a00000, 0x00000000d3b00000|  0%| F|  |TAMS 0x00000000d3a00000, 0x00000000d3a00000| Untracked 
|  51|0x00000000d3b00000, 0x00000000d3b00000, 0x00000000d3c00000|  0%| F|  |TAMS 0x00000000d3b00000, 0x00000000d3b00000| Untracked 
|  52|0x00000000d3c00000, 0x00000000d3c00000, 0x00000000d3d00000|  0%| F|  |TAMS 0x00000000d3c00000, 0x00000000d3c00000| Untracked 
|  53|0x00000000d3d00000, 0x00000000d3d00000, 0x00000000d3e00000|  0%| F|  |TAMS 0x00000000d3d00000, 0x00000000d3d00000| Untracked 
|  54|0x00000000d3e00000, 0x00000000d3e00000, 0x00000000d3f00000|  0%| F|  |TAMS 0x00000000d3e00000, 0x00000000d3e00000| Untracked 
|  55|0x00000000d3f00000, 0x00000000d3f00000, 0x00000000d4000000|  0%| F|  |TAMS 0x00000000d3f00000, 0x00000000d3f00000| Untracked 
|  56|0x00000000d4000000, 0x00000000d4000000, 0x00000000d4100000|  0%| F|  |TAMS 0x00000000d4000000, 0x00000000d4000000| Untracked 
|  57|0x00000000d4100000, 0x00000000d4100000, 0x00000000d4200000|  0%| F|  |TAMS 0x00000000d4100000, 0x00000000d4100000| Untracked 
|  58|0x00000000d4200000, 0x00000000d4200000, 0x00000000d4300000|  0%| F|  |TAMS 0x00000000d4200000, 0x00000000d4200000| Untracked 
|  59|0x00000000d4300000, 0x00000000d43baba0, 0x00000000d4400000| 72%| S|CS|TAMS 0x00000000d4300000, 0x00000000d4300000| Complete 
|  60|0x00000000d4400000, 0x00000000d4400000, 0x00000000d4500000|  0%| F|  |TAMS 0x00000000d4400000, 0x00000000d4400000| Untracked 
|  61|0x00000000d4500000, 0x00000000d4500000, 0x00000000d4600000|  0%| F|  |TAMS 0x00000000d4500000, 0x00000000d4500000| Untracked 
|  62|0x00000000d4600000, 0x00000000d4600000, 0x00000000d4700000|  0%| F|  |TAMS 0x00000000d4600000, 0x00000000d4600000| Untracked 
|  63|0x00000000d4700000, 0x00000000d4700000, 0x00000000d4800000|  0%| F|  |TAMS 0x00000000d4700000, 0x00000000d4700000| Untracked 
|  64|0x00000000d4800000, 0x00000000d4800000, 0x00000000d4900000|  0%| F|  |TAMS 0x00000000d4800000, 0x00000000d4800000| Untracked 
|  65|0x00000000d4900000, 0x00000000d4900000, 0x00000000d4a00000|  0%| F|  |TAMS 0x00000000d4900000, 0x00000000d4900000| Untracked 
|  66|0x00000000d4a00000, 0x00000000d4a00000, 0x00000000d4b00000|  0%| F|  |TAMS 0x00000000d4a00000, 0x00000000d4a00000| Untracked 
|  67|0x00000000d4b00000, 0x00000000d4b00000, 0x00000000d4c00000|  0%| F|  |TAMS 0x00000000d4b00000, 0x00000000d4b00000| Untracked 
|  68|0x00000000d4c00000, 0x00000000d4c00000, 0x00000000d4d00000|  0%| F|  |TAMS 0x00000000d4c00000, 0x00000000d4c00000| Untracked 
|  69|0x00000000d4d00000, 0x00000000d4d00000, 0x00000000d4e00000|  0%| F|  |TAMS 0x00000000d4d00000, 0x00000000d4d00000| Untracked 

Card table byte_map: [0x0000000015900000,0x0000000015a80000] _byte_map_base: 0x000000001527c000

Marking Bits (Prev, Next): (CMBitMap*) 0x000000000036d3e0, (CMBitMap*) 0x000000000036d3a8
 Prev Bits: [0x00000000167e0000, 0x00000000173c0000)
 Next Bits: [0x0000000015c00000, 0x00000000167e0000)

Polling page: 0x0000000000230000

Metaspace:

Usage:
  Non-class:     47.76 MB capacity,    47.41 MB (>99%) used,   282.26 KB ( <1%) free+waste,    82.63 KB ( <1%) overhead. 
      Class:      6.44 MB capacity,     6.19 MB ( 96%) used,   215.48 KB (  3%) free+waste,    36.50 KB ( <1%) overhead. 
       Both:     54.20 MB capacity,    53.60 MB ( 99%) used,   497.73 KB ( <1%) free+waste,   119.13 KB ( <1%) overhead. 

Virtual space:
  Non-class space:       48.00 MB reserved,      48.00 MB (100%) committed 
      Class space:        1.00 GB reserved,       6.50 MB ( <1%) committed 
             Both:        1.05 GB reserved,      54.50 MB (  5%) committed 

Chunk freelists:
   Non-Class:  52.00 KB
       Class:  30.00 KB
        Both:  82.00 KB

MaxMetaspaceSize: 17179869184.00 GB
CompressedClassSpaceSize: 1.00 GB

CodeHeap 'non-profiled nmethods': size=120064Kb used=2014Kb max_used=2014Kb free=118049Kb
 bounds [0x000000000dc60000, 0x000000000ded0000, 0x00000000151a0000]
CodeHeap 'profiled nmethods': size=120000Kb used=12533Kb max_used=12533Kb free=107466Kb
 bounds [0x0000000006730000, 0x0000000007370000, 0x000000000dc60000]
CodeHeap 'non-nmethods': size=5696Kb used=1188Kb max_used=1213Kb free=4507Kb
 bounds [0x00000000061a0000, 0x0000000006410000, 0x0000000006730000]
 total_blobs=5749 nmethods=5186 adapters=474
 compilation: enabled
              stopped_count=0, restarted_count=0
 full_count=0

Compilation events (20 events):
Event: 33.839 Thread 0x000000005a555800 nmethod 5214 0x0000000007366490 code [0x0000000007366680, 0x00000000073669d8]
Event: 33.839 Thread 0x000000005a555800 5221       2       org.jetbrains.kotlin.load.java.FieldOverridabilityCondition::getContract (4 bytes)
Event: 33.839 Thread 0x000000005a555800 nmethod 5221 0x0000000007366c10 code [0x0000000007366dc0, 0x0000000007366eb8]
Event: 33.839 Thread 0x000000005a555800 5222       2       org.jetbrains.kotlin.load.java.ErasedOverridabilityCondition::getContract (4 bytes)
Event: 33.839 Thread 0x000000005a555800 nmethod 5222 0x0000000007366f90 code [0x0000000007367140, 0x0000000007367238]
Event: 33.839 Thread 0x000000005a555800 5223       2       org.jetbrains.kotlin.types.checker.ClassicTypeCheckerContext::<init> (80 bytes)
Event: 33.840 Thread 0x000000005a555800 nmethod 5223 0x0000000007367310 code [0x00000000073674c0, 0x0000000007367668]
Event: 33.840 Thread 0x000000005a555800 5224       2       org.jetbrains.kotlin.descriptors.impl.FunctionDescriptorImpl::doSubstitute (848 bytes)
Event: 33.847 Thread 0x000000005a555800 nmethod 5224 0x0000000007367790 code [0x0000000007367c60, 0x00000000073693c8]
Event: 33.847 Thread 0x000000005a555800 5227       2       org.jetbrains.kotlin.resolve.jvm.kotlinSignature.SignaturePropagationUtilKt::containsVarargs (107 bytes)
Event: 33.849 Thread 0x000000005a555800 nmethod 5227 0x0000000007369f90 code [0x000000000736a200, 0x000000000736a798]
Event: 33.849 Thread 0x000000005a555800 5230       2       org.jetbrains.kotlin.types.DisjointKeysUnionTypeSubstitution$Companion::create (44 bytes)
Event: 33.850 Thread 0x000000005a555800 nmethod 5230 0x000000000736ab10 code [0x000000000736ad80, 0x000000000736b358]
Event: 33.850 Thread 0x000000005a555800 5225       2       org.jetbrains.kotlin.load.java.structure.impl.classFiles.BinaryJavaMethodBase::findAnnotation (9 bytes)
Event: 33.851 Thread 0x000000005a555800 nmethod 5225 0x000000000736b690 code [0x000000000736b8e0, 0x000000000736bd98]
Event: 33.851 Thread 0x000000005a555800 5226       2       org.jetbrains.kotlin.load.java.structure.impl.classFiles.BinaryJavaMethodBase::getAnnotationsByFqName (19 bytes)
Event: 33.852 Thread 0x000000005a555800 nmethod 5226 0x000000000736c090 code [0x000000000736c240, 0x000000000736c3a8]
Event: 33.852 Thread 0x000000005a555800 5229       2       org.jetbrains.kotlin.types.TypeWithEnhancementKt::inheritEnhancement (56 bytes)
Event: 33.853 Thread 0x000000005a555800 nmethod 5229 0x000000000736c490 code [0x000000000736c780, 0x000000000736d008]
Event: 33.854 Thread 0x000000005a555800 5231       2       org.jetbrains.kotlin.load.java.typeEnhancement.JavaTypeEnhancement::buildEnhancementByFlexibleTypeBounds (58 bytes)

GC Heap History (20 events):
Event: 23.894 GC heap after
{Heap after GC invocations=23 (full 0):
 garbage-first heap   total 49152K, used 28745K [0x00000000d0800000, 0x0000000100000000)
  region size 1024K, 2 young (2048K), 2 survivors (2048K)
 Metaspace       used 41598K, capacity 42121K, committed 42364K, reserved 1087488K
  class space    used 4912K, capacity 5101K, committed 5244K, reserved 1048576K
}
Event: 25.030 GC heap before
{Heap before GC invocations=24 (full 0):
 garbage-first heap   total 49152K, used 35913K [0x00000000d0800000, 0x0000000100000000)
  region size 1024K, 9 young (9216K), 2 survivors (2048K)
 Metaspace       used 43855K, capacity 44354K, committed 44540K, reserved 1089536K
  class space    used 5121K, capacity 5307K, committed 5372K, reserved 1048576K
}
Event: 25.044 GC heap after
{Heap after GC invocations=25 (full 0):
 garbage-first heap   total 49152K, used 29708K [0x00000000d0800000, 0x0000000100000000)
  region size 1024K, 2 young (2048K), 2 survivors (2048K)
 Metaspace       used 43855K, capacity 44354K, committed 44540K, reserved 1089536K
  class space    used 5121K, capacity 5307K, committed 5372K, reserved 1048576K
}
Event: 25.218 GC heap before
{Heap before GC invocations=25 (full 0):
 garbage-first heap   total 49152K, used 30732K [0x00000000d0800000, 0x0000000100000000)
  region size 1024K, 4 young (4096K), 2 survivors (2048K)
 Metaspace       used 44239K, capacity 44741K, committed 44924K, reserved 1089536K
  class space    used 5175K, capacity 5372K, committed 5500K, reserved 1048576K
}
Event: 25.228 GC heap after
{Heap after GC invocations=26 (full 0):
 garbage-first heap   total 59392K, used 29850K [0x00000000d0800000, 0x0000000100000000)
  region size 1024K, 1 young (1024K), 1 survivors (1024K)
 Metaspace       used 44239K, capacity 44741K, committed 44924K, reserved 1089536K
  class space    used 5175K, capacity 5372K, committed 5500K, reserved 1048576K
}
Event: 26.613 GC heap before
{Heap before GC invocations=27 (full 0):
 garbage-first heap   total 59392K, used 43162K [0x00000000d0800000, 0x0000000100000000)
  region size 1024K, 12 young (12288K), 1 survivors (1024K)
 Metaspace       used 46015K, capacity 46563K, committed 46844K, reserved 1091584K
  class space    used 5370K, capacity 5574K, committed 5628K, reserved 1048576K
}
Event: 26.631 GC heap after
{Heap after GC invocations=28 (full 0):
 garbage-first heap   total 59392K, used 33695K [0x00000000d0800000, 0x0000000100000000)
  region size 1024K, 2 young (2048K), 2 survivors (2048K)
 Metaspace       used 46015K, capacity 46563K, committed 46844K, reserved 1091584K
  class space    used 5370K, capacity 5574K, committed 5628K, reserved 1048576K
}
Event: 27.771 GC heap before
{Heap before GC invocations=28 (full 0):
 garbage-first heap   total 59392K, used 43935K [0x00000000d0800000, 0x0000000100000000)
  region size 1024K, 12 young (12288K), 2 survivors (2048K)
 Metaspace       used 48813K, capacity 49429K, committed 49532K, reserved 1093632K
  class space    used 5702K, capacity 5955K, committed 6012K, reserved 1048576K
}
Event: 27.794 GC heap after
{Heap after GC invocations=29 (full 0):
 garbage-first heap   total 59392K, used 34762K [0x00000000d0800000, 0x0000000100000000)
  region size 1024K, 2 young (2048K), 2 survivors (2048K)
 Metaspace       used 48813K, capacity 49429K, committed 49532K, reserved 1093632K
  class space    used 5702K, capacity 5955K, committed 6012K, reserved 1048576K
}
Event: 29.687 GC heap before
{Heap before GC invocations=30 (full 0):
 garbage-first heap   total 59392K, used 43978K [0x00000000d0800000, 0x0000000100000000)
  region size 1024K, 12 young (12288K), 2 survivors (2048K)
 Metaspace       used 49820K, capacity 50504K, committed 50684K, reserved 1093632K
  class space    used 5795K, capacity 6057K, committed 6140K, reserved 1048576K
}
Event: 29.704 GC heap after
{Heap after GC invocations=31 (full 0):
 garbage-first heap   total 59392K, used 36693K [0x00000000d0800000, 0x0000000100000000)
  region size 1024K, 2 young (2048K), 2 survivors (2048K)
 Metaspace       used 49820K, capacity 50504K, committed 50684K, reserved 1093632K
  class space    used 5795K, capacity 6057K, committed 6140K, reserved 1048576K
}
Event: 30.626 GC heap before
{Heap before GC invocations=31 (full 0):
 garbage-first heap   total 59392K, used 45909K [0x00000000d0800000, 0x0000000100000000)
  region size 1024K, 11 young (11264K), 2 survivors (2048K)
 Metaspace       used 51529K, capacity 52151K, committed 52476K, reserved 1095680K
  class space    used 6022K, capacity 6266K, committed 6396K, reserved 1048576K
}
Event: 30.647 GC heap after
{Heap after GC invocations=32 (full 0):
 garbage-first heap   total 71680K, used 38584K [0x00000000d0800000, 0x0000000100000000)
  region size 1024K, 2 young (2048K), 2 survivors (2048K)
 Metaspace       used 51529K, capacity 52151K, committed 52476K, reserved 1095680K
  class space    used 6022K, capacity 6266K, committed 6396K, reserved 1048576K
}
Event: 31.899 GC heap before
{Heap before GC invocations=33 (full 0):
 garbage-first heap   total 71680K, used 51896K [0x00000000d0800000, 0x0000000100000000)
  region size 1024K, 15 young (15360K), 2 survivors (2048K)
 Metaspace       used 53976K, capacity 54606K, committed 54780K, reserved 1097728K
  class space    used 6324K, capacity 6594K, committed 6652K, reserved 1048576K
}
Event: 31.919 GC heap after
{Heap after GC invocations=34 (full 0):
 garbage-first heap   total 71680K, used 40187K [0x00000000d0800000, 0x0000000100000000)
  region size 1024K, 2 young (2048K), 2 survivors (2048K)
 Metaspace       used 53976K, capacity 54606K, committed 54780K, reserved 1097728K
  class space    used 6324K, capacity 6594K, committed 6652K, reserved 1048576K
}
Event: 33.156 GC heap before
{Heap before GC invocations=34 (full 0):
 garbage-first heap   total 71680K, used 47355K [0x00000000d0800000, 0x0000000100000000)
  region size 1024K, 10 young (10240K), 2 survivors (2048K)
 Metaspace       used 54770K, capacity 55374K, committed 55548K, reserved 1097728K
  class space    used 6339K, capacity 6594K, committed 6652K, reserved 1048576K
}
Event: 33.183 GC heap after
{Heap after GC invocations=35 (full 0):
 garbage-first heap   total 71680K, used 41720K [0x00000000d0800000, 0x0000000100000000)
  region size 1024K, 2 young (2048K), 2 survivors (2048K)
 Metaspace       used 54770K, capacity 55374K, committed 55548K, reserved 1097728K
  class space    used 6339K, capacity 6594K, committed 6652K, reserved 1048576K
}
Event: 33.621 GC heap before
{Heap before GC invocations=36 (full 0):
 garbage-first heap   total 71680K, used 54008K [0x00000000d0800000, 0x0000000100000000)
  region size 1024K, 14 young (14336K), 2 survivors (2048K)
 Metaspace       used 54827K, capacity 55438K, committed 55548K, reserved 1097728K
  class space    used 6339K, capacity 6594K, committed 6652K, reserved 1048576K
}
Event: 33.667 GC heap after
{Heap after GC invocations=37 (full 0):
 garbage-first heap   total 71680K, used 45492K [0x00000000d0800000, 0x0000000100000000)
  region size 1024K, 2 young (2048K), 2 survivors (2048K)
 Metaspace       used 54827K, capacity 55438K, committed 55548K, reserved 1097728K
  class space    used 6339K, capacity 6594K, committed 6652K, reserved 1048576K
}
Event: 33.871 GC heap before
{Heap before GC invocations=37 (full 0):
 garbage-first heap   total 71680K, used 55732K [0x00000000d0800000, 0x0000000100000000)
  region size 1024K, 12 young (12288K), 2 survivors (2048K)
 Metaspace       used 54885K, capacity 55502K, committed 55804K, reserved 1097728K
  class space    used 6342K, capacity 6594K, committed 6652K, reserved 1048576K
}

Deoptimization events (20 events):
Event: 29.475 Thread 0x0000000000342000 DEOPT PACKING pc=0x0000000006e145ff sp=0x00000000024bca60
Event: 29.475 Thread 0x0000000000342000 DEOPT UNPACKING pc=0x00000000061c673f sp=0x00000000024bbeb0 mode 0
Event: 29.734 Thread 0x0000000000342000 DEOPT PACKING pc=0x0000000006e145ff sp=0x00000000024bb0f0
Event: 29.734 Thread 0x0000000000342000 DEOPT UNPACKING pc=0x00000000061c673f sp=0x00000000024ba540 mode 0
Event: 30.784 Thread 0x0000000000342000 Uncommon trap: trap_request=0xffffff4d fr.pc=0x000000000ddfbb84 relative=0x00000000000001c4
Event: 30.784 Thread 0x0000000000342000 Uncommon trap: reason=unstable_if action=reinterpret pc=0x000000000ddfbb84 method=org.jetbrains.kotlin.name.Name.hashCode()I @ 16 c2
Event: 30.784 Thread 0x0000000000342000 DEOPT PACKING pc=0x000000000ddfbb84 sp=0x00000000024bd2d0
Event: 30.784 Thread 0x0000000000342000 DEOPT UNPACKING pc=0x00000000061c6929 sp=0x00000000024bd268 mode 2
Event: 31.134 Thread 0x0000000000342000 Uncommon trap: trap_request=0xfffffff4 fr.pc=0x000000000de06370 relative=0x00000000000008b0
Event: 31.134 Thread 0x0000000000342000 Uncommon trap: reason=null_check action=make_not_entrant pc=0x000000000de06370 method=org.jetbrains.kotlin.storage.LockBasedStorageManager$LockBasedLazyValue.invoke()Ljava/lang/Object; @ 6 c2
Event: 31.134 Thread 0x0000000000342000 DEOPT PACKING pc=0x000000000de06370 sp=0x00000000024bd6b0
Event: 31.134 Thread 0x0000000000342000 DEOPT UNPACKING pc=0x00000000061c6929 sp=0x00000000024bd670 mode 2
Event: 31.134 Thread 0x0000000000342000 Uncommon trap: trap_request=0xfffffff4 fr.pc=0x000000000de04e68 relative=0x0000000000000048
Event: 31.134 Thread 0x0000000000342000 Uncommon trap: reason=null_check action=make_not_entrant pc=0x000000000de04e68 method=org.jetbrains.kotlin.utils.WrappedValues.unescapeThrowable(Ljava/lang/Object;)Ljava/lang/Object; @ 1 c2
Event: 31.134 Thread 0x0000000000342000 DEOPT PACKING pc=0x000000000de04e68 sp=0x00000000024bd670
Event: 31.134 Thread 0x0000000000342000 DEOPT UNPACKING pc=0x00000000061c6929 sp=0x00000000024bd5f8 mode 2
Event: 31.742 Thread 0x0000000000342000 DEOPT PACKING pc=0x0000000006e145ff sp=0x00000000024bc150
Event: 31.742 Thread 0x0000000000342000 DEOPT UNPACKING pc=0x00000000061c673f sp=0x00000000024bb5a0 mode 0
Event: 33.074 Thread 0x0000000000342000 DEOPT PACKING pc=0x0000000006e145ff sp=0x00000000024bbcd0
Event: 33.074 Thread 0x0000000000342000 DEOPT UNPACKING pc=0x00000000061c673f sp=0x00000000024bb120 mode 0

Classes redefined (0 events):
No events

Internal exceptions (20 events):
Event: 13.421 Thread 0x0000000000342000 Exception <a 'java/lang/NoSuchMethodError'{0x00000000d2ae7aa8}: 'java.lang.Object java.lang.invoke.DirectMethodHandle$Holder.invokeStatic(java.lang.Object, java.lang.Object, java.lang.Object, java.lang.Object, int)'> (0x00000000d2ae7aa8) thrown at [./src/hotspot/share/interpreter/linkResolver.cpp, line 773]
Event: 13.550 Thread 0x0000000000342000 Implicit null exception at 0x000000000dce7aac to 0x000000000dce7bce
Event: 13.667 Thread 0x0000000000342000 Exception <a 'java/lang/NoSuchMethodError'{0x00000000d3776630}: 'void java.lang.invoke.DirectMethodHandle$Holder.invokeStatic(java.lang.Object, java.lang.Object, java.lang.Object, java.lang.Object)'> (0x00000000d3776630) thrown at [./src/hotspot/share/interpreter/linkResolver.cpp, line 773]
Event: 13.860 Thread 0x0000000000342000 Exception <a 'java/lang/NoSuchMethodError'{0x00000000d36c5dc8}: 'void java.lang.invoke.DirectMethodHandle$Holder.invokeSpecial(java.lang.Object, java.lang.Object)'> (0x00000000d36c5dc8) thrown at [./src/hotspot/share/interpreter/linkResolver.cpp, line 773]
Event: 14.014 Thread 0x0000000000342000 Exception <a 'java/lang/NoSuchMethodError'{0x00000000d336f3c8}: 'void java.lang.invoke.DirectMethodHandle$Holder.invokeStaticInit(java.lang.Object, java.lang.Object)'> (0x00000000d336f3c8) thrown at [./src/hotspot/share/interpreter/linkResolver.cpp, line 773]
Event: 14.040 Thread 0x0000000000342000 Exception <a 'java/lang/NoSuchMethodError'{0x00000000d33ada00}: 'void java.lang.invoke.DirectMethodHandle$Holder.invokeInterface(java.lang.Object, java.lang.Object)'> (0x00000000d33ada00) thrown at [./src/hotspot/share/interpreter/linkResolver.cpp, line 773]
Event: 14.668 Thread 0x0000000000342000 Exception <a 'java/lang/NoSuchMethodError'{0x00000000d2e93258}: 'void java.lang.invoke.DirectMethodHandle$Holder.invokeVirtual(java.lang.Object, java.lang.Object)'> (0x00000000d2e93258) thrown at [./src/hotspot/share/interpreter/linkResolver.cpp, line 773]
Event: 14.733 Thread 0x0000000000342000 Exception <a 'java/lang/NoSuchMethodError'{0x00000000d2d0e388}: 'int java.lang.invoke.DirectMethodHandle$Holder.invokeVirtual(java.lang.Object, java.lang.Object)'> (0x00000000d2d0e388) thrown at [./src/hotspot/share/interpreter/linkResolver.cpp, line 773]
Event: 20.539 Thread 0x0000000000342000 Exception <a 'java/lang/NoSuchMethodError'{0x00000000d2f75e90}: 'java.lang.Object java.lang.invoke.DirectMethodHandle$Holder.invokeVirtual(java.lang.Object, java.lang.Object, java.lang.Object)'> (0x00000000d2f75e90) thrown at [./src/hotspot/share/interpreter/linkResolver.cpp, line 773]
Event: 24.380 Thread 0x0000000000342000 Exception <a 'java/lang/NoSuchMethodError'{0x00000000d34af790}: 'java.lang.Object java.lang.invoke.Invokers$Holder.linkToTargetMethod(java.lang.Object, int, java.lang.Object)'> (0x00000000d34af790) thrown at [./src/hotspot/share/interpreter/linkResolver.cpp, line 773]
Event: 26.964 Thread 0x0000000000342000 Exception <a 'java/lang/NoSuchMethodError'{0x00000000d3e4af80}: 'java.lang.Object java.lang.invoke.DirectMethodHandle$Holder.invokeStatic(java.lang.Object, java.lang.Object, java.lang.Object, int)'> (0x00000000d3e4af80) thrown at [./src/hotspot/share/interpreter/linkResolver.cpp, line 773]
Event: 26.965 Thread 0x0000000000342000 Exception <a 'java/lang/NoSuchMethodError'{0x00000000d3e4ebf0}: 'java.lang.Object java.lang.invoke.DirectMethodHandle$Holder.invokeSpecial(java.lang.Object, java.lang.Object, java.lang.Object, java.lang.Object, int)'> (0x00000000d3e4ebf0) thrown at [./src/hotspot/share/interpreter/linkResolver.cpp, line 773]
Event: 26.967 Thread 0x0000000000342000 Exception <a 'java/lang/NoSuchMethodError'{0x00000000d3e51f00}: 'java.lang.Object java.lang.invoke.Invokers$Holder.linkToTargetMethod(java.lang.Object, java.lang.Object, int, java.lang.Object)'> (0x00000000d3e51f00) thrown at [./src/hotspot/share/interpreter/linkResolver.cpp, line 773]
Event: 28.190 Thread 0x0000000000342000 Exception <a 'java/lang/NoSuchMethodError'{0x00000000d408adc8}: 'java.lang.Object java.lang.invoke.DirectMethodHandle$Holder.invokeSpecial(java.lang.Object, java.lang.Object, java.lang.Object, java.lang.Object, java.lang.Object, java.lang.Object, java.lang.Object, java.lang.Object, java.lang.Object)'> (0x00000000d408adc8) thrown at [./src/hotspot/share/interpreter/linkResolver.cpp, line 773]
Event: 28.191 Thread 0x0000000000342000 Exception <a 'java/lang/NoSuchMethodError'{0x00000000d408efc0}: 'java.lang.Object java.lang.invoke.Invokers$Holder.linkToTargetMethod(java.lang.Object, java.lang.Object, java.lang.Object, java.lang.Object, java.lang.Object, java.lang.Object, java.lang.Object, java.lang.Object)'> (0x00000000d408efc0) thrown at [./src/hotspot/share/interpreter/linkResolver.cpp, line 773]
Event: 30.507 Thread 0x0000000000342000 Exception <a 'java/lang/NoSuchMethodError'{0x00000000d391d040}: 'java.lang.Object java.lang.invoke.DirectMethodHandle$Holder.invokeSpecial(java.lang.Object, java.lang.Object, java.lang.Object, java.lang.Object, java.lang.Object, int)'> (0x00000000d391d040) thrown at [./src/hotspot/share/interpreter/linkResolver.cpp, line 773]
Event: 30.508 Thread 0x0000000000342000 Exception <a 'java/lang/NoSuchMethodError'{0x00000000d3920be0}: 'java.lang.Object java.lang.invoke.Invokers$Holder.linkToTargetMethod(java.lang.Object, java.lang.Object, java.lang.Object, int, java.lang.Object)'> (0x00000000d3920be0) thrown at [./src/hotspot/share/interpreter/linkResolver.cpp, line 773]
Event: 31.134 Thread 0x0000000000342000 Implicit null exception at 0x000000000de05ae5 to 0x000000000de06360
Event: 31.134 Thread 0x0000000000342000 Implicit null exception at 0x000000000de04e2f to 0x000000000de04e5c
Event: 31.701 Thread 0x0000000000342000 Exception <a 'java/lang/NoSuchMethodError'{0x00000000d43fe928}: 'java.lang.Object java.lang.invoke.DirectMethodHandle$Holder.invokeStaticInit(java.lang.Object, java.lang.Object, java.lang.Object)'> (0x00000000d43fe928) thrown at [./src/hotspot/share/interpreter/linkResolver.cpp, line 773]

Events (20 events):
Event: 32.955 loading class org/jetbrains/kotlin/types/checker/NewCapturedTypeConstructor$_supertypes$2 done
Event: 32.956 loading class org/jetbrains/kotlin/types/checker/NewCapturedTypeConstructor$initializeSupertypes$2
Event: 32.956 loading class org/jetbrains/kotlin/types/checker/NewCapturedTypeConstructor$initializeSupertypes$2 done
Event: 33.156 Executing VM operation: G1CollectForAllocation
Event: 33.183 Executing VM operation: G1CollectForAllocation done
Event: 33.360 Executing VM operation: CGC_Operation
Event: 33.388 Executing VM operation: CGC_Operation done
Event: 33.462 Executing VM operation: CGC_Operation
Event: 33.462 Executing VM operation: CGC_Operation done
Event: 33.621 Executing VM operation: G1CollectForAllocation
Event: 33.667 Executing VM operation: G1CollectForAllocation done
Event: 33.770 loading class org/jetbrains/kotlin/load/java/structure/JavaTypesKt
Event: 33.770 loading class org/jetbrains/kotlin/load/java/structure/JavaTypesKt done
Event: 33.812 loading class org/jetbrains/kotlin/types/checker/ClassicTypeCheckerContext$Companion$classicSubstitutionSupertypePolicy$2
Event: 33.812 loading class org/jetbrains/kotlin/types/checker/ClassicTypeCheckerContext$Companion$classicSubstitutionSupertypePolicy$2 done
Event: 33.813 loading class org/jetbrains/kotlin/types/AbstractTypeCheckerContext$SupertypesPolicy$DoCustomTransform
Event: 33.813 loading class org/jetbrains/kotlin/types/AbstractTypeCheckerContext$SupertypesPolicy$DoCustomTransform done
Event: 33.813 loading class org/jetbrains/kotlin/types/AbstractTypeCheckerContext$SupertypesPolicy$None
Event: 33.813 loading class org/jetbrains/kotlin/types/AbstractTypeCheckerContext$SupertypesPolicy$None done
Event: 33.862 Executing VM operation: G1CollectForAllocation


Dynamic libraries:
0x000000013f550000 - 0x000000013f55a000 	C:\Program Files\Android\Android Studio\jre\bin\java.exe
0x0000000077ab0000 - 0x0000000077c59000 	C:\Windows\SYSTEM32\ntdll.dll
0x0000000077990000 - 0x0000000077aaf000 	C:\Windows\system32\kernel32.dll
0x000007fefdd60000 - 0x000007fefddcb000 	C:\Windows\system32\KERNELBASE.dll
0x000007fef55a0000 - 0x000007fef55b9000 	C:\Program Files\Android\Android Studio\jre\bin\jli.dll
0x000007fefa910000 - 0x000007fefab04000 	C:\Windows\WinSxS\amd64_microsoft.windows.common-controls_6595b64144ccf1df_6.0.7601.17514_none_fa396087175ac9ac\COMCTL32.dll
0x000007fefe620000 - 0x000007fefe6bf000 	C:\Windows\system32\msvcrt.dll
0x000007fefe6f0000 - 0x000007fefe757000 	C:\Windows\system32\GDI32.dll
0x0000000077890000 - 0x000000007798a000 	C:\Windows\system32\USER32.dll
0x000007feff560000 - 0x000007feff56e000 	C:\Windows\system32\LPK.dll
0x000007fefe550000 - 0x000007fefe619000 	C:\Windows\system32\USP10.dll
0x000007feff570000 - 0x000007feff5e1000 	C:\Windows\system32\SHLWAPI.dll
0x000007fef52c0000 - 0x000007fef52d7000 	C:\Program Files\Android\Android Studio\jre\bin\VCRUNTIME140.dll
0x000007fefa8d0000 - 0x000007fefa8d4000 	C:\Windows\system32\api-ms-win-crt-runtime-l1-1-0.dll
0x000007fefa540000 - 0x000007fefa632000 	C:\Windows\system32\ucrtbase.DLL
0x000007fefa8c0000 - 0x000007fefa8c3000 	C:\Windows\system32\api-ms-win-core-timezone-l1-1-0.dll
0x000007fefa8b0000 - 0x000007fefa8b3000 	C:\Windows\system32\api-ms-win-core-file-l2-1-0.dll
0x000007fefa790000 - 0x000007fefa793000 	C:\Windows\system32\api-ms-win-core-localization-l1-2-0.dll
0x000007fefa780000 - 0x000007fefa783000 	C:\Windows\system32\api-ms-win-core-synch-l1-2-0.dll
0x000007fefa770000 - 0x000007fefa773000 	C:\Windows\system32\api-ms-win-core-processthreads-l1-1-1.dll
0x000007fefa530000 - 0x000007fefa533000 	C:\Windows\system32\api-ms-win-core-file-l1-2-0.dll
0x000007fefa520000 - 0x000007fefa524000 	C:\Windows\system32\api-ms-win-crt-string-l1-1-0.dll
0x000007fefa510000 - 0x000007fefa513000 	C:\Windows\system32\api-ms-win-crt-heap-l1-1-0.dll
0x000007fefa500000 - 0x000007fefa504000 	C:\Windows\system32\api-ms-win-crt-stdio-l1-1-0.dll
0x000007fefa4f0000 - 0x000007fefa4f4000 	C:\Windows\system32\api-ms-win-crt-convert-l1-1-0.dll
0x000007fefa430000 - 0x000007fefa433000 	C:\Windows\system32\api-ms-win-crt-environment-l1-1-0.dll
0x000007fefa440000 - 0x000007fefa443000 	C:\Windows\system32\api-ms-win-crt-filesystem-l1-1-0.dll
0x000007fefa4d0000 - 0x000007fefa4d5000 	C:\Windows\system32\api-ms-win-crt-math-l1-1-0.dll
0x000007fefa4e0000 - 0x000007fefa4e3000 	C:\Windows\system32\api-ms-win-crt-locale-l1-1-0.dll
0x000007fefe100000 - 0x000007fefe12e000 	C:\Windows\system32\IMM32.DLL
0x000007fefdf10000 - 0x000007fefe019000 	C:\Windows\system32\MSCTF.dll
0x000007fef0520000 - 0x000007fef05bd000 	C:\Program Files\Android\Android Studio\jre\bin\msvcp140.dll
0x000007fefa460000 - 0x000007fefa465000 	C:\Windows\system32\api-ms-win-crt-multibyte-l1-1-0.dll
0x000007fefa450000 - 0x000007fefa453000 	C:\Windows\system32\api-ms-win-crt-time-l1-1-0.dll
0x000007fefa200000 - 0x000007fefa203000 	C:\Windows\system32\api-ms-win-crt-utility-l1-1-0.dll
0x000007fee9b20000 - 0x000007feea5ef000 	C:\Program Files\Android\Android Studio\jre\bin\server\jvm.dll
0x000007fefe020000 - 0x000007fefe0fb000 	C:\Windows\system32\ADVAPI32.dll
0x000007fefe760000 - 0x000007fefe77f000 	C:\Windows\SYSTEM32\sechost.dll
0x000007feff8d0000 - 0x000007feff9fd000 	C:\Windows\system32\RPCRT4.dll
0x000007feeeb70000 - 0x000007feeeb79000 	C:\Windows\system32\WSOCK32.dll
0x000007feff510000 - 0x000007feff55d000 	C:\Windows\system32\WS2_32.dll
0x000007fefe6c0000 - 0x000007fefe6c8000 	C:\Windows\system32\NSI.dll
0x000007fefc950000 - 0x000007fefc98b000 	C:\Windows\system32\WINMM.dll
0x000007fefc8b0000 - 0x000007fefc8bc000 	C:\Windows\system32\VERSION.dll
0x0000000077c70000 - 0x0000000077c77000 	C:\Windows\system32\PSAPI.DLL
0x000007fef5620000 - 0x000007fef5631000 	C:\Program Files\Android\Android Studio\jre\bin\verify.dll
0x000007fef5f80000 - 0x000007fef60a5000 	C:\Windows\system32\DBGHELP.DLL
0x000007fef4f60000 - 0x000007fef4f89000 	C:\Program Files\Android\Android Studio\jre\bin\java.dll
0x000007fef52b0000 - 0x000007fef52bb000 	C:\Program Files\Android\Android Studio\jre\bin\jimage.dll
0x000007fef50a0000 - 0x000007fef50b8000 	C:\Program Files\Android\Android Studio\jre\bin\zip.dll
0x000007fefe780000 - 0x000007feff508000 	C:\Windows\system32\SHELL32.dll
0x000007fefe130000 - 0x000007fefe333000 	C:\Windows\system32\ole32.dll
0x000007fefda00000 - 0x000007fefda0f000 	C:\Windows\system32\profapi.dll
0x000007fef4f40000 - 0x000007fef4f5a000 	C:\Program Files\Android\Android Studio\jre\bin\net.dll
0x000007fef8120000 - 0x000007fef8191000 	C:\Windows\system32\WINHTTP.dll
0x000007fef80b0000 - 0x000007fef8114000 	C:\Windows\system32\webio.dll
0x000007fefd230000 - 0x000007fefd285000 	C:\Windows\system32\mswsock.dll
0x000007fefd220000 - 0x000007fefd227000 	C:\Windows\System32\wship6.dll
0x000007fef0770000 - 0x000007fef0784000 	C:\Program Files\Android\Android Studio\jre\bin\nio.dll

dbghelp: loaded successfully - version: 4.0.5 - missing functions: none
symbol engine: initialized successfully - sym options: 0x614 - pdb path: .;C:\Program Files\Android\Android Studio\jre\bin;C:\Windows\SYSTEM32;C:\Windows\WinSxS\amd64_microsoft.windows.common-controls_6595b64144ccf1df_6.0.7601.17514_none_fa396087175ac9ac;C:\Program Files\Android\Android Studio\jre\bin\server

VM Arguments:
java_command: org.jetbrains.kotlin.cli.jvm.K2JVMCompiler @F:\LetsChat\app\build\20211004_9042492341170652434.compiler.options
java_class_path (initial): C:\Users\Anu\.gradle\caches\modules-2\files-2.1\org.jetbrains.kotlin\kotlin-compiler-embeddable\1.5.30\3362a354066df1578a057c200da23cf2a1d8144f\kotlin-compiler-embeddable-1.5.30.jar;C:\Users\Anu\.gradle\caches\modules-2\files-2.1\org.jetbrains.kotlin\kotlin-reflect\1.5.30\6773e974437dd6432aa646cc2f8ab71de42b5773\kotlin-reflect-1.5.30.jar;C:\Users\Anu\.gradle\caches\modules-2\files-2.1\org.jetbrains.kotlin\kotlin-stdlib\1.5.30\d68efdea04955974ac1020f8f66ef8176bfbce1f\kotlin-stdlib-1.5.30.jar;C:\Users\Anu\.gradle\caches\modules-2\files-2.1\org.jetbrains.kotlin\kotlin-script-runtime\1.5.30\10697ab20bfd2f1b23baa91306950c36c4e89a8d\kotlin-script-runtime-1.5.30.jar;C:\Users\Anu\.gradle\caches\modules-2\files-2.1\org.jetbrains.kotlin\kotlin-daemon-embeddable\1.5.30\e355dc9011e559a475608265607948109e113ae0\kotlin-daemon-embeddable-1.5.30.jar;C:\Users\Anu\.gradle\caches\modules-2\files-2.1\org.jetbrains.intellij.deps\trove4j\1.0.20181211\216c2e14b070f334479d800987affe4054cd563f\trove4j-1.0.20181211.jar;C:\Users\Anu\.gradle\caches\modules-2\files-2.1\org.jetbrains\annotations\13.0\919f0dfe192fb4e063e7dacadee7f8bb9a2672a9\annotations-13.0.jar;C:\Users\Anu\.gradle\caches\modules-2\files-2.1\org.jetbrains.kotlin\kotlin-stdlib-common\1.5.30\649ffab7767038323fec0cc41e2d7b0a8f65a378\kotlin-stdlib-common-1.5.30.jar
Launcher Type: SUN_STANDARD

[Global flags]
     intx CICompilerCount                          = 2                                         {product} {ergonomic}
     uint ConcGCThreads                            = 1                                         {product} {ergonomic}
     uint G1ConcRefinementThreads                  = 2                                         {product} {ergonomic}
   size_t G1HeapRegionSize                         = 1048576                                   {product} {ergonomic}
    uintx GCDrainStackTargetSize                   = 64                                        {product} {ergonomic}
   size_t InitialHeapSize                          = 50331648                                  {product} {ergonomic}
   size_t MarkStackSize                            = 4194304                                   {product} {ergonomic}
   size_t MaxHeapSize                              = 796917760                                 {product} {ergonomic}
   size_t MaxNewSize                               = 478150656                                 {product} {ergonomic}
   size_t MinHeapDeltaBytes                        = 1048576                                   {product} {ergonomic}
    uintx NonNMethodCodeHeapSize                   = 5825164                                {pd product} {ergonomic}
    uintx NonProfiledCodeHeapSize                  = 122916538                              {pd product} {ergonomic}
    uintx ProfiledCodeHeapSize                     = 122916538                              {pd product} {ergonomic}
    uintx ReservedCodeCacheSize                    = 251658240                              {pd product} {ergonomic}
     bool SegmentedCodeCache                       = true                                      {product} {ergonomic}
     bool UseCompressedClassPointers               = true                                 {lp64_product} {ergonomic}
     bool UseCompressedOops                        = true                                 {lp64_product} {ergonomic}
     bool UseG1GC                                  = true                                      {product} {ergonomic}
     bool UseLargePagesIndividualAllocation        = false                                  {pd product} {ergonomic}

Logging:
Log output configuration:
 #0: stdout all=warning uptime,level,tags
 #1: stderr all=off uptime,level,tags

Environment Variables:
JAVA_HOME=C:\Program Files\Android\Android Studio\jre
PATH=C:\Windows\system32;C:\Windows;C:\Windows\System32\Wbem;C:\Windows\System32\WindowsPowerShell\v1.0\;E:\Git\cmd
USERNAME=Anu
OS=Windows_NT
PROCESSOR_IDENTIFIER=Intel64 Family 6 Model 23 Stepping 10, GenuineIntel



---------------  S Y S T E M  ---------------

OS: Windows 7 , 64 bit Build 7601 (6.1.7601.17514)
OS uptime: 0 days 6:00 hours

CPU:total 2 (initial active 2) (2 cores per cpu, 1 threads per core) family 6 model 23 stepping 10 microcode 0x0, cmov, cx8, fxsr, mmx, sse, sse2, sse3, ssse3, sse4.1, tsc

Memory: 4k page, system-wide physical 3034M (30M free)
TotalPageFile size 4573M (AvailPageFile size 11M)
current process WorkingSet (physical memory assigned to process): 214M, peak: 215M
current process commit charge ("private bytes"): 243M, peak: 254M

vm_info: OpenJDK 64-Bit Server VM (11.0.10+0-b96-7249189) for windows-amd64 JRE (11.0.10+0-b96-7249189), built on Mar 31 2021 21:44:00 by "builder" with MS VC++ 14.0 (VS2015)

END.
