#
# There is insufficient memory for the Java Runtime Environment to continue.
# Native memory allocation (malloc) failed to allocate 32744 bytes for ChunkPool::allocate
# Possible reasons:
#   The system is out of physical RAM or swap space
#   The process is running with CompressedOops enabled, and the Java Heap may be blocking the growth of the native heap
# Possible solutions:
#   Reduce memory load on the system
#   Increase physical memory or swap space
#   Check if swap backing store is full
#   Decrease Java heap size (-Xmx/-Xms)
#   Decrease number of Java threads
#   Decrease Java thread stack sizes (-Xss)
#   Set larger code cache with -XX:ReservedCodeCacheSize=
#   JVM is running with Unscaled Compressed Oops mode in which the Java heap is
#     placed in the first 4GB address space. The Java Heap base address is the
#     maximum limit for the native heap growth. Please use -XX:HeapBaseMinAddress
#     to set the Java Heap base and to place the Java Heap above 4GB virtual address.
# This output file may be truncated or incomplete.
#
#  Out of Memory Error (./src/hotspot/share/memory/arena.cpp:81), pid=1164, tid=2408
#
# JRE version: OpenJDK Runtime Environment (11.0.10) (build 11.0.10+0-b96-7249189)
# Java VM: OpenJDK 64-Bit Server VM (11.0.10+0-b96-7249189, mixed mode, tiered, compressed oops, g1 gc, windows-amd64)
# No core dump will be written. Minidumps are not enabled by default on client versions of Windows
#

---------------  S U M M A R Y ------------

Command Line: --add-opens=java.base/java.util=ALL-UNNAMED --add-opens=java.base/java.lang=ALL-UNNAMED --add-opens=java.base/java.lang.invoke=ALL-UNNAMED --add-opens=java.base/java.util=ALL-UNNAMED --add-opens=java.prefs/java.util.prefs=ALL-UNNAMED --add-opens=java.prefs/java.util.prefs=ALL-UNNAMED --add-opens=java.base/java.nio.charset=ALL-UNNAMED --add-opens=java.base/java.net=ALL-UNNAMED --add-opens=java.base/java.util.concurrent.atomic=ALL-UNNAMED -Xmx2048m -Dfile.encoding=UTF-8 -Duser.country=US -Duser.language=en -Duser.variant org.gradle.launcher.daemon.bootstrap.GradleDaemon 7.0.2

Host: Intel(R) Core(TM)2 Duo CPU     T6500  @ 2.10GHz, 2 cores, 2G,  Windows 7 , 64 bit Build 7601 (6.1.7601.17514)
Time: Mon Oct  4 05:23:25 2021 Malay Peninsula Standard Time elapsed time: 3903.928796 seconds (0d 1h 5m 3s)

---------------  T H R E A D  ---------------

Current thread (0x000000005d5bf800):  JavaThread "C2 CompilerThread0" daemon [_thread_in_native, id=2408, stack(0x000000005df90000,0x000000005e090000)]


Current CompileTask:
C2:3903928 21859       4       jdk.internal.org.objectweb.asm.Frame::execute (2264 bytes)

Stack: [0x000000005df90000,0x000000005e090000]
Native frames: (J=compiled Java code, j=interpreted, Vv=VM code, C=native code)
V  [jvm.dll+0x5ecfaa]
V  [jvm.dll+0x722bd5]
V  [jvm.dll+0x72412d]
V  [jvm.dll+0x7247e3]
V  [jvm.dll+0x242928]
V  [jvm.dll+0xbc75b]
V  [jvm.dll+0xbca0c]
V  [jvm.dll+0x5cb066]
V  [jvm.dll+0x5ca95e]
V  [jvm.dll+0x35047a]
V  [jvm.dll+0x34fef7]
V  [jvm.dll+0x2cee29]
V  [jvm.dll+0x5b4bc1]
V  [jvm.dll+0x104b7c]
V  [jvm.dll+0x331719]
V  [jvm.dll+0x60e1fc]
V  [jvm.dll+0x60d3e7]
V  [jvm.dll+0x6084f6]
V  [jvm.dll+0x601fea]
V  [jvm.dll+0x601653]
V  [jvm.dll+0x5ff6a2]
V  [jvm.dll+0x185d3c]
V  [jvm.dll+0x2b40b3]
V  [jvm.dll+0x60a0f9]
V  [jvm.dll+0x601fea]
V  [jvm.dll+0x601653]
V  [jvm.dll+0x5ff6a2]
V  [jvm.dll+0x185d3c]
V  [jvm.dll+0x1fa515]
V  [jvm.dll+0x18354c]
V  [jvm.dll+0x208ee7]
V  [jvm.dll+0x207731]
V  [jvm.dll+0x6eb1cf]
V  [jvm.dll+0x6e3d45]
V  [jvm.dll+0x5ebe96]
C  [ucrtbase.DLL+0x682dd]
C  [kernel32.dll+0x1652d]
C  [ntdll.dll+0x2c521]


---------------  P R O C E S S  ---------------

Threads class SMR info:
_java_thread_list=0x000000006d05e390, length=48, elements={
0x00000000003c2800, 0x000000005d5a0000, 0x000000005d5aa000, 0x000000005d5b8000,
0x000000005d5bb800, 0x000000005d5bc800, 0x000000005d5bf800, 0x000000005d5c1800,
0x000000005d630800, 0x000000005e4b6800, 0x000000005e754000, 0x000000005f4e5800,
0x0000000060004000, 0x000000005f2ca000, 0x000000005f2ca800, 0x000000005f2cb800,
0x000000005f2cd000, 0x000000005f2ce000, 0x0000000060916000, 0x0000000060917800,
0x0000000060918800, 0x0000000060919000, 0x00000000604fd000, 0x0000000067e6c800,
0x0000000067e6f000, 0x0000000067e6e000, 0x0000000067e6b800, 0x0000000067e6f800,
0x0000000067e70800, 0x00000000604fb800, 0x00000000604fc000, 0x0000000060501000,
0x00000000604fa800, 0x00000000604ff800, 0x0000000060500000, 0x000000005f2c9000,
0x000000005f2ce800, 0x000000005f2cc000, 0x000000005f2cf800, 0x000000006091b800,
0x0000000060915000, 0x0000000067e71000, 0x000000005ff32800, 0x000000005ff33000,
0x000000005ff34000, 0x000000005ff35000, 0x000000005ff35800, 0x000000005ff36800
}

Java Threads: ( => current thread )
  0x00000000003c2800 JavaThread "main" [_thread_blocked, id=4240, stack(0x00000000020d0000,0x00000000021d0000)]
  0x000000005d5a0000 JavaThread "Reference Handler" daemon [_thread_blocked, id=4940, stack(0x000000005d840000,0x000000005d940000)]
  0x000000005d5aa000 JavaThread "Finalizer" daemon [_thread_blocked, id=5056, stack(0x000000001c920000,0x000000001ca20000)]
  0x000000005d5b8000 JavaThread "Signal Dispatcher" daemon [_thread_blocked, id=4380, stack(0x000000005db10000,0x000000005dc10000)]
  0x000000005d5bb800 JavaThread "Attach Listener" daemon [_thread_blocked, id=4160, stack(0x000000005dc30000,0x000000005dd30000)]
  0x000000005d5bc800 JavaThread "Service Thread" daemon [_thread_blocked, id=4352, stack(0x000000005dda0000,0x000000005dea0000)]
=>0x000000005d5bf800 JavaThread "C2 CompilerThread0" daemon [_thread_in_native, id=2408, stack(0x000000005df90000,0x000000005e090000)]
  0x000000005d5c1800 JavaThread "C1 CompilerThread0" daemon [_thread_blocked, id=2704, stack(0x000000005e160000,0x000000005e260000)]
  0x000000005d630800 JavaThread "Sweeper thread" daemon [_thread_blocked, id=3620, stack(0x000000005e370000,0x000000005e470000)]
  0x000000005e4b6800 JavaThread "Common-Cleaner" daemon [_thread_blocked, id=4808, stack(0x000000005e8f0000,0x000000005e9f0000)]
  0x000000005e754000 JavaThread "Daemon health stats" [_thread_blocked, id=5012, stack(0x00000000619f0000,0x0000000061af0000)]
  0x000000005f4e5800 JavaThread "Incoming local TCP Connector on port 51405" [_thread_in_native, id=460, stack(0x0000000061f90000,0x0000000062090000)]
  0x0000000060004000 JavaThread "Daemon periodic checks" [_thread_blocked, id=4132, stack(0x00000000621b0000,0x00000000622b0000)]
  0x000000005f2ca000 JavaThread "Cache worker for file hash cache (C:\Users\Anu\.gradle\caches\7.0.2\fileHashes)" [_thread_blocked, id=1368, stack(0x0000000062e00000,0x0000000062f00000)]
  0x000000005f2ca800 JavaThread "File lock request listener" [_thread_in_native, id=4684, stack(0x0000000062f20000,0x0000000063020000)]
  0x000000005f2cb800 JavaThread "Cache worker for journal cache (C:\Users\Anu\.gradle\caches\journal-1)" [_thread_blocked, id=1608, stack(0x00000000632d0000,0x00000000633d0000)]
  0x000000005f2cd000 JavaThread "File watcher server" daemon [_thread_in_native, id=4784, stack(0x0000000063650000,0x0000000063750000)]
  0x000000005f2ce000 JavaThread "File watcher consumer" daemon [_thread_blocked, id=3316, stack(0x0000000064950000,0x0000000064a50000)]
  0x0000000060916000 JavaThread "Cache worker for execution history cache (C:\Users\Anu\.gradle\caches\7.0.2\executionHistory)" [_thread_blocked, id=4748, stack(0x0000000065310000,0x0000000065410000)]
  0x0000000060917800 JavaThread "jar transforms" [_thread_blocked, id=4680, stack(0x0000000064ec0000,0x0000000064fc0000)]
  0x0000000060918800 JavaThread "jar transforms Thread 2" [_thread_blocked, id=2476, stack(0x0000000065e80000,0x0000000065f80000)]
  0x0000000060919000 JavaThread "Cache worker for file content cache (C:\Users\Anu\.gradle\caches\7.0.2\fileContent)" [_thread_blocked, id=4252, stack(0x00000000662d0000,0x00000000663d0000)]
  0x00000000604fd000 JavaThread "Memory manager" [_thread_blocked, id=4764, stack(0x0000000066d30000,0x0000000066e30000)]
  0x0000000067e6c800 JavaThread "ForkJoinPool.commonPool-worker-3" daemon [_thread_blocked, id=1272, stack(0x000000006b630000,0x000000006b730000)]
  0x0000000067e6f000 JavaThread "Daemon Thread 2" [_thread_blocked, id=3460, stack(0x0000000062520000,0x0000000062620000)]
  0x0000000067e6e000 JavaThread "Handler for socket connection from /127.0.0.1:51405 to /127.0.0.1:51753" [_thread_in_native, id=3536, stack(0x00000000626b0000,0x00000000627b0000)]
  0x0000000067e6b800 JavaThread "Cancel handler" [_thread_blocked, id=4268, stack(0x0000000062840000,0x0000000062940000)]
  0x0000000067e6f800 JavaThread "Daemon worker Thread 2" [_thread_in_native, id=5076, stack(0x0000000062970000,0x0000000062a70000)]
  0x0000000067e70800 JavaThread "Asynchronous log dispatcher for DefaultDaemonConnection: socket connection from /127.0.0.1:51405 to /127.0.0.1:51753" [_thread_blocked, id=4060, stack(0x000000005eb90000,0x000000005ec90000)]
  0x00000000604fb800 JavaThread "Daemon client event forwarder" [_thread_blocked, id=3592, stack(0x0000000064cb0000,0x0000000064db0000)]
  0x00000000604fc000 JavaThread "Cache worker for file hash cache (F:\LetsChat\.gradle\7.0.2\fileHashes)" [_thread_blocked, id=3640, stack(0x0000000064ff0000,0x00000000650f0000)]
  0x0000000060501000 JavaThread "Cache worker for checksums cache (F:\LetsChat\.gradle\checksums)" [_thread_blocked, id=2936, stack(0x0000000065c60000,0x0000000065d60000)]
  0x00000000604fa800 JavaThread "Cache worker for cache directory md-supplier (C:\Users\Anu\.gradle\caches\7.0.2\md-supplier)" [_thread_blocked, id=1540, stack(0x00000000661b0000,0x00000000662b0000)]
  0x00000000604ff800 JavaThread "Cache worker for cache directory md-rule (C:\Users\Anu\.gradle\caches\7.0.2\md-rule)" [_thread_blocked, id=2412, stack(0x0000000066e80000,0x0000000066f80000)]
  0x0000000060500000 JavaThread "Cache worker for dependencies-accessors (F:\LetsChat\.gradle\7.0.2\dependencies-accessors)" [_thread_blocked, id=744, stack(0x00000000669e0000,0x0000000066ae0000)]
  0x000000005f2c9000 JavaThread "Cache worker for Build Output Cleanup Cache (F:\LetsChat\.gradle\buildOutputCleanup)" [_thread_blocked, id=4708, stack(0x000000006b510000,0x000000006b610000)]
  0x000000005f2ce800 JavaThread "Build operations" [_thread_blocked, id=2016, stack(0x00000000620b0000,0x00000000621b0000)]
  0x000000005f2cc000 JavaThread "Build operations Thread 2" [_thread_blocked, id=2232, stack(0x000000006ae10000,0x000000006af10000)]
  0x000000005f2cf800 JavaThread "build event listener" [_thread_blocked, id=2188, stack(0x0000000065d60000,0x0000000065e60000)]
  0x000000006091b800 JavaThread "Execution worker for ':'" [_thread_blocked, id=1068, stack(0x000000005e260000,0x000000005e360000)]
  0x0000000060915000 JavaThread "Cache worker for execution history cache (F:\LetsChat\.gradle\7.0.2\executionHistory)" [_thread_blocked, id=220, stack(0x000000006dd80000,0x000000006de80000)]
  0x0000000067e71000 JavaThread "WorkerExecutor Queue" [_thread_blocked, id=1264, stack(0x000000006d8f0000,0x000000006d9f0000)]
  0x000000005ff32800 JavaThread "RMI Scheduler(0)" daemon [_thread_blocked, id=4344, stack(0x00000000706e0000,0x00000000707e0000)]
  0x000000005ff33000 JavaThread "RMI RenewClean-[127.0.0.1:17523,org.jetbrains.kotlin.daemon.common.LoopbackNetworkInterface$ClientLoopbackSocketFactory@70f66e29]" daemon [_thread_blocked, id=2080, stack(0x00000000708d0000,0x00000000709d0000)]
  0x000000005ff34000 JavaThread "RMI GC Daemon" daemon [_thread_blocked, id=2828, stack(0x00000000705e0000,0x00000000706e0000)]
  0x000000005ff35000 JavaThread "RMI TCP Accept-0" daemon [_thread_in_native, id=3948, stack(0x0000000070b80000,0x0000000070c80000)]
  0x000000005ff35800 JavaThread "RMI Reaper" [_thread_blocked, id=712, stack(0x00000000709f0000,0x0000000070af0000)]
  0x000000005ff36800 JavaThread "RMI TCP Connection(idle)" daemon [_thread_blocked, id=2092, stack(0x00000000712d0000,0x00000000713d0000)]

Other Threads:
  0x000000005d59c800 VMThread "VM Thread" [stack: 0x000000005d730000,0x000000005d830000] [id=4456]
  0x000000005e523800 WatcherThread [stack: 0x000000005d940000,0x000000005da40000] [id=4652]
  0x00000000003da800 GCTaskThread "GC Thread#0" [stack: 0x0000000015560000,0x0000000015660000] [id=2512]
  0x000000005e58a000 GCTaskThread "GC Thread#1" [stack: 0x000000005ecd0000,0x000000005edd0000] [id=404]
  0x000000000040b000 ConcurrentGCThread "G1 Main Marker" [stack: 0x000000001a480000,0x000000001a580000] [id=2604]
  0x000000000040c000 ConcurrentGCThread "G1 Conc#0" [stack: 0x000000001a680000,0x000000001a780000] [id=3500]
  0x000000000045b800 ConcurrentGCThread "G1 Refine#0" [stack: 0x000000001ca70000,0x000000001cb70000] [id=3616]
  0x000000000045c800 ConcurrentGCThread "G1 Young RemSet Sampling" [stack: 0x000000001cbd0000,0x000000001ccd0000] [id=4580]

Threads with active compile tasks:
C2 CompilerThread03904152 21859       4       jdk.internal.org.objectweb.asm.Frame::execute (2264 bytes)

VM state:not at safepoint (normal execution)

VM Mutex/Monitor currently owned by a thread: None

Heap address: 0x0000000080000000, size: 2048 MB, Compressed Oops mode: 32-bit
Narrow klass base: 0x0000000000000000, Narrow klass shift: 0
Compressed class space size: 1073741824 Address: 0x000000001ccd0000

Heap:
 garbage-first heap   total 308224K, used 125428K [0x0000000080000000, 0x0000000100000000)
  region size 1024K, 9 young (9216K), 4 survivors (4096K)
 Metaspace       used 140323K, capacity 144212K, committed 144384K, reserved 1175552K
  class space    used 17606K, capacity 19100K, committed 19200K, reserved 1048576K
Heap Regions: E=young(eden), S=young(survivor), O=old, HS=humongous(starts), HC=humongous(continues), CS=collection set, F=free, A=archive, TAMS=top-at-mark-start (previous, next)
|   0|0x0000000080000000, 0x0000000080100000, 0x0000000080100000|100%| O|  |TAMS 0x0000000080100000, 0x0000000080000000| Untracked 
|   1|0x0000000080100000, 0x0000000080200000, 0x0000000080200000|100%| O|  |TAMS 0x0000000080200000, 0x0000000080100000| Untracked 
|   2|0x0000000080200000, 0x0000000080300000, 0x0000000080300000|100%| O|  |TAMS 0x0000000080300000, 0x0000000080200000| Untracked 
|   3|0x0000000080300000, 0x0000000080400000, 0x0000000080400000|100%| O|  |TAMS 0x0000000080400000, 0x0000000080300000| Untracked 
|   4|0x0000000080400000, 0x0000000080500000, 0x0000000080500000|100%|HS|  |TAMS 0x0000000080500000, 0x0000000080400000| Complete 
|   5|0x0000000080500000, 0x0000000080600000, 0x0000000080600000|100%|HC|  |TAMS 0x0000000080600000, 0x0000000080500000| Complete 
|   6|0x0000000080600000, 0x0000000080700000, 0x0000000080700000|100%|HC|  |TAMS 0x0000000080700000, 0x0000000080600000| Complete 
|   7|0x0000000080700000, 0x0000000080800000, 0x0000000080800000|100%| O|  |TAMS 0x0000000080800000, 0x0000000080700000| Untracked 
|   8|0x0000000080800000, 0x0000000080900000, 0x0000000080900000|100%| O|  |TAMS 0x0000000080900000, 0x0000000080800000| Complete 
|   9|0x0000000080900000, 0x0000000080a00000, 0x0000000080a00000|100%| O|  |TAMS 0x0000000080a00000, 0x0000000080900000| Untracked 
|  10|0x0000000080a00000, 0x0000000080b00000, 0x0000000080b00000|100%| O|  |TAMS 0x0000000080b00000, 0x0000000080a00000| Untracked 
|  11|0x0000000080b00000, 0x0000000080c00000, 0x0000000080c00000|100%| O|  |TAMS 0x0000000080c00000, 0x0000000080b00000| Untracked 
|  12|0x0000000080c00000, 0x0000000080d00000, 0x0000000080d00000|100%| O|  |TAMS 0x0000000080d00000, 0x0000000080c00000| Untracked 
|  13|0x0000000080d00000, 0x0000000080e00000, 0x0000000080e00000|100%| O|  |TAMS 0x0000000080e00000, 0x0000000080d00000| Untracked 
|  14|0x0000000080e00000, 0x0000000080f00000, 0x0000000080f00000|100%| O|  |TAMS 0x0000000080f00000, 0x0000000080e00000| Complete 
|  15|0x0000000080f00000, 0x0000000081000000, 0x0000000081000000|100%| O|  |TAMS 0x0000000081000000, 0x0000000080f00000| Complete 
|  16|0x0000000081000000, 0x0000000081100000, 0x0000000081100000|100%| O|  |TAMS 0x0000000081100000, 0x0000000081000000| Complete 
|  17|0x0000000081100000, 0x0000000081200000, 0x0000000081200000|100%| O|  |TAMS 0x0000000081200000, 0x0000000081100000| Complete 
|  18|0x0000000081200000, 0x0000000081300000, 0x0000000081300000|100%| O|  |TAMS 0x0000000081300000, 0x0000000081200000| Complete 
|  19|0x0000000081300000, 0x0000000081400000, 0x0000000081400000|100%| O|  |TAMS 0x0000000081400000, 0x0000000081300000| Complete 
|  20|0x0000000081400000, 0x0000000081500000, 0x0000000081500000|100%| O|  |TAMS 0x0000000081500000, 0x0000000081400000| Complete 
|  21|0x0000000081500000, 0x0000000081600000, 0x0000000081600000|100%| O|  |TAMS 0x0000000081600000, 0x0000000081500000| Complete 
|  22|0x0000000081600000, 0x0000000081700000, 0x0000000081700000|100%| O|  |TAMS 0x0000000081700000, 0x0000000081600000| Untracked 
|  23|0x0000000081700000, 0x0000000081800000, 0x0000000081800000|100%| O|  |TAMS 0x0000000081800000, 0x0000000081700000| Untracked 
|  24|0x0000000081800000, 0x0000000081900000, 0x0000000081900000|100%| O|  |TAMS 0x0000000081900000, 0x0000000081800000| Complete 
|  25|0x0000000081900000, 0x0000000081a00000, 0x0000000081a00000|100%| O|  |TAMS 0x0000000081a00000, 0x0000000081900000| Untracked 
|  26|0x0000000081a00000, 0x0000000081b00000, 0x0000000081b00000|100%| O|  |TAMS 0x0000000081b00000, 0x0000000081a00000| Untracked 
|  27|0x0000000081b00000, 0x0000000081c00000, 0x0000000081c00000|100%| O|  |TAMS 0x0000000081c00000, 0x0000000081b00000| Complete 
|  28|0x0000000081c00000, 0x0000000081d00000, 0x0000000081d00000|100%| O|  |TAMS 0x0000000081d00000, 0x0000000081c00000| Untracked 
|  29|0x0000000081d00000, 0x0000000081e00000, 0x0000000081e00000|100%|HS|  |TAMS 0x0000000081e00000, 0x0000000081d00000| Complete 
|  30|0x0000000081e00000, 0x0000000081f00000, 0x0000000081f00000|100%|HS|  |TAMS 0x0000000081f00000, 0x0000000081e00000| Complete 
|  31|0x0000000081f00000, 0x0000000082000000, 0x0000000082000000|100%| O|  |TAMS 0x0000000082000000, 0x0000000081f00000| Complete 
|  32|0x0000000082000000, 0x0000000082100000, 0x0000000082100000|100%| O|  |TAMS 0x0000000082100000, 0x0000000082000000| Untracked 
|  33|0x0000000082100000, 0x0000000082200000, 0x0000000082200000|100%| O|  |TAMS 0x0000000082200000, 0x0000000082100000| Complete 
|  34|0x0000000082200000, 0x0000000082300000, 0x0000000082300000|100%|HS|  |TAMS 0x0000000082300000, 0x0000000082200000| Complete 
|  35|0x0000000082300000, 0x0000000082400000, 0x0000000082400000|100%| O|  |TAMS 0x0000000082400000, 0x0000000082300000| Untracked 
|  36|0x0000000082400000, 0x0000000082500000, 0x0000000082500000|100%| O|  |TAMS 0x0000000082500000, 0x0000000082400000| Untracked 
|  37|0x0000000082500000, 0x0000000082600000, 0x0000000082600000|100%| O|  |TAMS 0x0000000082600000, 0x0000000082500000| Complete 
|  38|0x0000000082600000, 0x0000000082700000, 0x0000000082700000|100%|HS|  |TAMS 0x0000000082700000, 0x0000000082600000| Complete 
|  39|0x0000000082700000, 0x0000000082800000, 0x0000000082800000|100%|HC|  |TAMS 0x0000000082800000, 0x0000000082700000| Complete 
|  40|0x0000000082800000, 0x0000000082900000, 0x0000000082900000|100%|HC|  |TAMS 0x0000000082900000, 0x0000000082800000| Complete 
|  41|0x0000000082900000, 0x0000000082a00000, 0x0000000082a00000|100%| O|  |TAMS 0x0000000082a00000, 0x0000000082900000| Untracked 
|  42|0x0000000082a00000, 0x0000000082b00000, 0x0000000082b00000|100%| O|  |TAMS 0x0000000082b00000, 0x0000000082a00000| Untracked 
|  43|0x0000000082b00000, 0x0000000082c00000, 0x0000000082c00000|100%|HS|  |TAMS 0x0000000082c00000, 0x0000000082b00000| Complete 
|  44|0x0000000082c00000, 0x0000000082d00000, 0x0000000082d00000|100%|HC|  |TAMS 0x0000000082d00000, 0x0000000082c00000| Complete 
|  45|0x0000000082d00000, 0x0000000082e00000, 0x0000000082e00000|100%| O|  |TAMS 0x0000000082e00000, 0x0000000082d00000| Untracked 
|  46|0x0000000082e00000, 0x0000000082f00000, 0x0000000082f00000|100%| O|  |TAMS 0x0000000082f00000, 0x0000000082e00000| Untracked 
|  47|0x0000000082f00000, 0x0000000083000000, 0x0000000083000000|100%| O|  |TAMS 0x0000000083000000, 0x0000000082f00000| Complete 
|  48|0x0000000083000000, 0x0000000083100000, 0x0000000083100000|100%| O|  |TAMS 0x0000000083100000, 0x0000000083000000| Complete 
|  49|0x0000000083100000, 0x0000000083200000, 0x0000000083200000|100%| O|  |TAMS 0x0000000083200000, 0x0000000083100000| Complete 
|  50|0x0000000083200000, 0x0000000083300000, 0x0000000083300000|100%| O|  |TAMS 0x0000000083300000, 0x0000000083200000| Complete 
|  51|0x0000000083300000, 0x0000000083400000, 0x0000000083400000|100%| O|  |TAMS 0x0000000083400000, 0x0000000083300000| Complete 
|  52|0x0000000083400000, 0x0000000083500000, 0x0000000083500000|100%| O|  |TAMS 0x0000000083500000, 0x0000000083400000| Untracked 
|  53|0x0000000083500000, 0x0000000083600000, 0x0000000083600000|100%| O|  |TAMS 0x0000000083600000, 0x0000000083500000| Complete 
|  54|0x0000000083600000, 0x0000000083700000, 0x0000000083700000|100%| O|  |TAMS 0x0000000083700000, 0x0000000083600000| Complete 
|  55|0x0000000083700000, 0x0000000083800000, 0x0000000083800000|100%| O|  |TAMS 0x0000000083800000, 0x0000000083700000| Untracked 
|  56|0x0000000083800000, 0x0000000083900000, 0x0000000083900000|100%| O|  |TAMS 0x0000000083900000, 0x0000000083800000| Complete 
|  57|0x0000000083900000, 0x0000000083a00000, 0x0000000083a00000|100%| O|  |TAMS 0x0000000083a00000, 0x0000000083900000| Untracked 
|  58|0x0000000083a00000, 0x0000000083b00000, 0x0000000083b00000|100%| O|  |TAMS 0x0000000083b00000, 0x0000000083a00000| Untracked 
|  59|0x0000000083b00000, 0x0000000083c00000, 0x0000000083c00000|100%| O|  |TAMS 0x0000000083c00000, 0x0000000083b00000| Untracked 
|  60|0x0000000083c00000, 0x0000000083d00000, 0x0000000083d00000|100%| O|  |TAMS 0x0000000083d00000, 0x0000000083c00000| Untracked 
|  61|0x0000000083d00000, 0x0000000083e00000, 0x0000000083e00000|100%| O|  |TAMS 0x0000000083e00000, 0x0000000083d00000| Untracked 
|  62|0x0000000083e00000, 0x0000000083f00000, 0x0000000083f00000|100%| O|  |TAMS 0x0000000083f00000, 0x0000000083e00000| Complete 
|  63|0x0000000083f00000, 0x0000000084000000, 0x0000000084000000|100%| O|  |TAMS 0x0000000084000000, 0x0000000083f00000| Untracked 
|  64|0x0000000084000000, 0x0000000084100000, 0x0000000084100000|100%| O|  |TAMS 0x0000000084100000, 0x0000000084000000| Untracked 
|  65|0x0000000084100000, 0x0000000084200000, 0x0000000084200000|100%| O|  |TAMS 0x0000000084200000, 0x0000000084100000| Complete 
|  66|0x0000000084200000, 0x0000000084300000, 0x0000000084300000|100%| O|  |TAMS 0x0000000084300000, 0x0000000084200000| Untracked 
|  67|0x0000000084300000, 0x0000000084400000, 0x0000000084400000|100%| O|  |TAMS 0x0000000084400000, 0x0000000084300000| Complete 
|  68|0x0000000084400000, 0x0000000084500000, 0x0000000084500000|100%| O|  |TAMS 0x0000000084500000, 0x0000000084400000| Complete 
|  69|0x0000000084500000, 0x0000000084600000, 0x0000000084600000|100%| O|  |TAMS 0x0000000084600000, 0x0000000084500000| Complete 
|  70|0x0000000084600000, 0x0000000084700000, 0x0000000084700000|100%| O|  |TAMS 0x0000000084700000, 0x0000000084600000| Complete 
|  71|0x0000000084700000, 0x0000000084800000, 0x0000000084800000|100%| O|  |TAMS 0x0000000084800000, 0x0000000084700000| Untracked 
|  72|0x0000000084800000, 0x0000000084900000, 0x0000000084900000|100%| O|  |TAMS 0x0000000084900000, 0x0000000084800000| Complete 
|  73|0x0000000084900000, 0x0000000084a00000, 0x0000000084a00000|100%| O|  |TAMS 0x0000000084a00000, 0x0000000084900000| Complete 
|  74|0x0000000084a00000, 0x0000000084b00000, 0x0000000084b00000|100%| O|  |TAMS 0x0000000084b00000, 0x0000000084a00000| Complete 
|  75|0x0000000084b00000, 0x0000000084c00000, 0x0000000084c00000|100%| O|  |TAMS 0x0000000084c00000, 0x0000000084b00000| Complete 
|  76|0x0000000084c00000, 0x0000000084d00000, 0x0000000084d00000|100%| O|  |TAMS 0x0000000084d00000, 0x0000000084c00000| Complete 
|  77|0x0000000084d00000, 0x0000000084e00000, 0x0000000084e00000|100%| O|  |TAMS 0x0000000084e00000, 0x0000000084d00000| Complete 
|  78|0x0000000084e00000, 0x0000000084f00000, 0x0000000084f00000|100%| O|  |TAMS 0x0000000084f00000, 0x0000000084e00000| Complete 
|  79|0x0000000084f00000, 0x0000000085000000, 0x0000000085000000|100%| O|  |TAMS 0x0000000085000000, 0x0000000084f00000| Untracked 
|  80|0x0000000085000000, 0x0000000085100000, 0x0000000085100000|100%| O|  |TAMS 0x0000000085100000, 0x0000000085000000| Complete 
|  81|0x0000000085100000, 0x0000000085200000, 0x0000000085200000|100%| O|  |TAMS 0x0000000085200000, 0x0000000085100000| Complete 
|  82|0x0000000085200000, 0x0000000085300000, 0x0000000085300000|100%|HS|  |TAMS 0x0000000085300000, 0x0000000085200000| Complete 
|  83|0x0000000085300000, 0x0000000085400000, 0x0000000085400000|100%|HC|  |TAMS 0x0000000085400000, 0x0000000085300000| Complete 
|  84|0x0000000085400000, 0x0000000085500000, 0x0000000085500000|100%| O|  |TAMS 0x0000000085500000, 0x0000000085400000| Untracked 
|  85|0x0000000085500000, 0x0000000085600000, 0x0000000085600000|100%| O|  |TAMS 0x0000000085600000, 0x0000000085500000| Untracked 
|  86|0x0000000085600000, 0x0000000085700000, 0x0000000085700000|100%| O|  |TAMS 0x0000000085700000, 0x0000000085600000| Complete 
|  87|0x0000000085700000, 0x0000000085800000, 0x0000000085800000|100%| O|  |TAMS 0x0000000085800000, 0x0000000085700000| Complete 
|  88|0x0000000085800000, 0x0000000085900000, 0x0000000085900000|100%| O|  |TAMS 0x0000000085900000, 0x0000000085800000| Complete 
|  89|0x0000000085900000, 0x0000000085a00000, 0x0000000085a00000|100%| O|  |TAMS 0x0000000085a00000, 0x0000000085900000| Complete 
|  90|0x0000000085a00000, 0x0000000085b00000, 0x0000000085b00000|100%| O|  |TAMS 0x0000000085b00000, 0x0000000085a00000| Complete 
|  91|0x0000000085b00000, 0x0000000085c00000, 0x0000000085c00000|100%| O|  |TAMS 0x0000000085c00000, 0x0000000085b00000| Untracked 
|  92|0x0000000085c00000, 0x0000000085d00000, 0x0000000085d00000|100%| O|  |TAMS 0x0000000085d00000, 0x0000000085c00000| Complete 
|  93|0x0000000085d00000, 0x0000000085e00000, 0x0000000085e00000|100%| O|  |TAMS 0x0000000085e00000, 0x0000000085d00000| Complete 
|  94|0x0000000085e00000, 0x0000000085f00000, 0x0000000085f00000|100%| O|  |TAMS 0x0000000085f00000, 0x0000000085e00000| Complete 
|  95|0x0000000085f00000, 0x0000000086000000, 0x0000000086000000|100%| O|  |TAMS 0x0000000086000000, 0x0000000085f00000| Complete 
|  96|0x0000000086000000, 0x0000000086100000, 0x0000000086100000|100%| O|  |TAMS 0x0000000086100000, 0x0000000086000000| Complete 
|  97|0x0000000086100000, 0x0000000086200000, 0x0000000086200000|100%| O|  |TAMS 0x0000000086200000, 0x0000000086100000| Complete 
|  98|0x0000000086200000, 0x0000000086300000, 0x0000000086300000|100%| O|  |TAMS 0x0000000086300000, 0x0000000086200000| Untracked 
|  99|0x0000000086300000, 0x0000000086400000, 0x0000000086400000|100%| O|  |TAMS 0x0000000086400000, 0x0000000086300000| Untracked 
| 100|0x0000000086400000, 0x0000000086500000, 0x0000000086500000|100%| O|  |TAMS 0x0000000086500000, 0x0000000086400000| Untracked 
| 101|0x0000000086500000, 0x0000000086600000, 0x0000000086600000|100%| O|  |TAMS 0x0000000086600000, 0x0000000086500000| Complete 
| 102|0x0000000086600000, 0x0000000086700000, 0x0000000086700000|100%| O|  |TAMS 0x0000000086700000, 0x0000000086600000| Complete 
| 103|0x0000000086700000, 0x0000000086800000, 0x0000000086800000|100%|HS|  |TAMS 0x0000000086800000, 0x0000000086700000| Complete 
| 104|0x0000000086800000, 0x0000000086900000, 0x0000000086900000|100%|HC|  |TAMS 0x0000000086900000, 0x0000000086800000| Complete 
| 105|0x0000000086900000, 0x0000000086a00000, 0x0000000086a00000|100%|HC|  |TAMS 0x0000000086a00000, 0x0000000086900000| Complete 
| 106|0x0000000086a00000, 0x0000000086b00000, 0x0000000086b00000|100%|HS|  |TAMS 0x0000000086b00000, 0x0000000086a00000| Complete 
| 107|0x0000000086b00000, 0x0000000086b00000, 0x0000000086c00000|  0%| F|  |TAMS 0x0000000086b00000, 0x0000000086b00000| Untracked 
| 108|0x0000000086c00000, 0x0000000086c00000, 0x0000000086d00000|  0%| F|  |TAMS 0x0000000086c00000, 0x0000000086c00000| Untracked 
| 109|0x0000000086d00000, 0x0000000086e00000, 0x0000000086e00000|100%| O|  |TAMS 0x0000000086e00000, 0x0000000086d00000| Complete 
| 110|0x0000000086e00000, 0x0000000086f00000, 0x0000000086f00000|100%| O|  |TAMS 0x0000000086f00000, 0x0000000086e00000| Untracked 
| 111|0x0000000086f00000, 0x0000000087000000, 0x0000000087000000|100%| O|  |TAMS 0x0000000087000000, 0x0000000086f00000| Complete 
| 112|0x0000000087000000, 0x0000000087100000, 0x0000000087100000|100%| O|  |TAMS 0x0000000087100000, 0x0000000087000000| Complete 
| 113|0x0000000087100000, 0x0000000087200000, 0x0000000087200000|100%| O|  |TAMS 0x0000000087200000, 0x0000000087100000| Complete 
| 114|0x0000000087200000, 0x0000000087300000, 0x0000000087300000|100%| O|  |TAMS 0x0000000087300000, 0x0000000087200000| Complete 
| 115|0x0000000087300000, 0x0000000087400000, 0x0000000087400000|100%| O|  |TAMS 0x0000000087400000, 0x0000000087300000| Untracked 
| 116|0x0000000087400000, 0x0000000087500000, 0x0000000087500000|100%| O|  |TAMS 0x0000000087500000, 0x0000000087400000| Untracked 
| 117|0x0000000087500000, 0x0000000087554200, 0x0000000087600000| 32%| O|  |TAMS 0x0000000087554200, 0x0000000087500000| Untracked 
| 118|0x0000000087600000, 0x0000000087600000, 0x0000000087700000|  0%| F|  |TAMS 0x0000000087600000, 0x0000000087600000| Untracked 
| 119|0x0000000087700000, 0x0000000087700000, 0x0000000087800000|  0%| F|  |TAMS 0x0000000087700000, 0x0000000087700000| Untracked 
| 120|0x0000000087800000, 0x0000000087800000, 0x0000000087900000|  0%| F|  |TAMS 0x0000000087800000, 0x0000000087800000| Untracked 
| 121|0x0000000087900000, 0x0000000087900000, 0x0000000087a00000|  0%| F|  |TAMS 0x0000000087900000, 0x0000000087900000| Untracked 
| 122|0x0000000087a00000, 0x0000000087a00000, 0x0000000087b00000|  0%| F|  |TAMS 0x0000000087a00000, 0x0000000087a00000| Untracked 
| 123|0x0000000087b00000, 0x0000000087b00000, 0x0000000087c00000|  0%| F|  |TAMS 0x0000000087b00000, 0x0000000087b00000| Untracked 
| 124|0x0000000087c00000, 0x0000000087c00000, 0x0000000087d00000|  0%| F|  |TAMS 0x0000000087c00000, 0x0000000087c00000| Untracked 
| 125|0x0000000087d00000, 0x0000000087d00000, 0x0000000087e00000|  0%| F|  |TAMS 0x0000000087d00000, 0x0000000087d00000| Untracked 
| 126|0x0000000087e00000, 0x0000000087e00000, 0x0000000087f00000|  0%| F|  |TAMS 0x0000000087e00000, 0x0000000087e00000| Untracked 
| 127|0x0000000087f00000, 0x0000000087f00000, 0x0000000088000000|  0%| F|  |TAMS 0x0000000087f00000, 0x0000000087f00000| Untracked 
| 128|0x0000000088000000, 0x0000000088000000, 0x0000000088100000|  0%| F|  |TAMS 0x0000000088000000, 0x0000000088000000| Untracked 
| 129|0x0000000088100000, 0x0000000088100000, 0x0000000088200000|  0%| F|  |TAMS 0x0000000088100000, 0x0000000088100000| Untracked 
| 130|0x0000000088200000, 0x0000000088200000, 0x0000000088300000|  0%| F|  |TAMS 0x0000000088200000, 0x0000000088200000| Untracked 
| 131|0x0000000088300000, 0x0000000088300000, 0x0000000088400000|  0%| F|  |TAMS 0x0000000088300000, 0x0000000088300000| Untracked 
| 132|0x0000000088400000, 0x0000000088400000, 0x0000000088500000|  0%| F|  |TAMS 0x0000000088400000, 0x0000000088400000| Untracked 
| 133|0x0000000088500000, 0x0000000088500000, 0x0000000088600000|  0%| F|  |TAMS 0x0000000088500000, 0x0000000088500000| Untracked 
| 134|0x0000000088600000, 0x0000000088600000, 0x0000000088700000|  0%| F|  |TAMS 0x0000000088600000, 0x0000000088600000| Untracked 
| 135|0x0000000088700000, 0x0000000088700000, 0x0000000088800000|  0%| F|  |TAMS 0x0000000088700000, 0x0000000088700000| Untracked 
| 136|0x0000000088800000, 0x0000000088800000, 0x0000000088900000|  0%| F|  |TAMS 0x0000000088800000, 0x0000000088800000| Untracked 
| 137|0x0000000088900000, 0x0000000088900000, 0x0000000088a00000|  0%| F|  |TAMS 0x0000000088900000, 0x0000000088900000| Untracked 
| 138|0x0000000088a00000, 0x0000000088a00000, 0x0000000088b00000|  0%| F|  |TAMS 0x0000000088a00000, 0x0000000088a00000| Untracked 
| 139|0x0000000088b00000, 0x0000000088b00000, 0x0000000088c00000|  0%| F|  |TAMS 0x0000000088b00000, 0x0000000088b00000| Untracked 
| 140|0x0000000088c00000, 0x0000000088c00000, 0x0000000088d00000|  0%| F|  |TAMS 0x0000000088c00000, 0x0000000088c00000| Untracked 
| 141|0x0000000088d00000, 0x0000000088d00000, 0x0000000088e00000|  0%| F|  |TAMS 0x0000000088d00000, 0x0000000088d00000| Untracked 
| 142|0x0000000088e00000, 0x0000000088e00000, 0x0000000088f00000|  0%| F|  |TAMS 0x0000000088e00000, 0x0000000088e00000| Untracked 
| 143|0x0000000088f00000, 0x0000000088f00000, 0x0000000089000000|  0%| F|  |TAMS 0x0000000088f00000, 0x0000000088f00000| Untracked 
| 144|0x0000000089000000, 0x0000000089000000, 0x0000000089100000|  0%| F|  |TAMS 0x0000000089000000, 0x0000000089000000| Untracked 
| 145|0x0000000089100000, 0x0000000089100000, 0x0000000089200000|  0%| F|  |TAMS 0x0000000089100000, 0x0000000089100000| Untracked 
| 146|0x0000000089200000, 0x0000000089200000, 0x0000000089300000|  0%| F|  |TAMS 0x0000000089200000, 0x0000000089200000| Untracked 
| 147|0x0000000089300000, 0x0000000089300000, 0x0000000089400000|  0%| F|  |TAMS 0x0000000089300000, 0x0000000089300000| Untracked 
| 148|0x0000000089400000, 0x0000000089400000, 0x0000000089500000|  0%| F|  |TAMS 0x0000000089400000, 0x0000000089400000| Untracked 
| 149|0x0000000089500000, 0x0000000089500000, 0x0000000089600000|  0%| F|  |TAMS 0x0000000089500000, 0x0000000089500000| Untracked 
| 150|0x0000000089600000, 0x0000000089600000, 0x0000000089700000|  0%| F|  |TAMS 0x0000000089600000, 0x0000000089600000| Untracked 
| 151|0x0000000089700000, 0x0000000089700000, 0x0000000089800000|  0%| F|  |TAMS 0x0000000089700000, 0x0000000089700000| Untracked 
| 152|0x0000000089800000, 0x0000000089800000, 0x0000000089900000|  0%| F|  |TAMS 0x0000000089800000, 0x0000000089800000| Untracked 
| 153|0x0000000089900000, 0x0000000089900000, 0x0000000089a00000|  0%| F|  |TAMS 0x0000000089900000, 0x0000000089900000| Untracked 
| 154|0x0000000089a00000, 0x0000000089a00000, 0x0000000089b00000|  0%| F|  |TAMS 0x0000000089a00000, 0x0000000089a00000| Untracked 
| 155|0x0000000089b00000, 0x0000000089b00000, 0x0000000089c00000|  0%| F|  |TAMS 0x0000000089b00000, 0x0000000089b00000| Untracked 
| 156|0x0000000089c00000, 0x0000000089c00000, 0x0000000089d00000|  0%| F|  |TAMS 0x0000000089c00000, 0x0000000089c00000| Untracked 
| 157|0x0000000089d00000, 0x0000000089d00000, 0x0000000089e00000|  0%| F|  |TAMS 0x0000000089d00000, 0x0000000089d00000| Untracked 
| 158|0x0000000089e00000, 0x0000000089e00000, 0x0000000089f00000|  0%| F|  |TAMS 0x0000000089e00000, 0x0000000089e00000| Untracked 
| 159|0x0000000089f00000, 0x0000000089f00000, 0x000000008a000000|  0%| F|  |TAMS 0x0000000089f00000, 0x0000000089f00000| Untracked 
| 160|0x000000008a000000, 0x000000008a000000, 0x000000008a100000|  0%| F|  |TAMS 0x000000008a000000, 0x000000008a000000| Untracked 
| 161|0x000000008a100000, 0x000000008a100000, 0x000000008a200000|  0%| F|  |TAMS 0x000000008a100000, 0x000000008a100000| Untracked 
| 162|0x000000008a200000, 0x000000008a200000, 0x000000008a300000|  0%| F|  |TAMS 0x000000008a200000, 0x000000008a200000| Untracked 
| 163|0x000000008a300000, 0x000000008a300000, 0x000000008a400000|  0%| F|  |TAMS 0x000000008a300000, 0x000000008a300000| Untracked 
| 164|0x000000008a400000, 0x000000008a400000, 0x000000008a500000|  0%| F|  |TAMS 0x000000008a400000, 0x000000008a400000| Untracked 
| 165|0x000000008a500000, 0x000000008a500000, 0x000000008a600000|  0%| F|  |TAMS 0x000000008a500000, 0x000000008a500000| Untracked 
| 166|0x000000008a600000, 0x000000008a600000, 0x000000008a700000|  0%| F|  |TAMS 0x000000008a600000, 0x000000008a600000| Untracked 
| 167|0x000000008a700000, 0x000000008a700000, 0x000000008a800000|  0%| F|  |TAMS 0x000000008a700000, 0x000000008a700000| Untracked 
| 168|0x000000008a800000, 0x000000008a800000, 0x000000008a900000|  0%| F|  |TAMS 0x000000008a800000, 0x000000008a800000| Untracked 
| 169|0x000000008a900000, 0x000000008a900000, 0x000000008aa00000|  0%| F|  |TAMS 0x000000008a900000, 0x000000008a900000| Untracked 
| 170|0x000000008aa00000, 0x000000008aa00000, 0x000000008ab00000|  0%| F|  |TAMS 0x000000008aa00000, 0x000000008aa00000| Untracked 
| 171|0x000000008ab00000, 0x000000008ab00000, 0x000000008ac00000|  0%| F|  |TAMS 0x000000008ab00000, 0x000000008ab00000| Untracked 
| 172|0x000000008ac00000, 0x000000008ac00000, 0x000000008ad00000|  0%| F|  |TAMS 0x000000008ac00000, 0x000000008ac00000| Untracked 
| 173|0x000000008ad00000, 0x000000008ad00000, 0x000000008ae00000|  0%| F|  |TAMS 0x000000008ad00000, 0x000000008ad00000| Untracked 
| 174|0x000000008ae00000, 0x000000008ae00000, 0x000000008af00000|  0%| F|  |TAMS 0x000000008ae00000, 0x000000008ae00000| Untracked 
| 175|0x000000008af00000, 0x000000008af00000, 0x000000008b000000|  0%| F|  |TAMS 0x000000008af00000, 0x000000008af00000| Untracked 
| 176|0x000000008b000000, 0x000000008b000000, 0x000000008b100000|  0%| F|  |TAMS 0x000000008b000000, 0x000000008b000000| Untracked 
| 177|0x000000008b100000, 0x000000008b100000, 0x000000008b200000|  0%| F|  |TAMS 0x000000008b100000, 0x000000008b100000| Untracked 
| 178|0x000000008b200000, 0x000000008b200000, 0x000000008b300000|  0%| F|  |TAMS 0x000000008b200000, 0x000000008b200000| Untracked 
| 179|0x000000008b300000, 0x000000008b300000, 0x000000008b400000|  0%| F|  |TAMS 0x000000008b300000, 0x000000008b300000| Untracked 
| 180|0x000000008b400000, 0x000000008b400000, 0x000000008b500000|  0%| F|  |TAMS 0x000000008b400000, 0x000000008b400000| Untracked 
| 181|0x000000008b500000, 0x000000008b500000, 0x000000008b600000|  0%| F|  |TAMS 0x000000008b500000, 0x000000008b500000| Untracked 
| 182|0x000000008b600000, 0x000000008b600000, 0x000000008b700000|  0%| F|  |TAMS 0x000000008b600000, 0x000000008b600000| Untracked 
| 183|0x000000008b700000, 0x000000008b700000, 0x000000008b800000|  0%| F|  |TAMS 0x000000008b700000, 0x000000008b700000| Untracked 
| 184|0x000000008b800000, 0x000000008b800000, 0x000000008b900000|  0%| F|  |TAMS 0x000000008b800000, 0x000000008b800000| Untracked 
| 185|0x000000008b900000, 0x000000008b900000, 0x000000008ba00000|  0%| F|  |TAMS 0x000000008b900000, 0x000000008b900000| Untracked 
| 186|0x000000008ba00000, 0x000000008ba00000, 0x000000008bb00000|  0%| F|  |TAMS 0x000000008ba00000, 0x000000008ba00000| Untracked 
| 187|0x000000008bb00000, 0x000000008bb00000, 0x000000008bc00000|  0%| F|  |TAMS 0x000000008bb00000, 0x000000008bb00000| Untracked 
| 188|0x000000008bc00000, 0x000000008bc00000, 0x000000008bd00000|  0%| F|  |TAMS 0x000000008bc00000, 0x000000008bc00000| Untracked 
| 189|0x000000008bd00000, 0x000000008bd00000, 0x000000008be00000|  0%| F|  |TAMS 0x000000008bd00000, 0x000000008bd00000| Untracked 
| 190|0x000000008be00000, 0x000000008be00000, 0x000000008bf00000|  0%| F|  |TAMS 0x000000008be00000, 0x000000008be00000| Untracked 
| 191|0x000000008bf00000, 0x000000008bf00000, 0x000000008c000000|  0%| F|  |TAMS 0x000000008bf00000, 0x000000008bf00000| Untracked 
| 192|0x000000008c000000, 0x000000008c000000, 0x000000008c100000|  0%| F|  |TAMS 0x000000008c000000, 0x000000008c000000| Untracked 
| 193|0x000000008c100000, 0x000000008c100000, 0x000000008c200000|  0%| F|  |TAMS 0x000000008c100000, 0x000000008c100000| Untracked 
| 194|0x000000008c200000, 0x000000008c200000, 0x000000008c300000|  0%| F|  |TAMS 0x000000008c200000, 0x000000008c200000| Untracked 
| 195|0x000000008c300000, 0x000000008c300000, 0x000000008c400000|  0%| F|  |TAMS 0x000000008c300000, 0x000000008c300000| Untracked 
| 196|0x000000008c400000, 0x000000008c400000, 0x000000008c500000|  0%| F|  |TAMS 0x000000008c400000, 0x000000008c400000| Untracked 
| 197|0x000000008c500000, 0x000000008c500000, 0x000000008c600000|  0%| F|  |TAMS 0x000000008c500000, 0x000000008c500000| Untracked 
| 198|0x000000008c600000, 0x000000008c600000, 0x000000008c700000|  0%| F|  |TAMS 0x000000008c600000, 0x000000008c600000| Untracked 
| 199|0x000000008c700000, 0x000000008c700000, 0x000000008c800000|  0%| F|  |TAMS 0x000000008c700000, 0x000000008c700000| Untracked 
| 200|0x000000008c800000, 0x000000008c800000, 0x000000008c900000|  0%| F|  |TAMS 0x000000008c800000, 0x000000008c800000| Untracked 
| 201|0x000000008c900000, 0x000000008c900000, 0x000000008ca00000|  0%| F|  |TAMS 0x000000008c900000, 0x000000008c900000| Untracked 
| 202|0x000000008ca00000, 0x000000008ca00000, 0x000000008cb00000|  0%| F|  |TAMS 0x000000008ca00000, 0x000000008ca00000| Untracked 
| 203|0x000000008cb00000, 0x000000008cb00000, 0x000000008cc00000|  0%| F|  |TAMS 0x000000008cb00000, 0x000000008cb00000| Untracked 
| 204|0x000000008cc00000, 0x000000008cc00000, 0x000000008cd00000|  0%| F|  |TAMS 0x000000008cc00000, 0x000000008cc00000| Untracked 
| 205|0x000000008cd00000, 0x000000008cd00000, 0x000000008ce00000|  0%| F|  |TAMS 0x000000008cd00000, 0x000000008cd00000| Untracked 
| 206|0x000000008ce00000, 0x000000008ce00000, 0x000000008cf00000|  0%| F|  |TAMS 0x000000008ce00000, 0x000000008ce00000| Untracked 
| 207|0x000000008cf00000, 0x000000008cf00000, 0x000000008d000000|  0%| F|  |TAMS 0x000000008cf00000, 0x000000008cf00000| Untracked 
| 208|0x000000008d000000, 0x000000008d000000, 0x000000008d100000|  0%| F|  |TAMS 0x000000008d000000, 0x000000008d000000| Untracked 
| 209|0x000000008d100000, 0x000000008d100000, 0x000000008d200000|  0%| F|  |TAMS 0x000000008d100000, 0x000000008d100000| Untracked 
| 210|0x000000008d200000, 0x000000008d200000, 0x000000008d300000|  0%| F|  |TAMS 0x000000008d200000, 0x000000008d200000| Untracked 
| 211|0x000000008d300000, 0x000000008d300000, 0x000000008d400000|  0%| F|  |TAMS 0x000000008d300000, 0x000000008d300000| Untracked 
| 212|0x000000008d400000, 0x000000008d400000, 0x000000008d500000|  0%| F|  |TAMS 0x000000008d400000, 0x000000008d400000| Untracked 
| 213|0x000000008d500000, 0x000000008d500000, 0x000000008d600000|  0%| F|  |TAMS 0x000000008d500000, 0x000000008d500000| Untracked 
| 214|0x000000008d600000, 0x000000008d600000, 0x000000008d700000|  0%| F|  |TAMS 0x000000008d600000, 0x000000008d600000| Untracked 
| 215|0x000000008d700000, 0x000000008d700000, 0x000000008d800000|  0%| F|  |TAMS 0x000000008d700000, 0x000000008d700000| Untracked 
| 216|0x000000008d800000, 0x000000008d800000, 0x000000008d900000|  0%| F|  |TAMS 0x000000008d800000, 0x000000008d800000| Untracked 
| 217|0x000000008d900000, 0x000000008d900000, 0x000000008da00000|  0%| F|  |TAMS 0x000000008d900000, 0x000000008d900000| Untracked 
| 218|0x000000008da00000, 0x000000008da00000, 0x000000008db00000|  0%| F|  |TAMS 0x000000008da00000, 0x000000008da00000| Untracked 
| 219|0x000000008db00000, 0x000000008db00000, 0x000000008dc00000|  0%| F|  |TAMS 0x000000008db00000, 0x000000008db00000| Untracked 
| 220|0x000000008dc00000, 0x000000008dc00000, 0x000000008dd00000|  0%| F|  |TAMS 0x000000008dc00000, 0x000000008dc00000| Untracked 
| 221|0x000000008dd00000, 0x000000008dd00000, 0x000000008de00000|  0%| F|  |TAMS 0x000000008dd00000, 0x000000008dd00000| Untracked 
| 222|0x000000008de00000, 0x000000008de00000, 0x000000008df00000|  0%| F|  |TAMS 0x000000008de00000, 0x000000008de00000| Untracked 
| 223|0x000000008df00000, 0x000000008df00000, 0x000000008e000000|  0%| F|  |TAMS 0x000000008df00000, 0x000000008df00000| Untracked 
| 224|0x000000008e000000, 0x000000008e000000, 0x000000008e100000|  0%| F|  |TAMS 0x000000008e000000, 0x000000008e000000| Untracked 
| 225|0x000000008e100000, 0x000000008e100000, 0x000000008e200000|  0%| F|  |TAMS 0x000000008e100000, 0x000000008e100000| Untracked 
| 226|0x000000008e200000, 0x000000008e200000, 0x000000008e300000|  0%| F|  |TAMS 0x000000008e200000, 0x000000008e200000| Untracked 
| 227|0x000000008e300000, 0x000000008e300000, 0x000000008e400000|  0%| F|  |TAMS 0x000000008e300000, 0x000000008e300000| Untracked 
| 228|0x000000008e400000, 0x000000008e400000, 0x000000008e500000|  0%| F|  |TAMS 0x000000008e400000, 0x000000008e400000| Untracked 
| 229|0x000000008e500000, 0x000000008e500000, 0x000000008e600000|  0%| F|  |TAMS 0x000000008e500000, 0x000000008e500000| Untracked 
| 230|0x000000008e600000, 0x000000008e600000, 0x000000008e700000|  0%| F|  |TAMS 0x000000008e600000, 0x000000008e600000| Untracked 
| 231|0x000000008e700000, 0x000000008e700000, 0x000000008e800000|  0%| F|  |TAMS 0x000000008e700000, 0x000000008e700000| Untracked 
| 232|0x000000008e800000, 0x000000008e800000, 0x000000008e900000|  0%| F|  |TAMS 0x000000008e800000, 0x000000008e800000| Untracked 
| 233|0x000000008e900000, 0x000000008e900000, 0x000000008ea00000|  0%| F|  |TAMS 0x000000008e900000, 0x000000008e900000| Untracked 
| 234|0x000000008ea00000, 0x000000008ea00000, 0x000000008eb00000|  0%| F|  |TAMS 0x000000008ea00000, 0x000000008ea00000| Untracked 
| 235|0x000000008eb00000, 0x000000008eb00000, 0x000000008ec00000|  0%| F|  |TAMS 0x000000008eb00000, 0x000000008eb00000| Untracked 
| 236|0x000000008ec00000, 0x000000008ec00000, 0x000000008ed00000|  0%| F|  |TAMS 0x000000008ec00000, 0x000000008ec00000| Untracked 
| 237|0x000000008ed00000, 0x000000008ed00000, 0x000000008ee00000|  0%| F|  |TAMS 0x000000008ed00000, 0x000000008ed00000| Untracked 
| 238|0x000000008ee00000, 0x000000008ee00000, 0x000000008ef00000|  0%| F|  |TAMS 0x000000008ee00000, 0x000000008ee00000| Untracked 
| 239|0x000000008ef00000, 0x000000008ef00000, 0x000000008f000000|  0%| F|  |TAMS 0x000000008ef00000, 0x000000008ef00000| Untracked 
| 240|0x000000008f000000, 0x000000008f000000, 0x000000008f100000|  0%| F|  |TAMS 0x000000008f000000, 0x000000008f000000| Untracked 
| 241|0x000000008f100000, 0x000000008f100000, 0x000000008f200000|  0%| F|  |TAMS 0x000000008f100000, 0x000000008f100000| Untracked 
| 242|0x000000008f200000, 0x000000008f200000, 0x000000008f300000|  0%| F|  |TAMS 0x000000008f200000, 0x000000008f200000| Untracked 
| 243|0x000000008f300000, 0x000000008f300000, 0x000000008f400000|  0%| F|  |TAMS 0x000000008f300000, 0x000000008f300000| Untracked 
| 244|0x000000008f400000, 0x000000008f400000, 0x000000008f500000|  0%| F|  |TAMS 0x000000008f400000, 0x000000008f400000| Untracked 
| 245|0x000000008f500000, 0x000000008f500000, 0x000000008f600000|  0%| F|  |TAMS 0x000000008f500000, 0x000000008f500000| Untracked 
| 246|0x000000008f600000, 0x000000008f600000, 0x000000008f700000|  0%| F|  |TAMS 0x000000008f600000, 0x000000008f600000| Untracked 
| 247|0x000000008f700000, 0x000000008f700000, 0x000000008f800000|  0%| F|  |TAMS 0x000000008f700000, 0x000000008f700000| Untracked 
| 248|0x000000008f800000, 0x000000008f800000, 0x000000008f900000|  0%| F|  |TAMS 0x000000008f800000, 0x000000008f800000| Untracked 
| 249|0x000000008f900000, 0x000000008f900000, 0x000000008fa00000|  0%| F|  |TAMS 0x000000008f900000, 0x000000008f900000| Untracked 
| 250|0x000000008fa00000, 0x000000008fa00000, 0x000000008fb00000|  0%| F|  |TAMS 0x000000008fa00000, 0x000000008fa00000| Untracked 
| 251|0x000000008fb00000, 0x000000008fb00000, 0x000000008fc00000|  0%| F|  |TAMS 0x000000008fb00000, 0x000000008fb00000| Untracked 
| 252|0x000000008fc00000, 0x000000008fc00000, 0x000000008fd00000|  0%| F|  |TAMS 0x000000008fc00000, 0x000000008fc00000| Untracked 
| 253|0x000000008fd00000, 0x000000008fd00000, 0x000000008fe00000|  0%| F|  |TAMS 0x000000008fd00000, 0x000000008fd00000| Untracked 
| 254|0x000000008fe00000, 0x000000008fe00000, 0x000000008ff00000|  0%| F|  |TAMS 0x000000008fe00000, 0x000000008fe00000| Untracked 
| 255|0x000000008ff00000, 0x000000008ff00000, 0x0000000090000000|  0%| F|  |TAMS 0x000000008ff00000, 0x000000008ff00000| Untracked 
| 256|0x0000000090000000, 0x0000000090000000, 0x0000000090100000|  0%| F|  |TAMS 0x0000000090000000, 0x0000000090000000| Untracked 
| 257|0x0000000090100000, 0x0000000090100000, 0x0000000090200000|  0%| F|  |TAMS 0x0000000090100000, 0x0000000090100000| Untracked 
| 258|0x0000000090200000, 0x0000000090200000, 0x0000000090300000|  0%| F|  |TAMS 0x0000000090200000, 0x0000000090200000| Untracked 
| 259|0x0000000090300000, 0x0000000090300000, 0x0000000090400000|  0%| F|  |TAMS 0x0000000090300000, 0x0000000090300000| Untracked 
| 260|0x0000000090400000, 0x0000000090428fb0, 0x0000000090500000| 16%| S|CS|TAMS 0x0000000090400000, 0x0000000090400000| Complete 
| 261|0x0000000090500000, 0x0000000090600000, 0x0000000090600000|100%| S|CS|TAMS 0x0000000090500000, 0x0000000090500000| Complete 
| 262|0x0000000090600000, 0x0000000090700000, 0x0000000090700000|100%| S|CS|TAMS 0x0000000090600000, 0x0000000090600000| Complete 
| 263|0x0000000090700000, 0x0000000090800000, 0x0000000090800000|100%| S|CS|TAMS 0x0000000090700000, 0x0000000090700000| Complete 
| 264|0x0000000090800000, 0x0000000090800000, 0x0000000090900000|  0%| F|  |TAMS 0x0000000090800000, 0x0000000090800000| Untracked 
| 265|0x0000000090900000, 0x0000000090900000, 0x0000000090a00000|  0%| F|  |TAMS 0x0000000090900000, 0x0000000090900000| Untracked 
| 266|0x0000000090a00000, 0x0000000090a00000, 0x0000000090b00000|  0%| F|  |TAMS 0x0000000090a00000, 0x0000000090a00000| Untracked 
| 267|0x0000000090b00000, 0x0000000090b00000, 0x0000000090c00000|  0%| F|  |TAMS 0x0000000090b00000, 0x0000000090b00000| Untracked 
| 268|0x0000000090c00000, 0x0000000090c00000, 0x0000000090d00000|  0%| F|  |TAMS 0x0000000090c00000, 0x0000000090c00000| Untracked 
| 269|0x0000000090d00000, 0x0000000090d00000, 0x0000000090e00000|  0%| F|  |TAMS 0x0000000090d00000, 0x0000000090d00000| Untracked 
| 270|0x0000000090e00000, 0x0000000090e00000, 0x0000000090f00000|  0%| F|  |TAMS 0x0000000090e00000, 0x0000000090e00000| Untracked 
| 271|0x0000000090f00000, 0x0000000090f00000, 0x0000000091000000|  0%| F|  |TAMS 0x0000000090f00000, 0x0000000090f00000| Untracked 
| 272|0x0000000091000000, 0x0000000091000000, 0x0000000091100000|  0%| F|  |TAMS 0x0000000091000000, 0x0000000091000000| Untracked 
| 273|0x0000000091100000, 0x0000000091100000, 0x0000000091200000|  0%| F|  |TAMS 0x0000000091100000, 0x0000000091100000| Untracked 
| 274|0x0000000091200000, 0x0000000091200000, 0x0000000091300000|  0%| F|  |TAMS 0x0000000091200000, 0x0000000091200000| Untracked 
| 275|0x0000000091300000, 0x0000000091300000, 0x0000000091400000|  0%| F|  |TAMS 0x0000000091300000, 0x0000000091300000| Untracked 
| 276|0x0000000091400000, 0x0000000091400000, 0x0000000091500000|  0%| F|  |TAMS 0x0000000091400000, 0x0000000091400000| Untracked 
| 277|0x0000000091500000, 0x0000000091500000, 0x0000000091600000|  0%| F|  |TAMS 0x0000000091500000, 0x0000000091500000| Untracked 
| 278|0x0000000091600000, 0x0000000091600000, 0x0000000091700000|  0%| F|  |TAMS 0x0000000091600000, 0x0000000091600000| Untracked 
| 279|0x0000000091700000, 0x0000000091700000, 0x0000000091800000|  0%| F|  |TAMS 0x0000000091700000, 0x0000000091700000| Untracked 
| 280|0x0000000091800000, 0x0000000091800000, 0x0000000091900000|  0%| F|  |TAMS 0x0000000091800000, 0x0000000091800000| Untracked 
| 281|0x0000000091900000, 0x0000000091900000, 0x0000000091a00000|  0%| F|  |TAMS 0x0000000091900000, 0x0000000091900000| Untracked 
| 282|0x0000000091a00000, 0x0000000091a00000, 0x0000000091b00000|  0%| F|  |TAMS 0x0000000091a00000, 0x0000000091a00000| Untracked 
| 283|0x0000000091b00000, 0x0000000091b00000, 0x0000000091c00000|  0%| F|  |TAMS 0x0000000091b00000, 0x0000000091b00000| Untracked 
| 284|0x0000000091c00000, 0x0000000091c00000, 0x0000000091d00000|  0%| F|  |TAMS 0x0000000091c00000, 0x0000000091c00000| Untracked 
| 285|0x0000000091d00000, 0x0000000091d00000, 0x0000000091e00000|  0%| F|  |TAMS 0x0000000091d00000, 0x0000000091d00000| Untracked 
| 286|0x0000000091e00000, 0x0000000091e00000, 0x0000000091f00000|  0%| F|  |TAMS 0x0000000091e00000, 0x0000000091e00000| Untracked 
| 287|0x0000000091f00000, 0x0000000091f00000, 0x0000000092000000|  0%| F|  |TAMS 0x0000000091f00000, 0x0000000091f00000| Untracked 
| 288|0x0000000092000000, 0x0000000092000000, 0x0000000092100000|  0%| F|  |TAMS 0x0000000092000000, 0x0000000092000000| Untracked 
| 289|0x0000000092100000, 0x0000000092100000, 0x0000000092200000|  0%| F|  |TAMS 0x0000000092100000, 0x0000000092100000| Untracked 
| 290|0x0000000092200000, 0x0000000092200000, 0x0000000092300000|  0%| F|  |TAMS 0x0000000092200000, 0x0000000092200000| Untracked 
| 291|0x0000000092300000, 0x0000000092300000, 0x0000000092400000|  0%| F|  |TAMS 0x0000000092300000, 0x0000000092300000| Untracked 
| 292|0x0000000092400000, 0x0000000092400000, 0x0000000092500000|  0%| F|  |TAMS 0x0000000092400000, 0x0000000092400000| Untracked 
| 293|0x0000000092500000, 0x0000000092500000, 0x0000000092600000|  0%| F|  |TAMS 0x0000000092500000, 0x0000000092500000| Untracked 
| 294|0x0000000092600000, 0x0000000092600000, 0x0000000092700000|  0%| F|  |TAMS 0x0000000092600000, 0x0000000092600000| Untracked 
| 295|0x0000000092700000, 0x0000000092700000, 0x0000000092800000|  0%| F|  |TAMS 0x0000000092700000, 0x0000000092700000| Untracked 
| 296|0x0000000092800000, 0x00000000928de6c0, 0x0000000092900000| 86%| E|  |TAMS 0x0000000092800000, 0x0000000092800000| Complete 
| 297|0x0000000092900000, 0x0000000092a00000, 0x0000000092a00000|100%| E|CS|TAMS 0x0000000092900000, 0x0000000092900000| Complete 
| 298|0x0000000092a00000, 0x0000000092b00000, 0x0000000092b00000|100%| E|CS|TAMS 0x0000000092a00000, 0x0000000092a00000| Complete 
| 299|0x0000000092b00000, 0x0000000092c00000, 0x0000000092c00000|100%| E|CS|TAMS 0x0000000092b00000, 0x0000000092b00000| Complete 
| 300|0x0000000092c00000, 0x0000000092d00000, 0x0000000092d00000|100%| E|CS|TAMS 0x0000000092c00000, 0x0000000092c00000| Complete 

Card table byte_map: [0x0000000015b70000,0x0000000015f70000] _byte_map_base: 0x0000000015770000

Marking Bits (Prev, Next): (CMBitMap*) 0x0000000000401f20, (CMBitMap*) 0x0000000000401ee8
 Prev Bits: [0x0000000018370000, 0x000000001a370000)
 Next Bits: [0x0000000016370000, 0x0000000018370000)

Polling page: 0x0000000000130000

Metaspace:

Usage:
  Non-class:    122.18 MB capacity,   119.84 MB ( 98%) used,     1.85 MB (  2%) free+waste,   497.06 KB ( <1%) overhead. 
      Class:     18.65 MB capacity,    17.19 MB ( 92%) used,     1.25 MB (  7%) free+waste,   217.00 KB (  1%) overhead. 
       Both:    140.83 MB capacity,   137.03 MB ( 97%) used,     3.10 MB (  2%) free+waste,   714.06 KB ( <1%) overhead. 

Virtual space:
  Non-class space:      124.00 MB reserved,     122.25 MB ( 99%) committed 
      Class space:        1.00 GB reserved,      18.75 MB (  2%) committed 
             Both:        1.12 GB reserved,     141.00 MB ( 12%) committed 

Chunk freelists:
   Non-Class:  8.00 KB
       Class:  0 bytes
        Both:  8.00 KB

MaxMetaspaceSize: 17179869184.00 GB
CompressedClassSpaceSize: 1.00 GB

CodeHeap 'non-profiled nmethods': size=120064Kb used=12114Kb max_used=12114Kb free=107949Kb
 bounds [0x000000000dc70000, 0x000000000e850000, 0x00000000151b0000]
CodeHeap 'profiled nmethods': size=120000Kb used=47746Kb max_used=47746Kb free=72253Kb
 bounds [0x0000000006740000, 0x00000000095f0000, 0x000000000dc70000]
CodeHeap 'non-nmethods': size=5696Kb used=2349Kb max_used=2401Kb free=3346Kb
 bounds [0x00000000061b0000, 0x0000000006420000, 0x0000000006740000]
 total_blobs=21687 nmethods=20683 adapters=914
 compilation: enabled
              stopped_count=0, restarted_count=0
 full_count=0

Compilation events (20 events):
Event: 3882.343 Thread 0x000000005d5c1800 21852       3       java.util.HashMap$ValueSpliterator::forEachRemaining (186 bytes)
Event: 3882.344 Thread 0x000000005d5c1800 nmethod 21852 0x00000000095e6590 code [0x00000000095e67c0, 0x00000000095e6fe8]
Event: 3883.080 Thread 0x000000005d5bf800 nmethod 21827 0x000000000e82fd90 code [0x000000000e8306c0, 0x000000000e83a4a0]
Event: 3883.080 Thread 0x000000005d5bf800 21829       4       java.net.URL::toExternalForm (9 bytes)
Event: 3883.082 Thread 0x000000005d5bf800 nmethod 21829 0x000000000e841a10 code [0x000000000e841bc0, 0x000000000e841c48]
Event: 3883.082 Thread 0x000000005d5bf800 21840       4       jdk.internal.org.objectweb.asm.ClassWriter::addType (39 bytes)
Event: 3883.138 Thread 0x000000005d5bf800 nmethod 21840 0x000000000e841d10 code [0x000000000e841f00, 0x000000000e8428c8]
Event: 3883.139 Thread 0x000000005d5bf800 21853       4       java.util.ComparableTimSort::binarySort (223 bytes)
Event: 3883.167 Thread 0x000000005d5bf800 nmethod 21853 0x000000000e842c90 code [0x000000000e842e60, 0x000000000e8438a8]
Event: 3903.805 Thread 0x000000005d5bf800 21854       4       java.lang.invoke.InvokerBytecodeGenerator::loadInsnOpcode (86 bytes)
Event: 3903.807 Thread 0x000000005d5bf800 nmethod 21854 0x000000000e843d10 code [0x000000000e843ea0, 0x000000000e843f58]
Event: 3903.807 Thread 0x000000005d5bf800 21855       4       jdk.internal.org.objectweb.asm.Frame::get (46 bytes)
Event: 3903.809 Thread 0x000000005d5c1800 21857       3       java.lang.invoke.LambdaFormBuffer::replaceFunctions (121 bytes)
Event: 3903.809 Thread 0x000000005d5bf800 nmethod 21855 0x000000000e844090 code [0x000000000e844220, 0x000000000e8442d8]
Event: 3903.809 Thread 0x000000005d5bf800 21856       4       java.lang.invoke.LambdaForm$Name::<init> (54 bytes)
Event: 3903.810 Thread 0x000000005d5c1800 nmethod 21857 0x00000000095e7290 code [0x00000000095e74e0, 0x00000000095e7e48]
Event: 3903.810 Thread 0x000000005d5c1800 21858       3       java.lang.invoke.Invokers::basicInvoker (103 bytes)
Event: 3903.813 Thread 0x000000005d5c1800 nmethod 21858 0x00000000095e8190 code [0x00000000095e8480, 0x00000000095e9858]
Event: 3903.816 Thread 0x000000005d5bf800 nmethod 21856 0x000000000e844390 code [0x000000000e844520, 0x000000000e844818]
Event: 3903.816 Thread 0x000000005d5bf800 21859       4       jdk.internal.org.objectweb.asm.Frame::execute (2264 bytes)

GC Heap History (20 events):
Event: 3855.881 GC heap before
{Heap before GC invocations=144 (full 0):
 garbage-first heap   total 202752K, used 121836K [0x0000000080000000, 0x0000000100000000)
  region size 1024K, 9 young (9216K), 3 survivors (3072K)
 Metaspace       used 125181K, capacity 128210K, committed 128384K, reserved 1161216K
  class space    used 15545K, capacity 16671K, committed 16768K, reserved 1048576K
}
Event: 3856.624 GC heap after
{Heap after GC invocations=145 (full 0):
 garbage-first heap   total 308224K, used 115787K [0x0000000080000000, 0x0000000100000000)
  region size 1024K, 1 young (1024K), 1 survivors (1024K)
 Metaspace       used 125181K, capacity 128210K, committed 128384K, reserved 1161216K
  class space    used 15545K, capacity 16671K, committed 16768K, reserved 1048576K
}
Event: 3859.472 GC heap before
{Heap before GC invocations=145 (full 0):
 garbage-first heap   total 308224K, used 130123K [0x0000000080000000, 0x0000000100000000)
  region size 1024K, 15 young (15360K), 1 survivors (1024K)
 Metaspace       used 128057K, capacity 131129K, committed 131200K, reserved 1163264K
  class space    used 15884K, capacity 17006K, committed 17024K, reserved 1048576K
}
Event: 3859.488 GC heap after
{Heap after GC invocations=146 (full 0):
 garbage-first heap   total 308224K, used 116554K [0x0000000080000000, 0x0000000100000000)
  region size 1024K, 2 young (2048K), 2 survivors (2048K)
 Metaspace       used 128057K, capacity 131129K, committed 131200K, reserved 1163264K
  class space    used 15884K, capacity 17006K, committed 17024K, reserved 1048576K
}
Event: 3860.960 GC heap before
{Heap before GC invocations=147 (full 0):
 garbage-first heap   total 308224K, used 129866K [0x0000000080000000, 0x0000000100000000)
  region size 1024K, 15 young (15360K), 2 survivors (2048K)
 Metaspace       used 130472K, capacity 133570K, committed 133888K, reserved 1165312K
  class space    used 16210K, capacity 17328K, committed 17408K, reserved 1048576K
}
Event: 3861.031 GC heap after
{Heap after GC invocations=148 (full 0):
 garbage-first heap   total 308224K, used 117723K [0x0000000080000000, 0x0000000100000000)
  region size 1024K, 2 young (2048K), 2 survivors (2048K)
 Metaspace       used 130472K, capacity 133570K, committed 133888K, reserved 1165312K
  class space    used 16210K, capacity 17328K, committed 17408K, reserved 1048576K
}
Event: 3861.947 GC heap before
{Heap before GC invocations=148 (full 0):
 garbage-first heap   total 308224K, used 130011K [0x0000000080000000, 0x0000000100000000)
  region size 1024K, 15 young (15360K), 2 survivors (2048K)
 Metaspace       used 131482K, capacity 134638K, committed 134784K, reserved 1167360K
  class space    used 16312K, capacity 17471K, committed 17536K, reserved 1048576K
}
Event: 3861.983 GC heap after
{Heap after GC invocations=149 (full 0):
 garbage-first heap   total 308224K, used 117997K [0x0000000080000000, 0x0000000100000000)
  region size 1024K, 1 young (1024K), 1 survivors (1024K)
 Metaspace       used 131482K, capacity 134638K, committed 134784K, reserved 1167360K
  class space    used 16312K, capacity 17471K, committed 17536K, reserved 1048576K
}
Event: 3864.011 GC heap before
{Heap before GC invocations=150 (full 0):
 garbage-first heap   total 308224K, used 132333K [0x0000000080000000, 0x0000000100000000)
  region size 1024K, 15 young (15360K), 1 survivors (1024K)
 Metaspace       used 133383K, capacity 136579K, committed 136704K, reserved 1167360K
  class space    used 16599K, capacity 17800K, committed 17920K, reserved 1048576K
}
Event: 3864.034 GC heap after
{Heap after GC invocations=151 (full 0):
 garbage-first heap   total 308224K, used 118345K [0x0000000080000000, 0x0000000100000000)
  region size 1024K, 1 young (1024K), 1 survivors (1024K)
 Metaspace       used 133383K, capacity 136579K, committed 136704K, reserved 1167360K
  class space    used 16599K, capacity 17800K, committed 17920K, reserved 1048576K
}
Event: 3865.313 GC heap before
{Heap before GC invocations=151 (full 0):
 garbage-first heap   total 308224K, used 135753K [0x0000000080000000, 0x0000000100000000)
  region size 1024K, 18 young (18432K), 1 survivors (1024K)
 Metaspace       used 135187K, capacity 138578K, committed 138752K, reserved 1169408K
  class space    used 16876K, capacity 18129K, committed 18176K, reserved 1048576K
}
Event: 3865.330 GC heap after
{Heap after GC invocations=152 (full 0):
 garbage-first heap   total 308224K, used 118985K [0x0000000080000000, 0x0000000100000000)
  region size 1024K, 2 young (2048K), 2 survivors (2048K)
 Metaspace       used 135187K, capacity 138578K, committed 138752K, reserved 1169408K
  class space    used 16876K, capacity 18129K, committed 18176K, reserved 1048576K
}
Event: 3867.471 GC heap before
{Heap before GC invocations=153 (full 0):
 garbage-first heap   total 308224K, used 139465K [0x0000000080000000, 0x0000000100000000)
  region size 1024K, 22 young (22528K), 2 survivors (2048K)
 Metaspace       used 135597K, capacity 138977K, committed 139008K, reserved 1169408K
  class space    used 16889K, capacity 18170K, committed 18176K, reserved 1048576K
}
Event: 3867.523 GC heap after
{Heap after GC invocations=154 (full 0):
 garbage-first heap   total 308224K, used 120489K [0x0000000080000000, 0x0000000100000000)
  region size 1024K, 3 young (3072K), 3 survivors (3072K)
 Metaspace       used 135597K, capacity 138977K, committed 139008K, reserved 1169408K
  class space    used 16889K, capacity 18170K, committed 18176K, reserved 1048576K
}
Event: 3869.046 GC heap before
{Heap before GC invocations=154 (full 0):
 garbage-first heap   total 308224K, used 145065K [0x0000000080000000, 0x0000000100000000)
  region size 1024K, 27 young (27648K), 3 survivors (3072K)
 Metaspace       used 137044K, capacity 140652K, committed 140928K, reserved 1171456K
  class space    used 17113K, capacity 18472K, committed 18560K, reserved 1048576K
}
Event: 3869.072 GC heap after
{Heap after GC invocations=155 (full 0):
 garbage-first heap   total 308224K, used 121161K [0x0000000080000000, 0x0000000100000000)
  region size 1024K, 3 young (3072K), 3 survivors (3072K)
 Metaspace       used 137044K, capacity 140652K, committed 140928K, reserved 1171456K
  class space    used 17113K, capacity 18472K, committed 18560K, reserved 1048576K
}
Event: 3871.237 GC heap before
{Heap before GC invocations=156 (full 0):
 garbage-first heap   total 308224K, used 150857K [0x0000000080000000, 0x0000000100000000)
  region size 1024K, 32 young (32768K), 3 survivors (3072K)
 Metaspace       used 138824K, capacity 142538K, committed 142720K, reserved 1173504K
  class space    used 17373K, capacity 18779K, committed 18816K, reserved 1048576K
}
Event: 3871.276 GC heap after
{Heap after GC invocations=157 (full 0):
 garbage-first heap   total 308224K, used 121804K [0x0000000080000000, 0x0000000100000000)
  region size 1024K, 2 young (2048K), 2 survivors (2048K)
 Metaspace       used 138824K, capacity 142538K, committed 142720K, reserved 1173504K
  class space    used 17373K, capacity 18779K, committed 18816K, reserved 1048576K
}
Event: 3879.973 GC heap before
{Heap before GC invocations=157 (full 0):
 garbage-first heap   total 308224K, used 156620K [0x0000000080000000, 0x0000000100000000)
  region size 1024K, 37 young (37888K), 2 survivors (2048K)
 Metaspace       used 140038K, capacity 143875K, committed 144000K, reserved 1173504K
  class space    used 17552K, capacity 18975K, committed 19072K, reserved 1048576K
}
Event: 3879.994 GC heap after
{Heap after GC invocations=158 (full 0):
 garbage-first heap   total 308224K, used 121332K [0x0000000080000000, 0x0000000100000000)
  region size 1024K, 4 young (4096K), 4 survivors (4096K)
 Metaspace       used 140038K, capacity 143875K, committed 144000K, reserved 1173504K
  class space    used 17552K, capacity 18975K, committed 19072K, reserved 1048576K
}

Deoptimization events (20 events):
Event: 3879.477 Thread 0x0000000067e6f800 Uncommon trap: trap_request=0xffffff4d fr.pc=0x000000000dce9d64 relative=0x0000000000000d84
Event: 3879.477 Thread 0x0000000067e6f800 Uncommon trap: reason=unstable_if action=reinterpret pc=0x000000000dce9d64 method=java.io.ObjectInputStream$BlockDataInputStream.readUTFBody(J)Ljava/lang/String; @ 89 c2
Event: 3879.477 Thread 0x0000000067e6f800 DEOPT PACKING pc=0x000000000dce9d64 sp=0x0000000062a664e0
Event: 3879.477 Thread 0x0000000067e6f800 DEOPT UNPACKING pc=0x00000000061d6929 sp=0x0000000062a664c8 mode 2
Event: 3879.886 Thread 0x0000000067e6f800 Uncommon trap: trap_request=0xffffffd6 fr.pc=0x000000000dd49690 relative=0x0000000000001a90
Event: 3879.886 Thread 0x0000000067e6f800 Uncommon trap: reason=array_check action=maybe_recompile pc=0x000000000dd49690 method=java.util.TimSort.reverseRange([Ljava/lang/Object;II)V @ 27 c2
Event: 3879.886 Thread 0x0000000067e6f800 DEOPT PACKING pc=0x000000000dd49690 sp=0x0000000062a64820
Event: 3879.886 Thread 0x0000000067e6f800 DEOPT UNPACKING pc=0x00000000061d6929 sp=0x0000000062a646d8 mode 2
Event: 3879.889 Thread 0x0000000067e6f800 Uncommon trap: trap_request=0xffffffd6 fr.pc=0x000000000dd49690 relative=0x0000000000001a90
Event: 3879.889 Thread 0x0000000067e6f800 Uncommon trap: reason=array_check action=maybe_recompile pc=0x000000000dd49690 method=java.util.TimSort.reverseRange([Ljava/lang/Object;II)V @ 27 c2
Event: 3879.889 Thread 0x0000000067e6f800 DEOPT PACKING pc=0x000000000dd49690 sp=0x0000000062a64aa0
Event: 3879.889 Thread 0x0000000067e6f800 DEOPT UNPACKING pc=0x00000000061d6929 sp=0x0000000062a64958 mode 2
Event: 3881.494 Thread 0x000000005ff36800 Uncommon trap: trap_request=0xffffffde fr.pc=0x000000000dfcb1ec relative=0x00000000000000ac
Event: 3881.494 Thread 0x000000005ff36800 Uncommon trap: reason=class_check action=maybe_recompile pc=0x000000000dfcb1ec method=java.lang.ThreadLocal.set(Ljava/lang/Object;)V @ 26 c2
Event: 3881.494 Thread 0x000000005ff36800 DEOPT PACKING pc=0x000000000dfcb1ec sp=0x00000000713cd590
Event: 3881.494 Thread 0x000000005ff36800 DEOPT UNPACKING pc=0x00000000061d6929 sp=0x00000000713cd520 mode 2
Event: 3894.582 Thread 0x000000005ff32800 Uncommon trap: trap_request=0xffffff4d fr.pc=0x000000000e5bde68 relative=0x0000000000002868
Event: 3894.582 Thread 0x000000005ff32800 Uncommon trap: reason=unstable_if action=reinterpret pc=0x000000000e5bde68 method=java.util.concurrent.ScheduledThreadPoolExecutor$DelayedWorkQueue.finishPoll(Ljava/util/concurrent/RunnableScheduledFuture;)Ljava/util/concurrent/RunnableScheduledFuture; @ 
Event: 3894.582 Thread 0x000000005ff32800 DEOPT PACKING pc=0x000000000e5bde68 sp=0x00000000707df280
Event: 3894.600 Thread 0x000000005ff32800 DEOPT UNPACKING pc=0x00000000061d6929 sp=0x00000000707df0f8 mode 2

Classes redefined (0 events):
No events

Internal exceptions (20 events):
Event: 3879.568 Thread 0x0000000067e6f800 Exception <a 'java/lang/NoSuchMethodError'{0x0000000090da3c10}: <clinit>> (0x0000000090da3c10) thrown at [./src/hotspot/share/prims/jni.cpp, line 1362]
Event: 3879.570 Thread 0x0000000067e6f800 Exception <a 'java/lang/NoSuchMethodError'{0x0000000090dbb990}: <clinit>> (0x0000000090dbb990) thrown at [./src/hotspot/share/prims/jni.cpp, line 1362]
Event: 3879.637 Thread 0x0000000067e6f800 Exception <a 'java/lang/NoSuchMethodError'{0x0000000090a62d40}: 'java.lang.Object java.lang.invoke.DirectMethodHandle$Holder.invokeSpecial(java.lang.Object, java.lang.Object, int, int, java.lang.Object, int, java.lang.Object, java.lang.Object)'> (0x0000000090a62d40) thrown at [./src/hotspot/share/interpreter/linkResolver.cpp, line 773]
Event: 3879.638 Thread 0x0000000067e6f800 Exception <a 'java/lang/NoSuchMethodError'{0x0000000090a678c0}: 'java.lang.Object java.lang.invoke.DelegatingMethodHandle$Holder.reinvoke_L(java.lang.Object, int, int, java.lang.Object, int, java.lang.Object, java.lang.Object)'> (0x0000000090a678c0) thrown at [./src/hotspot/share/interpreter/linkResolver.cpp, line 773]
Event: 3879.674 Thread 0x0000000067e6f800 Exception <a 'java/lang/NoSuchMethodError'{0x0000000090a929f8}: 'java.lang.Object java.lang.invoke.DirectMethodHandle$Holder.invokeStatic(java.lang.Object, java.lang.Object, java.lang.Object, java.lang.Object, java.lang.Object, java.lang.Object, java.lang.Object, java.lang.Object, int)'> (0x0000000090a929f8) thrown at [./src/hotspot/share/interpreter/linkResolver.cpp, line 773]
Event: 3879.685 Thread 0x0000000067e6f800 Exception <a 'java/lang/NoSuchMethodError'{0x0000000090aadd70}: 'java.lang.Object java.lang.invoke.DirectMethodHandle$Holder.invokeStatic(java.lang.Object, java.lang.Object, java.lang.Object, java.lang.Object, java.lang.Object, java.lang.Object, java.lang.Object, java.lang.Object, int, int)'> (0x0000000090aadd70) thrown at [./src/hotspot/share/interpreter/linkResolver.cpp, line 773]
Event: 3879.695 Thread 0x0000000067e6f800 Exception <a 'java/lang/NoSuchMethodError'{0x0000000090aca708}: 'java.lang.Object java.lang.invoke.DirectMethodHandle$Holder.invokeStatic(java.lang.Object, java.lang.Object, java.lang.Object, java.lang.Object, java.lang.Object, java.lang.Object, java.lang.Object, java.lang.Object, int, int, java.lang.Object)'> (0x0000000090aca708) thrown at [./src/hotspot/share/interpreter/linkResolver.cpp, line 773]
Event: 3879.708 Thread 0x0000000067e6f800 Exception <a 'java/lang/NoSuchMethodError'{0x0000000090ae86c0}: 'java.lang.Object java.lang.invoke.DirectMethodHandle$Holder.invokeStatic(java.lang.Object, java.lang.Object, java.lang.Object, java.lang.Object, java.lang.Object, java.lang.Object, java.lang.Object, java.lang.Object, int, int, java.lang.Object, java.lang.Object)'> (0x0000000090ae86c0) thrown at [./src/hotspot/share/interpreter/linkResolver.cpp, line 773]
Event: 3879.727 Thread 0x0000000067e6f800 Exception <a 'java/lang/NoSuchMethodError'{0x000000009091b590}: <clinit>> (0x000000009091b590) thrown at [./src/hotspot/share/prims/jni.cpp, line 1362]
Event: 3879.736 Thread 0x0000000067e6f800 Exception <a 'java/lang/NoSuchMethodError'{0x000000009095e4b0}: <clinit>> (0x000000009095e4b0) thrown at [./src/hotspot/share/prims/jni.cpp, line 1362]
Event: 3879.807 Thread 0x000000005ff33000 Exception <a 'java/lang/InterruptedException'{0x00000000909f5cd0}> (0x00000000909f5cd0) thrown at [./src/hotspot/share/runtime/objectMonitor.cpp, line 1635]
Event: 3879.808 Thread 0x000000005ff33000 Exception <a 'java/lang/NoSuchMethodError'{0x00000000909fdae0}: 'java.lang.Object java.lang.invoke.DirectMethodHandle$Holder.invokeStatic(java.lang.Object, java.lang.Object, int, java.lang.Object, long)'> (0x00000000909fdae0) thrown at [./src/hotspot/share/interpreter/linkResolver.cpp, line 773]
Event: 3879.886 Thread 0x0000000067e6f800 Exception <a 'java/lang/NoSuchMethodError'{0x00000000909f0c80}: <clinit>> (0x00000000909f0c80) thrown at [./src/hotspot/share/prims/jni.cpp, line 1362]
Event: 3879.889 Thread 0x0000000067e6f800 Exception <a 'java/lang/NoSuchMethodError'{0x0000000090834e08}: <clinit>> (0x0000000090834e08) thrown at [./src/hotspot/share/prims/jni.cpp, line 1362]
Event: 3879.891 Thread 0x0000000067e6f800 Exception <a 'java/lang/NoSuchMethodError'{0x000000009084bba0}: <clinit>> (0x000000009084bba0) thrown at [./src/hotspot/share/prims/jni.cpp, line 1362]
Event: 3879.907 Thread 0x0000000067e6f800 Exception <a 'java/lang/NoSuchMethodError'{0x0000000090878de0}: <clinit>> (0x0000000090878de0) thrown at [./src/hotspot/share/prims/jni.cpp, line 1362]
Event: 3880.808 Thread 0x0000000067e6f800 Exception <a 'java/lang/NoSuchMethodError'{0x0000000092b45a88}: <clinit>> (0x0000000092b45a88) thrown at [./src/hotspot/share/prims/jni.cpp, line 1362]
Event: 3881.482 Thread 0x000000005ff36800 Exception <a 'java/lang/NoSuchMethodError'{0x00000000929251e0}: 'java.lang.Object java.lang.invoke.DirectMethodHandle$Holder.invokeStatic(java.lang.Object, java.lang.Object, java.lang.Object, java.lang.Object, java.lang.Object, java.lang.Object, java.lang.Object, java.lang.Object, java.lang.Object, java.lang.Object, java.lang.Object, java.lang.Object, java.lang.Object, int)'> (0x00000000929251e0) thrown at [./src/hotspot/share/interpreter/linkResolver.cpp, line 773]
Event: 3881.485 Thread 0x000000005ff36800 Exception <a 'java/lang/NoSuchMethodError'{0x0000000092931c78}: 'java.lang.Object java.lang.invoke.DirectMethodHandle$Holder.invokeStatic(java.lang.Object, java.lang.Object, java.lang.Object, java.lang.Object, java.lang.Object, java.lang.Object, java.lang.Object, java.lang.Object, java.lang.Object, java.lang.Object, java.lang.Object, java.lang.Object, java.lang.Object, int, int)'> (0x0000000092931c78) thrown at [./src/hotspot/share/interpreter/linkResolver.cpp, line 773]
Event: 3903.772 Thread 0x0000000067e6f800 Exception <a 'sun/net/ConnectionResetException'{0x0000000092ab2398}: > (0x0000000092ab2398) thrown at [./src/hotspot/share/prims/jni.cpp, line 636]

Events (20 events):
Event: 3881.501 loading class sun/rmi/transport/Transport$1
Event: 3881.501 loading class sun/rmi/transport/Transport$1 done
Event: 3881.503 loading class sun/rmi/transport/DGCImpl$LeaseInfo
Event: 3881.503 loading class sun/rmi/transport/DGCImpl$LeaseInfo done
Event: 3881.503 loading class sun/rmi/transport/DGCImpl$1
Event: 3881.503 loading class sun/rmi/transport/DGCImpl$1 done
Event: 3881.503 loading class sun/rmi/transport/SequenceEntry
Event: 3881.504 loading class sun/rmi/transport/SequenceEntry done
Event: 3894.600 Executing VM operation: RevokeBias
Event: 3894.602 Executing VM operation: RevokeBias done
Event: 3894.801 Executing VM operation: RevokeBias
Event: 3894.802 Executing VM operation: RevokeBias done
Event: 3903.769 loading class sun/net/ConnectionResetException
Event: 3903.770 loading class sun/net/ConnectionResetException done
Event: 3903.774 loading class org/jetbrains/kotlin/gradle/utils/ErrorUtilsKt
Event: 3903.774 loading class org/jetbrains/kotlin/gradle/utils/ErrorUtilsKt done
Event: 3903.802 loading class java/lang/Throwable$WrappedPrintWriter
Event: 3903.802 loading class java/lang/Throwable$PrintStreamOrWriter
Event: 3903.802 loading class java/lang/Throwable$PrintStreamOrWriter done
Event: 3903.802 loading class java/lang/Throwable$WrappedPrintWriter done


Dynamic libraries:
0x000000013f5b0000 - 0x000000013f5ba000 	C:\Program Files\Android\Android Studio\jre\bin\java.exe
0x0000000077ab0000 - 0x0000000077c59000 	C:\Windows\SYSTEM32\ntdll.dll
0x0000000077990000 - 0x0000000077aaf000 	C:\Windows\system32\kernel32.dll
0x000007fefdd60000 - 0x000007fefddcb000 	C:\Windows\system32\KERNELBASE.dll
0x000007fef0660000 - 0x000007fef0679000 	C:\Program Files\Android\Android Studio\jre\bin\jli.dll
0x000007fefa910000 - 0x000007fefab04000 	C:\Windows\WinSxS\amd64_microsoft.windows.common-controls_6595b64144ccf1df_6.0.7601.17514_none_fa396087175ac9ac\COMCTL32.dll
0x000007fefe620000 - 0x000007fefe6bf000 	C:\Windows\system32\msvcrt.dll
0x000007fefe6f0000 - 0x000007fefe757000 	C:\Windows\system32\GDI32.dll
0x0000000077890000 - 0x000000007798a000 	C:\Windows\system32\USER32.dll
0x000007feff560000 - 0x000007feff56e000 	C:\Windows\system32\LPK.dll
0x000007fefe550000 - 0x000007fefe619000 	C:\Windows\system32\USP10.dll
0x000007feff570000 - 0x000007feff5e1000 	C:\Windows\system32\SHLWAPI.dll
0x000007fef5620000 - 0x000007fef5637000 	C:\Program Files\Android\Android Studio\jre\bin\VCRUNTIME140.dll
0x000007fefa8d0000 - 0x000007fefa8d4000 	C:\Windows\system32\api-ms-win-crt-runtime-l1-1-0.dll
0x000007fefa540000 - 0x000007fefa632000 	C:\Windows\system32\ucrtbase.DLL
0x000007fefa8c0000 - 0x000007fefa8c3000 	C:\Windows\system32\api-ms-win-core-timezone-l1-1-0.dll
0x000007fefa8b0000 - 0x000007fefa8b3000 	C:\Windows\system32\api-ms-win-core-file-l2-1-0.dll
0x000007fefa790000 - 0x000007fefa793000 	C:\Windows\system32\api-ms-win-core-localization-l1-2-0.dll
0x000007fefa780000 - 0x000007fefa783000 	C:\Windows\system32\api-ms-win-core-synch-l1-2-0.dll
0x000007fefa770000 - 0x000007fefa773000 	C:\Windows\system32\api-ms-win-core-processthreads-l1-1-1.dll
0x000007fefa530000 - 0x000007fefa533000 	C:\Windows\system32\api-ms-win-core-file-l1-2-0.dll
0x000007fefa520000 - 0x000007fefa524000 	C:\Windows\system32\api-ms-win-crt-string-l1-1-0.dll
0x000007fefa510000 - 0x000007fefa513000 	C:\Windows\system32\api-ms-win-crt-heap-l1-1-0.dll
0x000007fefa500000 - 0x000007fefa504000 	C:\Windows\system32\api-ms-win-crt-stdio-l1-1-0.dll
0x000007fefa4f0000 - 0x000007fefa4f4000 	C:\Windows\system32\api-ms-win-crt-convert-l1-1-0.dll
0x000007fefa430000 - 0x000007fefa433000 	C:\Windows\system32\api-ms-win-crt-environment-l1-1-0.dll
0x000007fefa440000 - 0x000007fefa443000 	C:\Windows\system32\api-ms-win-crt-filesystem-l1-1-0.dll
0x000007fefa4d0000 - 0x000007fefa4d5000 	C:\Windows\system32\api-ms-win-crt-math-l1-1-0.dll
0x000007fefa4e0000 - 0x000007fefa4e3000 	C:\Windows\system32\api-ms-win-crt-locale-l1-1-0.dll
0x000007fefe100000 - 0x000007fefe12e000 	C:\Windows\system32\IMM32.DLL
0x000007fefdf10000 - 0x000007fefe019000 	C:\Windows\system32\MSCTF.dll
0x000007feeb190000 - 0x000007feeb22d000 	C:\Program Files\Android\Android Studio\jre\bin\msvcp140.dll
0x000007fefa460000 - 0x000007fefa465000 	C:\Windows\system32\api-ms-win-crt-multibyte-l1-1-0.dll
0x000007fefa450000 - 0x000007fefa453000 	C:\Windows\system32\api-ms-win-crt-time-l1-1-0.dll
0x000007fefa200000 - 0x000007fefa203000 	C:\Windows\system32\api-ms-win-crt-utility-l1-1-0.dll
0x000007fee9b40000 - 0x000007feea60f000 	C:\Program Files\Android\Android Studio\jre\bin\server\jvm.dll
0x000007fefe020000 - 0x000007fefe0fb000 	C:\Windows\system32\ADVAPI32.dll
0x000007fefe760000 - 0x000007fefe77f000 	C:\Windows\SYSTEM32\sechost.dll
0x000007feff8d0000 - 0x000007feff9fd000 	C:\Windows\system32\RPCRT4.dll
0x000007feeeb70000 - 0x000007feeeb79000 	C:\Windows\system32\WSOCK32.dll
0x000007feff510000 - 0x000007feff55d000 	C:\Windows\system32\WS2_32.dll
0x000007fefe6c0000 - 0x000007fefe6c8000 	C:\Windows\system32\NSI.dll
0x000007fefc950000 - 0x000007fefc98b000 	C:\Windows\system32\WINMM.dll
0x000007fefc8b0000 - 0x000007fefc8bc000 	C:\Windows\system32\VERSION.dll
0x0000000077c70000 - 0x0000000077c77000 	C:\Windows\system32\PSAPI.DLL
0x000007fef54b0000 - 0x000007fef54c1000 	C:\Program Files\Android\Android Studio\jre\bin\verify.dll
0x000007fef5f80000 - 0x000007fef60a5000 	C:\Windows\system32\DBGHELP.DLL
0x000007fef52b0000 - 0x000007fef52d9000 	C:\Program Files\Android\Android Studio\jre\bin\java.dll
0x000007fef9840000 - 0x000007fef984b000 	C:\Program Files\Android\Android Studio\jre\bin\jimage.dll
0x000007fef4f70000 - 0x000007fef4f88000 	C:\Program Files\Android\Android Studio\jre\bin\zip.dll
0x000007fefe780000 - 0x000007feff508000 	C:\Windows\system32\SHELL32.dll
0x000007fefe130000 - 0x000007fefe333000 	C:\Windows\system32\ole32.dll
0x000007fefda00000 - 0x000007fefda0f000 	C:\Windows\system32\profapi.dll
0x000007fef4f50000 - 0x000007fef4f6a000 	C:\Program Files\Android\Android Studio\jre\bin\net.dll
0x000007fef8120000 - 0x000007fef8191000 	C:\Windows\system32\WINHTTP.dll
0x000007fef80b0000 - 0x000007fef8114000 	C:\Windows\system32\webio.dll
0x000007fefd230000 - 0x000007fefd285000 	C:\Windows\system32\mswsock.dll
0x000007fefd220000 - 0x000007fefd227000 	C:\Windows\System32\wship6.dll
0x000007fef0770000 - 0x000007fef0784000 	C:\Program Files\Android\Android Studio\jre\bin\nio.dll
0x000007fef5580000 - 0x000007fef55a7000 	C:\Users\Anu\.gradle\native\8bec1ad78214c89d9ad589b4d07fe93259594b29d510b10fafb7a158f7737e5d\windows-amd64\native-platform.dll
0x000007feeaf80000 - 0x000007feeb0bd000 	C:\Users\Anu\.gradle\native\53dbd7edfb1c66fb8903c78663c9afc45aea4f116125fa6feffd364cf09443e8\windows-amd64\native-platform-file-events.dll
0x000007fef5680000 - 0x000007fef568a000 	C:\Program Files\Android\Android Studio\jre\bin\management.dll
0x000007fef5550000 - 0x000007fef555c000 	C:\Program Files\Android\Android Studio\jre\bin\management_ext.dll
0x000007fefd290000 - 0x000007fefd2a7000 	C:\Windows\system32\CRYPTSP.dll
0x000007fefcf90000 - 0x000007fefcfd7000 	C:\Windows\system32\rsaenh.dll
0x000007fefcd50000 - 0x000007fefcd6e000 	C:\Windows\system32\USERENV.dll
0x000007fefd930000 - 0x000007fefd93f000 	C:\Windows\system32\CRYPTBASE.dll
0x000007fefbcd0000 - 0x000007fefbcf7000 	C:\Windows\system32\IPHLPAPI.DLL
0x000007fefbcc0000 - 0x000007fefbccb000 	C:\Windows\system32\WINNSI.DLL
0x000007fefbca0000 - 0x000007fefbcb8000 	C:\Windows\system32\dhcpcsvc.DLL
0x000007fefbc80000 - 0x000007fefbc91000 	C:\Windows\system32\dhcpcsvc6.DLL
0x000007feeb980000 - 0x000007feeb9a7000 	C:\Program Files\Android\Android Studio\jre\bin\sunec.dll
0x000007fef5530000 - 0x000007fef554e000 	C:\Users\Anu\AppData\Local\Temp\native-platform14009261949402328711dir\native-platform.dll
0x000007fefd8d0000 - 0x000007fefd927000 	C:\Windows\system32\apphelp.dll
0x0000000064db0000 - 0x0000000064eb3000 	C:\Users\Anu\AppData\Local\Temp\sqlite-3.25.2-783b4655-6c50-4802-b8cd-cb74acf4152d-sqlitejdbc.dll
0x000007fef7d50000 - 0x000007fef7d58000 	C:\Program Files\Android\Android Studio\jre\bin\rmi.dll

dbghelp: loaded successfully - version: 4.0.5 - missing functions: none
symbol engine: initialized successfully - sym options: 0x614 - pdb path: .;C:\Program Files\Android\Android Studio\jre\bin;C:\Windows\SYSTEM32;C:\Windows\WinSxS\amd64_microsoft.windows.common-controls_6595b64144ccf1df_6.0.7601.17514_none_fa396087175ac9ac;C:\Program Files\Android\Android Studio\jre\bin\server;C:\Users\Anu\.gradle\native\8bec1ad78214c89d9ad589b4d07fe93259594b29d510b10fafb7a158f7737e5d\windows-amd64;C:\Users\Anu\.gradle\native\53dbd7edfb1c66fb8903c78663c9afc45aea4f116125fa6feffd364cf09443e8\windows-amd64;C:\Users\Anu\AppData\Local\Temp\native-platform14009261949402328711dir;C:\Users\Anu\AppData\Local\Temp

VM Arguments:
jvm_args: --add-opens=java.base/java.util=ALL-UNNAMED --add-opens=java.base/java.lang=ALL-UNNAMED --add-opens=java.base/java.lang.invoke=ALL-UNNAMED --add-opens=java.base/java.util=ALL-UNNAMED --add-opens=java.prefs/java.util.prefs=ALL-UNNAMED --add-opens=java.prefs/java.util.prefs=ALL-UNNAMED --add-opens=java.base/java.nio.charset=ALL-UNNAMED --add-opens=java.base/java.net=ALL-UNNAMED --add-opens=java.base/java.util.concurrent.atomic=ALL-UNNAMED -Xmx2048m -Dfile.encoding=UTF-8 -Duser.country=US -Duser.language=en -Duser.variant 
java_command: org.gradle.launcher.daemon.bootstrap.GradleDaemon 7.0.2
java_class_path (initial): C:\Users\Anu\.gradle\wrapper\dists\gradle-7.0.2-bin\857tjihv64xamwrf0h14cai3r\gradle-7.0.2\lib\gradle-launcher-7.0.2.jar
Launcher Type: SUN_STANDARD

[Global flags]
     intx CICompilerCount                          = 2                                         {product} {ergonomic}
     uint ConcGCThreads                            = 1                                         {product} {ergonomic}
     uint G1ConcRefinementThreads                  = 2                                         {product} {ergonomic}
   size_t G1HeapRegionSize                         = 1048576                                   {product} {ergonomic}
    uintx GCDrainStackTargetSize                   = 64                                        {product} {ergonomic}
   size_t InitialHeapSize                          = 50331648                                  {product} {ergonomic}
   size_t MarkStackSize                            = 4194304                                   {product} {ergonomic}
   size_t MaxHeapSize                              = 2147483648                                {product} {command line}
   size_t MaxNewSize                               = 1287651328                                {product} {ergonomic}
   size_t MinHeapDeltaBytes                        = 1048576                                   {product} {ergonomic}
    uintx NonNMethodCodeHeapSize                   = 5825164                                {pd product} {ergonomic}
    uintx NonProfiledCodeHeapSize                  = 122916538                              {pd product} {ergonomic}
    uintx ProfiledCodeHeapSize                     = 122916538                              {pd product} {ergonomic}
    uintx ReservedCodeCacheSize                    = 251658240                              {pd product} {ergonomic}
     bool SegmentedCodeCache                       = true                                      {product} {ergonomic}
     bool UseCompressedClassPointers               = true                                 {lp64_product} {ergonomic}
     bool UseCompressedOops                        = true                                 {lp64_product} {ergonomic}
     bool UseG1GC                                  = true                                      {product} {ergonomic}
     bool UseLargePagesIndividualAllocation        = false                                  {pd product} {ergonomic}

Logging:
Log output configuration:
 #0: stdout all=warning uptime,level,tags
 #1: stderr all=off uptime,level,tags

Environment Variables:
JAVA_HOME=C:\Program Files\Android\Android Studio\jre
PATH=C:\Windows\system32;C:\Windows;C:\Windows\System32\Wbem;C:\Windows\System32\WindowsPowerShell\v1.0\;E:\Git\cmd
USERNAME=Anu
OS=Windows_NT
PROCESSOR_IDENTIFIER=Intel64 Family 6 Model 23 Stepping 10, GenuineIntel



---------------  S Y S T E M  ---------------

OS: Windows 7 , 64 bit Build 7601 (6.1.7601.17514)
OS uptime: 0 days 7:28 hours

CPU:total 2 (initial active 2) (2 cores per cpu, 1 threads per core) family 6 model 23 stepping 10 microcode 0x0, cmov, cx8, fxsr, mmx, sse, sse2, sse3, ssse3, sse4.1, tsc

Memory: 4k page, system-wide physical 3034M (260M free)
TotalPageFile size 4573M (AvailPageFile size 238M)
current process WorkingSet (physical memory assigned to process): 465M, peak: 492M
current process commit charge ("private bytes"): 661M, peak: 688M

vm_info: OpenJDK 64-Bit Server VM (11.0.10+0-b96-7249189) for windows-amd64 JRE (11.0.10+0-b96-7249189), built on Mar 31 2021 21:44:00 by "builder" with MS VC++ 14.0 (VS2015)

END.
