#
# There is insufficient memory for the Java Runtime Environment to continue.
# Native memory allocation (malloc) failed to allocate 1048576 bytes for AllocateHeap
# Possible reasons:
#   The system is out of physical RAM or swap space
#   The process is running with CompressedOops enabled, and the Java Heap may be blocking the growth of the native heap
# Possible solutions:
#   Reduce memory load on the system
#   Increase physical memory or swap space
#   Check if swap backing store is full
#   Decrease Java heap size (-Xmx/-Xms)
#   Decrease number of Java threads
#   Decrease Java thread stack sizes (-Xss)
#   Set larger code cache with -XX:ReservedCodeCacheSize=
#   JVM is running with Unscaled Compressed Oops mode in which the Java heap is
#     placed in the first 4GB address space. The Java Heap base address is the
#     maximum limit for the native heap growth. Please use -XX:HeapBaseMinAddress
#     to set the Java Heap base and to place the Java Heap above 4GB virtual address.
# This output file may be truncated or incomplete.
#
#  Out of Memory Error (./src/hotspot/share/memory/allocation.cpp:46), pid=4012, tid=2740
#
# JRE version: OpenJDK Runtime Environment (11.0.10) (build 11.0.10+0-b96-7249189)
# Java VM: OpenJDK 64-Bit Server VM (11.0.10+0-b96-7249189, mixed mode, tiered, compressed oops, g1 gc, windows-amd64)
# No core dump will be written. Minidumps are not enabled by default on client versions of Windows
#

---------------  S U M M A R Y ------------

Command Line: --add-opens=java.base/java.util=ALL-UNNAMED --add-opens=java.base/java.lang=ALL-UNNAMED --add-opens=java.base/java.lang.invoke=ALL-UNNAMED --add-opens=java.base/java.util=ALL-UNNAMED --add-opens=java.prefs/java.util.prefs=ALL-UNNAMED --add-opens=java.prefs/java.util.prefs=ALL-UNNAMED --add-opens=java.base/java.nio.charset=ALL-UNNAMED --add-opens=java.base/java.net=ALL-UNNAMED --add-opens=java.base/java.util.concurrent.atomic=ALL-UNNAMED -Xmx2048m -Dfile.encoding=UTF-8 -Duser.country=US -Duser.language=en -Duser.variant org.gradle.launcher.daemon.bootstrap.GradleDaemon 7.0.2

Host: Intel(R) Core(TM)2 Duo CPU     T6500  @ 2.10GHz, 2 cores, 2G,  Windows 7 , 64 bit Build 7601 (6.1.7601.17514)
Time: Thu Oct 14 02:19:07 2021 Malay Peninsula Standard Time elapsed time: 368.304728 seconds (0d 0h 6m 8s)

---------------  T H R E A D  ---------------

Current thread (0x000000005d3c5800):  VMThread "VM Thread" [stack: 0x000000005d6e0000,0x000000005d7e0000] [id=2740]

Stack: [0x000000005d6e0000,0x000000005d7e0000]
[error occurred during error reporting (printing stack bounds), id 0xc0000005, EXCEPTION_ACCESS_VIOLATION (0xc0000005) at pc=0x0000000006150f3d]

Native frames: (J=compiled Java code, j=interpreted, Vv=VM code, C=native code)
V  [jvm.dll+0x5ecfaa]
V  [jvm.dll+0x722bd5]
V  [jvm.dll+0x72412d]
V  [jvm.dll+0x724745]
V  [jvm.dll+0x7246fb]
V  [jvm.dll+0x5ec348]
V  [jvm.dll+0x5ecad8]
C  [ntdll.dll+0x29d0d]
C  [ntdll.dll+0x191af]
C  [ntdll.dll+0x51278]
C  0x0000000006150f3d

VM_Operation (0x0000000067b9a3d0): CollectForMetadataAllocation, mode: safepoint, requested by thread 0x0000000060dfe000


---------------  P R O C E S S  ---------------

Threads class SMR info:
_java_thread_list=0x000000006421b260, length=46, elements={
0x0000000000352800, 0x000000005d3c9000, 0x000000005d3d3800, 0x000000005d3e0000,
0x000000005d3e3000, 0x000000005d3e4000, 0x000000005d3e7800, 0x000000005d40d000,
0x000000005d431800, 0x000000005e37f800, 0x000000005f3ab800, 0x000000006023c800,
0x00000000600d4800, 0x000000005eda2000, 0x000000005f893800, 0x000000005f8a8800,
0x000000005fa19800, 0x000000005fa1c800, 0x000000005f2bd000, 0x000000005f2be000,
0x000000005f2be800, 0x000000005f2bf800, 0x000000005f2c0800, 0x000000005f2c1000,
0x000000005f2c2000, 0x000000005f2c3000, 0x000000005f2c3800, 0x000000006081b000,
0x000000006081c000, 0x000000006081d800, 0x000000006081e800, 0x000000006081f000,
0x0000000060821000, 0x0000000060821800, 0x0000000060dfa000, 0x0000000060dfb000,
0x0000000060dfb800, 0x0000000060dfd800, 0x0000000060dfe000, 0x0000000060dff000,
0x0000000067366800, 0x0000000067367800, 0x0000000067368000, 0x0000000067369000,
0x0000000067369800, 0x000000006736b800
}

Java Threads: ( => current thread )
  0x0000000000352800 JavaThread "main" [_thread_blocked, id=3324, stack(0x0000000002370000,0x0000000002470000)]
  0x000000005d3c9000 JavaThread "Reference Handler" daemon [_thread_blocked, id=580, stack(0x000000005d810000,0x000000005d910000)]
  0x000000005d3d3800 JavaThread "Finalizer" daemon [_thread_blocked, id=2860, stack(0x000000005d9f0000,0x000000005daf0000)]
  0x000000005d3e0000 JavaThread "Signal Dispatcher" daemon [_thread_blocked, id=2640, stack(0x000000005dbf0000,0x000000005dcf0000)]
  0x000000005d3e3000 JavaThread "Attach Listener" daemon [_thread_blocked, id=3544, stack(0x000000005dd60000,0x000000005de60000)]
  0x000000005d3e4000 JavaThread "Service Thread" daemon [_thread_blocked, id=1912, stack(0x000000005de80000,0x000000005df80000)]
  0x000000005d3e7800 JavaThread "C2 CompilerThread0" daemon [_thread_blocked, id=3836, stack(0x000000005e030000,0x000000005e130000)]
  0x000000005d40d000 JavaThread "C1 CompilerThread0" daemon [_thread_blocked, id=1936, stack(0x000000005d5d0000,0x000000005d6d0000)]
  0x000000005d431800 JavaThread "Sweeper thread" daemon [_thread_blocked, id=3684, stack(0x000000005e200000,0x000000005e300000)]
  0x000000005e37f800 JavaThread "Common-Cleaner" daemon [_thread_blocked, id=3888, stack(0x000000005e720000,0x000000005e820000)]
  0x000000005f3ab800 JavaThread "Daemon health stats" [_thread_blocked, id=2732, stack(0x0000000061930000,0x0000000061a30000)]
  0x000000006023c800 JavaThread "Incoming local TCP Connector on port 49710" [_thread_in_native, id=3036, stack(0x0000000061df0000,0x0000000061ef0000)]
  0x00000000600d4800 JavaThread "Daemon periodic checks" [_thread_blocked, id=4024, stack(0x0000000062170000,0x0000000062270000)]
  0x000000005eda2000 JavaThread "Daemon" [_thread_blocked, id=2272, stack(0x0000000062300000,0x0000000062400000)]
  0x000000005f893800 JavaThread "Handler for socket connection from /127.0.0.1:49710 to /127.0.0.1:49711" [_thread_in_native, id=2116, stack(0x00000000624a0000,0x00000000625a0000)]
  0x000000005f8a8800 JavaThread "Cancel handler" [_thread_blocked, id=2644, stack(0x0000000062710000,0x0000000062810000)]
  0x000000005fa19800 JavaThread "Daemon worker" [_thread_blocked, id=3952, stack(0x00000000625a0000,0x00000000626a0000)]
  0x000000005fa1c800 JavaThread "Asynchronous log dispatcher for DefaultDaemonConnection: socket connection from /127.0.0.1:49710 to /127.0.0.1:49711" [_thread_blocked, id=2160, stack(0x000000005daf0000,0x000000005dbf0000)]
  0x000000005f2bd000 JavaThread "Daemon client event forwarder" [_thread_blocked, id=4052, stack(0x0000000062af0000,0x0000000062bf0000)]
  0x000000005f2be000 JavaThread "Cache worker for file hash cache (C:\Users\Anu\.gradle\caches\7.0.2\fileHashes)" [_thread_blocked, id=3100, stack(0x0000000062970000,0x0000000062a70000)]
  0x000000005f2be800 JavaThread "File lock request listener" [_thread_in_native, id=3920, stack(0x0000000062ef0000,0x0000000062ff0000)]
  0x000000005f2bf800 JavaThread "Cache worker for journal cache (C:\Users\Anu\.gradle\caches\journal-1)" [_thread_blocked, id=1168, stack(0x00000000631f0000,0x00000000632f0000)]
  0x000000005f2c0800 JavaThread "Cache worker for file hash cache (F:\LetsChat\.gradle\7.0.2\fileHashes)" [_thread_blocked, id=3568, stack(0x0000000063550000,0x0000000063650000)]
  0x000000005f2c1000 JavaThread "File watcher server" daemon [_thread_blocked, id=1120, stack(0x0000000063740000,0x0000000063840000)]
  0x000000005f2c2000 JavaThread "File watcher consumer" daemon [_thread_blocked, id=2088, stack(0x00000000648f0000,0x00000000649f0000)]
  0x000000005f2c3000 JavaThread "Cache worker for checksums cache (F:\LetsChat\.gradle\checksums)" [_thread_blocked, id=2172, stack(0x0000000064ce0000,0x0000000064de0000)]
  0x000000005f2c3800 JavaThread "Cache worker for cache directory md-supplier (C:\Users\Anu\.gradle\caches\7.0.2\md-supplier)" [_thread_blocked, id=1960, stack(0x0000000064f10000,0x0000000065010000)]
  0x000000006081b000 JavaThread "Cache worker for cache directory md-rule (C:\Users\Anu\.gradle\caches\7.0.2\md-rule)" [_thread_blocked, id=2412, stack(0x0000000065360000,0x0000000065460000)]
  0x000000006081c000 JavaThread "Cache worker for execution history cache (C:\Users\Anu\.gradle\caches\7.0.2\executionHistory)" [_thread_blocked, id=3032, stack(0x0000000061820000,0x0000000061920000)]
  0x000000006081d800 JavaThread "jar transforms" [_thread_blocked, id=2056, stack(0x0000000065b80000,0x0000000065c80000)]
  0x000000006081e800 JavaThread "jar transforms Thread 2" [_thread_blocked, id=3892, stack(0x0000000064de0000,0x0000000064ee0000)]
  0x000000006081f000 JavaThread "Cache worker for file content cache (C:\Users\Anu\.gradle\caches\7.0.2\fileContent)" [_thread_blocked, id=1560, stack(0x0000000065a70000,0x0000000065b70000)]
  0x0000000060821000 JavaThread "Cache worker for dependencies-accessors (F:\LetsChat\.gradle\7.0.2\dependencies-accessors)" [_thread_blocked, id=4040, stack(0x00000000660a0000,0x00000000661a0000)]
  0x0000000060821800 JavaThread "Cache worker for Build Output Cleanup Cache (F:\LetsChat\.gradle\buildOutputCleanup)" [_thread_blocked, id=4004, stack(0x0000000067590000,0x0000000067690000)]
  0x0000000060dfa000 JavaThread "Build operations" [_thread_blocked, id=3352, stack(0x0000000067990000,0x0000000067a90000)]
  0x0000000060dfb000 JavaThread "Build operations Thread 2" [_thread_blocked, id=2168, stack(0x0000000067c50000,0x0000000067d50000)]
  0x0000000060dfb800 JavaThread "Memory manager" [_thread_blocked, id=4008, stack(0x0000000068970000,0x0000000068a70000)]
  0x0000000060dfd800 JavaThread "build event listener" [_thread_blocked, id=2600, stack(0x0000000062870000,0x0000000062970000)]
  0x0000000060dfe000 JavaThread "Execution worker for ':'" [_thread_blocked, id=1300, stack(0x0000000067aa0000,0x0000000067ba0000)]
  0x0000000060dff000 JavaThread "Cache worker for execution history cache (F:\LetsChat\.gradle\7.0.2\executionHistory)" [_thread_blocked, id=3056, stack(0x000000006ad90000,0x000000006ae90000)]
  0x0000000067366800 JavaThread "WorkerExecutor Queue" [_thread_blocked, id=2708, stack(0x000000006b4f0000,0x000000006b5f0000)]
  0x0000000067367800 JavaThread "WorkerExecutor Queue Thread 2" [_thread_blocked, id=3168, stack(0x000000006b620000,0x000000006b720000)]
  0x0000000067368000 JavaThread "pool-3-thread-1" [_thread_blocked, id=1368, stack(0x0000000067890000,0x0000000067990000)]
  0x0000000067369000 JavaThread "stderr" [_thread_in_native, id=1824, stack(0x000000006ac80000,0x000000006ad80000)]
  0x0000000067369800 JavaThread "stdout" [_thread_in_native, id=4036, stack(0x000000006bdd0000,0x000000006bed0000)]
  0x000000006736b800 JavaThread "Thread-33" [_thread_blocked, id=4304, stack(0x0000000065220000,0x0000000065320000)]

Other Threads:
=>0x000000005d3c5800 VMThread "VM Thread" [stack: 0x000000005d6e0000,0x000000005d7e0000] [id=2740]
  0x000000005e3b9000 WatcherThread [stack: 0x000000005e910000,0x000000005ea10000] [id=3676]
  0x000000000036a800 GCTaskThread "GC Thread#0" [stack: 0x00000000153e0000,0x00000000154e0000] [id=1180]
  0x000000005e4ff800 GCTaskThread "GC Thread#1" [stack: 0x000000005eae0000,0x000000005ebe0000] [id=3716]
  0x000000000039a000 ConcurrentGCThread "G1 Main Marker" [stack: 0x000000001a350000,0x000000001a450000] [id=3520]
  0x000000000039b800 ConcurrentGCThread "G1 Conc#0" [stack: 0x000000001a250000,0x000000001a350000] [id=1208]
  0x00000000003e3800 ConcurrentGCThread "G1 Refine#0" [stack: 0x000000001c730000,0x000000001c830000] [id=2452]
  0x00000000003e4800 ConcurrentGCThread "G1 Young RemSet Sampling" [stack: 0x000000001c900000,0x000000001ca00000] [id=1908]

Threads with active compile tasks:

VM state:at safepoint (normal execution)

VM Mutex/Monitor currently owned by a thread:  ([mutex/lock_event])
[0x000000000034eb70] Threads_lock - owner thread: 0x000000005d3c5800
[0x000000000034f350] Heap_lock - owner thread: 0x0000000060dfe000

Heap address: 0x0000000080000000, size: 2048 MB, Compressed Oops mode: 32-bit
Narrow klass base: 0x0000000000000000, Narrow klass shift: 0
Compressed class space size: 1073741824 Address: 0x000000001ca00000

Heap:
 garbage-first heap   total 164864K, used 98460K [0x0000000080000000, 0x0000000100000000)
  region size 1024K, 4 young (4096K), 4 survivors (4096K)
 Metaspace       used 100844K, capacity 103098K, committed 103164K, reserved 1144832K
  class space    used 12808K, capacity 13649K, committed 13696K, reserved 1048576K
Heap Regions: E=young(eden), S=young(survivor), O=old, HS=humongous(starts), HC=humongous(continues), CS=collection set, F=free, A=archive, TAMS=top-at-mark-start (previous, next)
|   0|0x0000000080000000, 0x0000000080100000, 0x0000000080100000|100%| O|  |TAMS 0x0000000080100000, 0x0000000080000000| Complete 
|   1|0x0000000080100000, 0x0000000080200000, 0x0000000080200000|100%| O|  |TAMS 0x0000000080200000, 0x0000000080100000| Untracked 
|   2|0x0000000080200000, 0x0000000080300000, 0x0000000080300000|100%| O|  |TAMS 0x0000000080300000, 0x0000000080200000| Untracked 
|   3|0x0000000080300000, 0x0000000080400000, 0x0000000080400000|100%| O|  |TAMS 0x0000000080400000, 0x0000000080300000| Untracked 
|   4|0x0000000080400000, 0x0000000080500000, 0x0000000080500000|100%|HS|  |TAMS 0x0000000080500000, 0x0000000080400000| Complete 
|   5|0x0000000080500000, 0x0000000080600000, 0x0000000080600000|100%|HC|  |TAMS 0x0000000080600000, 0x0000000080500000| Complete 
|   6|0x0000000080600000, 0x0000000080700000, 0x0000000080700000|100%|HC|  |TAMS 0x0000000080700000, 0x0000000080600000| Complete 
|   7|0x0000000080700000, 0x0000000080800000, 0x0000000080800000|100%| O|  |TAMS 0x0000000080800000, 0x0000000080700000| Untracked 
|   8|0x0000000080800000, 0x0000000080900000, 0x0000000080900000|100%| O|  |TAMS 0x0000000080900000, 0x0000000080800000| Untracked 
|   9|0x0000000080900000, 0x0000000080a00000, 0x0000000080a00000|100%| O|  |TAMS 0x0000000080a00000, 0x0000000080900000| Untracked 
|  10|0x0000000080a00000, 0x0000000080b00000, 0x0000000080b00000|100%| O|  |TAMS 0x0000000080b00000, 0x0000000080a00000| Untracked 
|  11|0x0000000080b00000, 0x0000000080c00000, 0x0000000080c00000|100%| O|  |TAMS 0x0000000080c00000, 0x0000000080b00000| Complete 
|  12|0x0000000080c00000, 0x0000000080d00000, 0x0000000080d00000|100%| O|  |TAMS 0x0000000080d00000, 0x0000000080c00000| Untracked 
|  13|0x0000000080d00000, 0x0000000080e00000, 0x0000000080e00000|100%| O|  |TAMS 0x0000000080e00000, 0x0000000080d00000| Untracked 
|  14|0x0000000080e00000, 0x0000000080f00000, 0x0000000080f00000|100%| O|  |TAMS 0x0000000080f00000, 0x0000000080e00000| Untracked 
|  15|0x0000000080f00000, 0x0000000081000000, 0x0000000081000000|100%| O|  |TAMS 0x0000000081000000, 0x0000000080f00000| Complete 
|  16|0x0000000081000000, 0x0000000081100000, 0x0000000081100000|100%| O|  |TAMS 0x0000000081100000, 0x0000000081000000| Untracked 
|  17|0x0000000081100000, 0x0000000081200000, 0x0000000081200000|100%| O|  |TAMS 0x0000000081200000, 0x0000000081100000| Complete 
|  18|0x0000000081200000, 0x0000000081300000, 0x0000000081300000|100%| O|  |TAMS 0x0000000081300000, 0x0000000081200000| Untracked 
|  19|0x0000000081300000, 0x0000000081400000, 0x0000000081400000|100%| O|  |TAMS 0x0000000081400000, 0x0000000081300000| Untracked 
|  20|0x0000000081400000, 0x0000000081500000, 0x0000000081500000|100%| O|  |TAMS 0x0000000081500000, 0x0000000081400000| Untracked 
|  21|0x0000000081500000, 0x0000000081600000, 0x0000000081600000|100%| O|  |TAMS 0x0000000081600000, 0x0000000081500000| Complete 
|  22|0x0000000081600000, 0x0000000081700000, 0x0000000081700000|100%| O|  |TAMS 0x0000000081700000, 0x0000000081600000| Complete 
|  23|0x0000000081700000, 0x0000000081800000, 0x0000000081800000|100%| O|  |TAMS 0x0000000081800000, 0x0000000081700000| Complete 
|  24|0x0000000081800000, 0x0000000081900000, 0x0000000081900000|100%| O|  |TAMS 0x0000000081900000, 0x0000000081800000| Untracked 
|  25|0x0000000081900000, 0x0000000081a00000, 0x0000000081a00000|100%| O|  |TAMS 0x0000000081a00000, 0x0000000081900000| Complete 
|  26|0x0000000081a00000, 0x0000000081b00000, 0x0000000081b00000|100%| O|  |TAMS 0x0000000081b00000, 0x0000000081a00000| Untracked 
|  27|0x0000000081b00000, 0x0000000081c00000, 0x0000000081c00000|100%| O|  |TAMS 0x0000000081c00000, 0x0000000081b00000| Untracked 
|  28|0x0000000081c00000, 0x0000000081d00000, 0x0000000081d00000|100%| O|  |TAMS 0x0000000081d00000, 0x0000000081c00000| Untracked 
|  29|0x0000000081d00000, 0x0000000081e00000, 0x0000000081e00000|100%| O|  |TAMS 0x0000000081e00000, 0x0000000081d00000| Untracked 
|  30|0x0000000081e00000, 0x0000000081f00000, 0x0000000081f00000|100%| O|  |TAMS 0x0000000081f00000, 0x0000000081e00000| Untracked 
|  31|0x0000000081f00000, 0x0000000082000000, 0x0000000082000000|100%| O|  |TAMS 0x0000000082000000, 0x0000000081f00000| Untracked 
|  32|0x0000000082000000, 0x0000000082100000, 0x0000000082100000|100%| O|  |TAMS 0x0000000082100000, 0x0000000082000000| Complete 
|  33|0x0000000082100000, 0x0000000082200000, 0x0000000082200000|100%|HS|  |TAMS 0x0000000082200000, 0x0000000082100000| Complete 
|  34|0x0000000082200000, 0x0000000082300000, 0x0000000082300000|100%|HS|  |TAMS 0x0000000082300000, 0x0000000082200000| Complete 
|  35|0x0000000082300000, 0x0000000082400000, 0x0000000082400000|100%|HS|  |TAMS 0x0000000082400000, 0x0000000082300000| Complete 
|  36|0x0000000082400000, 0x0000000082500000, 0x0000000082500000|100%|HS|  |TAMS 0x0000000082500000, 0x0000000082400000| Complete 
|  37|0x0000000082500000, 0x0000000082600000, 0x0000000082600000|100%|HC|  |TAMS 0x0000000082600000, 0x0000000082500000| Complete 
|  38|0x0000000082600000, 0x0000000082700000, 0x0000000082700000|100%|HC|  |TAMS 0x0000000082700000, 0x0000000082600000| Complete 
|  39|0x0000000082700000, 0x0000000082800000, 0x0000000082800000|100%|HS|  |TAMS 0x0000000082800000, 0x0000000082700000| Complete 
|  40|0x0000000082800000, 0x0000000082900000, 0x0000000082900000|100%|HC|  |TAMS 0x0000000082900000, 0x0000000082800000| Complete 
|  41|0x0000000082900000, 0x0000000082a00000, 0x0000000082a00000|100%| O|  |TAMS 0x0000000082a00000, 0x0000000082900000| Untracked 
|  42|0x0000000082a00000, 0x0000000082b00000, 0x0000000082b00000|100%| O|  |TAMS 0x0000000082b00000, 0x0000000082a00000| Untracked 
|  43|0x0000000082b00000, 0x0000000082c00000, 0x0000000082c00000|100%| O|  |TAMS 0x0000000082c00000, 0x0000000082b00000| Untracked 
|  44|0x0000000082c00000, 0x0000000082d00000, 0x0000000082d00000|100%| O|  |TAMS 0x0000000082d00000, 0x0000000082c00000| Untracked 
|  45|0x0000000082d00000, 0x0000000082e00000, 0x0000000082e00000|100%| O|  |TAMS 0x0000000082e00000, 0x0000000082d00000| Complete 
|  46|0x0000000082e00000, 0x0000000082f00000, 0x0000000082f00000|100%| O|  |TAMS 0x0000000082f00000, 0x0000000082e00000| Untracked 
|  47|0x0000000082f00000, 0x0000000083000000, 0x0000000083000000|100%| O|  |TAMS 0x0000000083000000, 0x0000000082f00000| Untracked 
|  48|0x0000000083000000, 0x0000000083100000, 0x0000000083100000|100%| O|  |TAMS 0x0000000083100000, 0x0000000083000000| Untracked 
|  49|0x0000000083100000, 0x0000000083200000, 0x0000000083200000|100%| O|  |TAMS 0x0000000083200000, 0x0000000083100000| Untracked 
|  50|0x0000000083200000, 0x0000000083300000, 0x0000000083300000|100%| O|  |TAMS 0x0000000083300000, 0x0000000083200000| Untracked 
|  51|0x0000000083300000, 0x0000000083400000, 0x0000000083400000|100%| O|  |TAMS 0x0000000083400000, 0x0000000083300000| Untracked 
|  52|0x0000000083400000, 0x0000000083500000, 0x0000000083500000|100%| O|  |TAMS 0x0000000083500000, 0x0000000083400000| Untracked 
|  53|0x0000000083500000, 0x0000000083600000, 0x0000000083600000|100%| O|  |TAMS 0x0000000083600000, 0x0000000083500000| Untracked 
|  54|0x0000000083600000, 0x0000000083700000, 0x0000000083700000|100%| O|  |TAMS 0x0000000083700000, 0x0000000083600000| Untracked 
|  55|0x0000000083700000, 0x0000000083800000, 0x0000000083800000|100%| O|  |TAMS 0x0000000083800000, 0x0000000083700000| Complete 
|  56|0x0000000083800000, 0x0000000083900000, 0x0000000083900000|100%| O|  |TAMS 0x0000000083900000, 0x0000000083800000| Complete 
|  57|0x0000000083900000, 0x0000000083a00000, 0x0000000083a00000|100%| O|  |TAMS 0x0000000083a00000, 0x0000000083900000| Untracked 
|  58|0x0000000083a00000, 0x0000000083b00000, 0x0000000083b00000|100%| O|  |TAMS 0x0000000083b00000, 0x0000000083a00000| Untracked 
|  59|0x0000000083b00000, 0x0000000083c00000, 0x0000000083c00000|100%| O|  |TAMS 0x0000000083c00000, 0x0000000083b00000| Untracked 
|  60|0x0000000083c00000, 0x0000000083d00000, 0x0000000083d00000|100%| O|  |TAMS 0x0000000083d00000, 0x0000000083c00000| Untracked 
|  61|0x0000000083d00000, 0x0000000083e00000, 0x0000000083e00000|100%| O|  |TAMS 0x0000000083e00000, 0x0000000083d00000| Untracked 
|  62|0x0000000083e00000, 0x0000000083f00000, 0x0000000083f00000|100%| O|  |TAMS 0x0000000083f00000, 0x0000000083e00000| Untracked 
|  63|0x0000000083f00000, 0x0000000084000000, 0x0000000084000000|100%| O|  |TAMS 0x0000000084000000, 0x0000000083f00000| Complete 
|  64|0x0000000084000000, 0x0000000084100000, 0x0000000084100000|100%| O|  |TAMS 0x0000000084100000, 0x0000000084000000| Untracked 
|  65|0x0000000084100000, 0x0000000084200000, 0x0000000084200000|100%| O|  |TAMS 0x0000000084200000, 0x0000000084100000| Untracked 
|  66|0x0000000084200000, 0x0000000084300000, 0x0000000084300000|100%| O|  |TAMS 0x0000000084300000, 0x0000000084200000| Untracked 
|  67|0x0000000084300000, 0x0000000084400000, 0x0000000084400000|100%| O|  |TAMS 0x0000000084400000, 0x0000000084300000| Complete 
|  68|0x0000000084400000, 0x0000000084500000, 0x0000000084500000|100%| O|  |TAMS 0x0000000084500000, 0x0000000084400000| Untracked 
|  69|0x0000000084500000, 0x0000000084600000, 0x0000000084600000|100%| O|  |TAMS 0x0000000084600000, 0x0000000084500000| Complete 
|  70|0x0000000084600000, 0x0000000084700000, 0x0000000084700000|100%| O|  |TAMS 0x0000000084700000, 0x0000000084600000| Complete 
|  71|0x0000000084700000, 0x0000000084800000, 0x0000000084800000|100%| O|  |TAMS 0x0000000084800000, 0x0000000084700000| Complete 
|  72|0x0000000084800000, 0x0000000084900000, 0x0000000084900000|100%| O|  |TAMS 0x0000000084900000, 0x0000000084800000| Untracked 
|  73|0x0000000084900000, 0x0000000084a00000, 0x0000000084a00000|100%| O|  |TAMS 0x0000000084a00000, 0x0000000084900000| Untracked 
|  74|0x0000000084a00000, 0x0000000084b00000, 0x0000000084b00000|100%| O|  |TAMS 0x0000000084b00000, 0x0000000084a00000| Complete 
|  75|0x0000000084b00000, 0x0000000084c00000, 0x0000000084c00000|100%| O|  |TAMS 0x0000000084c00000, 0x0000000084b00000| Untracked 
|  76|0x0000000084c00000, 0x0000000084d00000, 0x0000000084d00000|100%| O|  |TAMS 0x0000000084d00000, 0x0000000084c00000| Untracked 
|  77|0x0000000084d00000, 0x0000000084e00000, 0x0000000084e00000|100%| O|  |TAMS 0x0000000084e00000, 0x0000000084d00000| Untracked 
|  78|0x0000000084e00000, 0x0000000084f00000, 0x0000000084f00000|100%| O|  |TAMS 0x0000000084f00000, 0x0000000084e00000| Untracked 
|  79|0x0000000084f00000, 0x0000000085000000, 0x0000000085000000|100%| O|  |TAMS 0x0000000085000000, 0x0000000084f00000| Untracked 
|  80|0x0000000085000000, 0x0000000085100000, 0x0000000085100000|100%| O|  |TAMS 0x0000000085100000, 0x0000000085000000| Complete 
|  81|0x0000000085100000, 0x0000000085200000, 0x0000000085200000|100%| O|  |TAMS 0x0000000085200000, 0x0000000085100000| Untracked 
|  82|0x0000000085200000, 0x0000000085300000, 0x0000000085300000|100%| O|  |TAMS 0x0000000085300000, 0x0000000085200000| Complete 
|  83|0x0000000085300000, 0x0000000085400000, 0x0000000085400000|100%| O|  |TAMS 0x0000000085400000, 0x0000000085300000| Complete 
|  84|0x0000000085400000, 0x0000000085500000, 0x0000000085500000|100%| O|  |TAMS 0x0000000085500000, 0x0000000085400000| Untracked 
|  85|0x0000000085500000, 0x0000000085600000, 0x0000000085600000|100%| O|  |TAMS 0x00000000855ea200, 0x0000000085500000| Untracked 
|  86|0x0000000085600000, 0x0000000085700000, 0x0000000085700000|100%| O|  |TAMS 0x0000000085600000, 0x0000000085600000| Untracked 
|  87|0x0000000085700000, 0x0000000085800000, 0x0000000085800000|100%| O|  |TAMS 0x0000000085700000, 0x0000000085700000| Untracked 
|  88|0x0000000085800000, 0x0000000085900000, 0x0000000085900000|100%| O|  |TAMS 0x0000000085900000, 0x0000000085800000| Complete 
|  89|0x0000000085900000, 0x00000000859a7000, 0x0000000085a00000| 65%| O|  |TAMS 0x0000000085900000, 0x0000000085900000| Untracked 
|  90|0x0000000085a00000, 0x0000000085a00000, 0x0000000085b00000|  0%| F|  |TAMS 0x0000000085a00000, 0x0000000085a00000| Untracked 
|  91|0x0000000085b00000, 0x0000000085b00000, 0x0000000085c00000|  0%| F|  |TAMS 0x0000000085b00000, 0x0000000085b00000| Untracked 
|  92|0x0000000085c00000, 0x0000000085d00000, 0x0000000085d00000|100%| O|  |TAMS 0x0000000085d00000, 0x0000000085c00000| Untracked 
|  93|0x0000000085d00000, 0x0000000085e00000, 0x0000000085e00000|100%| O|  |TAMS 0x0000000085e00000, 0x0000000085d00000| Complete 
|  94|0x0000000085e00000, 0x0000000085f00000, 0x0000000085f00000|100%| O|  |TAMS 0x0000000085f00000, 0x0000000085e00000| Complete 
|  95|0x0000000085f00000, 0x0000000085f00000, 0x0000000086000000|  0%| F|  |TAMS 0x0000000085f00000, 0x0000000085f00000| Untracked 
|  96|0x0000000086000000, 0x0000000086000000, 0x0000000086100000|  0%| F|  |TAMS 0x0000000086000000, 0x0000000086000000| Untracked 
|  97|0x0000000086100000, 0x0000000086100000, 0x0000000086200000|  0%| F|  |TAMS 0x0000000086100000, 0x0000000086100000| Untracked 
|  98|0x0000000086200000, 0x0000000086200000, 0x0000000086300000|  0%| F|  |TAMS 0x0000000086200000, 0x0000000086200000| Untracked 
|  99|0x0000000086300000, 0x0000000086300000, 0x0000000086400000|  0%| F|  |TAMS 0x0000000086300000, 0x0000000086300000| Untracked 
| 100|0x0000000086400000, 0x0000000086400000, 0x0000000086500000|  0%| F|  |TAMS 0x0000000086400000, 0x0000000086400000| Untracked 
| 101|0x0000000086500000, 0x0000000086500000, 0x0000000086600000|  0%| F|  |TAMS 0x0000000086500000, 0x0000000086500000| Untracked 
| 102|0x0000000086600000, 0x0000000086600000, 0x0000000086700000|  0%| F|  |TAMS 0x0000000086600000, 0x0000000086600000| Untracked 
| 103|0x0000000086700000, 0x0000000086700000, 0x0000000086800000|  0%| F|  |TAMS 0x0000000086700000, 0x0000000086700000| Untracked 
| 104|0x0000000086800000, 0x0000000086800000, 0x0000000086900000|  0%| F|  |TAMS 0x0000000086800000, 0x0000000086800000| Untracked 
| 105|0x0000000086900000, 0x0000000086900000, 0x0000000086a00000|  0%| F|  |TAMS 0x0000000086900000, 0x0000000086900000| Untracked 
| 106|0x0000000086a00000, 0x0000000086a00000, 0x0000000086b00000|  0%| F|  |TAMS 0x0000000086a00000, 0x0000000086a00000| Untracked 
| 107|0x0000000086b00000, 0x0000000086b00000, 0x0000000086c00000|  0%| F|  |TAMS 0x0000000086b00000, 0x0000000086b00000| Untracked 
| 108|0x0000000086c00000, 0x0000000086c00000, 0x0000000086d00000|  0%| F|  |TAMS 0x0000000086c00000, 0x0000000086c00000| Untracked 
| 109|0x0000000086d00000, 0x0000000086d00000, 0x0000000086e00000|  0%| F|  |TAMS 0x0000000086d00000, 0x0000000086d00000| Untracked 
| 110|0x0000000086e00000, 0x0000000086e00000, 0x0000000086f00000|  0%| F|  |TAMS 0x0000000086e00000, 0x0000000086e00000| Untracked 
| 111|0x0000000086f00000, 0x0000000086f00000, 0x0000000087000000|  0%| F|  |TAMS 0x0000000086f00000, 0x0000000086f00000| Untracked 
| 112|0x0000000087000000, 0x0000000087000000, 0x0000000087100000|  0%| F|  |TAMS 0x0000000087000000, 0x0000000087000000| Untracked 
| 113|0x0000000087100000, 0x0000000087100000, 0x0000000087200000|  0%| F|  |TAMS 0x0000000087100000, 0x0000000087100000| Untracked 
| 114|0x0000000087200000, 0x0000000087200000, 0x0000000087300000|  0%| F|  |TAMS 0x0000000087200000, 0x0000000087200000| Untracked 
| 115|0x0000000087300000, 0x0000000087300000, 0x0000000087400000|  0%| F|  |TAMS 0x0000000087300000, 0x0000000087300000| Untracked 
| 116|0x0000000087400000, 0x0000000087400000, 0x0000000087500000|  0%| F|  |TAMS 0x0000000087400000, 0x0000000087400000| Untracked 
| 117|0x0000000087500000, 0x0000000087500000, 0x0000000087600000|  0%| F|  |TAMS 0x0000000087500000, 0x0000000087500000| Untracked 
| 118|0x0000000087600000, 0x0000000087600000, 0x0000000087700000|  0%| F|  |TAMS 0x0000000087600000, 0x0000000087600000| Untracked 
| 119|0x0000000087700000, 0x0000000087700000, 0x0000000087800000|  0%| F|  |TAMS 0x0000000087700000, 0x0000000087700000| Untracked 
| 120|0x0000000087800000, 0x0000000087800000, 0x0000000087900000|  0%| F|  |TAMS 0x0000000087800000, 0x0000000087800000| Untracked 
| 121|0x0000000087900000, 0x0000000087900000, 0x0000000087a00000|  0%| F|  |TAMS 0x0000000087900000, 0x0000000087900000| Untracked 
| 122|0x0000000087a00000, 0x0000000087a00000, 0x0000000087b00000|  0%| F|  |TAMS 0x0000000087a00000, 0x0000000087a00000| Untracked 
| 123|0x0000000087b00000, 0x0000000087b00000, 0x0000000087c00000|  0%| F|  |TAMS 0x0000000087b00000, 0x0000000087b00000| Untracked 
| 124|0x0000000087c00000, 0x0000000087c00000, 0x0000000087d00000|  0%| F|  |TAMS 0x0000000087c00000, 0x0000000087c00000| Untracked 
| 125|0x0000000087d00000, 0x0000000087d00000, 0x0000000087e00000|  0%| F|  |TAMS 0x0000000087d00000, 0x0000000087d00000| Untracked 
| 126|0x0000000087e00000, 0x0000000087e00000, 0x0000000087f00000|  0%| F|  |TAMS 0x0000000087e00000, 0x0000000087e00000| Untracked 
| 127|0x0000000087f00000, 0x0000000087f00000, 0x0000000088000000|  0%| F|  |TAMS 0x0000000087f00000, 0x0000000087f00000| Untracked 
| 128|0x0000000088000000, 0x0000000088000000, 0x0000000088100000|  0%| F|  |TAMS 0x0000000088000000, 0x0000000088000000| Untracked 
| 129|0x0000000088100000, 0x0000000088100000, 0x0000000088200000|  0%| F|  |TAMS 0x0000000088100000, 0x0000000088100000| Untracked 
| 130|0x0000000088200000, 0x0000000088200000, 0x0000000088300000|  0%| F|  |TAMS 0x0000000088200000, 0x0000000088200000| Untracked 
| 131|0x0000000088300000, 0x0000000088300000, 0x0000000088400000|  0%| F|  |TAMS 0x0000000088300000, 0x0000000088300000| Untracked 
| 132|0x0000000088400000, 0x0000000088400000, 0x0000000088500000|  0%| F|  |TAMS 0x0000000088400000, 0x0000000088400000| Untracked 
| 133|0x0000000088500000, 0x0000000088500000, 0x0000000088600000|  0%| F|  |TAMS 0x0000000088500000, 0x0000000088500000| Untracked 
| 134|0x0000000088600000, 0x0000000088600000, 0x0000000088700000|  0%| F|  |TAMS 0x0000000088600000, 0x0000000088600000| Untracked 
| 135|0x0000000088700000, 0x0000000088700000, 0x0000000088800000|  0%| F|  |TAMS 0x0000000088700000, 0x0000000088700000| Untracked 
| 136|0x0000000088800000, 0x0000000088800000, 0x0000000088900000|  0%| F|  |TAMS 0x0000000088800000, 0x0000000088800000| Untracked 
| 137|0x0000000088900000, 0x0000000088900000, 0x0000000088a00000|  0%| F|  |TAMS 0x0000000088900000, 0x0000000088900000| Untracked 
| 138|0x0000000088a00000, 0x0000000088a00000, 0x0000000088b00000|  0%| F|  |TAMS 0x0000000088a00000, 0x0000000088a00000| Untracked 
| 139|0x0000000088b00000, 0x0000000088b00000, 0x0000000088c00000|  0%| F|  |TAMS 0x0000000088b00000, 0x0000000088b00000| Untracked 
| 140|0x0000000088c00000, 0x0000000088c00000, 0x0000000088d00000|  0%| F|  |TAMS 0x0000000088c00000, 0x0000000088c00000| Untracked 
| 141|0x0000000088d00000, 0x0000000088d00000, 0x0000000088e00000|  0%| F|  |TAMS 0x0000000088d00000, 0x0000000088d00000| Untracked 
| 142|0x0000000088e00000, 0x0000000088e00000, 0x0000000088f00000|  0%| F|  |TAMS 0x0000000088e00000, 0x0000000088e00000| Untracked 
| 143|0x0000000088f00000, 0x0000000088f00000, 0x0000000089000000|  0%| F|  |TAMS 0x0000000088f00000, 0x0000000088f00000| Untracked 
| 144|0x0000000089000000, 0x0000000089000000, 0x0000000089100000|  0%| F|  |TAMS 0x0000000089000000, 0x0000000089000000| Untracked 
| 145|0x0000000089100000, 0x0000000089100000, 0x0000000089200000|  0%| F|  |TAMS 0x0000000089100000, 0x0000000089100000| Untracked 
| 146|0x0000000089200000, 0x0000000089200000, 0x0000000089300000|  0%| F|  |TAMS 0x0000000089200000, 0x0000000089200000| Untracked 
| 147|0x0000000089300000, 0x0000000089300000, 0x0000000089400000|  0%| F|  |TAMS 0x0000000089300000, 0x0000000089300000| Untracked 
| 148|0x0000000089400000, 0x0000000089400000, 0x0000000089500000|  0%| F|  |TAMS 0x0000000089400000, 0x0000000089400000| Untracked 
| 149|0x0000000089500000, 0x0000000089500000, 0x0000000089600000|  0%| F|  |TAMS 0x0000000089500000, 0x0000000089500000| Untracked 
| 150|0x0000000089600000, 0x0000000089600000, 0x0000000089700000|  0%| F|  |TAMS 0x0000000089600000, 0x0000000089600000| Untracked 
| 151|0x0000000089700000, 0x0000000089700000, 0x0000000089800000|  0%| F|  |TAMS 0x0000000089700000, 0x0000000089700000| Untracked 
| 152|0x0000000089800000, 0x0000000089800000, 0x0000000089900000|  0%| F|  |TAMS 0x0000000089800000, 0x0000000089800000| Untracked 
| 153|0x0000000089900000, 0x0000000089980000, 0x0000000089a00000| 50%| S|CS|TAMS 0x0000000089900000, 0x0000000089900000| Complete 
| 154|0x0000000089a00000, 0x0000000089b00000, 0x0000000089b00000|100%| S|CS|TAMS 0x0000000089a00000, 0x0000000089a00000| Complete 
| 155|0x0000000089b00000, 0x0000000089c00000, 0x0000000089c00000|100%| S|CS|TAMS 0x0000000089b00000, 0x0000000089b00000| Complete 
| 156|0x0000000089c00000, 0x0000000089d00000, 0x0000000089d00000|100%| S|CS|TAMS 0x0000000089c00000, 0x0000000089c00000| Complete 
| 157|0x0000000089d00000, 0x0000000089d00000, 0x0000000089e00000|  0%| F|  |TAMS 0x0000000089d00000, 0x0000000089d00000| Untracked 
| 158|0x0000000089e00000, 0x0000000089e00000, 0x0000000089f00000|  0%| F|  |TAMS 0x0000000089e00000, 0x0000000089e00000| Untracked 
| 159|0x0000000089f00000, 0x0000000089f00000, 0x000000008a000000|  0%| F|  |TAMS 0x0000000089f00000, 0x0000000089f00000| Untracked 
| 160|0x000000008a000000, 0x000000008a000000, 0x000000008a100000|  0%| F|  |TAMS 0x000000008a000000, 0x000000008a000000| Untracked 

Card table byte_map: [0x00000000159f0000,0x0000000015df0000] _byte_map_base: 0x00000000155f0000

Marking Bits (Prev, Next): (CMBitMap*) 0x0000000000391360, (CMBitMap*) 0x0000000000391328
 Prev Bits: [0x00000000181f0000, 0x000000001a1f0000)
 Next Bits: [0x00000000161f0000, 0x00000000181f0000)

Polling page: 0x0000000000230000

Metaspace:

Usage:
  Non-class:     87.35 MB capacity,    85.97 MB ( 98%) used,     1.12 MB (  1%) free+waste,   266.69 KB ( <1%) overhead. 
      Class:     13.33 MB capacity,    12.51 MB ( 94%) used,   723.66 KB (  5%) free+waste,   117.06 KB ( <1%) overhead. 
       Both:    100.68 MB capacity,    98.48 MB ( 98%) used,     1.83 MB (  2%) free+waste,   383.75 KB ( <1%) overhead. 

Virtual space:
  Non-class space:       94.00 MB reserved,      87.37 MB ( 93%) committed 
      Class space:        1.00 GB reserved,      13.38 MB (  1%) committed 
             Both:        1.09 GB reserved,     100.75 MB (  9%) committed 

Chunk freelists:
   Non-Class:  19.00 KB
       Class:  15.00 KB
        Both:  34.00 KB

MaxMetaspaceSize: 17179869184.00 GB
CompressedClassSpaceSize: 1.00 GB

CodeHeap 'non-profiled nmethods': size=120064Kb used=7819Kb max_used=7819Kb free=112244Kb
 bounds [0x000000000dc10000, 0x000000000e3c0000, 0x0000000015150000]
CodeHeap 'profiled nmethods': size=120000Kb used=28267Kb max_used=28267Kb free=91732Kb
 bounds [0x00000000066e0000, 0x0000000008280000, 0x000000000dc10000]
CodeHeap 'non-nmethods': size=5696Kb used=2304Kb max_used=2327Kb free=3391Kb
 bounds [0x0000000006150000, 0x00000000063c0000, 0x00000000066e0000]
 total_blobs=13747 nmethods=12809 adapters=850
 compilation: enabled
              stopped_count=0, restarted_count=0
 full_count=0

Compilation events (20 events):
Event: 332.556 Thread 0x000000005d40d000 12876       3       java.util.concurrent.ScheduledThreadPoolExecutor::reExecutePeriodic (49 bytes)
Event: 332.558 Thread 0x000000005d40d000 nmethod 12876 0x000000000826fc10 code [0x000000000826fe40, 0x00000000082704a8]
Event: 334.788 Thread 0x000000005d40d000 12877       3       java.io.File::getCanonicalPath (31 bytes)
Event: 334.788 Thread 0x000000005d40d000 nmethod 12877 0x0000000008270690 code [0x0000000008270880, 0x0000000008270b38]
Event: 334.788 Thread 0x000000005d40d000 12878       3       java.io.WinNTFileSystem::canonicalize (372 bytes)
Event: 334.796 Thread 0x000000005d40d000 nmethod 12878 0x0000000008270c90 code [0x0000000008271520, 0x0000000008275f98]
Event: 344.910 Thread 0x000000005d40d000 12879       3       org.gradle.internal.serialize.InputStreamBackedDecoder::readByte (13 bytes)
Event: 344.911 Thread 0x000000005d40d000 nmethod 12879 0x0000000008277910 code [0x0000000008277ae0, 0x0000000008277e18]
Event: 344.911 Thread 0x000000005d40d000 12881       3       org.gradle.launcher.daemon.context.DefaultDaemonContext$Serializer::read (182 bytes)
Event: 344.914 Thread 0x000000005d40d000 nmethod 12881 0x0000000008277f90 code [0x0000000008278320, 0x0000000008279b48]
Event: 344.914 Thread 0x000000005d40d000 12880       3       org.gradle.internal.serialize.InputStreamBackedDecoder::readBytes (11 bytes)
Event: 344.914 Thread 0x000000005d40d000 nmethod 12880 0x000000000827a390 code [0x000000000827a540, 0x000000000827a668]
Event: 344.916 Thread 0x000000005d3e7800 12882       4       java.lang.Long::hashCode (8 bytes)
Event: 344.916 Thread 0x000000005d3e7800 nmethod 12882 0x000000000e3b2a10 code [0x000000000e3b2ba0, 0x000000000e3b2bf8]
Event: 345.691 Thread 0x000000005d40d000 12883       3       javax.management.ObjectName::getDomain (13 bytes)
Event: 345.691 Thread 0x000000005d40d000 nmethod 12883 0x000000000827a790 code [0x000000000827a960, 0x000000000827ab08]
Event: 363.702 Thread 0x000000005d3e7800 12884       4       java.util.concurrent.ThreadPoolExecutor::runStateAtLeast (11 bytes)
Event: 363.702 Thread 0x000000005d3e7800 nmethod 12884 0x000000000e3b2c90 code [0x000000000e3b2e20, 0x000000000e3b2e78]
Event: 364.811 Thread 0x000000005d40d000 12885       3       org.gradle.cache.internal.DefaultFileLockManager::access$100 (4 bytes)
Event: 364.811 Thread 0x000000005d40d000 nmethod 12885 0x000000000827ac10 code [0x000000000827adc0, 0x000000000827aeb8]

GC Heap History (20 events):
Event: 197.797 GC heap before
{Heap before GC invocations=116 (full 0):
 garbage-first heap   total 164864K, used 101978K [0x0000000080000000, 0x0000000100000000)
  region size 1024K, 8 young (8192K), 3 survivors (3072K)
 Metaspace       used 91681K, capacity 93795K, committed 94076K, reserved 1130496K
  class space    used 11701K, capacity 12455K, committed 12544K, reserved 1048576K
}
Event: 197.824 GC heap after
{Heap after GC invocations=117 (full 0):
 garbage-first heap   total 164864K, used 90815K [0x0000000080000000, 0x0000000100000000)
  region size 1024K, 1 young (1024K), 1 survivors (1024K)
 Metaspace       used 91681K, capacity 93795K, committed 94076K, reserved 1130496K
  class space    used 11701K, capacity 12455K, committed 12544K, reserved 1048576K
}
Event: 200.114 GC heap before
{Heap before GC invocations=117 (full 0):
 garbage-first heap   total 164864K, used 117439K [0x0000000080000000, 0x0000000100000000)
  region size 1024K, 28 young (28672K), 1 survivors (1024K)
 Metaspace       used 92294K, capacity 94395K, committed 94588K, reserved 1132544K
  class space    used 11770K, capacity 12533K, committed 12544K, reserved 1048576K
}
Event: 200.130 GC heap after
{Heap after GC invocations=118 (full 0):
 garbage-first heap   total 164864K, used 92166K [0x0000000080000000, 0x0000000100000000)
  region size 1024K, 2 young (2048K), 2 survivors (2048K)
 Metaspace       used 92294K, capacity 94395K, committed 94588K, reserved 1132544K
  class space    used 11770K, capacity 12533K, committed 12544K, reserved 1048576K
}
Event: 202.144 GC heap before
{Heap before GC invocations=119 (full 0):
 garbage-first heap   total 164864K, used 117766K [0x0000000080000000, 0x0000000100000000)
  region size 1024K, 31 young (31744K), 2 survivors (2048K)
 Metaspace       used 94444K, capacity 96543K, committed 96764K, reserved 1132544K
  class space    used 12059K, capacity 12821K, committed 12928K, reserved 1048576K
}
Event: 202.157 GC heap after
{Heap after GC invocations=120 (full 0):
 garbage-first heap   total 164864K, used 89549K [0x0000000080000000, 0x0000000100000000)
  region size 1024K, 3 young (3072K), 3 survivors (3072K)
 Metaspace       used 94444K, capacity 96543K, committed 96764K, reserved 1132544K
  class space    used 12059K, capacity 12821K, committed 12928K, reserved 1048576K
}
Event: 202.408 GC heap before
{Heap before GC invocations=120 (full 0):
 garbage-first heap   total 164864K, used 94669K [0x0000000080000000, 0x0000000100000000)
  region size 1024K, 8 young (8192K), 3 survivors (3072K)
 Metaspace       used 94870K, capacity 96959K, committed 97276K, reserved 1134592K
  class space    used 12109K, capacity 12853K, committed 12928K, reserved 1048576K
}
Event: 202.421 GC heap after
{Heap after GC invocations=121 (full 0):
 garbage-first heap   total 164864K, used 85583K [0x0000000080000000, 0x0000000100000000)
  region size 1024K, 1 young (1024K), 1 survivors (1024K)
 Metaspace       used 94870K, capacity 96959K, committed 97276K, reserved 1134592K
  class space    used 12109K, capacity 12853K, committed 12928K, reserved 1048576K
}
Event: 209.704 GC heap before
{Heap before GC invocations=121 (full 0):
 garbage-first heap   total 164864K, used 118351K [0x0000000080000000, 0x0000000100000000)
  region size 1024K, 33 young (33792K), 1 survivors (1024K)
 Metaspace       used 95667K, capacity 97771K, committed 97916K, reserved 1134592K
  class space    used 12174K, capacity 12950K, committed 13056K, reserved 1048576K
}
Event: 209.726 GC heap after
{Heap after GC invocations=122 (full 0):
 garbage-first heap   total 164864K, used 88520K [0x0000000080000000, 0x0000000100000000)
  region size 1024K, 4 young (4096K), 4 survivors (4096K)
 Metaspace       used 95667K, capacity 97771K, committed 97916K, reserved 1134592K
  class space    used 12174K, capacity 12950K, committed 13056K, reserved 1048576K
}
Event: 249.783 GC heap before
{Heap before GC invocations=123 (full 0):
 garbage-first heap   total 164864K, used 122312K [0x0000000080000000, 0x0000000100000000)
  region size 1024K, 37 young (37888K), 4 survivors (4096K)
 Metaspace       used 96308K, capacity 98426K, committed 98684K, reserved 1134592K
  class space    used 12245K, capacity 13000K, committed 13056K, reserved 1048576K
}
Event: 249.815 GC heap after
{Heap after GC invocations=124 (full 0):
 garbage-first heap   total 164864K, used 92067K [0x0000000080000000, 0x0000000100000000)
  region size 1024K, 4 young (4096K), 4 survivors (4096K)
 Metaspace       used 96308K, capacity 98426K, committed 98684K, reserved 1134592K
  class space    used 12245K, capacity 13000K, committed 13056K, reserved 1048576K
}
Event: 251.516 GC heap before
{Heap before GC invocations=124 (full 0):
 garbage-first heap   total 164864K, used 126883K [0x0000000080000000, 0x0000000100000000)
  region size 1024K, 38 young (38912K), 4 survivors (4096K)
 Metaspace       used 96672K, capacity 98778K, committed 98940K, reserved 1134592K
  class space    used 12275K, capacity 13032K, committed 13056K, reserved 1048576K
}
Event: 251.539 GC heap after
{Heap after GC invocations=125 (full 0):
 garbage-first heap   total 164864K, used 92561K [0x0000000080000000, 0x0000000100000000)
  region size 1024K, 3 young (3072K), 3 survivors (3072K)
 Metaspace       used 96672K, capacity 98778K, committed 98940K, reserved 1134592K
  class space    used 12275K, capacity 13032K, committed 13056K, reserved 1048576K
}
Event: 255.290 GC heap before
{Heap before GC invocations=126 (full 0):
 garbage-first heap   total 164864K, used 131473K [0x0000000080000000, 0x0000000100000000)
  region size 1024K, 42 young (43008K), 3 survivors (3072K)
 Metaspace       used 98545K, capacity 100676K, committed 100732K, reserved 1136640K
  class space    used 12498K, capacity 13258K, committed 13312K, reserved 1048576K
}
Event: 255.323 GC heap after
{Heap after GC invocations=127 (full 0):
 garbage-first heap   total 164864K, used 94952K [0x0000000080000000, 0x0000000100000000)
  region size 1024K, 5 young (5120K), 5 survivors (5120K)
 Metaspace       used 98545K, capacity 100676K, committed 100732K, reserved 1136640K
  class space    used 12498K, capacity 13258K, committed 13312K, reserved 1048576K
}
Event: 292.557 GC heap before
{Heap before GC invocations=127 (full 0):
 garbage-first heap   total 164864K, used 132840K [0x0000000080000000, 0x0000000100000000)
  region size 1024K, 42 young (43008K), 5 survivors (5120K)
 Metaspace       used 100724K, capacity 102969K, committed 103164K, reserved 1138688K
  class space    used 12795K, capacity 13649K, committed 13696K, reserved 1048576K
}
Event: 292.600 GC heap after
{Heap after GC invocations=128 (full 0):
 garbage-first heap   total 164864K, used 98044K [0x0000000080000000, 0x0000000100000000)
  region size 1024K, 6 young (6144K), 6 survivors (6144K)
 Metaspace       used 100724K, capacity 102969K, committed 103164K, reserved 1138688K
  class space    used 12795K, capacity 13649K, committed 13696K, reserved 1048576K
}
Event: 368.092 GC heap before
{Heap before GC invocations=129 (full 0):
 garbage-first heap   total 164864K, used 101116K [0x0000000080000000, 0x0000000100000000)
  region size 1024K, 10 young (10240K), 6 survivors (6144K)
 Metaspace       used 100844K, capacity 103098K, committed 103164K, reserved 1144832K
  class space    used 12808K, capacity 13649K, committed 13696K, reserved 1048576K
}
Event: 368.118 GC heap after
{Heap after GC invocations=130 (full 0):
 garbage-first heap   total 164864K, used 98460K [0x0000000080000000, 0x0000000100000000)
  region size 1024K, 4 young (4096K), 4 survivors (4096K)
 Metaspace       used 100844K, capacity 103098K, committed 103164K, reserved 1144832K
  class space    used 12808K, capacity 13649K, committed 13696K, reserved 1048576K
}

Deoptimization events (20 events):
Event: 289.721 Thread 0x0000000060dfe000 Uncommon trap: trap_request=0xffffffc6 fr.pc=0x000000000e2d0a5c relative=0x00000000000003dc
Event: 289.721 Thread 0x0000000060dfe000 Uncommon trap: reason=bimorphic_or_optimized_type_check action=maybe_recompile pc=0x000000000e2d0a5c method=org.gradle.internal.logging.sink.OutputEventRenderer.onOutput(Lorg/gradle/internal/logging/events/OutputEvent;)V @ 1 c2
Event: 289.721 Thread 0x0000000060dfe000 DEOPT PACKING pc=0x000000000e2d0a5c sp=0x0000000067b9a690
Event: 289.721 Thread 0x0000000060dfe000 DEOPT UNPACKING pc=0x0000000006176929 sp=0x0000000067b9a5e8 mode 2
Event: 289.721 Thread 0x0000000060dfe000 Uncommon trap: trap_request=0xffffffde fr.pc=0x000000000e185e58 relative=0x00000000000043b8
Event: 289.721 Thread 0x0000000060dfe000 Uncommon trap: reason=class_check action=maybe_recompile pc=0x000000000e185e58 method=org.gradle.internal.logging.sink.OutputEventTransformer.onOutput(Lorg/gradle/internal/logging/events/OutputEvent;)V @ 225 c2
Event: 289.722 Thread 0x0000000060dfe000 DEOPT PACKING pc=0x000000000e185e58 sp=0x0000000067b9a550
Event: 289.722 Thread 0x0000000060dfe000 DEOPT UNPACKING pc=0x0000000006176929 sp=0x0000000067b9a548 mode 2
Event: 298.855 Thread 0x000000005f2c2000 DEOPT PACKING pc=0x0000000008253c9c sp=0x00000000649ee9b0
Event: 298.855 Thread 0x000000005f2c2000 DEOPT UNPACKING pc=0x000000000617673f sp=0x00000000649edf50 mode 0
Event: 299.741 Thread 0x000000005f2c2000 DEOPT PACKING pc=0x0000000008253c9c sp=0x00000000649ee9b0
Event: 299.741 Thread 0x000000005f2c2000 DEOPT UNPACKING pc=0x000000000617673f sp=0x00000000649edf50 mode 0
Event: 300.290 Thread 0x000000005f2c2000 DEOPT PACKING pc=0x0000000008253c9c sp=0x00000000649eea10
Event: 300.290 Thread 0x000000005f2c2000 DEOPT UNPACKING pc=0x000000000617673f sp=0x00000000649edfb0 mode 0
Event: 300.347 Thread 0x000000005f2c2000 DEOPT PACKING pc=0x0000000008253c9c sp=0x00000000649eea10
Event: 300.347 Thread 0x000000005f2c2000 DEOPT UNPACKING pc=0x000000000617673f sp=0x00000000649edfb0 mode 0
Event: 300.364 Thread 0x000000005f2c2000 DEOPT PACKING pc=0x0000000008253c9c sp=0x00000000649eea10
Event: 300.364 Thread 0x000000005f2c2000 DEOPT UNPACKING pc=0x000000000617673f sp=0x00000000649edfb0 mode 0
Event: 300.389 Thread 0x000000005f2c2000 DEOPT PACKING pc=0x0000000008253c9c sp=0x00000000649eea10
Event: 300.389 Thread 0x000000005f2c2000 DEOPT UNPACKING pc=0x000000000617673f sp=0x00000000649edfb0 mode 0

Classes redefined (0 events):
No events

Internal exceptions (20 events):
Event: 199.407 Thread 0x0000000060dfe000 Exception <a 'java/lang/NoSuchMethodError'{0x0000000088c408e8}: <clinit>> (0x0000000088c408e8) thrown at [./src/hotspot/share/prims/jni.cpp, line 1362]
Event: 199.514 Thread 0x0000000060dfe000 Exception <a 'java/lang/NoSuchMethodError'{0x0000000088b9cee0}: <clinit>> (0x0000000088b9cee0) thrown at [./src/hotspot/share/prims/jni.cpp, line 1362]
Event: 199.522 Thread 0x0000000060dfe000 Exception <a 'java/lang/NoSuchMethodError'{0x0000000088bd25a0}: <clinit>> (0x0000000088bd25a0) thrown at [./src/hotspot/share/prims/jni.cpp, line 1362]
Event: 199.524 Thread 0x0000000060dfe000 Exception <a 'java/lang/NoSuchMethodError'{0x0000000088be50f8}: <clinit>> (0x0000000088be50f8) thrown at [./src/hotspot/share/prims/jni.cpp, line 1362]
Event: 211.348 Thread 0x0000000067367800 Exception <a 'java/lang/NoSuchMethodError'{0x0000000089b75458}: 'void java.lang.invoke.DirectMethodHandle$Holder.invokeStatic(java.lang.Object, long)'> (0x0000000089b75458) thrown at [./src/hotspot/share/interpreter/linkResolver.cpp, line 773]
Event: 211.350 Thread 0x0000000067367800 Exception <a 'java/lang/NoSuchMethodError'{0x0000000089b7a670}: 'java.lang.Object java.lang.invoke.DirectMethodHandle$Holder.invokeStatic(java.lang.Object, long)'> (0x0000000089b7a670) thrown at [./src/hotspot/share/interpreter/linkResolver.cpp, line 773]
Event: 211.352 Thread 0x0000000067367800 Exception <a 'java/lang/NoSuchMethodError'{0x0000000089b809f0}: 'java.lang.Object java.lang.invoke.Invokers$Holder.linkToTargetMethod(long, java.lang.Object)'> (0x0000000089b809f0) thrown at [./src/hotspot/share/interpreter/linkResolver.cpp, line 773]
Event: 211.355 Thread 0x0000000067367800 Exception <a 'java/lang/NoSuchMethodError'{0x0000000089b88fd8}: 'java.lang.Object java.lang.invoke.DirectMethodHandle$Holder.invokeStaticInit(java.lang.Object, java.lang.Object, long, java.lang.Object)'> (0x0000000089b88fd8) thrown at [./src/hotspot/share/interpreter/linkResolver.cpp, line 773]
Event: 211.356 Thread 0x0000000067367800 Exception <a 'java/lang/NoSuchMethodError'{0x0000000089b8f170}: 'java.lang.Object java.lang.invoke.DirectMethodHandle$Holder.invokeStatic(java.lang.Object, java.lang.Object, long)'> (0x0000000089b8f170) thrown at [./src/hotspot/share/interpreter/linkResolver.cpp, line 773]
Event: 211.356 Thread 0x0000000067367800 Exception <a 'java/lang/NoSuchMethodError'{0x0000000089b956e8}: 'java.lang.Object java.lang.invoke.Invokers$Holder.linkToTargetMethod(java.lang.Object, long, java.lang.Object)'> (0x0000000089b956e8) thrown at [./src/hotspot/share/interpreter/linkResolver.cpp, line 773]
Event: 215.518 Thread 0x0000000067367800 Exception <a 'java/lang/NoSuchMethodError'{0x00000000887dd128}: 'int java.lang.invoke.DirectMethodHandle$Holder.invokeSpecialIFC(java.lang.Object, java.lang.Object, java.lang.Object)'> (0x00000000887dd128) thrown at [./src/hotspot/share/interpreter/linkResolver.cpp, line 773]
Event: 251.119 Thread 0x0000000067367800 Exception <a 'sun/nio/fs/WindowsException'{0x0000000088f12620}> (0x0000000088f12620) thrown at [./src/hotspot/share/prims/jni.cpp, line 615]
Event: 251.120 Thread 0x0000000067367800 Exception <a 'sun/nio/fs/WindowsException'{0x0000000088f12708}> (0x0000000088f12708) thrown at [./src/hotspot/share/prims/jni.cpp, line 615]
Event: 251.139 Thread 0x0000000067367800 Implicit null exception at 0x000000000e335666 to 0x000000000e3357e8
Event: 251.140 Thread 0x0000000067367800 Implicit null exception at 0x000000000e33515f to 0x000000000e3352b0
Event: 255.576 Thread 0x0000000060dfe000 Implicit null exception at 0x000000000e380bb3 to 0x000000000e380c9c
Event: 256.005 Thread 0x0000000060dfe000 Exception <a 'java/lang/NoSuchMethodError'{0x00000000895cce80}: 'int java.lang.invoke.DirectMethodHandle$Holder.invokeSpecial(java.lang.Object, java.lang.Object, java.lang.Object, java.lang.Object, java.lang.Object)'> (0x00000000895cce80) thrown at [./src/hotspot/share/interpreter/linkResolver.cpp, line 773]
Event: 263.004 Thread 0x0000000060dfe000 Exception <a 'java/net/ConnectException'{0x00000000881efe98}: Connection refused: connect> (0x00000000881efe98) thrown at [./src/hotspot/share/prims/jni.cpp, line 636]
Event: 264.049 Thread 0x0000000060dfe000 Exception <a 'java/net/ConnectException'{0x00000000881f1558}: Connection refused: connect> (0x00000000881f1558) thrown at [./src/hotspot/share/prims/jni.cpp, line 636]
Event: 265.094 Thread 0x0000000060dfe000 Exception <a 'java/net/ConnectException'{0x00000000881f2a80}: Connection refused: connect> (0x00000000881f2a80) thrown at [./src/hotspot/share/prims/jni.cpp, line 636]

Events (20 events):
Event: 300.580 loading class org/jetbrains/kotlin/cli/common/PropertiesKt
Event: 300.580 loading class org/jetbrains/kotlin/cli/common/PropertiesKt done
Event: 300.591 loading class org/jetbrains/kotlin/cli/common/messages/MessageRenderer$2
Event: 300.591 loading class org/jetbrains/kotlin/cli/common/messages/MessageRenderer$2 done
Event: 300.598 loading class org/jetbrains/kotlin/cli/common/messages/MessageRenderer$3
Event: 300.598 loading class org/jetbrains/kotlin/cli/common/messages/MessageRenderer$3 done
Event: 300.599 loading class org/jetbrains/kotlin/cli/common/messages/MessageRenderer$4
Event: 300.599 loading class org/jetbrains/kotlin/cli/common/messages/MessageRenderer$4 done
Event: 300.615 loading class org/jetbrains/kotlin/compilerRunner/ReportUtilsKt$runToolInSeparateProcess$readErrThread$1
Event: 300.615 loading class org/jetbrains/kotlin/compilerRunner/ReportUtilsKt$runToolInSeparateProcess$readErrThread$1 done
Event: 300.616 Thread 0x000000006736b800 Thread added: 0x000000006736b800
Event: 300.616 loading class org/jetbrains/kotlin/compilerRunner/ReportUtilsKt$runToolInSeparateProcess$1
Event: 300.616 loading class org/jetbrains/kotlin/compilerRunner/ReportUtilsKt$runToolInSeparateProcess$1 done
Event: 300.616 loading class org/jetbrains/kotlin/compilerRunner/ReportUtilsKt$runToolInSeparateProcess$readErrThread$1$1
Event: 300.616 loading class org/jetbrains/kotlin/compilerRunner/ReportUtilsKt$runToolInSeparateProcess$readErrThread$1$1 done
Event: 300.616 Executing VM operation: RevokeBias
Event: 300.617 Executing VM operation: RevokeBias done
Event: 300.617 Executing VM operation: RevokeBias
Event: 300.617 Executing VM operation: RevokeBias done
Event: 368.092 Executing VM operation: CollectForMetadataAllocation


Dynamic libraries:
0x000000013f300000 - 0x000000013f30a000 	C:\Program Files\Android\Android Studio\jre\bin\java.exe
0x0000000077360000 - 0x0000000077509000 	C:\Windows\SYSTEM32\ntdll.dll
0x0000000077240000 - 0x000000007735f000 	C:\Windows\system32\kernel32.dll
0x000007fefd4f0000 - 0x000007fefd55b000 	C:\Windows\system32\KERNELBASE.dll
0x000007feed1e0000 - 0x000007feed1f9000 	C:\Program Files\Android\Android Studio\jre\bin\jli.dll
0x000007fef9ec0000 - 0x000007fefa0b4000 	C:\Windows\WinSxS\amd64_microsoft.windows.common-controls_6595b64144ccf1df_6.0.7601.17514_none_fa396087175ac9ac\COMCTL32.dll
0x000007fefdc50000 - 0x000007fefdcef000 	C:\Windows\system32\msvcrt.dll
0x000007fefd920000 - 0x000007fefd987000 	C:\Windows\system32\GDI32.dll
0x0000000077140000 - 0x000000007723a000 	C:\Windows\system32\USER32.dll
0x000007feff200000 - 0x000007feff20e000 	C:\Windows\system32\LPK.dll
0x000007fefecd0000 - 0x000007fefed99000 	C:\Windows\system32\USP10.dll
0x000007feff050000 - 0x000007feff0c1000 	C:\Windows\system32\SHLWAPI.dll
0x000007feeb690000 - 0x000007feeb6a7000 	C:\Program Files\Android\Android Studio\jre\bin\VCRUNTIME140.dll
0x000007fef99a0000 - 0x000007fef99a4000 	C:\Windows\system32\api-ms-win-crt-runtime-l1-1-0.dll
0x000007fef98a0000 - 0x000007fef9992000 	C:\Windows\system32\ucrtbase.DLL
0x000007fef9890000 - 0x000007fef9893000 	C:\Windows\system32\api-ms-win-core-timezone-l1-1-0.dll
0x000007fef9880000 - 0x000007fef9883000 	C:\Windows\system32\api-ms-win-core-file-l2-1-0.dll
0x000007fef9870000 - 0x000007fef9873000 	C:\Windows\system32\api-ms-win-core-localization-l1-2-0.dll
0x000007fef9860000 - 0x000007fef9863000 	C:\Windows\system32\api-ms-win-core-synch-l1-2-0.dll
0x000007fef9850000 - 0x000007fef9853000 	C:\Windows\system32\api-ms-win-core-processthreads-l1-1-1.dll
0x000007fef9840000 - 0x000007fef9843000 	C:\Windows\system32\api-ms-win-core-file-l1-2-0.dll
0x000007fef9830000 - 0x000007fef9834000 	C:\Windows\system32\api-ms-win-crt-string-l1-1-0.dll
0x000007fef9820000 - 0x000007fef9823000 	C:\Windows\system32\api-ms-win-crt-heap-l1-1-0.dll
0x000007fef9810000 - 0x000007fef9814000 	C:\Windows\system32\api-ms-win-crt-stdio-l1-1-0.dll
0x000007fef9800000 - 0x000007fef9804000 	C:\Windows\system32\api-ms-win-crt-convert-l1-1-0.dll
0x000007fef97a0000 - 0x000007fef97a3000 	C:\Windows\system32\api-ms-win-crt-environment-l1-1-0.dll
0x000007fef97b0000 - 0x000007fef97b3000 	C:\Windows\system32\api-ms-win-crt-filesystem-l1-1-0.dll
0x000007fef97e0000 - 0x000007fef97e5000 	C:\Windows\system32\api-ms-win-crt-math-l1-1-0.dll
0x000007fef97f0000 - 0x000007fef97f3000 	C:\Windows\system32\api-ms-win-crt-locale-l1-1-0.dll
0x000007fefdd00000 - 0x000007fefdd2e000 	C:\Windows\system32\IMM32.DLL
0x000007fefd810000 - 0x000007fefd919000 	C:\Windows\system32\MSCTF.dll
0x000007feeb1a0000 - 0x000007feeb23d000 	C:\Program Files\Android\Android Studio\jre\bin\msvcp140.dll
0x000007fef97d0000 - 0x000007fef97d5000 	C:\Windows\system32\api-ms-win-crt-multibyte-l1-1-0.dll
0x000007fef97c0000 - 0x000007fef97c3000 	C:\Windows\system32\api-ms-win-crt-time-l1-1-0.dll
0x000007fef9790000 - 0x000007fef9793000 	C:\Windows\system32\api-ms-win-crt-utility-l1-1-0.dll
0x000007fee9ea0000 - 0x000007feea96f000 	C:\Program Files\Android\Android Studio\jre\bin\server\jvm.dll
0x000007feff590000 - 0x000007feff66b000 	C:\Windows\system32\ADVAPI32.dll
0x000007feff210000 - 0x000007feff22f000 	C:\Windows\SYSTEM32\sechost.dll
0x000007fefeda0000 - 0x000007fefeecd000 	C:\Windows\system32\RPCRT4.dll
0x000007feee590000 - 0x000007feee599000 	C:\Windows\system32\WSOCK32.dll
0x000007fefd720000 - 0x000007fefd76d000 	C:\Windows\system32\WS2_32.dll
0x000007fefdcf0000 - 0x000007fefdcf8000 	C:\Windows\system32\NSI.dll
0x000007fefc200000 - 0x000007fefc23b000 	C:\Windows\system32\WINMM.dll
0x000007fefc160000 - 0x000007fefc16c000 	C:\Windows\system32\VERSION.dll
0x0000000077520000 - 0x0000000077527000 	C:\Windows\system32\PSAPI.DLL
0x000007fef7ee0000 - 0x000007fef7ef1000 	C:\Program Files\Android\Android Studio\jre\bin\verify.dll
0x000007fef4e40000 - 0x000007fef4f65000 	C:\Windows\system32\DBGHELP.DLL
0x000007feeb410000 - 0x000007feeb439000 	C:\Program Files\Android\Android Studio\jre\bin\java.dll
0x000007feeb680000 - 0x000007feeb68b000 	C:\Program Files\Android\Android Studio\jre\bin\jimage.dll
0x000007feeb610000 - 0x000007feeb628000 	C:\Program Files\Android\Android Studio\jre\bin\zip.dll
0x000007fefdd30000 - 0x000007fefeab8000 	C:\Windows\system32\SHELL32.dll
0x000007fefeac0000 - 0x000007fefecc3000 	C:\Windows\system32\ole32.dll
0x000007fefd2b0000 - 0x000007fefd2bf000 	C:\Windows\system32\profapi.dll
0x000007feeb5f0000 - 0x000007feeb60a000 	C:\Program Files\Android\Android Studio\jre\bin\net.dll
0x000007fef6900000 - 0x000007fef6971000 	C:\Windows\system32\WINHTTP.dll
0x000007fef6890000 - 0x000007fef68f4000 	C:\Windows\system32\webio.dll
0x000007fefcae0000 - 0x000007fefcb35000 	C:\Windows\system32\mswsock.dll
0x000007fefcad0000 - 0x000007fefcad7000 	C:\Windows\System32\wship6.dll
0x000007feeb3f0000 - 0x000007feeb404000 	C:\Program Files\Android\Android Studio\jre\bin\nio.dll
0x000007fef47b0000 - 0x000007fef47d7000 	C:\Users\Anu\.gradle\native\8bec1ad78214c89d9ad589b4d07fe93259594b29d510b10fafb7a158f7737e5d\windows-amd64\native-platform.dll
0x000007feed000000 - 0x000007feed13d000 	C:\Users\Anu\.gradle\native\53dbd7edfb1c66fb8903c78663c9afc45aea4f116125fa6feffd364cf09443e8\windows-amd64\native-platform-file-events.dll
0x000007fefa1d0000 - 0x000007fefa1da000 	C:\Program Files\Android\Android Studio\jre\bin\management.dll
0x000007feeb670000 - 0x000007feeb67c000 	C:\Program Files\Android\Android Studio\jre\bin\management_ext.dll
0x000007fefcb40000 - 0x000007fefcb57000 	C:\Windows\system32\CRYPTSP.dll
0x000007fefc840000 - 0x000007fefc887000 	C:\Windows\system32\rsaenh.dll
0x000007fefc600000 - 0x000007fefc61e000 	C:\Windows\system32\USERENV.dll
0x000007fefd1e0000 - 0x000007fefd1ef000 	C:\Windows\system32\CRYPTBASE.dll
0x000007fefb580000 - 0x000007fefb5a7000 	C:\Windows\system32\IPHLPAPI.DLL
0x000007fefb570000 - 0x000007fefb57b000 	C:\Windows\system32\WINNSI.DLL
0x000007fefb550000 - 0x000007fefb568000 	C:\Windows\system32\dhcpcsvc.DLL
0x000007fefb530000 - 0x000007fefb541000 	C:\Windows\system32\dhcpcsvc6.DLL
0x000007fefd180000 - 0x000007fefd1d7000 	C:\Windows\system32\apphelp.dll
0x000007fef48d0000 - 0x000007fef48ee000 	C:\Users\Anu\AppData\Local\Temp\native-platform13417264657292629686dir\native-platform.dll

dbghelp: loaded successfully - version: 4.0.5 - missing functions: none
symbol engine: initialized successfully - sym options: 0x614 - pdb path: .;C:\Program Files\Android\Android Studio\jre\bin;C:\Windows\SYSTEM32;C:\Windows\WinSxS\amd64_microsoft.windows.common-controls_6595b64144ccf1df_6.0.7601.17514_none_fa396087175ac9ac;C:\Program Files\Android\Android Studio\jre\bin\server;C:\Users\Anu\.gradle\native\8bec1ad78214c89d9ad589b4d07fe93259594b29d510b10fafb7a158f7737e5d\windows-amd64;C:\Users\Anu\.gradle\native\53dbd7edfb1c66fb8903c78663c9afc45aea4f116125fa6feffd364cf09443e8\windows-amd64;C:\Users\Anu\AppData\Local\Temp\native-platform13417264657292629686dir

VM Arguments:
jvm_args: --add-opens=java.base/java.util=ALL-UNNAMED --add-opens=java.base/java.lang=ALL-UNNAMED --add-opens=java.base/java.lang.invoke=ALL-UNNAMED --add-opens=java.base/java.util=ALL-UNNAMED --add-opens=java.prefs/java.util.prefs=ALL-UNNAMED --add-opens=java.prefs/java.util.prefs=ALL-UNNAMED --add-opens=java.base/java.nio.charset=ALL-UNNAMED --add-opens=java.base/java.net=ALL-UNNAMED --add-opens=java.base/java.util.concurrent.atomic=ALL-UNNAMED -Xmx2048m -Dfile.encoding=UTF-8 -Duser.country=US -Duser.language=en -Duser.variant 
java_command: org.gradle.launcher.daemon.bootstrap.GradleDaemon 7.0.2
java_class_path (initial): C:\Users\Anu\.gradle\wrapper\dists\gradle-7.0.2-bin\857tjihv64xamwrf0h14cai3r\gradle-7.0.2\lib\gradle-launcher-7.0.2.jar
Launcher Type: SUN_STANDARD

[Global flags]
     intx CICompilerCount                          = 2                                         {product} {ergonomic}
     uint ConcGCThreads                            = 1                                         {product} {ergonomic}
     uint G1ConcRefinementThreads                  = 2                                         {product} {ergonomic}
   size_t G1HeapRegionSize                         = 1048576                                   {product} {ergonomic}
    uintx GCDrainStackTargetSize                   = 64                                        {product} {ergonomic}
   size_t InitialHeapSize                          = 50331648                                  {product} {ergonomic}
   size_t MarkStackSize                            = 4194304                                   {product} {ergonomic}
   size_t MaxHeapSize                              = 2147483648                                {product} {command line}
   size_t MaxNewSize                               = 1287651328                                {product} {ergonomic}
   size_t MinHeapDeltaBytes                        = 1048576                                   {product} {ergonomic}
    uintx NonNMethodCodeHeapSize                   = 5825164                                {pd product} {ergonomic}
    uintx NonProfiledCodeHeapSize                  = 122916538                              {pd product} {ergonomic}
    uintx ProfiledCodeHeapSize                     = 122916538                              {pd product} {ergonomic}
    uintx ReservedCodeCacheSize                    = 251658240                              {pd product} {ergonomic}
     bool SegmentedCodeCache                       = true                                      {product} {ergonomic}
     bool UseCompressedClassPointers               = true                                 {lp64_product} {ergonomic}
     bool UseCompressedOops                        = true                                 {lp64_product} {ergonomic}
     bool UseG1GC                                  = true                                      {product} {ergonomic}
     bool UseLargePagesIndividualAllocation        = false                                  {pd product} {ergonomic}

Logging:
Log output configuration:
 #0: stdout all=warning uptime,level,tags
 #1: stderr all=off uptime,level,tags

Environment Variables:
JAVA_HOME=C:\Program Files\Android\Android Studio\jre
PATH=C:\Windows\system32;C:\Windows;C:\Windows\System32\Wbem;C:\Windows\System32\WindowsPowerShell\v1.0\;E:\Git\cmd
USERNAME=Anu
OS=Windows_NT
PROCESSOR_IDENTIFIER=Intel64 Family 6 Model 23 Stepping 10, GenuineIntel



---------------  S Y S T E M  ---------------

OS: Windows 7 , 64 bit Build 7601 (6.1.7601.17514)
OS uptime: 0 days 1:11 hours

CPU:total 2 (initial active 2) (2 cores per cpu, 1 threads per core) family 6 model 23 stepping 10 microcode 0x0, cmov, cx8, fxsr, mmx, sse, sse2, sse3, ssse3, sse4.1, tsc

Memory: 4k page, system-wide physical 3034M (103M free)
TotalPageFile size 4451M (AvailPageFile size 3M)
current process WorkingSet (physical memory assigned to process): 374M, peak: 388M
current process commit charge ("private bytes"): 438M, peak: 440M

vm_info: OpenJDK 64-Bit Server VM (11.0.10+0-b96-7249189) for windows-amd64 JRE (11.0.10+0-b96-7249189), built on Mar 31 2021 21:44:00 by "builder" with MS VC++ 14.0 (VS2015)

END.
