#
# There is insufficient memory for the Java Runtime Environment to continue.
# Native memory allocation (mmap) failed to map 342884352 bytes for Failed to commit area from 0x0000000093d00000 to 0x00000000a8400000 of length 342884352.
# Possible reasons:
#   The system is out of physical RAM or swap space
#   The process is running with CompressedOops enabled, and the Java Heap may be blocking the growth of the native heap
# Possible solutions:
#   Reduce memory load on the system
#   Increase physical memory or swap space
#   Check if swap backing store is full
#   Decrease Java heap size (-Xmx/-Xms)
#   Decrease number of Java threads
#   Decrease Java thread stack sizes (-Xss)
#   Set larger code cache with -XX:ReservedCodeCacheSize=
#   JVM is running with Unscaled Compressed Oops mode in which the Java heap is
#     placed in the first 4GB address space. The Java Heap base address is the
#     maximum limit for the native heap growth. Please use -XX:HeapBaseMinAddress
#     to set the Java Heap base and to place the Java Heap above 4GB virtual address.
# This output file may be truncated or incomplete.
#
#  Out of Memory Error (./src/hotspot/os/windows/os_windows.cpp:3301), pid=2912, tid=3784
#
# JRE version: OpenJDK Runtime Environment (11.0.10) (build 11.0.10+0-b96-7249189)
# Java VM: OpenJDK 64-Bit Server VM (11.0.10+0-b96-7249189, mixed mode, tiered, compressed oops, g1 gc, windows-amd64)
# No core dump will be written. Minidumps are not enabled by default on client versions of Windows
#

---------------  S U M M A R Y ------------

Command Line: --add-opens=java.base/java.util=ALL-UNNAMED --add-opens=java.base/java.lang=ALL-UNNAMED --add-opens=java.base/java.lang.invoke=ALL-UNNAMED --add-opens=java.base/java.util=ALL-UNNAMED --add-opens=java.prefs/java.util.prefs=ALL-UNNAMED --add-opens=java.prefs/java.util.prefs=ALL-UNNAMED --add-opens=java.base/java.nio.charset=ALL-UNNAMED --add-opens=java.base/java.net=ALL-UNNAMED --add-opens=java.base/java.util.concurrent.atomic=ALL-UNNAMED -Xmx2048m -Dfile.encoding=UTF-8 -Duser.country=US -Duser.language=en -Duser.variant org.gradle.launcher.daemon.bootstrap.GradleDaemon 7.0.2

Host: Intel(R) Core(TM)2 Duo CPU     T6500  @ 2.10GHz, 2 cores, 2G,  Windows 7 , 64 bit Build 7601 (6.1.7601.17514)
Time: Sat Oct  2 19:58:22 2021 Malay Peninsula Standard Time elapsed time: 1539.480184 seconds (0d 0h 25m 39s)

---------------  T H R E A D  ---------------

Current thread (0x000000001a38f800):  VMThread "VM Thread" [stack: 0x000000005d7c0000,0x000000005d8c0000] [id=3784]

Stack: [0x000000005d7c0000,0x000000005d8c0000]
[error occurred during error reporting (printing stack bounds), id 0xc0000005, EXCEPTION_ACCESS_VIOLATION (0xc0000005) at pc=0x00000000061d0f3d]

Native frames: (J=compiled Java code, j=interpreted, Vv=VM code, C=native code)
V  [jvm.dll+0x5ecfaa]
V  [jvm.dll+0x722bd5]
V  [jvm.dll+0x72412d]
V  [jvm.dll+0x724745]
V  [jvm.dll+0x7246fb]
V  [jvm.dll+0x5ec348]
V  [jvm.dll+0x5ecad8]
C  [ntdll.dll+0x29d0d]
C  [ntdll.dll+0x191af]
C  [ntdll.dll+0x51278]
C  0x00000000061d0f3d

VM_Operation (0x0000000064a69310): G1CollectForAllocation, mode: safepoint, requested by thread 0x0000000061016000


---------------  P R O C E S S  ---------------

Threads class SMR info:
_java_thread_list=0x0000000068085df0, length=49, elements={
0x00000000004a2800, 0x000000005d502000, 0x000000005d50e000, 0x000000005d518800,
0x000000005d51b800, 0x000000005d51d000, 0x000000005d526000, 0x000000005d528800,
0x000000005d52b800, 0x000000005e201800, 0x0000000060298800, 0x000000005fe85800,
0x000000005fb55000, 0x0000000060307800, 0x0000000060308800, 0x0000000060309800,
0x000000006030b000, 0x000000006030c000, 0x0000000060d8a800, 0x0000000060d8c800,
0x0000000060d8d000, 0x0000000060d8e000, 0x0000000061016800, 0x00000000641bb000,
0x0000000064709000, 0x000000006470b000, 0x000000006470b800, 0x00000000641bb800,
0x00000000641b6000, 0x00000000641ba000, 0x00000000641b6800, 0x00000000641b9000,
0x00000000641b8800, 0x00000000641b7800, 0x000000006030d800, 0x000000006030a000,
0x000000006030c800, 0x0000000060307000, 0x0000000061015000, 0x0000000061016000,
0x0000000061017800, 0x0000000060d8f800, 0x0000000060d90800, 0x0000000060d8a000,
0x000000006c304800, 0x000000006c307800, 0x000000006c30a000, 0x000000006c30b000,
0x000000006c306800
}

Java Threads: ( => current thread )
  0x00000000004a2800 JavaThread "main" [_thread_blocked, id=404, stack(0x00000000021b0000,0x00000000022b0000)]
  0x000000005d502000 JavaThread "Reference Handler" daemon [_thread_blocked, id=2856, stack(0x000000005d650000,0x000000005d750000)]
  0x000000005d50e000 JavaThread "Finalizer" daemon [_thread_blocked, id=224, stack(0x000000005d9a0000,0x000000005daa0000)]
  0x000000005d518800 JavaThread "Signal Dispatcher" daemon [_thread_blocked, id=3428, stack(0x000000005db00000,0x000000005dc00000)]
  0x000000005d51b800 JavaThread "Attach Listener" daemon [_thread_blocked, id=1268, stack(0x000000001c9f0000,0x000000001caf0000)]
  0x000000005d51d000 JavaThread "Service Thread" daemon [_thread_blocked, id=2260, stack(0x000000005dde0000,0x000000005dee0000)]
  0x000000005d526000 JavaThread "C2 CompilerThread0" daemon [_thread_blocked, id=2904, stack(0x000000005dc30000,0x000000005dd30000)]
  0x000000005d528800 JavaThread "C1 CompilerThread0" daemon [_thread_blocked, id=2496, stack(0x000000005e070000,0x000000005e170000)]
  0x000000005d52b800 JavaThread "Sweeper thread" daemon [_thread_blocked, id=3336, stack(0x000000005df00000,0x000000005e000000)]
  0x000000005e201800 JavaThread "Common-Cleaner" daemon [_thread_blocked, id=664, stack(0x000000005e6e0000,0x000000005e7e0000)]
  0x0000000060298800 JavaThread "Daemon health stats" [_thread_blocked, id=216, stack(0x0000000061720000,0x0000000061820000)]
  0x000000005fe85800 JavaThread "Incoming local TCP Connector on port 49760" [_thread_in_native, id=2752, stack(0x00000000605d0000,0x00000000606d0000)]
  0x000000005fb55000 JavaThread "Daemon periodic checks" [_thread_blocked, id=2372, stack(0x0000000061d90000,0x0000000061e90000)]
  0x0000000060307800 JavaThread "Cache worker for file hash cache (C:\Users\Anu\.gradle\caches\7.0.2\fileHashes)" [_thread_blocked, id=3332, stack(0x0000000062ad0000,0x0000000062bd0000)]
  0x0000000060308800 JavaThread "File lock request listener" [_thread_in_native, id=2368, stack(0x0000000062cc0000,0x0000000062dc0000)]
  0x0000000060309800 JavaThread "Cache worker for journal cache (C:\Users\Anu\.gradle\caches\journal-1)" [_thread_blocked, id=1948, stack(0x0000000061fa0000,0x00000000620a0000)]
  0x000000006030b000 JavaThread "File watcher server" daemon [_thread_blocked, id=3980, stack(0x0000000063540000,0x0000000063640000)]
  0x000000006030c000 JavaThread "File watcher consumer" daemon [_thread_blocked, id=2428, stack(0x0000000063650000,0x0000000063750000)]
  0x0000000060d8a800 JavaThread "Cache worker for execution history cache (C:\Users\Anu\.gradle\caches\7.0.2\executionHistory)" [_thread_blocked, id=3672, stack(0x0000000064ea0000,0x0000000064fa0000)]
  0x0000000060d8c800 JavaThread "jar transforms" [_thread_blocked, id=3468, stack(0x0000000065650000,0x0000000065750000)]
  0x0000000060d8d000 JavaThread "jar transforms Thread 2" [_thread_blocked, id=3440, stack(0x0000000065a60000,0x0000000065b60000)]
  0x0000000060d8e000 JavaThread "Cache worker for file content cache (C:\Users\Anu\.gradle\caches\7.0.2\fileContent)" [_thread_blocked, id=2756, stack(0x00000000631d0000,0x00000000632d0000)]
  0x0000000061016800 JavaThread "Memory manager" [_thread_blocked, id=2380, stack(0x0000000068450000,0x0000000068550000)]
  0x00000000641bb000 JavaThread "RMI Scheduler(0)" daemon [_thread_blocked, id=2348, stack(0x000000006da80000,0x000000006db80000)]
  0x0000000064709000 JavaThread "RMI GC Daemon" daemon [_thread_blocked, id=2044, stack(0x000000006dd40000,0x000000006de40000)]
  0x000000006470b000 JavaThread "RMI TCP Accept-0" daemon [_thread_in_native, id=3800, stack(0x000000006de80000,0x000000006df80000)]
  0x000000006470b800 JavaThread "RMI Reaper" [_thread_blocked, id=2552, stack(0x000000006dfe0000,0x000000006e0e0000)]
  0x00000000641bb800 JavaThread "Daemon Thread 5" [_thread_blocked, id=2240, stack(0x000000005e5d0000,0x000000005e6d0000)]
  0x00000000641b6000 JavaThread "Handler for socket connection from /127.0.0.1:49760 to /127.0.0.1:49960" [_thread_in_native, id=3532, stack(0x0000000062140000,0x0000000062240000)]
  0x00000000641ba000 JavaThread "Cancel handler" [_thread_blocked, id=692, stack(0x0000000062320000,0x0000000062420000)]
  0x00000000641b6800 JavaThread "Daemon worker Thread 5" [_thread_blocked, id=2424, stack(0x00000000633d0000,0x00000000634d0000)]
  0x00000000641b9000 JavaThread "Asynchronous log dispatcher for DefaultDaemonConnection: socket connection from /127.0.0.1:49760 to /127.0.0.1:49960" [_thread_blocked, id=1920, stack(0x0000000064aa0000,0x0000000064ba0000)]
  0x00000000641b8800 JavaThread "Daemon client event forwarder" [_thread_blocked, id=1008, stack(0x00000000632d0000,0x00000000633d0000)]
  0x00000000641b7800 JavaThread "Cache worker for file hash cache (F:\LetsChat\.gradle\7.0.2\fileHashes)" [_thread_blocked, id=3704, stack(0x0000000067050000,0x0000000067150000)]
  0x000000006030d800 JavaThread "Cache worker for checksums cache (F:\LetsChat\.gradle\checksums)" [_thread_blocked, id=2836, stack(0x0000000066690000,0x0000000066790000)]
  0x000000006030a000 JavaThread "Cache worker for cache directory md-supplier (C:\Users\Anu\.gradle\caches\7.0.2\md-supplier)" [_thread_blocked, id=3404, stack(0x000000006a6f0000,0x000000006a7f0000)]
  0x000000006030c800 JavaThread "Cache worker for cache directory md-rule (C:\Users\Anu\.gradle\caches\7.0.2\md-rule)" [_thread_blocked, id=1372, stack(0x0000000062420000,0x0000000062520000)]
  0x0000000060307000 JavaThread "Cache worker for dependencies-accessors (F:\LetsChat\.gradle\7.0.2\dependencies-accessors)" [_thread_blocked, id=3048, stack(0x0000000066310000,0x0000000066410000)]
  0x0000000061015000 JavaThread "Cache worker for Build Output Cleanup Cache (F:\LetsChat\.gradle\buildOutputCleanup)" [_thread_blocked, id=1292, stack(0x000000006b520000,0x000000006b620000)]
  0x0000000061016000 JavaThread "Build operations" [_thread_blocked, id=1896, stack(0x0000000064970000,0x0000000064a70000)]
  0x0000000061017800 JavaThread "Build operations Thread 2" [_thread_blocked, id=3660, stack(0x0000000062730000,0x0000000062830000)]
  0x0000000060d8f800 JavaThread "build event listener" [_thread_blocked, id=4104, stack(0x000000006d470000,0x000000006d570000)]
  0x0000000060d90800 JavaThread "Execution worker for ':'" [_thread_blocked, id=4108, stack(0x000000006d1a0000,0x000000006d2a0000)]
  0x0000000060d8a000 JavaThread "Cache worker for execution history cache (F:\LetsChat\.gradle\7.0.2\executionHistory)" [_thread_blocked, id=4112, stack(0x000000006dc00000,0x000000006dd00000)]
  0x000000006c304800 JavaThread "WorkerExecutor Queue" [_thread_blocked, id=4204, stack(0x0000000070a10000,0x0000000070b10000)]
  0x000000006c307800 JavaThread "RMI TCP Connection(idle)" daemon [_thread_blocked, id=4252, stack(0x00000000741e0000,0x00000000742e0000)]
  0x000000006c30a000 JavaThread "Cache worker for Java compile cache (C:\Users\Anu\.gradle\caches\7.0.2\javaCompile)" [_thread_blocked, id=4312, stack(0x0000000065d60000,0x0000000065e60000)]
  0x000000006c30b000 JavaThread "Cache worker for Java compile cache (F:\LetsChat\.gradle\7.0.2\javaCompile)" [_thread_blocked, id=4316, stack(0x00000000744c0000,0x00000000745c0000)]
  0x000000006c306800 JavaThread "WorkerExecutor Queue Thread 2" [_thread_blocked, id=4340, stack(0x0000000074360000,0x0000000074460000)]

Other Threads:
=>0x000000001a38f800 VMThread "VM Thread" [stack: 0x000000005d7c0000,0x000000005d8c0000] [id=3784]
  0x000000005e22a000 WatcherThread [stack: 0x000000005e8f0000,0x000000005e9f0000] [id=2548]
  0x00000000004ba800 GCTaskThread "GC Thread#0" [stack: 0x0000000015370000,0x0000000015470000] [id=2764]
  0x000000005e3c5000 GCTaskThread "GC Thread#1" [stack: 0x000000005e7e0000,0x000000005e8e0000] [id=3584]
  0x00000000004eb000 ConcurrentGCThread "G1 Main Marker" [stack: 0x000000001a390000,0x000000001a490000] [id=712]
  0x00000000004ec000 ConcurrentGCThread "G1 Conc#0" [stack: 0x000000001a4d0000,0x000000001a5d0000] [id=3544]
  0x000000000053d800 ConcurrentGCThread "G1 Refine#0" [stack: 0x000000001c8e0000,0x000000001c9e0000] [id=2224]
  0x000000000053e800 ConcurrentGCThread "G1 Young RemSet Sampling" [stack: 0x000000001cb30000,0x000000001cc30000] [id=1964]

Threads with active compile tasks:
C2 CompilerThread01540553 27799 %     4       com.android.tools.r8.internal.T6::a @ 2246 (6044 bytes)

VM state:at safepoint (normal execution)

VM Mutex/Monitor currently owned by a thread:  ([mutex/lock_event])
[0x000000000049eb70] Threads_lock - owner thread: 0x000000001a38f800
[0x000000000049f350] Heap_lock - owner thread: 0x0000000061016000

Heap address: 0x0000000080000000, size: 2048 MB, Compressed Oops mode: 32-bit
Narrow klass base: 0x0000000000000000, Narrow klass shift: 0
Compressed class space size: 1073741824 Address: 0x000000001cc30000

Heap:
 garbage-first heap   total 659456K, used 155414K [0x0000000080000000, 0x0000000100000000)
  region size 1024K, 2 young (2048K), 2 survivors (2048K)
 Metaspace       used 204400K, capacity 210046K, committed 210556K, reserved 1232896K
  class space    used 24941K, capacity 27009K, committed 27136K, reserved 1048576K
Heap Regions: E=young(eden), S=young(survivor), O=old, HS=humongous(starts), HC=humongous(continues), CS=collection set, F=free, A=archive, TAMS=top-at-mark-start (previous, next)
|   0|0x0000000080000000, 0x0000000080100000, 0x0000000080100000|100%| O|  |TAMS 0x0000000080100000, 0x0000000080000000| Untracked 
|   1|0x0000000080100000, 0x0000000080200000, 0x0000000080200000|100%| O|  |TAMS 0x0000000080200000, 0x0000000080100000| Untracked 
|   2|0x0000000080200000, 0x0000000080300000, 0x0000000080300000|100%| O|  |TAMS 0x0000000080300000, 0x0000000080200000| Untracked 
|   3|0x0000000080300000, 0x0000000080400000, 0x0000000080400000|100%| O|  |TAMS 0x0000000080400000, 0x0000000080300000| Untracked 
|   4|0x0000000080400000, 0x0000000080500000, 0x0000000080500000|100%|HS|  |TAMS 0x0000000080500000, 0x0000000080400000| Complete 
|   5|0x0000000080500000, 0x0000000080600000, 0x0000000080600000|100%|HC|  |TAMS 0x0000000080600000, 0x0000000080500000| Complete 
|   6|0x0000000080600000, 0x0000000080700000, 0x0000000080700000|100%|HC|  |TAMS 0x0000000080700000, 0x0000000080600000| Complete 
|   7|0x0000000080700000, 0x0000000080800000, 0x0000000080800000|100%| O|  |TAMS 0x0000000080800000, 0x0000000080700000| Untracked 
|   8|0x0000000080800000, 0x0000000080900000, 0x0000000080900000|100%| O|  |TAMS 0x0000000080900000, 0x0000000080800000| Untracked 
|   9|0x0000000080900000, 0x0000000080a00000, 0x0000000080a00000|100%| O|  |TAMS 0x0000000080a00000, 0x0000000080900000| Untracked 
|  10|0x0000000080a00000, 0x0000000080b00000, 0x0000000080b00000|100%| O|  |TAMS 0x0000000080b00000, 0x0000000080a00000| Untracked 
|  11|0x0000000080b00000, 0x0000000080c00000, 0x0000000080c00000|100%| O|  |TAMS 0x0000000080c00000, 0x0000000080b00000| Complete 
|  12|0x0000000080c00000, 0x0000000080d00000, 0x0000000080d00000|100%| O|  |TAMS 0x0000000080d00000, 0x0000000080c00000| Untracked 
|  13|0x0000000080d00000, 0x0000000080e00000, 0x0000000080e00000|100%| O|  |TAMS 0x0000000080e00000, 0x0000000080d00000| Untracked 
|  14|0x0000000080e00000, 0x0000000080f00000, 0x0000000080f00000|100%| O|  |TAMS 0x0000000080f00000, 0x0000000080e00000| Untracked 
|  15|0x0000000080f00000, 0x0000000081000000, 0x0000000081000000|100%| O|  |TAMS 0x0000000081000000, 0x0000000080f00000| Complete 
|  16|0x0000000081000000, 0x0000000081100000, 0x0000000081100000|100%| O|  |TAMS 0x0000000081100000, 0x0000000081000000| Untracked 
|  17|0x0000000081100000, 0x0000000081200000, 0x0000000081200000|100%| O|  |TAMS 0x0000000081200000, 0x0000000081100000| Complete 
|  18|0x0000000081200000, 0x0000000081300000, 0x0000000081300000|100%| O|  |TAMS 0x0000000081300000, 0x0000000081200000| Untracked 
|  19|0x0000000081300000, 0x0000000081400000, 0x0000000081400000|100%| O|  |TAMS 0x0000000081400000, 0x0000000081300000| Untracked 
|  20|0x0000000081400000, 0x0000000081500000, 0x0000000081500000|100%| O|  |TAMS 0x0000000081500000, 0x0000000081400000| Untracked 
|  21|0x0000000081500000, 0x0000000081600000, 0x0000000081600000|100%| O|  |TAMS 0x0000000081600000, 0x0000000081500000| Complete 
|  22|0x0000000081600000, 0x0000000081700000, 0x0000000081700000|100%| O|  |TAMS 0x0000000081700000, 0x0000000081600000| Complete 
|  23|0x0000000081700000, 0x0000000081800000, 0x0000000081800000|100%| O|  |TAMS 0x0000000081800000, 0x0000000081700000| Untracked 
|  24|0x0000000081800000, 0x0000000081900000, 0x0000000081900000|100%| O|  |TAMS 0x0000000081900000, 0x0000000081800000| Untracked 
|  25|0x0000000081900000, 0x0000000081a00000, 0x0000000081a00000|100%| O|  |TAMS 0x0000000081a00000, 0x0000000081900000| Untracked 
|  26|0x0000000081a00000, 0x0000000081b00000, 0x0000000081b00000|100%| O|  |TAMS 0x0000000081b00000, 0x0000000081a00000| Untracked 
|  27|0x0000000081b00000, 0x0000000081c00000, 0x0000000081c00000|100%| O|  |TAMS 0x0000000081c00000, 0x0000000081b00000| Complete 
|  28|0x0000000081c00000, 0x0000000081d00000, 0x0000000081d00000|100%| O|  |TAMS 0x0000000081d00000, 0x0000000081c00000| Untracked 
|  29|0x0000000081d00000, 0x0000000081e00000, 0x0000000081e00000|100%| O|  |TAMS 0x0000000081e00000, 0x0000000081d00000| Untracked 
|  30|0x0000000081e00000, 0x0000000081f00000, 0x0000000081f00000|100%| O|  |TAMS 0x0000000081f00000, 0x0000000081e00000| Untracked 
|  31|0x0000000081f00000, 0x0000000082000000, 0x0000000082000000|100%| O|  |TAMS 0x0000000082000000, 0x0000000081f00000| Complete 
|  32|0x0000000082000000, 0x0000000082100000, 0x0000000082100000|100%|HS|  |TAMS 0x0000000082100000, 0x0000000082000000| Complete 
|  33|0x0000000082100000, 0x0000000082200000, 0x0000000082200000|100%|HS|  |TAMS 0x0000000082200000, 0x0000000082100000| Complete 
|  34|0x0000000082200000, 0x0000000082300000, 0x0000000082300000|100%|HS|  |TAMS 0x0000000082300000, 0x0000000082200000| Complete 
|  35|0x0000000082300000, 0x0000000082400000, 0x0000000082400000|100%|HS|  |TAMS 0x0000000082400000, 0x0000000082300000| Complete 
|  36|0x0000000082400000, 0x0000000082500000, 0x0000000082500000|100%|HC|  |TAMS 0x0000000082500000, 0x0000000082400000| Complete 
|  37|0x0000000082500000, 0x0000000082600000, 0x0000000082600000|100%|HC|  |TAMS 0x0000000082600000, 0x0000000082500000| Complete 
|  38|0x0000000082600000, 0x0000000082700000, 0x0000000082700000|100%| O|  |TAMS 0x0000000082700000, 0x0000000082600000| Untracked 
|  39|0x0000000082700000, 0x0000000082800000, 0x0000000082800000|100%| O|  |TAMS 0x0000000082800000, 0x0000000082700000| Untracked 
|  40|0x0000000082800000, 0x0000000082900000, 0x0000000082900000|100%| O|  |TAMS 0x0000000082900000, 0x0000000082800000| Untracked 
|  41|0x0000000082900000, 0x0000000082a00000, 0x0000000082a00000|100%|HS|  |TAMS 0x0000000082a00000, 0x0000000082900000| Complete 
|  42|0x0000000082a00000, 0x0000000082b00000, 0x0000000082b00000|100%|HC|  |TAMS 0x0000000082b00000, 0x0000000082a00000| Complete 
|  43|0x0000000082b00000, 0x0000000082c00000, 0x0000000082c00000|100%| O|  |TAMS 0x0000000082c00000, 0x0000000082b00000| Untracked 
|  44|0x0000000082c00000, 0x0000000082d00000, 0x0000000082d00000|100%| O|  |TAMS 0x0000000082d00000, 0x0000000082c00000| Untracked 
|  45|0x0000000082d00000, 0x0000000082e00000, 0x0000000082e00000|100%| O|  |TAMS 0x0000000082e00000, 0x0000000082d00000| Untracked 
|  46|0x0000000082e00000, 0x0000000082f00000, 0x0000000082f00000|100%| O|  |TAMS 0x0000000082f00000, 0x0000000082e00000| Complete 
|  47|0x0000000082f00000, 0x0000000083000000, 0x0000000083000000|100%| O|  |TAMS 0x0000000083000000, 0x0000000082f00000| Untracked 
|  48|0x0000000083000000, 0x0000000083100000, 0x0000000083100000|100%| O|  |TAMS 0x0000000083100000, 0x0000000083000000| Untracked 
|  49|0x0000000083100000, 0x0000000083200000, 0x0000000083200000|100%| O|  |TAMS 0x0000000083200000, 0x0000000083100000| Untracked 
|  50|0x0000000083200000, 0x0000000083300000, 0x0000000083300000|100%| O|  |TAMS 0x0000000083300000, 0x0000000083200000| Complete 
|  51|0x0000000083300000, 0x0000000083400000, 0x0000000083400000|100%| O|  |TAMS 0x0000000083400000, 0x0000000083300000| Untracked 
|  52|0x0000000083400000, 0x0000000083500000, 0x0000000083500000|100%| O|  |TAMS 0x0000000083500000, 0x0000000083400000| Complete 
|  53|0x0000000083500000, 0x0000000083600000, 0x0000000083600000|100%| O|  |TAMS 0x0000000083600000, 0x0000000083500000| Complete 
|  54|0x0000000083600000, 0x0000000083700000, 0x0000000083700000|100%| O|  |TAMS 0x0000000083700000, 0x0000000083600000| Complete 
|  55|0x0000000083700000, 0x0000000083800000, 0x0000000083800000|100%| O|  |TAMS 0x0000000083800000, 0x0000000083700000| Untracked 
|  56|0x0000000083800000, 0x0000000083900000, 0x0000000083900000|100%| O|  |TAMS 0x0000000083900000, 0x0000000083800000| Untracked 
|  57|0x0000000083900000, 0x0000000083a00000, 0x0000000083a00000|100%| O|  |TAMS 0x0000000083a00000, 0x0000000083900000| Untracked 
|  58|0x0000000083a00000, 0x0000000083b00000, 0x0000000083b00000|100%| O|  |TAMS 0x0000000083b00000, 0x0000000083a00000| Complete 
|  59|0x0000000083b00000, 0x0000000083c00000, 0x0000000083c00000|100%| O|  |TAMS 0x0000000083c00000, 0x0000000083b00000| Complete 
|  60|0x0000000083c00000, 0x0000000083d00000, 0x0000000083d00000|100%| O|  |TAMS 0x0000000083d00000, 0x0000000083c00000| Complete 
|  61|0x0000000083d00000, 0x0000000083e00000, 0x0000000083e00000|100%| O|  |TAMS 0x0000000083e00000, 0x0000000083d00000| Complete 
|  62|0x0000000083e00000, 0x0000000083f00000, 0x0000000083f00000|100%| O|  |TAMS 0x0000000083f00000, 0x0000000083e00000| Complete 
|  63|0x0000000083f00000, 0x0000000084000000, 0x0000000084000000|100%| O|  |TAMS 0x0000000084000000, 0x0000000083f00000| Complete 
|  64|0x0000000084000000, 0x0000000084100000, 0x0000000084100000|100%| O|  |TAMS 0x0000000084100000, 0x0000000084000000| Complete 
|  65|0x0000000084100000, 0x0000000084200000, 0x0000000084200000|100%| O|  |TAMS 0x0000000084200000, 0x0000000084100000| Untracked 
|  66|0x0000000084200000, 0x0000000084300000, 0x0000000084300000|100%| O|  |TAMS 0x0000000084300000, 0x0000000084200000| Complete 
|  67|0x0000000084300000, 0x0000000084400000, 0x0000000084400000|100%| O|  |TAMS 0x0000000084400000, 0x0000000084300000| Complete 
|  68|0x0000000084400000, 0x0000000084500000, 0x0000000084500000|100%| O|  |TAMS 0x0000000084500000, 0x0000000084400000| Complete 
|  69|0x0000000084500000, 0x0000000084600000, 0x0000000084600000|100%| O|  |TAMS 0x0000000084600000, 0x0000000084500000| Complete 
|  70|0x0000000084600000, 0x0000000084700000, 0x0000000084700000|100%| O|  |TAMS 0x0000000084700000, 0x0000000084600000| Complete 
|  71|0x0000000084700000, 0x0000000084800000, 0x0000000084800000|100%| O|  |TAMS 0x0000000084800000, 0x0000000084700000| Untracked 
|  72|0x0000000084800000, 0x0000000084900000, 0x0000000084900000|100%| O|  |TAMS 0x0000000084900000, 0x0000000084800000| Complete 
|  73|0x0000000084900000, 0x0000000084a00000, 0x0000000084a00000|100%| O|  |TAMS 0x0000000084a00000, 0x0000000084900000| Untracked 
|  74|0x0000000084a00000, 0x0000000084b00000, 0x0000000084b00000|100%| O|  |TAMS 0x0000000084b00000, 0x0000000084a00000| Untracked 
|  75|0x0000000084b00000, 0x0000000084c00000, 0x0000000084c00000|100%| O|  |TAMS 0x0000000084c00000, 0x0000000084b00000| Untracked 
|  76|0x0000000084c00000, 0x0000000084d00000, 0x0000000084d00000|100%| O|  |TAMS 0x0000000084d00000, 0x0000000084c00000| Untracked 
|  77|0x0000000084d00000, 0x0000000084e00000, 0x0000000084e00000|100%| O|  |TAMS 0x0000000084e00000, 0x0000000084d00000| Untracked 
|  78|0x0000000084e00000, 0x0000000084f00000, 0x0000000084f00000|100%| O|  |TAMS 0x0000000084f00000, 0x0000000084e00000| Complete 
|  79|0x0000000084f00000, 0x0000000084f00000, 0x0000000085000000|  0%| F|  |TAMS 0x0000000084f00000, 0x0000000084f00000| Untracked 
|  80|0x0000000085000000, 0x0000000085100000, 0x0000000085100000|100%| O|  |TAMS 0x0000000085100000, 0x0000000085000000| Untracked 
|  81|0x0000000085100000, 0x0000000085200000, 0x0000000085200000|100%| O|  |TAMS 0x0000000085200000, 0x0000000085100000| Complete 
|  82|0x0000000085200000, 0x0000000085300000, 0x0000000085300000|100%| O|  |TAMS 0x0000000085300000, 0x0000000085200000| Complete 
|  83|0x0000000085300000, 0x0000000085400000, 0x0000000085400000|100%| O|  |TAMS 0x0000000085400000, 0x0000000085300000| Untracked 
|  84|0x0000000085400000, 0x0000000085500000, 0x0000000085500000|100%| O|  |TAMS 0x0000000085500000, 0x0000000085400000| Untracked 
|  85|0x0000000085500000, 0x0000000085600000, 0x0000000085600000|100%| O|  |TAMS 0x0000000085600000, 0x0000000085500000| Untracked 
|  86|0x0000000085600000, 0x0000000085700000, 0x0000000085700000|100%| O|  |TAMS 0x0000000085700000, 0x0000000085600000| Untracked 
|  87|0x0000000085700000, 0x0000000085800000, 0x0000000085800000|100%| O|  |TAMS 0x0000000085800000, 0x0000000085700000| Untracked 
|  88|0x0000000085800000, 0x0000000085900000, 0x0000000085900000|100%| O|  |TAMS 0x0000000085900000, 0x0000000085800000| Untracked 
|  89|0x0000000085900000, 0x0000000085a00000, 0x0000000085a00000|100%| O|  |TAMS 0x0000000085a00000, 0x0000000085900000| Complete 
|  90|0x0000000085a00000, 0x0000000085b00000, 0x0000000085b00000|100%| O|  |TAMS 0x0000000085b00000, 0x0000000085a00000| Untracked 
|  91|0x0000000085b00000, 0x0000000085c00000, 0x0000000085c00000|100%| O|  |TAMS 0x0000000085c00000, 0x0000000085b00000| Complete 
|  92|0x0000000085c00000, 0x0000000085d00000, 0x0000000085d00000|100%| O|  |TAMS 0x0000000085d00000, 0x0000000085c00000| Complete 
|  93|0x0000000085d00000, 0x0000000085e00000, 0x0000000085e00000|100%|HS|  |TAMS 0x0000000085e00000, 0x0000000085d00000| Complete 
|  94|0x0000000085e00000, 0x0000000085f00000, 0x0000000085f00000|100%|HC|  |TAMS 0x0000000085f00000, 0x0000000085e00000| Complete 
|  95|0x0000000085f00000, 0x0000000086000000, 0x0000000086000000|100%|HC|  |TAMS 0x0000000086000000, 0x0000000085f00000| Complete 
|  96|0x0000000086000000, 0x0000000086100000, 0x0000000086100000|100%| O|  |TAMS 0x0000000086100000, 0x0000000086000000| Complete 
|  97|0x0000000086100000, 0x0000000086200000, 0x0000000086200000|100%| O|  |TAMS 0x0000000086200000, 0x0000000086100000| Complete 
|  98|0x0000000086200000, 0x0000000086200000, 0x0000000086300000|  0%| F|  |TAMS 0x0000000086200000, 0x0000000086200000| Untracked 
|  99|0x0000000086300000, 0x0000000086400000, 0x0000000086400000|100%| O|  |TAMS 0x0000000086400000, 0x0000000086300000| Untracked 
| 100|0x0000000086400000, 0x0000000086500000, 0x0000000086500000|100%| O|  |TAMS 0x0000000086500000, 0x0000000086400000| Complete 
| 101|0x0000000086500000, 0x0000000086600000, 0x0000000086600000|100%| O|  |TAMS 0x0000000086600000, 0x0000000086500000| Untracked 
| 102|0x0000000086600000, 0x0000000086700000, 0x0000000086700000|100%| O|  |TAMS 0x0000000086700000, 0x0000000086600000| Untracked 
| 103|0x0000000086700000, 0x0000000086800000, 0x0000000086800000|100%| O|  |TAMS 0x0000000086800000, 0x0000000086700000| Complete 
| 104|0x0000000086800000, 0x0000000086900000, 0x0000000086900000|100%| O|  |TAMS 0x0000000086900000, 0x0000000086800000| Untracked 
| 105|0x0000000086900000, 0x0000000086a00000, 0x0000000086a00000|100%| O|  |TAMS 0x0000000086a00000, 0x0000000086900000| Complete 
| 106|0x0000000086a00000, 0x0000000086b00000, 0x0000000086b00000|100%| O|  |TAMS 0x0000000086b00000, 0x0000000086a00000| Untracked 
| 107|0x0000000086b00000, 0x0000000086c00000, 0x0000000086c00000|100%| O|  |TAMS 0x0000000086c00000, 0x0000000086b00000| Untracked 
| 108|0x0000000086c00000, 0x0000000086d00000, 0x0000000086d00000|100%| O|  |TAMS 0x0000000086d00000, 0x0000000086c00000| Complete 
| 109|0x0000000086d00000, 0x0000000086e00000, 0x0000000086e00000|100%| O|  |TAMS 0x0000000086e00000, 0x0000000086d00000| Untracked 
| 110|0x0000000086e00000, 0x0000000086f00000, 0x0000000086f00000|100%|HS|  |TAMS 0x0000000086f00000, 0x0000000086e00000| Complete 
| 111|0x0000000086f00000, 0x0000000087000000, 0x0000000087000000|100%| O|  |TAMS 0x0000000087000000, 0x0000000086f00000| Untracked 
| 112|0x0000000087000000, 0x0000000087100000, 0x0000000087100000|100%| O|  |TAMS 0x0000000087100000, 0x0000000087000000| Untracked 
| 113|0x0000000087100000, 0x0000000087200000, 0x0000000087200000|100%| O|  |TAMS 0x0000000087200000, 0x0000000087100000| Untracked 
| 114|0x0000000087200000, 0x0000000087300000, 0x0000000087300000|100%| O|  |TAMS 0x0000000087300000, 0x0000000087200000| Complete 
| 115|0x0000000087300000, 0x0000000087400000, 0x0000000087400000|100%| O|  |TAMS 0x0000000087400000, 0x0000000087300000| Untracked 
| 116|0x0000000087400000, 0x0000000087500000, 0x0000000087500000|100%| O|  |TAMS 0x0000000087500000, 0x0000000087400000| Untracked 
| 117|0x0000000087500000, 0x0000000087600000, 0x0000000087600000|100%| O|  |TAMS 0x0000000087600000, 0x0000000087500000| Complete 
| 118|0x0000000087600000, 0x0000000087700000, 0x0000000087700000|100%| O|  |TAMS 0x0000000087700000, 0x0000000087600000| Complete 
| 119|0x0000000087700000, 0x0000000087800000, 0x0000000087800000|100%| O|  |TAMS 0x0000000087800000, 0x0000000087700000| Untracked 
| 120|0x0000000087800000, 0x0000000087900000, 0x0000000087900000|100%| O|  |TAMS 0x0000000087900000, 0x0000000087800000| Untracked 
| 121|0x0000000087900000, 0x0000000087a00000, 0x0000000087a00000|100%| O|  |TAMS 0x0000000087a00000, 0x0000000087900000| Untracked 
| 122|0x0000000087a00000, 0x0000000087b00000, 0x0000000087b00000|100%| O|  |TAMS 0x0000000087b00000, 0x0000000087a00000| Untracked 
| 123|0x0000000087b00000, 0x0000000087c00000, 0x0000000087c00000|100%| O|  |TAMS 0x0000000087c00000, 0x0000000087b00000| Untracked 
| 124|0x0000000087c00000, 0x0000000087d00000, 0x0000000087d00000|100%| O|  |TAMS 0x0000000087d00000, 0x0000000087c00000| Complete 
| 125|0x0000000087d00000, 0x0000000087e00000, 0x0000000087e00000|100%| O|  |TAMS 0x0000000087e00000, 0x0000000087d00000| Untracked 
| 126|0x0000000087e00000, 0x0000000087f00000, 0x0000000087f00000|100%| O|  |TAMS 0x0000000087f00000, 0x0000000087e00000| Complete 
| 127|0x0000000087f00000, 0x0000000088000000, 0x0000000088000000|100%| O|  |TAMS 0x0000000088000000, 0x0000000087f00000| Complete 
| 128|0x0000000088000000, 0x0000000088100000, 0x0000000088100000|100%| O|  |TAMS 0x0000000088100000, 0x0000000088000000| Complete 
| 129|0x0000000088100000, 0x0000000088200000, 0x0000000088200000|100%| O|  |TAMS 0x0000000088200000, 0x0000000088100000| Complete 
| 130|0x0000000088200000, 0x0000000088300000, 0x0000000088300000|100%| O|  |TAMS 0x0000000088300000, 0x0000000088200000| Untracked 
| 131|0x0000000088300000, 0x0000000088400000, 0x0000000088400000|100%| O|  |TAMS 0x0000000088400000, 0x0000000088300000| Untracked 
| 132|0x0000000088400000, 0x0000000088500000, 0x0000000088500000|100%| O|  |TAMS 0x0000000088500000, 0x0000000088400000| Complete 
| 133|0x0000000088500000, 0x0000000088600000, 0x0000000088600000|100%| O|  |TAMS 0x0000000088600000, 0x0000000088500000| Untracked 
| 134|0x0000000088600000, 0x0000000088700000, 0x0000000088700000|100%| O|  |TAMS 0x0000000088700000, 0x0000000088600000| Untracked 
| 135|0x0000000088700000, 0x0000000088700000, 0x0000000088800000|  0%| F|  |TAMS 0x0000000088700000, 0x0000000088700000| Untracked 
| 136|0x0000000088800000, 0x0000000088900000, 0x0000000088900000|100%| O|  |TAMS 0x0000000088900000, 0x0000000088800000| Complete 
| 137|0x0000000088900000, 0x0000000088900000, 0x0000000088a00000|  0%| F|  |TAMS 0x0000000088900000, 0x0000000088900000| Untracked 
| 138|0x0000000088a00000, 0x0000000088b00000, 0x0000000088b00000|100%| O|  |TAMS 0x0000000088b00000, 0x0000000088a00000| Complete 
| 139|0x0000000088b00000, 0x0000000088c00000, 0x0000000088c00000|100%| O|  |TAMS 0x0000000088c00000, 0x0000000088b00000| Complete 
| 140|0x0000000088c00000, 0x0000000088d00000, 0x0000000088d00000|100%| O|  |TAMS 0x0000000088d00000, 0x0000000088c00000| Untracked 
| 141|0x0000000088d00000, 0x0000000088e00000, 0x0000000088e00000|100%| O|  |TAMS 0x0000000088e00000, 0x0000000088d00000| Untracked 
| 142|0x0000000088e00000, 0x0000000088f00000, 0x0000000088f00000|100%| O|  |TAMS 0x0000000088f00000, 0x0000000088e00000| Complete 
| 143|0x0000000088f00000, 0x0000000089000000, 0x0000000089000000|100%| O|  |TAMS 0x0000000089000000, 0x0000000088f00000| Untracked 
| 144|0x0000000089000000, 0x0000000089100000, 0x0000000089100000|100%| O|  |TAMS 0x0000000089100000, 0x0000000089000000| Untracked 
| 145|0x0000000089100000, 0x0000000089200000, 0x0000000089200000|100%| O|  |TAMS 0x0000000089200000, 0x0000000089100000| Complete 
| 146|0x0000000089200000, 0x0000000089300000, 0x0000000089300000|100%| O|  |TAMS 0x0000000089300000, 0x0000000089200000| Untracked 
| 147|0x0000000089300000, 0x0000000089400000, 0x0000000089400000|100%| O|  |TAMS 0x00000000893c1e00, 0x0000000089300000| Untracked 
| 148|0x0000000089400000, 0x0000000089500000, 0x0000000089500000|100%| O|  |TAMS 0x0000000089400000, 0x0000000089400000| Untracked 
| 149|0x0000000089500000, 0x0000000089600000, 0x0000000089600000|100%| O|  |TAMS 0x0000000089500000, 0x0000000089500000| Untracked 
| 150|0x0000000089600000, 0x0000000089700000, 0x0000000089700000|100%| O|  |TAMS 0x0000000089600000, 0x0000000089600000| Untracked 
| 151|0x0000000089700000, 0x0000000089800000, 0x0000000089800000|100%| O|  |TAMS 0x0000000089700000, 0x0000000089700000| Untracked 
| 152|0x0000000089800000, 0x0000000089900000, 0x0000000089900000|100%| O|  |TAMS 0x0000000089800000, 0x0000000089800000| Untracked 
| 153|0x0000000089900000, 0x00000000899c5800, 0x0000000089a00000| 77%| O|  |TAMS 0x0000000089900000, 0x0000000089900000| Untracked 
| 154|0x0000000089a00000, 0x0000000089a00000, 0x0000000089b00000|  0%| F|  |TAMS 0x0000000089a00000, 0x0000000089a00000| Untracked 
| 155|0x0000000089b00000, 0x0000000089b00000, 0x0000000089c00000|  0%| F|  |TAMS 0x0000000089b00000, 0x0000000089b00000| Untracked 
| 156|0x0000000089c00000, 0x0000000089c00000, 0x0000000089d00000|  0%| F|  |TAMS 0x0000000089c00000, 0x0000000089c00000| Untracked 
| 157|0x0000000089d00000, 0x0000000089d00000, 0x0000000089e00000|  0%| F|  |TAMS 0x0000000089d00000, 0x0000000089d00000| Untracked 
| 158|0x0000000089e00000, 0x0000000089e00000, 0x0000000089f00000|  0%| F|  |TAMS 0x0000000089e00000, 0x0000000089e00000| Untracked 
| 159|0x0000000089f00000, 0x0000000089f00000, 0x000000008a000000|  0%| F|  |TAMS 0x0000000089f00000, 0x0000000089f00000| Untracked 
| 160|0x000000008a000000, 0x000000008a000000, 0x000000008a100000|  0%| F|  |TAMS 0x000000008a000000, 0x000000008a000000| Untracked 
| 161|0x000000008a100000, 0x000000008a100000, 0x000000008a200000|  0%| F|  |TAMS 0x000000008a100000, 0x000000008a100000| Untracked 
| 162|0x000000008a200000, 0x000000008a200000, 0x000000008a300000|  0%| F|  |TAMS 0x000000008a200000, 0x000000008a200000| Untracked 
| 163|0x000000008a300000, 0x000000008a300000, 0x000000008a400000|  0%| F|  |TAMS 0x000000008a300000, 0x000000008a300000| Untracked 
| 164|0x000000008a400000, 0x000000008a400000, 0x000000008a500000|  0%| F|  |TAMS 0x000000008a400000, 0x000000008a400000| Untracked 
| 165|0x000000008a500000, 0x000000008a500000, 0x000000008a600000|  0%| F|  |TAMS 0x000000008a500000, 0x000000008a500000| Untracked 
| 166|0x000000008a600000, 0x000000008a600000, 0x000000008a700000|  0%| F|  |TAMS 0x000000008a600000, 0x000000008a600000| Untracked 
| 167|0x000000008a700000, 0x000000008a700000, 0x000000008a800000|  0%| F|  |TAMS 0x000000008a700000, 0x000000008a700000| Untracked 
| 168|0x000000008a800000, 0x000000008a800000, 0x000000008a900000|  0%| F|  |TAMS 0x000000008a800000, 0x000000008a800000| Untracked 
| 169|0x000000008a900000, 0x000000008a900000, 0x000000008aa00000|  0%| F|  |TAMS 0x000000008a900000, 0x000000008a900000| Untracked 
| 170|0x000000008aa00000, 0x000000008aa00000, 0x000000008ab00000|  0%| F|  |TAMS 0x000000008aa00000, 0x000000008aa00000| Untracked 
| 171|0x000000008ab00000, 0x000000008ab00000, 0x000000008ac00000|  0%| F|  |TAMS 0x000000008ab00000, 0x000000008ab00000| Untracked 
| 172|0x000000008ac00000, 0x000000008ac00000, 0x000000008ad00000|  0%| F|  |TAMS 0x000000008ac00000, 0x000000008ac00000| Untracked 
| 173|0x000000008ad00000, 0x000000008ad00000, 0x000000008ae00000|  0%| F|  |TAMS 0x000000008ad00000, 0x000000008ad00000| Untracked 
| 174|0x000000008ae00000, 0x000000008ae00000, 0x000000008af00000|  0%| F|  |TAMS 0x000000008ae00000, 0x000000008ae00000| Untracked 
| 175|0x000000008af00000, 0x000000008af00000, 0x000000008b000000|  0%| F|  |TAMS 0x000000008af00000, 0x000000008af00000| Untracked 
| 176|0x000000008b000000, 0x000000008b000000, 0x000000008b100000|  0%| F|  |TAMS 0x000000008b000000, 0x000000008b000000| Untracked 
| 177|0x000000008b100000, 0x000000008b100000, 0x000000008b200000|  0%| F|  |TAMS 0x000000008b100000, 0x000000008b100000| Untracked 
| 178|0x000000008b200000, 0x000000008b200000, 0x000000008b300000|  0%| F|  |TAMS 0x000000008b200000, 0x000000008b200000| Untracked 
| 179|0x000000008b300000, 0x000000008b300000, 0x000000008b400000|  0%| F|  |TAMS 0x000000008b300000, 0x000000008b300000| Untracked 
| 180|0x000000008b400000, 0x000000008b400000, 0x000000008b500000|  0%| F|  |TAMS 0x000000008b400000, 0x000000008b400000| Untracked 
| 181|0x000000008b500000, 0x000000008b500000, 0x000000008b600000|  0%| F|  |TAMS 0x000000008b500000, 0x000000008b500000| Untracked 
| 182|0x000000008b600000, 0x000000008b600000, 0x000000008b700000|  0%| F|  |TAMS 0x000000008b600000, 0x000000008b600000| Untracked 
| 183|0x000000008b700000, 0x000000008b700000, 0x000000008b800000|  0%| F|  |TAMS 0x000000008b700000, 0x000000008b700000| Untracked 
| 184|0x000000008b800000, 0x000000008b800000, 0x000000008b900000|  0%| F|  |TAMS 0x000000008b800000, 0x000000008b800000| Untracked 
| 185|0x000000008b900000, 0x000000008b900000, 0x000000008ba00000|  0%| F|  |TAMS 0x000000008b900000, 0x000000008b900000| Untracked 
| 186|0x000000008ba00000, 0x000000008ba00000, 0x000000008bb00000|  0%| F|  |TAMS 0x000000008ba00000, 0x000000008ba00000| Untracked 
| 187|0x000000008bb00000, 0x000000008bb00000, 0x000000008bc00000|  0%| F|  |TAMS 0x000000008bb00000, 0x000000008bb00000| Untracked 
| 188|0x000000008bc00000, 0x000000008bc00000, 0x000000008bd00000|  0%| F|  |TAMS 0x000000008bc00000, 0x000000008bc00000| Untracked 
| 189|0x000000008bd00000, 0x000000008bd00000, 0x000000008be00000|  0%| F|  |TAMS 0x000000008bd00000, 0x000000008bd00000| Untracked 
| 190|0x000000008be00000, 0x000000008be00000, 0x000000008bf00000|  0%| F|  |TAMS 0x000000008be00000, 0x000000008be00000| Untracked 
| 191|0x000000008bf00000, 0x000000008bf00000, 0x000000008c000000|  0%| F|  |TAMS 0x000000008bf00000, 0x000000008bf00000| Untracked 
| 192|0x000000008c000000, 0x000000008c000000, 0x000000008c100000|  0%| F|  |TAMS 0x000000008c000000, 0x000000008c000000| Untracked 
| 193|0x000000008c100000, 0x000000008c100000, 0x000000008c200000|  0%| F|  |TAMS 0x000000008c100000, 0x000000008c100000| Untracked 
| 194|0x000000008c200000, 0x000000008c200000, 0x000000008c300000|  0%| F|  |TAMS 0x000000008c200000, 0x000000008c200000| Untracked 
| 195|0x000000008c300000, 0x000000008c300000, 0x000000008c400000|  0%| F|  |TAMS 0x000000008c300000, 0x000000008c300000| Untracked 
| 196|0x000000008c400000, 0x000000008c400000, 0x000000008c500000|  0%| F|  |TAMS 0x000000008c400000, 0x000000008c400000| Untracked 
| 197|0x000000008c500000, 0x000000008c500000, 0x000000008c600000|  0%| F|  |TAMS 0x000000008c500000, 0x000000008c500000| Untracked 
| 198|0x000000008c600000, 0x000000008c600000, 0x000000008c700000|  0%| F|  |TAMS 0x000000008c600000, 0x000000008c600000| Untracked 
| 199|0x000000008c700000, 0x000000008c700000, 0x000000008c800000|  0%| F|  |TAMS 0x000000008c700000, 0x000000008c700000| Untracked 
| 200|0x000000008c800000, 0x000000008c800000, 0x000000008c900000|  0%| F|  |TAMS 0x000000008c800000, 0x000000008c800000| Untracked 
| 201|0x000000008c900000, 0x000000008c900000, 0x000000008ca00000|  0%| F|  |TAMS 0x000000008c900000, 0x000000008c900000| Untracked 
| 202|0x000000008ca00000, 0x000000008ca00000, 0x000000008cb00000|  0%| F|  |TAMS 0x000000008ca00000, 0x000000008ca00000| Untracked 
| 203|0x000000008cb00000, 0x000000008cb00000, 0x000000008cc00000|  0%| F|  |TAMS 0x000000008cb00000, 0x000000008cb00000| Untracked 
| 204|0x000000008cc00000, 0x000000008cc00000, 0x000000008cd00000|  0%| F|  |TAMS 0x000000008cc00000, 0x000000008cc00000| Untracked 
| 205|0x000000008cd00000, 0x000000008cd00000, 0x000000008ce00000|  0%| F|  |TAMS 0x000000008cd00000, 0x000000008cd00000| Untracked 
| 206|0x000000008ce00000, 0x000000008ce00000, 0x000000008cf00000|  0%| F|  |TAMS 0x000000008ce00000, 0x000000008ce00000| Untracked 
| 207|0x000000008cf00000, 0x000000008cf00000, 0x000000008d000000|  0%| F|  |TAMS 0x000000008cf00000, 0x000000008cf00000| Untracked 
| 208|0x000000008d000000, 0x000000008d000000, 0x000000008d100000|  0%| F|  |TAMS 0x000000008d000000, 0x000000008d000000| Untracked 
| 209|0x000000008d100000, 0x000000008d100000, 0x000000008d200000|  0%| F|  |TAMS 0x000000008d100000, 0x000000008d100000| Untracked 
| 210|0x000000008d200000, 0x000000008d200000, 0x000000008d300000|  0%| F|  |TAMS 0x000000008d200000, 0x000000008d200000| Untracked 
| 211|0x000000008d300000, 0x000000008d300000, 0x000000008d400000|  0%| F|  |TAMS 0x000000008d300000, 0x000000008d300000| Untracked 
| 212|0x000000008d400000, 0x000000008d400000, 0x000000008d500000|  0%| F|  |TAMS 0x000000008d400000, 0x000000008d400000| Untracked 
| 213|0x000000008d500000, 0x000000008d500000, 0x000000008d600000|  0%| F|  |TAMS 0x000000008d500000, 0x000000008d500000| Untracked 
| 214|0x000000008d600000, 0x000000008d600000, 0x000000008d700000|  0%| F|  |TAMS 0x000000008d600000, 0x000000008d600000| Untracked 
| 215|0x000000008d700000, 0x000000008d700000, 0x000000008d800000|  0%| F|  |TAMS 0x000000008d700000, 0x000000008d700000| Untracked 
| 216|0x000000008d800000, 0x000000008d800000, 0x000000008d900000|  0%| F|  |TAMS 0x000000008d800000, 0x000000008d800000| Untracked 
| 217|0x000000008d900000, 0x000000008d900000, 0x000000008da00000|  0%| F|  |TAMS 0x000000008d900000, 0x000000008d900000| Untracked 
| 218|0x000000008da00000, 0x000000008da00000, 0x000000008db00000|  0%| F|  |TAMS 0x000000008da00000, 0x000000008da00000| Untracked 
| 219|0x000000008db00000, 0x000000008db00000, 0x000000008dc00000|  0%| F|  |TAMS 0x000000008db00000, 0x000000008db00000| Untracked 
| 220|0x000000008dc00000, 0x000000008dc00000, 0x000000008dd00000|  0%| F|  |TAMS 0x000000008dc00000, 0x000000008dc00000| Untracked 
| 221|0x000000008dd00000, 0x000000008dd00000, 0x000000008de00000|  0%| F|  |TAMS 0x000000008dd00000, 0x000000008dd00000| Untracked 
| 222|0x000000008de00000, 0x000000008de00000, 0x000000008df00000|  0%| F|  |TAMS 0x000000008de00000, 0x000000008de00000| Untracked 
| 223|0x000000008df00000, 0x000000008df00000, 0x000000008e000000|  0%| F|  |TAMS 0x000000008df00000, 0x000000008df00000| Untracked 
| 224|0x000000008e000000, 0x000000008e000000, 0x000000008e100000|  0%| F|  |TAMS 0x000000008e000000, 0x000000008e000000| Untracked 
| 225|0x000000008e100000, 0x000000008e100000, 0x000000008e200000|  0%| F|  |TAMS 0x000000008e100000, 0x000000008e100000| Untracked 
| 226|0x000000008e200000, 0x000000008e200000, 0x000000008e300000|  0%| F|  |TAMS 0x000000008e200000, 0x000000008e200000| Untracked 
| 227|0x000000008e300000, 0x000000008e300000, 0x000000008e400000|  0%| F|  |TAMS 0x000000008e300000, 0x000000008e300000| Untracked 
| 228|0x000000008e400000, 0x000000008e400000, 0x000000008e500000|  0%| F|  |TAMS 0x000000008e400000, 0x000000008e400000| Untracked 
| 229|0x000000008e500000, 0x000000008e500000, 0x000000008e600000|  0%| F|  |TAMS 0x000000008e500000, 0x000000008e500000| Untracked 
| 230|0x000000008e600000, 0x000000008e600000, 0x000000008e700000|  0%| F|  |TAMS 0x000000008e600000, 0x000000008e600000| Untracked 
| 231|0x000000008e700000, 0x000000008e700000, 0x000000008e800000|  0%| F|  |TAMS 0x000000008e700000, 0x000000008e700000| Untracked 
| 232|0x000000008e800000, 0x000000008e800000, 0x000000008e900000|  0%| F|  |TAMS 0x000000008e800000, 0x000000008e800000| Untracked 
| 233|0x000000008e900000, 0x000000008e900000, 0x000000008ea00000|  0%| F|  |TAMS 0x000000008e900000, 0x000000008e900000| Untracked 
| 234|0x000000008ea00000, 0x000000008ea00000, 0x000000008eb00000|  0%| F|  |TAMS 0x000000008ea00000, 0x000000008ea00000| Untracked 
| 235|0x000000008eb00000, 0x000000008eb00000, 0x000000008ec00000|  0%| F|  |TAMS 0x000000008eb00000, 0x000000008eb00000| Untracked 
| 236|0x000000008ec00000, 0x000000008ec00000, 0x000000008ed00000|  0%| F|  |TAMS 0x000000008ec00000, 0x000000008ec00000| Untracked 
| 237|0x000000008ed00000, 0x000000008ed00000, 0x000000008ee00000|  0%| F|  |TAMS 0x000000008ed00000, 0x000000008ed00000| Untracked 
| 238|0x000000008ee00000, 0x000000008ee00000, 0x000000008ef00000|  0%| F|  |TAMS 0x000000008ee00000, 0x000000008ee00000| Untracked 
| 239|0x000000008ef00000, 0x000000008ef00000, 0x000000008f000000|  0%| F|  |TAMS 0x000000008ef00000, 0x000000008ef00000| Untracked 
| 240|0x000000008f000000, 0x000000008f000000, 0x000000008f100000|  0%| F|  |TAMS 0x000000008f000000, 0x000000008f000000| Untracked 
| 241|0x000000008f100000, 0x000000008f100000, 0x000000008f200000|  0%| F|  |TAMS 0x000000008f100000, 0x000000008f100000| Untracked 
| 242|0x000000008f200000, 0x000000008f200000, 0x000000008f300000|  0%| F|  |TAMS 0x000000008f200000, 0x000000008f200000| Untracked 
| 243|0x000000008f300000, 0x000000008f300000, 0x000000008f400000|  0%| F|  |TAMS 0x000000008f300000, 0x000000008f300000| Untracked 
| 244|0x000000008f400000, 0x000000008f400000, 0x000000008f500000|  0%| F|  |TAMS 0x000000008f400000, 0x000000008f400000| Untracked 
| 245|0x000000008f500000, 0x000000008f500000, 0x000000008f600000|  0%| F|  |TAMS 0x000000008f500000, 0x000000008f500000| Untracked 
| 246|0x000000008f600000, 0x000000008f600000, 0x000000008f700000|  0%| F|  |TAMS 0x000000008f600000, 0x000000008f600000| Untracked 
| 247|0x000000008f700000, 0x000000008f700000, 0x000000008f800000|  0%| F|  |TAMS 0x000000008f700000, 0x000000008f700000| Untracked 
| 248|0x000000008f800000, 0x000000008f800000, 0x000000008f900000|  0%| F|  |TAMS 0x000000008f800000, 0x000000008f800000| Untracked 
| 249|0x000000008f900000, 0x000000008f900000, 0x000000008fa00000|  0%| F|  |TAMS 0x000000008f900000, 0x000000008f900000| Untracked 
| 250|0x000000008fa00000, 0x000000008fa00000, 0x000000008fb00000|  0%| F|  |TAMS 0x000000008fa00000, 0x000000008fa00000| Untracked 
| 251|0x000000008fb00000, 0x000000008fb00000, 0x000000008fc00000|  0%| F|  |TAMS 0x000000008fb00000, 0x000000008fb00000| Untracked 
| 252|0x000000008fc00000, 0x000000008fc00000, 0x000000008fd00000|  0%| F|  |TAMS 0x000000008fc00000, 0x000000008fc00000| Untracked 
| 253|0x000000008fd00000, 0x000000008fd00000, 0x000000008fe00000|  0%| F|  |TAMS 0x000000008fd00000, 0x000000008fd00000| Untracked 
| 254|0x000000008fe00000, 0x000000008fe00000, 0x000000008ff00000|  0%| F|  |TAMS 0x000000008fe00000, 0x000000008fe00000| Untracked 
| 255|0x000000008ff00000, 0x000000008ff00000, 0x0000000090000000|  0%| F|  |TAMS 0x000000008ff00000, 0x000000008ff00000| Untracked 
| 256|0x0000000090000000, 0x0000000090000000, 0x0000000090100000|  0%| F|  |TAMS 0x0000000090000000, 0x0000000090000000| Untracked 
| 257|0x0000000090100000, 0x0000000090100000, 0x0000000090200000|  0%| F|  |TAMS 0x0000000090100000, 0x0000000090100000| Untracked 
| 258|0x0000000090200000, 0x0000000090200000, 0x0000000090300000|  0%| F|  |TAMS 0x0000000090200000, 0x0000000090200000| Untracked 
| 259|0x0000000090300000, 0x0000000090300000, 0x0000000090400000|  0%| F|  |TAMS 0x0000000090300000, 0x0000000090300000| Untracked 
| 260|0x0000000090400000, 0x0000000090400000, 0x0000000090500000|  0%| F|  |TAMS 0x0000000090400000, 0x0000000090400000| Untracked 
| 261|0x0000000090500000, 0x0000000090500000, 0x0000000090600000|  0%| F|  |TAMS 0x0000000090500000, 0x0000000090500000| Untracked 
| 262|0x0000000090600000, 0x0000000090600000, 0x0000000090700000|  0%| F|  |TAMS 0x0000000090600000, 0x0000000090600000| Untracked 
| 263|0x0000000090700000, 0x0000000090700000, 0x0000000090800000|  0%| F|  |TAMS 0x0000000090700000, 0x0000000090700000| Untracked 
| 264|0x0000000090800000, 0x0000000090800000, 0x0000000090900000|  0%| F|  |TAMS 0x0000000090800000, 0x0000000090800000| Untracked 
| 265|0x0000000090900000, 0x0000000090900000, 0x0000000090a00000|  0%| F|  |TAMS 0x0000000090900000, 0x0000000090900000| Untracked 
| 266|0x0000000090a00000, 0x0000000090a00000, 0x0000000090b00000|  0%| F|  |TAMS 0x0000000090a00000, 0x0000000090a00000| Untracked 
| 267|0x0000000090b00000, 0x0000000090b00000, 0x0000000090c00000|  0%| F|  |TAMS 0x0000000090b00000, 0x0000000090b00000| Untracked 
| 268|0x0000000090c00000, 0x0000000090c00000, 0x0000000090d00000|  0%| F|  |TAMS 0x0000000090c00000, 0x0000000090c00000| Untracked 
| 269|0x0000000090d00000, 0x0000000090d00000, 0x0000000090e00000|  0%| F|  |TAMS 0x0000000090d00000, 0x0000000090d00000| Untracked 
| 270|0x0000000090e00000, 0x0000000090e00000, 0x0000000090f00000|  0%| F|  |TAMS 0x0000000090e00000, 0x0000000090e00000| Untracked 
| 271|0x0000000090f00000, 0x0000000090f00000, 0x0000000091000000|  0%| F|  |TAMS 0x0000000090f00000, 0x0000000090f00000| Untracked 
| 272|0x0000000091000000, 0x0000000091000000, 0x0000000091100000|  0%| F|  |TAMS 0x0000000091000000, 0x0000000091000000| Untracked 
| 273|0x0000000091100000, 0x0000000091100000, 0x0000000091200000|  0%| F|  |TAMS 0x0000000091100000, 0x0000000091100000| Untracked 
| 274|0x0000000091200000, 0x0000000091200000, 0x0000000091300000|  0%| F|  |TAMS 0x0000000091200000, 0x0000000091200000| Untracked 
| 275|0x0000000091300000, 0x0000000091300000, 0x0000000091400000|  0%| F|  |TAMS 0x0000000091300000, 0x0000000091300000| Untracked 
| 276|0x0000000091400000, 0x0000000091400000, 0x0000000091500000|  0%| F|  |TAMS 0x0000000091400000, 0x0000000091400000| Untracked 
| 277|0x0000000091500000, 0x0000000091500000, 0x0000000091600000|  0%| F|  |TAMS 0x0000000091500000, 0x0000000091500000| Untracked 
| 278|0x0000000091600000, 0x0000000091600000, 0x0000000091700000|  0%| F|  |TAMS 0x0000000091600000, 0x0000000091600000| Untracked 
| 279|0x0000000091700000, 0x0000000091700000, 0x0000000091800000|  0%| F|  |TAMS 0x0000000091700000, 0x0000000091700000| Untracked 
| 280|0x0000000091800000, 0x0000000091800000, 0x0000000091900000|  0%| F|  |TAMS 0x0000000091800000, 0x0000000091800000| Untracked 
| 281|0x0000000091900000, 0x0000000091900000, 0x0000000091a00000|  0%| F|  |TAMS 0x0000000091900000, 0x0000000091900000| Untracked 
| 282|0x0000000091a00000, 0x0000000091a00000, 0x0000000091b00000|  0%| F|  |TAMS 0x0000000091a00000, 0x0000000091a00000| Untracked 
| 283|0x0000000091b00000, 0x0000000091b00000, 0x0000000091c00000|  0%| F|  |TAMS 0x0000000091b00000, 0x0000000091b00000| Untracked 
| 284|0x0000000091c00000, 0x0000000091c00000, 0x0000000091d00000|  0%| F|  |TAMS 0x0000000091c00000, 0x0000000091c00000| Untracked 
| 285|0x0000000091d00000, 0x0000000091d00000, 0x0000000091e00000|  0%| F|  |TAMS 0x0000000091d00000, 0x0000000091d00000| Untracked 
| 286|0x0000000091e00000, 0x0000000091e00000, 0x0000000091f00000|  0%| F|  |TAMS 0x0000000091e00000, 0x0000000091e00000| Untracked 
| 287|0x0000000091f00000, 0x0000000091f00000, 0x0000000092000000|  0%| F|  |TAMS 0x0000000091f00000, 0x0000000091f00000| Untracked 
| 288|0x0000000092000000, 0x0000000092000000, 0x0000000092100000|  0%| F|  |TAMS 0x0000000092000000, 0x0000000092000000| Untracked 
| 289|0x0000000092100000, 0x0000000092100000, 0x0000000092200000|  0%| F|  |TAMS 0x0000000092100000, 0x0000000092100000| Untracked 
| 290|0x0000000092200000, 0x0000000092200000, 0x0000000092300000|  0%| F|  |TAMS 0x0000000092200000, 0x0000000092200000| Untracked 
| 291|0x0000000092300000, 0x0000000092300000, 0x0000000092400000|  0%| F|  |TAMS 0x0000000092300000, 0x0000000092300000| Untracked 
| 292|0x0000000092400000, 0x0000000092400000, 0x0000000092500000|  0%| F|  |TAMS 0x0000000092400000, 0x0000000092400000| Untracked 
| 293|0x0000000092500000, 0x0000000092500000, 0x0000000092600000|  0%| F|  |TAMS 0x0000000092500000, 0x0000000092500000| Untracked 
| 294|0x0000000092600000, 0x0000000092600000, 0x0000000092700000|  0%| F|  |TAMS 0x0000000092600000, 0x0000000092600000| Untracked 
| 295|0x0000000092700000, 0x0000000092700000, 0x0000000092800000|  0%| F|  |TAMS 0x0000000092700000, 0x0000000092700000| Untracked 
| 296|0x0000000092800000, 0x0000000092800000, 0x0000000092900000|  0%| F|  |TAMS 0x0000000092800000, 0x0000000092800000| Untracked 
| 297|0x0000000092900000, 0x0000000092900000, 0x0000000092a00000|  0%| F|  |TAMS 0x0000000092900000, 0x0000000092900000| Untracked 
| 298|0x0000000092a00000, 0x0000000092a00000, 0x0000000092b00000|  0%| F|  |TAMS 0x0000000092a00000, 0x0000000092a00000| Untracked 
| 299|0x0000000092b00000, 0x0000000092b00000, 0x0000000092c00000|  0%| F|  |TAMS 0x0000000092b00000, 0x0000000092b00000| Untracked 
| 300|0x0000000092c00000, 0x0000000092d00000, 0x0000000092d00000|100%| S|CS|TAMS 0x0000000092c00000, 0x0000000092c00000| Complete 
| 301|0x0000000092d00000, 0x0000000092e00000, 0x0000000092e00000|100%| S|CS|TAMS 0x0000000092d00000, 0x0000000092d00000| Complete 
| 302|0x0000000092e00000, 0x0000000092e00000, 0x0000000092f00000|  0%| F|  |TAMS 0x0000000092e00000, 0x0000000092e00000| Untracked 
| 303|0x0000000092f00000, 0x0000000092f00000, 0x0000000093000000|  0%| F|  |TAMS 0x0000000092f00000, 0x0000000092f00000| Untracked 
| 304|0x0000000093000000, 0x0000000093000000, 0x0000000093100000|  0%| F|  |TAMS 0x0000000093000000, 0x0000000093000000| Untracked 
| 305|0x0000000093100000, 0x0000000093100000, 0x0000000093200000|  0%| F|  |TAMS 0x0000000093100000, 0x0000000093100000| Untracked 
| 306|0x0000000093200000, 0x0000000093200000, 0x0000000093300000|  0%| F|  |TAMS 0x0000000093200000, 0x0000000093200000| Untracked 
| 307|0x0000000093300000, 0x0000000093300000, 0x0000000093400000|  0%| F|  |TAMS 0x0000000093300000, 0x0000000093300000| Untracked 
| 308|0x0000000093400000, 0x0000000093400000, 0x0000000093500000|  0%| F|  |TAMS 0x0000000093400000, 0x0000000093400000| Untracked 
| 309|0x0000000093500000, 0x0000000093500000, 0x0000000093600000|  0%| F|  |TAMS 0x0000000093500000, 0x0000000093500000| Untracked 
| 310|0x0000000093600000, 0x0000000093600000, 0x0000000093700000|  0%| F|  |TAMS 0x0000000093600000, 0x0000000093600000| Untracked 
| 311|0x0000000093700000, 0x0000000093700000, 0x0000000093800000|  0%| F|  |TAMS 0x0000000093700000, 0x0000000093700000| Untracked 
| 312|0x0000000093800000, 0x0000000093800000, 0x0000000093900000|  0%| F|  |TAMS 0x0000000093800000, 0x0000000093800000| Untracked 
| 313|0x0000000093900000, 0x0000000093900000, 0x0000000093a00000|  0%| F|  |TAMS 0x0000000093900000, 0x0000000093900000| Untracked 
| 314|0x0000000093a00000, 0x0000000093a00000, 0x0000000093b00000|  0%| F|  |TAMS 0x0000000093a00000, 0x0000000093a00000| Untracked 
| 315|0x0000000093b00000, 0x0000000093b00000, 0x0000000093c00000|  0%| F|  |TAMS 0x0000000093b00000, 0x0000000093b00000| Untracked 
| 316|0x0000000093c00000, 0x0000000093c00000, 0x0000000093d00000|  0%| F|  |TAMS 0x0000000093c00000, 0x0000000093c00000| Untracked 

Card table byte_map: [0x0000000015a90000,0x0000000015e90000] _byte_map_base: 0x0000000015690000

Marking Bits (Prev, Next): (CMBitMap*) 0x00000000004e1ee8, (CMBitMap*) 0x00000000004e1f20
 Prev Bits: [0x0000000016290000, 0x0000000018290000)
 Next Bits: [0x0000000018290000, 0x000000001a290000)

Polling page: 0x00000000001c0000

Metaspace:

Usage:
  Non-class:    178.75 MB capacity,   175.25 MB ( 98%) used,     2.85 MB (  2%) free+waste,   662.38 KB ( <1%) overhead. 
      Class:     26.38 MB capacity,    24.36 MB ( 92%) used,     1.73 MB (  7%) free+waste,   293.69 KB (  1%) overhead. 
       Both:    205.12 MB capacity,   199.61 MB ( 97%) used,     4.58 MB (  2%) free+waste,   956.06 KB ( <1%) overhead. 

Virtual space:
  Non-class space:      180.00 MB reserved,     179.12 MB (>99%) committed 
      Class space:        1.00 GB reserved,      26.50 MB (  3%) committed 
             Both:        1.18 GB reserved,     205.62 MB ( 17%) committed 

Chunk freelists:
   Non-Class:  255.00 KB
       Class:  118.00 KB
        Both:  373.00 KB

MaxMetaspaceSize: 17179869184.00 GB
CompressedClassSpaceSize: 1.00 GB

CodeHeap 'non-profiled nmethods': size=120064Kb used=17246Kb max_used=17246Kb free=102817Kb
 bounds [0x000000000dc90000, 0x000000000ed70000, 0x00000000151d0000]
CodeHeap 'profiled nmethods': size=120000Kb used=55050Kb max_used=55050Kb free=64949Kb
 bounds [0x0000000006760000, 0x0000000009d50000, 0x000000000dc90000]
CodeHeap 'non-nmethods': size=5696Kb used=2369Kb max_used=2405Kb free=3327Kb
 bounds [0x00000000061d0000, 0x0000000006440000, 0x0000000006760000]
 total_blobs=25291 nmethods=24266 adapters=936
 compilation: enabled
              stopped_count=0, restarted_count=0
 full_count=0

Compilation events (20 events):
Event: 1526.960 Thread 0x000000005d526000 27799 %     4       com.android.tools.r8.internal.T6::a @ 2246 (6044 bytes)
Event: 1526.961 Thread 0x000000005d528800 nmethod 27793 0x0000000009d43790 code [0x0000000009d43940, 0x0000000009d43c18]
Event: 1526.961 Thread 0x000000005d528800 27792       3       com.android.tools.r8.internal.L4::<init> (118 bytes)
Event: 1526.961 Thread 0x000000005d528800 nmethod 27792 0x0000000009d43c90 code [0x0000000009d43e60, 0x0000000009d440f8]
Event: 1527.111 Thread 0x000000005d528800 27801       2       com.android.tools.r8.internal.Rh::c (32 bytes)
Event: 1527.111 Thread 0x000000005d528800 nmethod 27801 0x0000000008c6e890 code [0x0000000008c6ea40, 0x0000000008c6eb38]
Event: 1527.112 Thread 0x000000005d528800 27802  s    2       com.android.tools.r8.internal.gr::e (64 bytes)
Event: 1527.112 Thread 0x000000005d528800 nmethod 27802 0x0000000009d44210 code [0x0000000009d44400, 0x0000000009d448f8]
Event: 1527.242 Thread 0x000000005d528800 27803       2       com.android.tools.r8.internal.M3::<init> (10 bytes)
Event: 1527.242 Thread 0x000000005d528800 nmethod 27803 0x0000000008c8c790 code [0x0000000008c8c940, 0x0000000008c8ca78]
Event: 1527.251 Thread 0x000000005d528800 27805       2       com.android.tools.r8.graph.d0::q0 (8 bytes)
Event: 1527.252 Thread 0x000000005d528800 nmethod 27805 0x0000000009d44b10 code [0x0000000009d44d00, 0x0000000009d45078]
Event: 1527.754 Thread 0x000000005d528800 27808       1       com.android.tools.r8.graph.H0::L (2 bytes)
Event: 1527.754 Thread 0x000000005d528800 nmethod 27808 0x000000000ed67e90 code [0x000000000ed68040, 0x000000000ed680f8]
Event: 1527.789 Thread 0x000000005d528800 27809       2       com.android.tools.r8.internal.c6::a (873 bytes)
Event: 1527.802 Thread 0x000000005d528800 nmethod 27809 0x0000000009d45310 code [0x0000000009d45a00, 0x0000000009d49268]
Event: 1527.802 Thread 0x000000005d528800 27810       2       com.android.tools.r8.internal.qE::a (130 bytes)
Event: 1527.804 Thread 0x000000005d528800 nmethod 27810 0x0000000009d4aa10 code [0x0000000009d4aca0, 0x0000000009d4b6a8]
Event: 1527.804 Thread 0x000000005d528800 27811       2       com.android.tools.r8.internal.Xv::a (29 bytes)
Event: 1527.804 Thread 0x000000005d528800 nmethod 27811 0x0000000009d4bb90 code [0x0000000009d4bd80, 0x0000000009d4c138]

GC Heap History (20 events):
Event: 1498.965 GC heap after
{Heap after GC invocations=255 (full 0):
 garbage-first heap   total 218112K, used 143961K [0x0000000080000000, 0x0000000100000000)
  region size 1024K, 5 young (5120K), 5 survivors (5120K)
 Metaspace       used 195057K, capacity 200309K, committed 200444K, reserved 1224704K
  class space    used 23551K, capacity 25463K, committed 25472K, reserved 1048576K
}
Event: 1499.045 GC heap before
{Heap before GC invocations=255 (full 0):
 garbage-first heap   total 218112K, used 149081K [0x0000000080000000, 0x0000000100000000)
  region size 1024K, 10 young (10240K), 5 survivors (5120K)
 Metaspace       used 195072K, capacity 200315K, committed 200444K, reserved 1224704K
  class space    used 23553K, capacity 25465K, committed 25472K, reserved 1048576K
}
Event: 1499.471 GC heap after
{Heap after GC invocations=256 (full 0):
 garbage-first heap   total 218112K, used 133293K [0x0000000080000000, 0x0000000100000000)
  region size 1024K, 1 young (1024K), 1 survivors (1024K)
 Metaspace       used 195072K, capacity 200315K, committed 200444K, reserved 1224704K
  class space    used 23553K, capacity 25465K, committed 25472K, reserved 1048576K
}
Event: 1499.669 GC heap before
{Heap before GC invocations=256 (full 0):
 garbage-first heap   total 218112K, used 161965K [0x0000000080000000, 0x0000000100000000)
  region size 1024K, 29 young (29696K), 1 survivors (1024K)
 Metaspace       used 195110K, capacity 200379K, committed 200444K, reserved 1224704K
  class space    used 23553K, capacity 25465K, committed 25472K, reserved 1048576K
}
Event: 1499.708 GC heap after
{Heap after GC invocations=257 (full 0):
 garbage-first heap   total 324608K, used 132878K [0x0000000080000000, 0x0000000100000000)
  region size 1024K, 1 young (1024K), 1 survivors (1024K)
 Metaspace       used 195110K, capacity 200379K, committed 200444K, reserved 1224704K
  class space    used 23553K, capacity 25465K, committed 25472K, reserved 1048576K
}
Event: 1513.818 GC heap before
{Heap before GC invocations=258 (full 0):
 garbage-first heap   total 324608K, used 174862K [0x0000000080000000, 0x0000000100000000)
  region size 1024K, 41 young (41984K), 1 survivors (1024K)
 Metaspace       used 199529K, capacity 204975K, committed 205052K, reserved 1228800K
  class space    used 24203K, capacity 26163K, committed 26240K, reserved 1048576K
}
Event: 1513.874 GC heap after
{Heap after GC invocations=259 (full 0):
 garbage-first heap   total 324608K, used 135859K [0x0000000080000000, 0x0000000100000000)
  region size 1024K, 4 young (4096K), 4 survivors (4096K)
 Metaspace       used 199529K, capacity 204975K, committed 205052K, reserved 1228800K
  class space    used 24203K, capacity 26163K, committed 26240K, reserved 1048576K
}
Event: 1522.380 GC heap before
{Heap before GC invocations=259 (full 0):
 garbage-first heap   total 324608K, used 175795K [0x0000000080000000, 0x0000000100000000)
  region size 1024K, 44 young (45056K), 4 survivors (4096K)
 Metaspace       used 204087K, capacity 209875K, committed 210044K, reserved 1232896K
  class space    used 24981K, capacity 27122K, committed 27136K, reserved 1048576K
}
Event: 1522.543 GC heap after
{Heap after GC invocations=260 (full 0):
 garbage-first heap   total 324608K, used 141177K [0x0000000080000000, 0x0000000100000000)
  region size 1024K, 6 young (6144K), 6 survivors (6144K)
 Metaspace       used 204087K, capacity 209875K, committed 210044K, reserved 1232896K
  class space    used 24981K, capacity 27122K, committed 27136K, reserved 1048576K
}
Event: 1523.504 GC heap before
{Heap before GC invocations=260 (full 0):
 garbage-first heap   total 324608K, used 163705K [0x0000000080000000, 0x0000000100000000)
  region size 1024K, 31 young (31744K), 6 survivors (6144K)
 Metaspace       used 204369K, capacity 210149K, committed 210300K, reserved 1232896K
  class space    used 25001K, capacity 27126K, committed 27136K, reserved 1048576K
}
Event: 1523.607 GC heap after
{Heap after GC invocations=261 (full 0):
 garbage-first heap   total 324608K, used 144006K [0x0000000080000000, 0x0000000100000000)
  region size 1024K, 4 young (4096K), 4 survivors (4096K)
 Metaspace       used 204369K, capacity 210149K, committed 210300K, reserved 1232896K
  class space    used 25001K, capacity 27126K, committed 27136K, reserved 1048576K
}
Event: 1524.037 GC heap before
{Heap before GC invocations=262 (full 0):
 garbage-first heap   total 324608K, used 163462K [0x0000000080000000, 0x0000000100000000)
  region size 1024K, 23 young (23552K), 4 survivors (4096K)
 Metaspace       used 204527K, capacity 210357K, committed 210556K, reserved 1232896K
  class space    used 25006K, capacity 27127K, committed 27136K, reserved 1048576K
}
Event: 1524.122 GC heap after
{Heap after GC invocations=263 (full 0):
 garbage-first heap   total 324608K, used 148480K [0x0000000080000000, 0x0000000100000000)
  region size 1024K, 3 young (3072K), 3 survivors (3072K)
 Metaspace       used 204527K, capacity 210357K, committed 210556K, reserved 1232896K
  class space    used 25006K, capacity 27127K, committed 27136K, reserved 1048576K
}
Event: 1524.317 GC heap before
{Heap before GC invocations=263 (full 0):
 garbage-first heap   total 324608K, used 160768K [0x0000000080000000, 0x0000000100000000)
  region size 1024K, 15 young (15360K), 3 survivors (3072K)
 Metaspace       used 204554K, capacity 210358K, committed 210556K, reserved 1232896K
  class space    used 25006K, capacity 27127K, committed 27136K, reserved 1048576K
}
Event: 1525.820 GC heap after
{Heap after GC invocations=264 (full 0):
 garbage-first heap   total 324608K, used 150506K [0x0000000080000000, 0x0000000100000000)
  region size 1024K, 2 young (2048K), 2 survivors (2048K)
 Metaspace       used 204554K, capacity 210358K, committed 210556K, reserved 1232896K
  class space    used 25006K, capacity 27127K, committed 27136K, reserved 1048576K
}
Event: 1525.984 GC heap before
{Heap before GC invocations=264 (full 0):
 garbage-first heap   total 324608K, used 163818K [0x0000000080000000, 0x0000000100000000)
  region size 1024K, 15 young (15360K), 2 survivors (2048K)
 Metaspace       used 204589K, capacity 210364K, committed 210556K, reserved 1232896K
  class space    used 25006K, capacity 27127K, committed 27136K, reserved 1048576K
}
Event: 1526.211 GC heap after
{Heap after GC invocations=265 (full 0):
 garbage-first heap   total 324608K, used 153351K [0x0000000080000000, 0x0000000100000000)
  region size 1024K, 2 young (2048K), 2 survivors (2048K)
 Metaspace       used 204589K, capacity 210364K, committed 210556K, reserved 1232896K
  class space    used 25006K, capacity 27127K, committed 27136K, reserved 1048576K
}
Event: 1527.310 GC heap before
{Heap before GC invocations=266 (full 0):
 garbage-first heap   total 324608K, used 166663K [0x0000000080000000, 0x0000000100000000)
  region size 1024K, 15 young (15360K), 2 survivors (2048K)
 Metaspace       used 204397K, capacity 210046K, committed 210556K, reserved 1232896K
  class space    used 24941K, capacity 27009K, committed 27136K, reserved 1048576K
}
Event: 1527.677 GC heap after
{Heap after GC invocations=267 (full 0):
 garbage-first heap   total 324608K, used 156223K [0x0000000080000000, 0x0000000100000000)
  region size 1024K, 2 young (2048K), 2 survivors (2048K)
 Metaspace       used 204397K, capacity 210046K, committed 210556K, reserved 1232896K
  class space    used 24941K, capacity 27009K, committed 27136K, reserved 1048576K
}
Event: 1527.835 GC heap before
{Heap before GC invocations=267 (full 0):
 garbage-first heap   total 324608K, used 169535K [0x0000000080000000, 0x0000000100000000)
  region size 1024K, 15 young (15360K), 2 survivors (2048K)
 Metaspace       used 204400K, capacity 210046K, committed 210556K, reserved 1232896K
  class space    used 24941K, capacity 27009K, committed 27136K, reserved 1048576K
}

Deoptimization events (20 events):
Event: 1524.204 Thread 0x0000000061016000 DEOPT PACKING pc=0x0000000008bcffb3 sp=0x0000000064a6a780
Event: 1524.204 Thread 0x0000000061016000 DEOPT UNPACKING pc=0x00000000061f673f sp=0x0000000064a69cb0 mode 0
Event: 1524.224 Thread 0x0000000061016000 DEOPT PACKING pc=0x0000000008bcffb3 sp=0x0000000064a6a780
Event: 1524.224 Thread 0x0000000061016000 DEOPT UNPACKING pc=0x00000000061f673f sp=0x0000000064a69cb0 mode 0
Event: 1524.242 Thread 0x0000000061016000 DEOPT PACKING pc=0x0000000008bcffb3 sp=0x0000000064a6a780
Event: 1524.242 Thread 0x0000000061016000 DEOPT UNPACKING pc=0x00000000061f673f sp=0x0000000064a69cb0 mode 0
Event: 1524.282 Thread 0x0000000061016000 DEOPT PACKING pc=0x0000000008bcffb3 sp=0x0000000064a6a780
Event: 1524.283 Thread 0x0000000061016000 DEOPT UNPACKING pc=0x00000000061f673f sp=0x0000000064a69cb0 mode 0
Event: 1524.310 Thread 0x0000000061016000 DEOPT PACKING pc=0x0000000008bcffb3 sp=0x0000000064a6a780
Event: 1524.310 Thread 0x0000000061016000 DEOPT UNPACKING pc=0x00000000061f673f sp=0x0000000064a69cb0 mode 0
Event: 1525.884 Thread 0x0000000060d90800 Uncommon trap: trap_request=0xffffff4d fr.pc=0x000000000ed4cf38 relative=0x0000000000000098
Event: 1525.884 Thread 0x0000000060d90800 Uncommon trap: reason=unstable_if action=reinterpret pc=0x000000000ed4cf38 method=com.android.tools.r8.internal.D9.a(C)Z @ 45 c2
Event: 1525.884 Thread 0x0000000060d90800 DEOPT PACKING pc=0x000000000ed4cf38 sp=0x000000006d296d30
Event: 1525.884 Thread 0x0000000060d90800 DEOPT UNPACKING pc=0x00000000061f6929 sp=0x000000006d296cc0 mode 2
Event: 1527.255 Thread 0x0000000061016000 DEOPT PACKING pc=0x0000000009cb9232 sp=0x0000000064a69c70
Event: 1527.255 Thread 0x0000000061016000 DEOPT UNPACKING pc=0x00000000061f673f sp=0x0000000064a69400 mode 0
Event: 1527.683 Thread 0x0000000061016000 DEOPT PACKING pc=0x0000000009cb9232 sp=0x0000000064a69c70
Event: 1527.683 Thread 0x0000000061016000 DEOPT UNPACKING pc=0x00000000061f673f sp=0x0000000064a69400 mode 0
Event: 1527.771 Thread 0x0000000061016000 DEOPT PACKING pc=0x0000000009cb9253 sp=0x0000000064a69c70
Event: 1527.771 Thread 0x0000000061016000 DEOPT UNPACKING pc=0x00000000061f673f sp=0x0000000064a69400 mode 0

Classes redefined (0 events):
No events

Internal exceptions (20 events):
Event: 1515.425 Thread 0x0000000060d90800 Exception <a 'java/lang/NoSuchMethodError'{0x00000000935594c0}: 'java.lang.Object java.lang.invoke.DirectMethodHandle$Holder.invokeVirtual(java.lang.Object, java.lang.Object, int, java.lang.Object)'> (0x00000000935594c0) thrown at [./src/hotspot/share/interpreter/linkResolver.cpp, line 773]
Event: 1515.426 Thread 0x0000000061016000 Implicit null exception at 0x000000000e4b3f78 to 0x000000000e4b4074
Event: 1515.426 Thread 0x0000000060d90800 Implicit null exception at 0x000000000e4b3f78 to 0x000000000e4b4074
Event: 1515.531 Thread 0x0000000060d90800 Exception <a 'java/lang/IncompatibleClassChangeError'{0x00000000934395e8}: Found class java.lang.Object, but interface was expected> (0x00000000934395e8) thrown at [./src/hotspot/share/interpreter/linkResolver.cpp, line 839]
Event: 1515.570 Thread 0x0000000060d90800 Exception <a 'java/lang/IncompatibleClassChangeError'{0x0000000093445f58}: Found class java.lang.Object, but interface was expected> (0x0000000093445f58) thrown at [./src/hotspot/share/interpreter/linkResolver.cpp, line 839]
Event: 1515.657 Thread 0x0000000060d90800 Exception <a 'java/lang/NoSuchMethodError'{0x000000009331ea60}: 'void java.lang.invoke.DirectMethodHandle$Holder.invokeVirtual(java.lang.Object, java.lang.Object, int, java.lang.Object)'> (0x000000009331ea60) thrown at [./src/hotspot/share/interpreter/linkResolver.cpp, line 773]
Event: 1515.995 Thread 0x0000000061016000 Exception <a 'java/lang/NoSuchMethodError'{0x000000009301c808}: 'int java.lang.invoke.DirectMethodHandle$Holder.invokeSpecial(java.lang.Object, java.lang.Object, java.lang.Object, int, java.lang.Object)'> (0x000000009301c808) thrown at [./src/hotspot/share/interpreter/linkResolver.cpp, line 773]
Event: 1516.062 Thread 0x0000000060d90800 Exception <a 'java/lang/NoSuchMethodError'{0x00000000930ce418}: 'java.lang.Object java.lang.invoke.DirectMethodHandle$Holder.newInvokeSpecial(java.lang.Object, int)'> (0x00000000930ce418) thrown at [./src/hotspot/share/interpreter/linkResolver.cpp, line 773]
Event: 1516.062 Thread 0x0000000061016000 Exception <a 'java/lang/NoSuchMethodError'{0x00000000930b3b30}: 'java.lang.Object java.lang.invoke.DirectMethodHandle$Holder.newInvokeSpecial(java.lang.Object, int)'> (0x00000000930b3b30) thrown at [./src/hotspot/share/interpreter/linkResolver.cpp, line 773]
Event: 1516.474 Thread 0x0000000061016000 Exception <a 'java/lang/NoSuchMethodError'{0x0000000092c01ac0}: 'void java.lang.invoke.DirectMethodHandle$Holder.invokeSpecial(java.lang.Object, java.lang.Object, int, java.lang.Object, java.lang.Object, java.lang.Object, java.lang.Object)'> (0x0000000092c01ac0) thrown at [./src/hotspot/share/interpreter/linkResolver.cpp, line 773]
Event: 1516.477 Thread 0x0000000061016000 Exception <a 'java/lang/NoSuchMethodError'{0x0000000092c0d5c0}: 'java.lang.Object java.lang.invoke.Invokers$Holder.linkToTargetMethod(java.lang.Object, int, java.lang.Object, java.lang.Object, java.lang.Object, java.lang.Object)'> (0x0000000092c0d5c0) thrown at [./src/hotspot/share/interpreter/linkResolver.cpp, line 773]
Event: 1516.478 Thread 0x0000000061016000 Exception <a 'java/lang/NoSuchMethodError'{0x0000000092c11a70}: 'void java.lang.invoke.DirectMethodHandle$Holder.invokeSpecial(java.lang.Object, java.lang.Object, java.lang.Object, java.lang.Object, java.lang.Object, java.lang.Object, java.lang.Object, java.lang.Object, java.lang.Object)'> (0x0000000092c11a70) thrown at [./src/hotspot/share/interpreter/linkResolver.cpp, line 773]
Event: 1516.502 Thread 0x0000000061016000 Exception <a 'java/lang/NoSuchMethodError'{0x0000000092c2cc50}: 'void java.lang.invoke.DirectMethodHandle$Holder.invokeStatic(java.lang.Object, java.lang.Object, java.lang.Object, java.lang.Object, java.lang.Object, java.lang.Object, java.lang.Object, java.lang.Object)'> (0x0000000092c2cc50) thrown at [./src/hotspot/share/interpreter/linkResolver.cpp, line 773]
Event: 1516.960 Thread 0x0000000061016000 Exception <a 'java/lang/IncompatibleClassChangeError'{0x0000000092ae9f08}: Found class java.lang.Object, but interface was expected> (0x0000000092ae9f08) thrown at [./src/hotspot/share/interpreter/linkResolver.cpp, line 839]
Event: 1517.137 Thread 0x0000000061016000 Exception <a 'java/lang/NoSuchMethodError'{0x000000009270a208}: 'void java.lang.invoke.DirectMethodHandle$Holder.invokeVirtual(java.lang.Object, java.lang.Object, int)'> (0x000000009270a208) thrown at [./src/hotspot/share/interpreter/linkResolver.cpp, line 773]
Event: 1517.137 Thread 0x0000000060d90800 Exception <a 'java/lang/NoSuchMethodError'{0x00000000928fd6a0}: 'void java.lang.invoke.DirectMethodHandle$Holder.invokeVirtual(java.lang.Object, java.lang.Object, int)'> (0x00000000928fd6a0) thrown at [./src/hotspot/share/interpreter/linkResolver.cpp, line 773]
Event: 1517.278 Thread 0x0000000061016000 Exception <a 'sun/nio/fs/WindowsException'{0x00000000927e40a8}> (0x00000000927e40a8) thrown at [./src/hotspot/share/prims/jni.cpp, line 615]
Event: 1517.279 Thread 0x0000000060d90800 Exception <a 'sun/nio/fs/WindowsException'{0x00000000927bd7f0}> (0x00000000927bd7f0) thrown at [./src/hotspot/share/prims/jni.cpp, line 615]
Event: 1522.588 Thread 0x0000000060d90800 Exception <a 'sun/nio/fs/WindowsException'{0x0000000093ae1418}> (0x0000000093ae1418) thrown at [./src/hotspot/share/prims/jni.cpp, line 615]
Event: 1523.625 Thread 0x0000000061016000 Exception <a 'sun/nio/fs/WindowsException'{0x0000000093bfec60}> (0x0000000093bfec60) thrown at [./src/hotspot/share/prims/jni.cpp, line 615]

Events (20 events):
Event: 1524.022 loading class com/android/tools/r8/graph/B0$d done
Event: 1524.036 Executing VM operation: G1CollectForAllocation
Event: 1524.122 Executing VM operation: G1CollectForAllocation done
Event: 1524.315 Executing VM operation: G1CollectForAllocation
Event: 1525.820 Executing VM operation: G1CollectForAllocation done
Event: 1525.876 loading class com/android/tools/r8/internal/G4
Event: 1525.876 loading class com/android/tools/r8/internal/G4 done
Event: 1525.984 Executing VM operation: G1CollectForAllocation
Event: 1526.211 Executing VM operation: G1CollectForAllocation done
Event: 1526.809 Executing VM operation: CGC_Operation
Event: 1526.924 Executing VM operation: CGC_Operation done
Event: 1526.947 loading class com/android/tools/r8/internal/k4$a
Event: 1526.947 loading class com/android/tools/r8/internal/k4$a done
Event: 1527.208 Executing VM operation: CGC_Operation
Event: 1527.227 Executing VM operation: CGC_Operation done
Event: 1527.310 Executing VM operation: G1CollectForAllocation
Event: 1527.677 Executing VM operation: G1CollectForAllocation done
Event: 1527.680 loading class com/android/tools/r8/internal/he
Event: 1527.680 loading class com/android/tools/r8/internal/he done
Event: 1527.827 Executing VM operation: G1CollectForAllocation


Dynamic libraries:
0x000000013f970000 - 0x000000013f97a000 	C:\Program Files\Android\Android Studio\jre\bin\java.exe
0x00000000779f0000 - 0x0000000077b99000 	C:\Windows\SYSTEM32\ntdll.dll
0x00000000778d0000 - 0x00000000779ef000 	C:\Windows\system32\kernel32.dll
0x000007fefda10000 - 0x000007fefda7b000 	C:\Windows\system32\KERNELBASE.dll
0x000007feeab30000 - 0x000007feeab49000 	C:\Program Files\Android\Android Studio\jre\bin\jli.dll
0x000007fefa850000 - 0x000007fefaa44000 	C:\Windows\WinSxS\amd64_microsoft.windows.common-controls_6595b64144ccf1df_6.0.7601.17514_none_fa396087175ac9ac\COMCTL32.dll
0x000007fefdfe0000 - 0x000007fefe07f000 	C:\Windows\system32\msvcrt.dll
0x000007fefdf70000 - 0x000007fefdfd7000 	C:\Windows\system32\GDI32.dll
0x00000000777d0000 - 0x00000000778ca000 	C:\Windows\system32\USER32.dll
0x000007fefe080000 - 0x000007fefe08e000 	C:\Windows\system32\LPK.dll
0x000007feffb90000 - 0x000007feffc59000 	C:\Windows\system32\USP10.dll
0x000007feff720000 - 0x000007feff791000 	C:\Windows\system32\SHLWAPI.dll
0x000007fef8ef0000 - 0x000007fef8f07000 	C:\Program Files\Android\Android Studio\jre\bin\VCRUNTIME140.dll
0x000007fefa5a0000 - 0x000007fefa5a4000 	C:\Windows\system32\api-ms-win-crt-runtime-l1-1-0.dll
0x000007fefa4a0000 - 0x000007fefa592000 	C:\Windows\system32\ucrtbase.DLL
0x000007fefa490000 - 0x000007fefa493000 	C:\Windows\system32\api-ms-win-core-timezone-l1-1-0.dll
0x000007fefa480000 - 0x000007fefa483000 	C:\Windows\system32\api-ms-win-core-file-l2-1-0.dll
0x000007fefa470000 - 0x000007fefa473000 	C:\Windows\system32\api-ms-win-core-localization-l1-2-0.dll
0x000007fefa460000 - 0x000007fefa463000 	C:\Windows\system32\api-ms-win-core-synch-l1-2-0.dll
0x000007fefa450000 - 0x000007fefa453000 	C:\Windows\system32\api-ms-win-core-processthreads-l1-1-1.dll
0x000007fefa440000 - 0x000007fefa443000 	C:\Windows\system32\api-ms-win-core-file-l1-2-0.dll
0x000007fefa430000 - 0x000007fefa434000 	C:\Windows\system32\api-ms-win-crt-string-l1-1-0.dll
0x000007fefa420000 - 0x000007fefa423000 	C:\Windows\system32\api-ms-win-crt-heap-l1-1-0.dll
0x000007fefa410000 - 0x000007fefa414000 	C:\Windows\system32\api-ms-win-crt-stdio-l1-1-0.dll
0x000007fefa400000 - 0x000007fefa404000 	C:\Windows\system32\api-ms-win-crt-convert-l1-1-0.dll
0x000007fefa3a0000 - 0x000007fefa3a3000 	C:\Windows\system32\api-ms-win-crt-environment-l1-1-0.dll
0x000007fefa3b0000 - 0x000007fefa3b3000 	C:\Windows\system32\api-ms-win-crt-filesystem-l1-1-0.dll
0x000007fefa3e0000 - 0x000007fefa3e5000 	C:\Windows\system32\api-ms-win-crt-math-l1-1-0.dll
0x000007fefa3f0000 - 0x000007fefa3f3000 	C:\Windows\system32\api-ms-win-crt-locale-l1-1-0.dll
0x000007feff8a0000 - 0x000007feff8ce000 	C:\Windows\system32\IMM32.DLL
0x000007feff2b0000 - 0x000007feff3b9000 	C:\Windows\system32\MSCTF.dll
0x000007feeb2c0000 - 0x000007feeb35d000 	C:\Program Files\Android\Android Studio\jre\bin\msvcp140.dll
0x000007fefa3d0000 - 0x000007fefa3d5000 	C:\Windows\system32\api-ms-win-crt-multibyte-l1-1-0.dll
0x000007fefa3c0000 - 0x000007fefa3c3000 	C:\Windows\system32\api-ms-win-crt-time-l1-1-0.dll
0x000007fefa390000 - 0x000007fefa393000 	C:\Windows\system32\api-ms-win-crt-utility-l1-1-0.dll
0x000007feeb510000 - 0x000007feebfdf000 	C:\Program Files\Android\Android Studio\jre\bin\server\jvm.dll
0x000007fefe090000 - 0x000007fefe16b000 	C:\Windows\system32\ADVAPI32.dll
0x000007fefe320000 - 0x000007fefe33f000 	C:\Windows\SYSTEM32\sechost.dll
0x000007feff3e0000 - 0x000007feff50d000 	C:\Windows\system32\RPCRT4.dll
0x000007feee6f0000 - 0x000007feee6f9000 	C:\Windows\system32\WSOCK32.dll
0x000007feff7a0000 - 0x000007feff7ed000 	C:\Windows\system32\WS2_32.dll
0x000007feff7f0000 - 0x000007feff7f8000 	C:\Windows\system32\NSI.dll
0x000007fefc890000 - 0x000007fefc8cb000 	C:\Windows\system32\WINMM.dll
0x000007fefc7f0000 - 0x000007fefc7fc000 	C:\Windows\system32\VERSION.dll
0x0000000077bb0000 - 0x0000000077bb7000 	C:\Windows\system32\PSAPI.DLL
0x000007feee760000 - 0x000007feee771000 	C:\Program Files\Android\Android Studio\jre\bin\verify.dll
0x000007fef5ed0000 - 0x000007fef5ff5000 	C:\Windows\system32\DBGHELP.DLL
0x000007feec840000 - 0x000007feec869000 	C:\Program Files\Android\Android Studio\jre\bin\java.dll
0x000007feee750000 - 0x000007feee75b000 	C:\Program Files\Android\Android Studio\jre\bin\jimage.dll
0x000007feec820000 - 0x000007feec838000 	C:\Program Files\Android\Android Studio\jre\bin\zip.dll
0x000007fefe520000 - 0x000007feff2a8000 	C:\Windows\system32\SHELL32.dll
0x000007feff510000 - 0x000007feff713000 	C:\Windows\system32\ole32.dll
0x000007fefd940000 - 0x000007fefd94f000 	C:\Windows\system32\profapi.dll
0x000007feec800000 - 0x000007feec81a000 	C:\Program Files\Android\Android Studio\jre\bin\net.dll
0x000007fef7390000 - 0x000007fef7401000 	C:\Windows\system32\WINHTTP.dll
0x000007fef7320000 - 0x000007fef7384000 	C:\Windows\system32\webio.dll
0x000007fefd170000 - 0x000007fefd1c5000 	C:\Windows\system32\mswsock.dll
0x000007fefd160000 - 0x000007fefd167000 	C:\Windows\System32\wship6.dll
0x000007feec7e0000 - 0x000007feec7f4000 	C:\Program Files\Android\Android Studio\jre\bin\nio.dll
0x000007fef0420000 - 0x000007fef0447000 	C:\Users\Anu\.gradle\native\8bec1ad78214c89d9ad589b4d07fe93259594b29d510b10fafb7a158f7737e5d\windows-amd64\native-platform.dll
0x000007feea9b0000 - 0x000007feeaaed000 	C:\Users\Anu\.gradle\native\53dbd7edfb1c66fb8903c78663c9afc45aea4f116125fa6feffd364cf09443e8\windows-amd64\native-platform-file-events.dll
0x000007feec7d0000 - 0x000007feec7da000 	C:\Program Files\Android\Android Studio\jre\bin\management.dll
0x000007feec7c0000 - 0x000007feec7cc000 	C:\Program Files\Android\Android Studio\jre\bin\management_ext.dll
0x000007fefd1d0000 - 0x000007fefd1e7000 	C:\Windows\system32\CRYPTSP.dll
0x000007fefced0000 - 0x000007fefcf17000 	C:\Windows\system32\rsaenh.dll
0x000007fefcc90000 - 0x000007fefccae000 	C:\Windows\system32\USERENV.dll
0x000007fefd870000 - 0x000007fefd87f000 	C:\Windows\system32\CRYPTBASE.dll
0x000007fefbc10000 - 0x000007fefbc37000 	C:\Windows\system32\IPHLPAPI.DLL
0x000007fefbc00000 - 0x000007fefbc0b000 	C:\Windows\system32\WINNSI.DLL
0x000007fefbbe0000 - 0x000007fefbbf8000 	C:\Windows\system32\dhcpcsvc.DLL
0x000007fefbbc0000 - 0x000007fefbbd1000 	C:\Windows\system32\dhcpcsvc6.DLL
0x000007fefd7d0000 - 0x000007fefd827000 	C:\Windows\system32\apphelp.dll
0x000007fef03a0000 - 0x000007fef03be000 	C:\Users\Anu\AppData\Local\Temp\native-platform16774037669761246235dir\native-platform.dll
0x000007fef03f0000 - 0x000007fef03f8000 	C:\Program Files\Android\Android Studio\jre\bin\rmi.dll
0x0000000065950000 - 0x0000000065a53000 	C:\Users\Anu\AppData\Local\Temp\sqlite-3.25.2-9f4e8988-fa50-4003-9f94-9783868ba1f7-sqlitejdbc.dll
0x0000000061e90000 - 0x0000000061f93000 	C:\Users\Anu\AppData\Local\Temp\sqlite-3.25.2-1208f652-37f2-4eb3-8863-a46e1abcb4c2-sqlitejdbc.dll
0x000000006d350000 - 0x000000006d453000 	C:\Users\Anu\AppData\Local\Temp\sqlite-3.25.2-4245a8b8-662d-4d35-b24a-e3c0fc382376-sqlitejdbc.dll
0x000000006af50000 - 0x000000006b053000 	C:\Users\Anu\AppData\Local\Temp\sqlite-3.25.2-a505da9a-828e-4055-a050-9ea1f77fd987-sqlitejdbc.dll
0x000000006ae30000 - 0x000000006af33000 	C:\Users\Anu\AppData\Local\Temp\sqlite-3.25.2-fcda258f-a201-48ff-a321-7338be3d77c2-sqlitejdbc.dll

dbghelp: loaded successfully - version: 4.0.5 - missing functions: none
symbol engine: initialized successfully - sym options: 0x614 - pdb path: .;C:\Program Files\Android\Android Studio\jre\bin;C:\Windows\SYSTEM32;C:\Windows\WinSxS\amd64_microsoft.windows.common-controls_6595b64144ccf1df_6.0.7601.17514_none_fa396087175ac9ac;C:\Program Files\Android\Android Studio\jre\bin\server;C:\Users\Anu\.gradle\native\8bec1ad78214c89d9ad589b4d07fe93259594b29d510b10fafb7a158f7737e5d\windows-amd64;C:\Users\Anu\.gradle\native\53dbd7edfb1c66fb8903c78663c9afc45aea4f116125fa6feffd364cf09443e8\windows-amd64;C:\Users\Anu\AppData\Local\Temp\native-platform16774037669761246235dir;C:\Users\Anu\AppData\Local\Temp

VM Arguments:
jvm_args: --add-opens=java.base/java.util=ALL-UNNAMED --add-opens=java.base/java.lang=ALL-UNNAMED --add-opens=java.base/java.lang.invoke=ALL-UNNAMED --add-opens=java.base/java.util=ALL-UNNAMED --add-opens=java.prefs/java.util.prefs=ALL-UNNAMED --add-opens=java.prefs/java.util.prefs=ALL-UNNAMED --add-opens=java.base/java.nio.charset=ALL-UNNAMED --add-opens=java.base/java.net=ALL-UNNAMED --add-opens=java.base/java.util.concurrent.atomic=ALL-UNNAMED -Xmx2048m -Dfile.encoding=UTF-8 -Duser.country=US -Duser.language=en -Duser.variant 
java_command: org.gradle.launcher.daemon.bootstrap.GradleDaemon 7.0.2
java_class_path (initial): C:\Users\Anu\.gradle\wrapper\dists\gradle-7.0.2-bin\857tjihv64xamwrf0h14cai3r\gradle-7.0.2\lib\gradle-launcher-7.0.2.jar
Launcher Type: SUN_STANDARD

[Global flags]
     intx CICompilerCount                          = 2                                         {product} {ergonomic}
     uint ConcGCThreads                            = 1                                         {product} {ergonomic}
     uint G1ConcRefinementThreads                  = 2                                         {product} {ergonomic}
   size_t G1HeapRegionSize                         = 1048576                                   {product} {ergonomic}
    uintx GCDrainStackTargetSize                   = 64                                        {product} {ergonomic}
   size_t InitialHeapSize                          = 50331648                                  {product} {ergonomic}
   size_t MarkStackSize                            = 4194304                                   {product} {ergonomic}
   size_t MaxHeapSize                              = 2147483648                                {product} {command line}
   size_t MaxNewSize                               = 1287651328                                {product} {ergonomic}
   size_t MinHeapDeltaBytes                        = 1048576                                   {product} {ergonomic}
    uintx NonNMethodCodeHeapSize                   = 5825164                                {pd product} {ergonomic}
    uintx NonProfiledCodeHeapSize                  = 122916538                              {pd product} {ergonomic}
    uintx ProfiledCodeHeapSize                     = 122916538                              {pd product} {ergonomic}
    uintx ReservedCodeCacheSize                    = 251658240                              {pd product} {ergonomic}
     bool SegmentedCodeCache                       = true                                      {product} {ergonomic}
     bool UseCompressedClassPointers               = true                                 {lp64_product} {ergonomic}
     bool UseCompressedOops                        = true                                 {lp64_product} {ergonomic}
     bool UseG1GC                                  = true                                      {product} {ergonomic}
     bool UseLargePagesIndividualAllocation        = false                                  {pd product} {ergonomic}

Logging:
Log output configuration:
 #0: stdout all=warning uptime,level,tags
 #1: stderr all=off uptime,level,tags

Environment Variables:
JAVA_HOME=C:\Program Files\Android\Android Studio\jre
PATH=C:\Windows\system32;C:\Windows;C:\Windows\System32\Wbem;C:\Windows\System32\WindowsPowerShell\v1.0\;E:\Git\cmd
USERNAME=Anu
OS=Windows_NT
PROCESSOR_IDENTIFIER=Intel64 Family 6 Model 23 Stepping 10, GenuineIntel



---------------  S Y S T E M  ---------------

OS: Windows 7 , 64 bit Build 7601 (6.1.7601.17514)
OS uptime: 0 days 1:45 hours

CPU:total 2 (initial active 2) (2 cores per cpu, 1 threads per core) family 6 model 23 stepping 10 microcode 0x0, cmov, cx8, fxsr, mmx, sse, sse2, sse3, ssse3, sse4.1, tsc

Memory: 4k page, system-wide physical 3034M (90M free)
TotalPageFile size 5651M (AvailPageFile size 322M)
current process WorkingSet (physical memory assigned to process): 622M, peak: 645M
current process commit charge ("private bytes"): 799M, peak: 1126M

vm_info: OpenJDK 64-Bit Server VM (11.0.10+0-b96-7249189) for windows-amd64 JRE (11.0.10+0-b96-7249189), built on Mar 31 2021 21:44:00 by "builder" with MS VC++ 14.0 (VS2015)

END.
